CRITICAL - 2020-07-16 10:21:22 --> Invalid file: {0}
#0 D:\My Project\project-discution\system\View\View.php(228): CodeIgniter\Exceptions\FrameworkException::forInvalidFile('main-template.p...')
#1 D:\My Project\project-discution\system\Common.php(1087): CodeIgniter\View\View->render('main-template', Array, true)
#2 D:\My Project\project-discution\app\Controllers\Home.php(9): view('main-template')
#3 D:\My Project\project-discution\system\CodeIgniter.php(914): App\Controllers\Home->index()
#4 D:\My Project\project-discution\system\CodeIgniter.php(400): CodeIgniter\CodeIgniter->runController(Object(App\Controllers\Home))
#5 D:\My Project\project-discution\system\CodeIgniter.php(308): CodeIgniter\CodeIgniter->handleRequest(NULL, Object(Config\Cache), false)
#6 D:\My Project\project-discution\public\index.php(45): CodeIgniter\CodeIgniter->run()
#7 D:\My Project\project-discution\system\Commands\Server\rewrite.php(34): require_once('D:\\My Project\\p...')
#8 {main}
CRITICAL - 2020-07-16 10:30:33 --> syntax error, unexpected 'return' (T_RETURN)
#0 D:\My Project\project-discution\system\Autoloader\Autoloader.php(296): CodeIgniter\Autoloader\Autoloader->requireFile('D:\\My Project\\p...')
#1 D:\My Project\project-discution\system\Autoloader\Autoloader.php(258): CodeIgniter\Autoloader\Autoloader->loadInNamespace('App\\Controllers...')
#2 [internal function]: CodeIgniter\Autoloader\Autoloader->loadClass('App\\Controllers...')
#3 [internal function]: spl_autoload_call('App\\Controllers...')
#4 D:\My Project\project-discution\system\CodeIgniter.php(865): class_exists('\\App\\Controller...', true)
#5 D:\My Project\project-discution\system\CodeIgniter.php(390): CodeIgniter\CodeIgniter->startController()
#6 D:\My Project\project-discution\system\CodeIgniter.php(308): CodeIgniter\CodeIgniter->handleRequest(NULL, Object(Config\Cache), false)
#7 D:\My Project\project-discution\public\index.php(45): CodeIgniter\CodeIgniter->run()
#8 D:\My Project\project-discution\system\Commands\Server\rewrite.php(34): require_once('D:\\My Project\\p...')
#9 {main}
CRITICAL - 2020-07-16 11:57:29 --> Argument 1 passed to CodeIgniter\HTTP\RedirectResponse::back() must be of the type int or null, string given, called in D:\My Project\project-discution\app\Controllers\Login.php on line 15
#0 D:\My Project\project-discution\app\Controllers\Login.php(15): CodeIgniter\HTTP\RedirectResponse->back('Admin/dashboard')
#1 D:\My Project\project-discution\system\CodeIgniter.php(914): App\Controllers\Login->signIn()
#2 D:\My Project\project-discution\system\CodeIgniter.php(400): CodeIgniter\CodeIgniter->runController(Object(App\Controllers\Login))
#3 D:\My Project\project-discution\system\CodeIgniter.php(308): CodeIgniter\CodeIgniter->handleRequest(NULL, Object(Config\Cache), false)
#4 D:\My Project\project-discution\public\index.php(45): CodeIgniter\CodeIgniter->run()
#5 D:\My Project\project-discution\system\Commands\Server\rewrite.php(34): require_once('D:\\My Project\\p...')
#6 {main}
CRITICAL - 2020-07-16 11:58:29 --> No connection could be made because the target machine actively refused it.

#0 D:\My Project\project-discution\system\Database\BaseConnection.php(377): CodeIgniter\Database\MySQLi\Connection->connect(false)
#1 D:\My Project\project-discution\system\Database\BaseConnection.php(643): CodeIgniter\Database\BaseConnection->initialize()
#2 D:\My Project\project-discution\system\Database\BaseBuilder.php(1845): CodeIgniter\Database\BaseConnection->query('SELECT *\nFROM `...', Array, false)
#3 D:\My Project\project-discution\app\Models\PendidikanModel.php(51): CodeIgniter\Database\BaseBuilder->get()
#4 D:\My Project\project-discution\app\Controllers\Admin\Pendidikan.php(62): App\Models\PendidikanModel->get_datatables()
#5 D:\My Project\project-discution\system\CodeIgniter.php(914): App\Controllers\Admin\Pendidikan->get()
#6 D:\My Project\project-discution\system\CodeIgniter.php(400): CodeIgniter\CodeIgniter->runController(Object(App\Controllers\Admin\Pendidikan))
#7 D:\My Project\project-discution\system\CodeIgniter.php(308): CodeIgniter\CodeIgniter->handleRequest(NULL, Object(Config\Cache), false)
#8 D:\My Project\project-discution\public\index.php(45): CodeIgniter\CodeIgniter->run()
#9 D:\My Project\project-discution\system\Commands\Server\rewrite.php(34): require_once('D:\\My Project\\p...')
#10 {main}
CRITICAL - 2020-07-16 11:58:38 --> No connection could be made because the target machine actively refused it.

#0 D:\My Project\project-discution\system\Database\BaseConnection.php(377): CodeIgniter\Database\MySQLi\Connection->connect(false)
#1 D:\My Project\project-discution\system\Database\BaseConnection.php(643): CodeIgniter\Database\BaseConnection->initialize()
#2 D:\My Project\project-discution\system\Database\BaseBuilder.php(1845): CodeIgniter\Database\BaseConnection->query('SELECT *\nFROM `...', Array, false)
#3 D:\My Project\project-discution\app\Models\PendidikanModel.php(51): CodeIgniter\Database\BaseBuilder->get()
#4 D:\My Project\project-discution\app\Controllers\Admin\Pendidikan.php(62): App\Models\PendidikanModel->get_datatables()
#5 D:\My Project\project-discution\system\CodeIgniter.php(914): App\Controllers\Admin\Pendidikan->get()
#6 D:\My Project\project-discution\system\CodeIgniter.php(400): CodeIgniter\CodeIgniter->runController(Object(App\Controllers\Admin\Pendidikan))
#7 D:\My Project\project-discution\system\CodeIgniter.php(308): CodeIgniter\CodeIgniter->handleRequest(NULL, Object(Config\Cache), false)
#8 D:\My Project\project-discution\public\index.php(45): CodeIgniter\CodeIgniter->run()
#9 D:\My Project\project-discution\system\Commands\Server\rewrite.php(34): require_once('D:\\My Project\\p...')
#10 {main}
CRITICAL - 2020-07-16 11:58:53 --> No connection could be made because the target machine actively refused it.

#0 D:\My Project\project-discution\system\Database\BaseConnection.php(377): CodeIgniter\Database\MySQLi\Connection->connect(false)
#1 D:\My Project\project-discution\system\Database\BaseConnection.php(643): CodeIgniter\Database\BaseConnection->initialize()
#2 D:\My Project\project-discution\system\Database\BaseBuilder.php(1845): CodeIgniter\Database\BaseConnection->query('SELECT *\nFROM `...', Array, false)
#3 D:\My Project\project-discution\app\Models\PendidikanModel.php(51): CodeIgniter\Database\BaseBuilder->get()
#4 D:\My Project\project-discution\app\Controllers\Admin\Pendidikan.php(62): App\Models\PendidikanModel->get_datatables()
#5 D:\My Project\project-discution\system\CodeIgniter.php(914): App\Controllers\Admin\Pendidikan->get()
#6 D:\My Project\project-discution\system\CodeIgniter.php(400): CodeIgniter\CodeIgniter->runController(Object(App\Controllers\Admin\Pendidikan))
#7 D:\My Project\project-discution\system\CodeIgniter.php(308): CodeIgniter\CodeIgniter->handleRequest(NULL, Object(Config\Cache), false)
#8 D:\My Project\project-discution\public\index.php(45): CodeIgniter\CodeIgniter->run()
#9 D:\My Project\project-discution\system\Commands\Server\rewrite.php(34): require_once('D:\\My Project\\p...')
#10 {main}
CRITICAL - 2020-07-16 11:59:29 --> No connection could be made because the target machine actively refused it.

#0 D:\My Project\project-discution\system\Database\BaseConnection.php(377): CodeIgniter\Database\MySQLi\Connection->connect(false)
#1 D:\My Project\project-discution\system\Database\BaseConnection.php(643): CodeIgniter\Database\BaseConnection->initialize()
#2 D:\My Project\project-discution\system\Database\BaseBuilder.php(1845): CodeIgniter\Database\BaseConnection->query('SELECT *\nFROM `...', Array, false)
#3 D:\My Project\project-discution\app\Models\PendidikanModel.php(51): CodeIgniter\Database\BaseBuilder->get()
#4 D:\My Project\project-discution\app\Controllers\Admin\Pendidikan.php(62): App\Models\PendidikanModel->get_datatables()
#5 D:\My Project\project-discution\system\CodeIgniter.php(914): App\Controllers\Admin\Pendidikan->get()
#6 D:\My Project\project-discution\system\CodeIgniter.php(400): CodeIgniter\CodeIgniter->runController(Object(App\Controllers\Admin\Pendidikan))
#7 D:\My Project\project-discution\system\CodeIgniter.php(308): CodeIgniter\CodeIgniter->handleRequest(NULL, Object(Config\Cache), false)
#8 D:\My Project\project-discution\public\index.php(45): CodeIgniter\CodeIgniter->run()
#9 D:\My Project\project-discution\system\Commands\Server\rewrite.php(34): require_once('D:\\My Project\\p...')
#10 {main}
CRITICAL - 2020-07-16 12:02:44 --> No connection could be made because the target machine actively refused it.

#0 D:\My Project\project-discution\system\Database\BaseConnection.php(377): CodeIgniter\Database\MySQLi\Connection->connect(false)
#1 D:\My Project\project-discution\system\Database\BaseConnection.php(643): CodeIgniter\Database\BaseConnection->initialize()
#2 D:\My Project\project-discution\system\Database\BaseBuilder.php(1845): CodeIgniter\Database\BaseConnection->query('SELECT *\nFROM `...', Array, false)
#3 D:\My Project\project-discution\app\Models\PendidikanModel.php(51): CodeIgniter\Database\BaseBuilder->get()
#4 D:\My Project\project-discution\app\Controllers\Admin\Pendidikan.php(62): App\Models\PendidikanModel->get_datatables()
#5 D:\My Project\project-discution\system\CodeIgniter.php(914): App\Controllers\Admin\Pendidikan->get()
#6 D:\My Project\project-discution\system\CodeIgniter.php(400): CodeIgniter\CodeIgniter->runController(Object(App\Controllers\Admin\Pendidikan))
#7 D:\My Project\project-discution\system\CodeIgniter.php(308): CodeIgniter\CodeIgniter->handleRequest(NULL, Object(Config\Cache), false)
#8 D:\My Project\project-discution\public\index.php(45): CodeIgniter\CodeIgniter->run()
#9 D:\My Project\project-discution\system\Commands\Server\rewrite.php(34): require_once('D:\\My Project\\p...')
#10 {main}
