CRITICAL - 2020-08-02 01:20:14 --> Class 'App\Models\ModelPaket' not found
#0 D:\My Project\project-dekor\system\CodeIgniter.php(914): App\Controllers\User\AksiPaket->tambah()
#1 D:\My Project\project-dekor\system\CodeIgniter.php(400): CodeIgniter\CodeIgniter->runController(Object(App\Controllers\User\AksiPaket))
#2 D:\My Project\project-dekor\system\CodeIgniter.php(308): CodeIgniter\CodeIgniter->handleRequest(NULL, Object(Config\Cache), false)
#3 D:\My Project\project-dekor\public\index.php(45): CodeIgniter\CodeIgniter->run()
#4 D:\My Project\project-dekor\system\Commands\Server\rewrite.php(34): require_once('D:\\My Project\\p...')
#5 {main}
CRITICAL - 2020-08-02 01:20:41 --> Class 'App\Models\User\ModelPaket' not found
#0 D:\My Project\project-dekor\system\CodeIgniter.php(914): App\Controllers\User\AksiPaket->tambah()
#1 D:\My Project\project-dekor\system\CodeIgniter.php(400): CodeIgniter\CodeIgniter->runController(Object(App\Controllers\User\AksiPaket))
#2 D:\My Project\project-dekor\system\CodeIgniter.php(308): CodeIgniter\CodeIgniter->handleRequest(NULL, Object(Config\Cache), false)
#3 D:\My Project\project-dekor\public\index.php(45): CodeIgniter\CodeIgniter->run()
#4 D:\My Project\project-dekor\system\Commands\Server\rewrite.php(34): require_once('D:\\My Project\\p...')
#5 {main}
CRITICAL - 2020-08-02 01:21:41 --> Unknown column 'nama' in 'field list'
#0 D:\My Project\project-dekor\system\Database\MySQLi\Connection.php(331): mysqli->query('INSERT INTO `tb...')
#1 D:\My Project\project-dekor\system\Database\BaseConnection.php(738): CodeIgniter\Database\MySQLi\Connection->execute('INSERT INTO `tb...')
#2 D:\My Project\project-dekor\system\Database\BaseConnection.php(666): CodeIgniter\Database\BaseConnection->simpleQuery('INSERT INTO `tb...')
#3 D:\My Project\project-dekor\system\Database\BaseBuilder.php(2234): CodeIgniter\Database\BaseConnection->query('INSERT INTO `tb...', Array, false)
#4 D:\My Project\project-dekor\system\Model.php(729): CodeIgniter\Database\BaseBuilder->insert()
#5 D:\My Project\project-dekor\system\Model.php(557): CodeIgniter\Model->insert(Array, false)
#6 D:\My Project\project-dekor\app\Controllers\User\AksiPaket.php(77): CodeIgniter\Model->save(Array)
#7 D:\My Project\project-dekor\system\CodeIgniter.php(914): App\Controllers\User\AksiPaket->tambah()
#8 D:\My Project\project-dekor\system\CodeIgniter.php(400): CodeIgniter\CodeIgniter->runController(Object(App\Controllers\User\AksiPaket))
#9 D:\My Project\project-dekor\system\CodeIgniter.php(308): CodeIgniter\CodeIgniter->handleRequest(NULL, Object(Config\Cache), false)
#10 D:\My Project\project-dekor\public\index.php(45): CodeIgniter\CodeIgniter->run()
#11 D:\My Project\project-dekor\system\Commands\Server\rewrite.php(34): require_once('D:\\My Project\\p...')
#12 {main}
CRITICAL - 2020-08-02 01:55:20 --> Undefined property: App\Controllers\User\AksiPaket::$sesion
#0 D:\My Project\project-dekor\app\Controllers\User\AksiPaket.php(117): CodeIgniter\Debug\Exceptions->errorHandler(8, 'Undefined prope...', 'D:\\My Project\\p...', 117, Array)
#1 D:\My Project\project-dekor\system\CodeIgniter.php(914): App\Controllers\User\AksiPaket->detail('1')
#2 D:\My Project\project-dekor\system\CodeIgniter.php(400): CodeIgniter\CodeIgniter->runController(Object(App\Controllers\User\AksiPaket))
#3 D:\My Project\project-dekor\system\CodeIgniter.php(308): CodeIgniter\CodeIgniter->handleRequest(NULL, Object(Config\Cache), false)
#4 D:\My Project\project-dekor\public\index.php(45): CodeIgniter\CodeIgniter->run()
#5 D:\My Project\project-dekor\system\Commands\Server\rewrite.php(34): require_once('D:\\My Project\\p...')
#6 {main}
CRITICAL - 2020-08-02 01:56:54 --> Undefined variable: username
#0 D:\My Project\project-dekor\app\Controllers\User\AksiPaket.php(111): CodeIgniter\Debug\Exceptions->errorHandler(8, 'Undefined varia...', 'D:\\My Project\\p...', 111, Array)
#1 D:\My Project\project-dekor\system\CodeIgniter.php(914): App\Controllers\User\AksiPaket->tambah()
#2 D:\My Project\project-dekor\system\CodeIgniter.php(400): CodeIgniter\CodeIgniter->runController(Object(App\Controllers\User\AksiPaket))
#3 D:\My Project\project-dekor\system\CodeIgniter.php(308): CodeIgniter\CodeIgniter->handleRequest(NULL, Object(Config\Cache), false)
#4 D:\My Project\project-dekor\public\index.php(45): CodeIgniter\CodeIgniter->run()
#5 D:\My Project\project-dekor\system\Commands\Server\rewrite.php(34): require_once('D:\\My Project\\p...')
#6 {main}
CRITICAL - 2020-08-02 03:00:54 --> No connection could be made because the target machine actively refused it.

#0 D:\My Project\project-dekor\system\Database\BaseConnection.php(377): CodeIgniter\Database\MySQLi\Connection->connect(false)
#1 D:\My Project\project-dekor\system\Database\BaseConnection.php(643): CodeIgniter\Database\BaseConnection->initialize()
#2 D:\My Project\project-dekor\system\Database\BaseBuilder.php(1845): CodeIgniter\Database\BaseConnection->query('SELECT `usernam...', Array, false)
#3 D:\My Project\project-dekor\system\Model.php(489): CodeIgniter\Database\BaseBuilder->get()
#4 D:\My Project\project-dekor\app\Controllers\Login.php(72): CodeIgniter\Model->first()
#5 D:\My Project\project-dekor\system\CodeIgniter.php(914): App\Controllers\Login->validasi()
#6 D:\My Project\project-dekor\system\CodeIgniter.php(400): CodeIgniter\CodeIgniter->runController(Object(App\Controllers\Login))
#7 D:\My Project\project-dekor\system\CodeIgniter.php(308): CodeIgniter\CodeIgniter->handleRequest(NULL, Object(Config\Cache), false)
#8 D:\My Project\project-dekor\public\index.php(45): CodeIgniter\CodeIgniter->run()
#9 D:\My Project\project-dekor\system\Commands\Server\rewrite.php(34): require_once('D:\\My Project\\p...')
#10 {main}
CRITICAL - 2020-08-02 03:04:47 --> Undefined variable: id
#0 D:\My Project\project-dekor\app\Controllers\User\AksiPaket.php(126): CodeIgniter\Debug\Exceptions->errorHandler(8, 'Undefined varia...', 'D:\\My Project\\p...', 126, Array)
#1 D:\My Project\project-dekor\system\CodeIgniter.php(914): App\Controllers\User\AksiPaket->totalPaket()
#2 D:\My Project\project-dekor\system\CodeIgniter.php(400): CodeIgniter\CodeIgniter->runController(Object(App\Controllers\User\AksiPaket))
#3 D:\My Project\project-dekor\system\CodeIgniter.php(308): CodeIgniter\CodeIgniter->handleRequest(NULL, Object(Config\Cache), false)
#4 D:\My Project\project-dekor\public\index.php(45): CodeIgniter\CodeIgniter->run()
#5 D:\My Project\project-dekor\system\Commands\Server\rewrite.php(34): require_once('D:\\My Project\\p...')
#6 {main}
CRITICAL - 2020-08-02 03:20:15 --> Unknown column 'name' in 'field list'
#0 D:\My Project\project-dekor\system\Database\MySQLi\Connection.php(331): mysqli->query('SELECT COUNT(`n...')
#1 D:\My Project\project-dekor\system\Database\BaseConnection.php(738): CodeIgniter\Database\MySQLi\Connection->execute('SELECT COUNT(`n...')
#2 D:\My Project\project-dekor\system\Database\BaseConnection.php(666): CodeIgniter\Database\BaseConnection->simpleQuery('SELECT COUNT(`n...')
#3 D:\My Project\project-dekor\system\Database\BaseBuilder.php(1845): CodeIgniter\Database\BaseConnection->query('SELECT COUNT(`n...', Array, false)
#4 D:\My Project\project-dekor\system\Model.php(1716): CodeIgniter\Database\BaseBuilder->get()
#5 D:\My Project\project-dekor\app\Controllers\User\AksiPaket.php(123): CodeIgniter\Model->__call('get', Array)
#6 D:\My Project\project-dekor\system\CodeIgniter.php(914): App\Controllers\User\AksiPaket->totalPaket()
#7 D:\My Project\project-dekor\system\CodeIgniter.php(400): CodeIgniter\CodeIgniter->runController(Object(App\Controllers\User\AksiPaket))
#8 D:\My Project\project-dekor\system\CodeIgniter.php(308): CodeIgniter\CodeIgniter->handleRequest(NULL, Object(Config\Cache), false)
#9 D:\My Project\project-dekor\public\index.php(45): CodeIgniter\CodeIgniter->run()
#10 D:\My Project\project-dekor\system\Commands\Server\rewrite.php(34): require_once('D:\\My Project\\p...')
#11 {main}
CRITICAL - 2020-08-02 03:24:08 --> Call to undefined method App\Models\User\ModelPaket::getAll
#0 D:\My Project\project-dekor\app\Controllers\User\AksiPaket.php(123): CodeIgniter\Model->__call('getAll', Array)
#1 D:\My Project\project-dekor\system\CodeIgniter.php(914): App\Controllers\User\AksiPaket->totalPaket()
#2 D:\My Project\project-dekor\system\CodeIgniter.php(400): CodeIgniter\CodeIgniter->runController(Object(App\Controllers\User\AksiPaket))
#3 D:\My Project\project-dekor\system\CodeIgniter.php(308): CodeIgniter\CodeIgniter->handleRequest(NULL, Object(Config\Cache), false)
#4 D:\My Project\project-dekor\public\index.php(45): CodeIgniter\CodeIgniter->run()
#5 D:\My Project\project-dekor\system\Commands\Server\rewrite.php(34): require_once('D:\\My Project\\p...')
#6 {main}
CRITICAL - 2020-08-02 03:24:14 --> Unknown column 'name' in 'field list'
#0 D:\My Project\project-dekor\system\Database\MySQLi\Connection.php(331): mysqli->query('SELECT COUNT(`n...')
#1 D:\My Project\project-dekor\system\Database\BaseConnection.php(738): CodeIgniter\Database\MySQLi\Connection->execute('SELECT COUNT(`n...')
#2 D:\My Project\project-dekor\system\Database\BaseConnection.php(666): CodeIgniter\Database\BaseConnection->simpleQuery('SELECT COUNT(`n...')
#3 D:\My Project\project-dekor\system\Database\BaseBuilder.php(1845): CodeIgniter\Database\BaseConnection->query('SELECT COUNT(`n...', Array, false)
#4 D:\My Project\project-dekor\system\Model.php(1716): CodeIgniter\Database\BaseBuilder->get()
#5 D:\My Project\project-dekor\app\Controllers\User\AksiPaket.php(123): CodeIgniter\Model->__call('get', Array)
#6 D:\My Project\project-dekor\system\CodeIgniter.php(914): App\Controllers\User\AksiPaket->totalPaket()
#7 D:\My Project\project-dekor\system\CodeIgniter.php(400): CodeIgniter\CodeIgniter->runController(Object(App\Controllers\User\AksiPaket))
#8 D:\My Project\project-dekor\system\CodeIgniter.php(308): CodeIgniter\CodeIgniter->handleRequest(NULL, Object(Config\Cache), false)
#9 D:\My Project\project-dekor\public\index.php(45): CodeIgniter\CodeIgniter->run()
#10 D:\My Project\project-dekor\system\Commands\Server\rewrite.php(34): require_once('D:\\My Project\\p...')
#11 {main}
CRITICAL - 2020-08-02 03:24:49 --> Call to undefined method App\Models\User\ModelPaket::getResult
#0 D:\My Project\project-dekor\app\Controllers\User\AksiPaket.php(123): CodeIgniter\Model->__call('getResult', Array)
#1 D:\My Project\project-dekor\system\CodeIgniter.php(914): App\Controllers\User\AksiPaket->totalPaket()
#2 D:\My Project\project-dekor\system\CodeIgniter.php(400): CodeIgniter\CodeIgniter->runController(Object(App\Controllers\User\AksiPaket))
#3 D:\My Project\project-dekor\system\CodeIgniter.php(308): CodeIgniter\CodeIgniter->handleRequest(NULL, Object(Config\Cache), false)
#4 D:\My Project\project-dekor\public\index.php(45): CodeIgniter\CodeIgniter->run()
#5 D:\My Project\project-dekor\system\Commands\Server\rewrite.php(34): require_once('D:\\My Project\\p...')
#6 {main}
CRITICAL - 2020-08-02 03:25:45 --> Call to undefined method App\Models\User\ModelPaket::getResult
#0 D:\My Project\project-dekor\app\Controllers\User\AksiPaket.php(123): CodeIgniter\Model->__call('getResult', Array)
#1 D:\My Project\project-dekor\system\CodeIgniter.php(914): App\Controllers\User\AksiPaket->totalPaket()
#2 D:\My Project\project-dekor\system\CodeIgniter.php(400): CodeIgniter\CodeIgniter->runController(Object(App\Controllers\User\AksiPaket))
#3 D:\My Project\project-dekor\system\CodeIgniter.php(308): CodeIgniter\CodeIgniter->handleRequest(NULL, Object(Config\Cache), false)
#4 D:\My Project\project-dekor\public\index.php(45): CodeIgniter\CodeIgniter->run()
#5 D:\My Project\project-dekor\system\Commands\Server\rewrite.php(34): require_once('D:\\My Project\\p...')
#6 {main}
CRITICAL - 2020-08-02 03:25:51 --> Call to undefined method App\Models\User\ModelPaket::getResult
#0 D:\My Project\project-dekor\app\Controllers\User\AksiPaket.php(123): CodeIgniter\Model->__call('getResult', Array)
#1 D:\My Project\project-dekor\system\CodeIgniter.php(914): App\Controllers\User\AksiPaket->totalPaket()
#2 D:\My Project\project-dekor\system\CodeIgniter.php(400): CodeIgniter\CodeIgniter->runController(Object(App\Controllers\User\AksiPaket))
#3 D:\My Project\project-dekor\system\CodeIgniter.php(308): CodeIgniter\CodeIgniter->handleRequest(NULL, Object(Config\Cache), false)
#4 D:\My Project\project-dekor\public\index.php(45): CodeIgniter\CodeIgniter->run()
#5 D:\My Project\project-dekor\system\Commands\Server\rewrite.php(34): require_once('D:\\My Project\\p...')
#6 {main}
CRITICAL - 2020-08-02 03:26:42 --> Call to undefined method App\Models\User\ModelPaket::getResult
#0 D:\My Project\project-dekor\app\Controllers\User\AksiPaket.php(123): CodeIgniter\Model->__call('getResult', Array)
#1 D:\My Project\project-dekor\system\CodeIgniter.php(914): App\Controllers\User\AksiPaket->totalPaket()
#2 D:\My Project\project-dekor\system\CodeIgniter.php(400): CodeIgniter\CodeIgniter->runController(Object(App\Controllers\User\AksiPaket))
#3 D:\My Project\project-dekor\system\CodeIgniter.php(308): CodeIgniter\CodeIgniter->handleRequest(NULL, Object(Config\Cache), false)
#4 D:\My Project\project-dekor\public\index.php(45): CodeIgniter\CodeIgniter->run()
#5 D:\My Project\project-dekor\system\Commands\Server\rewrite.php(34): require_once('D:\\My Project\\p...')
#6 {main}
CRITICAL - 2020-08-02 03:29:11 --> You have an error in your SQL syntax; check the manual that corresponds to your MariaDB server version for the right syntax to use near '`asJumlah`) AS `nama asJumlah`
FROM `tb_paket`
WHERE `username` = 'user'
AND `st' at line 1
#0 D:\My Project\project-dekor\system\Database\MySQLi\Connection.php(331): mysqli->query('SELECT COUNT(`n...')
#1 D:\My Project\project-dekor\system\Database\BaseConnection.php(738): CodeIgniter\Database\MySQLi\Connection->execute('SELECT COUNT(`n...')
#2 D:\My Project\project-dekor\system\Database\BaseConnection.php(666): CodeIgniter\Database\BaseConnection->simpleQuery('SELECT COUNT(`n...')
#3 D:\My Project\project-dekor\system\Database\BaseBuilder.php(1845): CodeIgniter\Database\BaseConnection->query('SELECT COUNT(`n...', Array, false)
#4 D:\My Project\project-dekor\system\Model.php(1716): CodeIgniter\Database\BaseBuilder->get()
#5 D:\My Project\project-dekor\app\Models\User\ModelPaket.php(106): CodeIgniter\Model->__call('get', Array)
#6 D:\My Project\project-dekor\app\Controllers\User\AksiPaket.php(123): App\Models\User\ModelPaket->countData('user')
#7 D:\My Project\project-dekor\system\CodeIgniter.php(914): App\Controllers\User\AksiPaket->totalPaket()
#8 D:\My Project\project-dekor\system\CodeIgniter.php(400): CodeIgniter\CodeIgniter->runController(Object(App\Controllers\User\AksiPaket))
#9 D:\My Project\project-dekor\system\CodeIgniter.php(308): CodeIgniter\CodeIgniter->handleRequest(NULL, Object(Config\Cache), false)
#10 D:\My Project\project-dekor\public\index.php(45): CodeIgniter\CodeIgniter->run()
#11 D:\My Project\project-dekor\system\Commands\Server\rewrite.php(34): require_once('D:\\My Project\\p...')
#12 {main}
CRITICAL - 2020-08-02 03:29:15 --> You have an error in your SQL syntax; check the manual that corresponds to your MariaDB server version for the right syntax to use near 'as `Jumlah`) AS `nama as Jumlah`
FROM `tb_paket`
WHERE `username` = 'user'
AND `' at line 1
#0 D:\My Project\project-dekor\system\Database\MySQLi\Connection.php(331): mysqli->query('SELECT COUNT(`n...')
#1 D:\My Project\project-dekor\system\Database\BaseConnection.php(738): CodeIgniter\Database\MySQLi\Connection->execute('SELECT COUNT(`n...')
#2 D:\My Project\project-dekor\system\Database\BaseConnection.php(666): CodeIgniter\Database\BaseConnection->simpleQuery('SELECT COUNT(`n...')
#3 D:\My Project\project-dekor\system\Database\BaseBuilder.php(1845): CodeIgniter\Database\BaseConnection->query('SELECT COUNT(`n...', Array, false)
#4 D:\My Project\project-dekor\system\Model.php(1716): CodeIgniter\Database\BaseBuilder->get()
#5 D:\My Project\project-dekor\app\Models\User\ModelPaket.php(106): CodeIgniter\Model->__call('get', Array)
#6 D:\My Project\project-dekor\app\Controllers\User\AksiPaket.php(123): App\Models\User\ModelPaket->countData('user')
#7 D:\My Project\project-dekor\system\CodeIgniter.php(914): App\Controllers\User\AksiPaket->totalPaket()
#8 D:\My Project\project-dekor\system\CodeIgniter.php(400): CodeIgniter\CodeIgniter->runController(Object(App\Controllers\User\AksiPaket))
#9 D:\My Project\project-dekor\system\CodeIgniter.php(308): CodeIgniter\CodeIgniter->handleRequest(NULL, Object(Config\Cache), false)
#10 D:\My Project\project-dekor\public\index.php(45): CodeIgniter\CodeIgniter->run()
#11 D:\My Project\project-dekor\system\Commands\Server\rewrite.php(34): require_once('D:\\My Project\\p...')
#12 {main}
CRITICAL - 2020-08-02 03:30:31 --> You have an error in your SQL syntax; check the manual that corresponds to your MariaDB server version for the right syntax to use near 'as `jml`) AS `nama as jml`
FROM `tb_paket`
WHERE `username` = 'user'
AND `status' at line 1
#0 D:\My Project\project-dekor\system\Database\MySQLi\Connection.php(331): mysqli->query('SELECT COUNT(`n...')
#1 D:\My Project\project-dekor\system\Database\BaseConnection.php(738): CodeIgniter\Database\MySQLi\Connection->execute('SELECT COUNT(`n...')
#2 D:\My Project\project-dekor\system\Database\BaseConnection.php(666): CodeIgniter\Database\BaseConnection->simpleQuery('SELECT COUNT(`n...')
#3 D:\My Project\project-dekor\system\Database\BaseBuilder.php(1845): CodeIgniter\Database\BaseConnection->query('SELECT COUNT(`n...', Array, false)
#4 D:\My Project\project-dekor\system\Model.php(1716): CodeIgniter\Database\BaseBuilder->get()
#5 D:\My Project\project-dekor\app\Models\User\ModelPaket.php(106): CodeIgniter\Model->__call('get', Array)
#6 D:\My Project\project-dekor\app\Controllers\User\AksiPaket.php(123): App\Models\User\ModelPaket->countData('user')
#7 D:\My Project\project-dekor\system\CodeIgniter.php(914): App\Controllers\User\AksiPaket->totalPaket()
#8 D:\My Project\project-dekor\system\CodeIgniter.php(400): CodeIgniter\CodeIgniter->runController(Object(App\Controllers\User\AksiPaket))
#9 D:\My Project\project-dekor\system\CodeIgniter.php(308): CodeIgniter\CodeIgniter->handleRequest(NULL, Object(Config\Cache), false)
#10 D:\My Project\project-dekor\public\index.php(45): CodeIgniter\CodeIgniter->run()
#11 D:\My Project\project-dekor\system\Commands\Server\rewrite.php(34): require_once('D:\\My Project\\p...')
#12 {main}
CRITICAL - 2020-08-02 03:33:53 --> Call to undefined method App\Models\User\ModelPaket::getFieldCount
#0 D:\My Project\project-dekor\app\Models\User\ModelPaket.php(106): CodeIgniter\Model->__call('getFieldCount', Array)
#1 D:\My Project\project-dekor\app\Controllers\User\AksiPaket.php(123): App\Models\User\ModelPaket->countData('user')
#2 D:\My Project\project-dekor\system\CodeIgniter.php(914): App\Controllers\User\AksiPaket->totalPaket()
#3 D:\My Project\project-dekor\system\CodeIgniter.php(400): CodeIgniter\CodeIgniter->runController(Object(App\Controllers\User\AksiPaket))
#4 D:\My Project\project-dekor\system\CodeIgniter.php(308): CodeIgniter\CodeIgniter->handleRequest(NULL, Object(Config\Cache), false)
#5 D:\My Project\project-dekor\public\index.php(45): CodeIgniter\CodeIgniter->run()
#6 D:\My Project\project-dekor\system\Commands\Server\rewrite.php(34): require_once('D:\\My Project\\p...')
#7 {main}
CRITICAL - 2020-08-02 03:35:20 --> Call to undefined method App\Models\User\ModelPaket::getFieldCount
#0 D:\My Project\project-dekor\app\Models\User\ModelPaket.php(106): CodeIgniter\Model->__call('getFieldCount', Array)
#1 D:\My Project\project-dekor\app\Controllers\User\AksiPaket.php(123): App\Models\User\ModelPaket->countData('user')
#2 D:\My Project\project-dekor\system\CodeIgniter.php(914): App\Controllers\User\AksiPaket->totalPaket()
#3 D:\My Project\project-dekor\system\CodeIgniter.php(400): CodeIgniter\CodeIgniter->runController(Object(App\Controllers\User\AksiPaket))
#4 D:\My Project\project-dekor\system\CodeIgniter.php(308): CodeIgniter\CodeIgniter->handleRequest(NULL, Object(Config\Cache), false)
#5 D:\My Project\project-dekor\public\index.php(45): CodeIgniter\CodeIgniter->run()
#6 D:\My Project\project-dekor\system\Commands\Server\rewrite.php(34): require_once('D:\\My Project\\p...')
#7 {main}
CRITICAL - 2020-08-02 03:35:43 --> Call to undefined method App\Models\User\ModelPaket::getFieldCount
#0 D:\My Project\project-dekor\app\Models\User\ModelPaket.php(107): CodeIgniter\Model->__call('getFieldCount', Array)
#1 D:\My Project\project-dekor\app\Controllers\User\AksiPaket.php(123): App\Models\User\ModelPaket->countData('user')
#2 D:\My Project\project-dekor\system\CodeIgniter.php(914): App\Controllers\User\AksiPaket->totalPaket()
#3 D:\My Project\project-dekor\system\CodeIgniter.php(400): CodeIgniter\CodeIgniter->runController(Object(App\Controllers\User\AksiPaket))
#4 D:\My Project\project-dekor\system\CodeIgniter.php(308): CodeIgniter\CodeIgniter->handleRequest(NULL, Object(Config\Cache), false)
#5 D:\My Project\project-dekor\public\index.php(45): CodeIgniter\CodeIgniter->run()
#6 D:\My Project\project-dekor\system\Commands\Server\rewrite.php(34): require_once('D:\\My Project\\p...')
#7 {main}
CRITICAL - 2020-08-02 03:35:56 --> Call to undefined method App\Models\User\ModelPaket::getFieldCount
#0 D:\My Project\project-dekor\app\Models\User\ModelPaket.php(107): CodeIgniter\Model->__call('getFieldCount', Array)
#1 D:\My Project\project-dekor\app\Controllers\User\AksiPaket.php(123): App\Models\User\ModelPaket->countData('user')
#2 D:\My Project\project-dekor\system\CodeIgniter.php(914): App\Controllers\User\AksiPaket->totalPaket()
#3 D:\My Project\project-dekor\system\CodeIgniter.php(400): CodeIgniter\CodeIgniter->runController(Object(App\Controllers\User\AksiPaket))
#4 D:\My Project\project-dekor\system\CodeIgniter.php(308): CodeIgniter\CodeIgniter->handleRequest(NULL, Object(Config\Cache), false)
#5 D:\My Project\project-dekor\public\index.php(45): CodeIgniter\CodeIgniter->run()
#6 D:\My Project\project-dekor\system\Commands\Server\rewrite.php(34): require_once('D:\\My Project\\p...')
#7 {main}
CRITICAL - 2020-08-02 03:36:44 --> Call to undefined method App\Models\User\ModelPaket::getFieldCount
#0 D:\My Project\project-dekor\app\Controllers\User\AksiPaket.php(123): CodeIgniter\Model->__call('getFieldCount', Array)
#1 D:\My Project\project-dekor\system\CodeIgniter.php(914): App\Controllers\User\AksiPaket->totalPaket()
#2 D:\My Project\project-dekor\system\CodeIgniter.php(400): CodeIgniter\CodeIgniter->runController(Object(App\Controllers\User\AksiPaket))
#3 D:\My Project\project-dekor\system\CodeIgniter.php(308): CodeIgniter\CodeIgniter->handleRequest(NULL, Object(Config\Cache), false)
#4 D:\My Project\project-dekor\public\index.php(45): CodeIgniter\CodeIgniter->run()
#5 D:\My Project\project-dekor\system\Commands\Server\rewrite.php(34): require_once('D:\\My Project\\p...')
#6 {main}
CRITICAL - 2020-08-02 03:41:00 --> Call to a member function getFieldCount() on int
#0 D:\My Project\project-dekor\system\CodeIgniter.php(914): App\Controllers\User\AksiPaket->totalPaket()
#1 D:\My Project\project-dekor\system\CodeIgniter.php(400): CodeIgniter\CodeIgniter->runController(Object(App\Controllers\User\AksiPaket))
#2 D:\My Project\project-dekor\system\CodeIgniter.php(308): CodeIgniter\CodeIgniter->handleRequest(NULL, Object(Config\Cache), false)
#3 D:\My Project\project-dekor\public\index.php(45): CodeIgniter\CodeIgniter->run()
#4 D:\My Project\project-dekor\system\Commands\Server\rewrite.php(34): require_once('D:\\My Project\\p...')
#5 {main}
CRITICAL - 2020-08-02 03:43:26 --> Call to undefined method CodeIgniter\Database\MySQLi\Result::countAll()
#0 D:\My Project\project-dekor\system\CodeIgniter.php(914): App\Controllers\User\AksiPaket->totalPaket()
#1 D:\My Project\project-dekor\system\CodeIgniter.php(400): CodeIgniter\CodeIgniter->runController(Object(App\Controllers\User\AksiPaket))
#2 D:\My Project\project-dekor\system\CodeIgniter.php(308): CodeIgniter\CodeIgniter->handleRequest(NULL, Object(Config\Cache), false)
#3 D:\My Project\project-dekor\public\index.php(45): CodeIgniter\CodeIgniter->run()
#4 D:\My Project\project-dekor\system\Commands\Server\rewrite.php(34): require_once('D:\\My Project\\p...')
#5 {main}
CRITICAL - 2020-08-02 04:56:47 --> fopen(http://localhost:8080/assets/logoindex.html): failed to open stream: HTTP wrapper does not support writeable connections
#0 [internal function]: CodeIgniter\Debug\Exceptions->errorHandler(2, 'fopen(http://lo...', 'D:\\My Project\\p...', 216, Array)
#1 D:\My Project\project-dekor\system\HTTP\Files\UploadedFile.php(216): fopen('http://localhos...', 'x+')
#2 D:\My Project\project-dekor\system\HTTP\Files\UploadedFile.php(163): CodeIgniter\HTTP\Files\UploadedFile->setPath('http://localhos...')
#3 D:\My Project\project-dekor\app\Controllers\User\AksiProfile.php(81): CodeIgniter\HTTP\Files\UploadedFile->move('http://localhos...', '1596362207_3430...')
#4 D:\My Project\project-dekor\system\CodeIgniter.php(914): App\Controllers\User\AksiProfile->update()
#5 D:\My Project\project-dekor\system\CodeIgniter.php(400): CodeIgniter\CodeIgniter->runController(Object(App\Controllers\User\AksiProfile))
#6 D:\My Project\project-dekor\system\CodeIgniter.php(308): CodeIgniter\CodeIgniter->handleRequest(NULL, Object(Config\Cache), false)
#7 D:\My Project\project-dekor\public\index.php(45): CodeIgniter\CodeIgniter->run()
#8 D:\My Project\project-dekor\system\Commands\Server\rewrite.php(34): require_once('D:\\My Project\\p...')
#9 {main}
CRITICAL - 2020-08-02 04:57:51 --> fopen(http://localhost:8080/assets/logoindex.html): failed to open stream: HTTP wrapper does not support writeable connections
#0 [internal function]: CodeIgniter\Debug\Exceptions->errorHandler(2, 'fopen(http://lo...', 'D:\\My Project\\p...', 216, Array)
#1 D:\My Project\project-dekor\system\HTTP\Files\UploadedFile.php(216): fopen('http://localhos...', 'x+')
#2 D:\My Project\project-dekor\system\HTTP\Files\UploadedFile.php(163): CodeIgniter\HTTP\Files\UploadedFile->setPath('http://localhos...')
#3 D:\My Project\project-dekor\app\Controllers\User\AksiProfile.php(81): CodeIgniter\HTTP\Files\UploadedFile->move('http://localhos...', '1596362271_4a96...')
#4 D:\My Project\project-dekor\system\CodeIgniter.php(914): App\Controllers\User\AksiProfile->update()
#5 D:\My Project\project-dekor\system\CodeIgniter.php(400): CodeIgniter\CodeIgniter->runController(Object(App\Controllers\User\AksiProfile))
#6 D:\My Project\project-dekor\system\CodeIgniter.php(308): CodeIgniter\CodeIgniter->handleRequest(NULL, Object(Config\Cache), false)
#7 D:\My Project\project-dekor\public\index.php(45): CodeIgniter\CodeIgniter->run()
#8 D:\My Project\project-dekor\system\Commands\Server\rewrite.php(34): require_once('D:\\My Project\\p...')
#9 {main}
CRITICAL - 2020-08-02 05:50:16 --> Undefined property: App\Controllers\User\AksiProfile::$file_base
#0 D:\My Project\project-dekor\app\Controllers\User\AksiProfile.php(81): CodeIgniter\Debug\Exceptions->errorHandler(8, 'Undefined prope...', 'D:\\My Project\\p...', 81, Array)
#1 D:\My Project\project-dekor\system\CodeIgniter.php(914): App\Controllers\User\AksiProfile->update()
#2 D:\My Project\project-dekor\system\CodeIgniter.php(400): CodeIgniter\CodeIgniter->runController(Object(App\Controllers\User\AksiProfile))
#3 D:\My Project\project-dekor\system\CodeIgniter.php(308): CodeIgniter\CodeIgniter->handleRequest(NULL, Object(Config\Cache), false)
#4 D:\My Project\project-dekor\public\index.php(45): CodeIgniter\CodeIgniter->run()
#5 D:\My Project\project-dekor\system\Commands\Server\rewrite.php(34): require_once('D:\\My Project\\p...')
#6 {main}
CRITICAL - 2020-08-02 08:01:22 --> Undefined property: stdClass::$nama_usaha
#0 D:\My Project\project-dekor\app\Controllers\Admin\AksiUser.php(69): CodeIgniter\Debug\Exceptions->errorHandler(8, 'Undefined prope...', 'D:\\My Project\\p...', 69, Array)
#1 D:\My Project\project-dekor\system\CodeIgniter.php(914): App\Controllers\Admin\AksiUser->get()
#2 D:\My Project\project-dekor\system\CodeIgniter.php(400): CodeIgniter\CodeIgniter->runController(Object(App\Controllers\Admin\AksiUser))
#3 D:\My Project\project-dekor\system\CodeIgniter.php(308): CodeIgniter\CodeIgniter->handleRequest(NULL, Object(Config\Cache), false)
#4 D:\My Project\project-dekor\public\index.php(45): CodeIgniter\CodeIgniter->run()
#5 D:\My Project\project-dekor\system\Commands\Server\rewrite.php(34): require_once('D:\\My Project\\p...')
#6 {main}
CRITICAL - 2020-08-02 09:33:53 --> No connection could be made because the target machine actively refused it.

#0 D:\My Project\project-dekor\system\Database\BaseConnection.php(377): CodeIgniter\Database\MySQLi\Connection->connect(false)
#1 D:\My Project\project-dekor\system\Database\BaseConnection.php(643): CodeIgniter\Database\BaseConnection->initialize()
#2 D:\My Project\project-dekor\system\Database\BaseBuilder.php(1845): CodeIgniter\Database\BaseConnection->query('SELECT `usernam...', Array, false)
#3 D:\My Project\project-dekor\system\Model.php(489): CodeIgniter\Database\BaseBuilder->get()
#4 D:\My Project\project-dekor\app\Controllers\Login.php(72): CodeIgniter\Model->first()
#5 D:\My Project\project-dekor\system\CodeIgniter.php(914): App\Controllers\Login->validasi()
#6 D:\My Project\project-dekor\system\CodeIgniter.php(400): CodeIgniter\CodeIgniter->runController(Object(App\Controllers\Login))
#7 D:\My Project\project-dekor\system\CodeIgniter.php(308): CodeIgniter\CodeIgniter->handleRequest(NULL, Object(Config\Cache), false)
#8 D:\My Project\project-dekor\public\index.php(45): CodeIgniter\CodeIgniter->run()
#9 D:\My Project\project-dekor\system\Commands\Server\rewrite.php(34): require_once('D:\\My Project\\p...')
#10 {main}
CRITICAL - 2020-08-02 11:15:03 --> Call to undefined method App\Models\User\ModelKategoriPaket::result
#0 D:\My Project\project-dekor\app\Controllers\User\ControllerUser.php(72): CodeIgniter\Model->__call('result', Array)
#1 D:\My Project\project-dekor\system\CodeIgniter.php(914): App\Controllers\User\ControllerUser->paket()
#2 D:\My Project\project-dekor\system\CodeIgniter.php(400): CodeIgniter\CodeIgniter->runController(Object(App\Controllers\User\ControllerUser))
#3 D:\My Project\project-dekor\system\CodeIgniter.php(308): CodeIgniter\CodeIgniter->handleRequest(NULL, Object(Config\Cache), false)
#4 D:\My Project\project-dekor\public\index.php(45): CodeIgniter\CodeIgniter->run()
#5 D:\My Project\project-dekor\system\Commands\Server\rewrite.php(34): require_once('D:\\My Project\\p...')
#6 {main}
CRITICAL - 2020-08-02 11:15:15 --> Call to undefined method App\Models\User\ModelKategoriPaket::resultArray
#0 D:\My Project\project-dekor\app\Controllers\User\ControllerUser.php(72): CodeIgniter\Model->__call('resultArray', Array)
#1 D:\My Project\project-dekor\system\CodeIgniter.php(914): App\Controllers\User\ControllerUser->paket()
#2 D:\My Project\project-dekor\system\CodeIgniter.php(400): CodeIgniter\CodeIgniter->runController(Object(App\Controllers\User\ControllerUser))
#3 D:\My Project\project-dekor\system\CodeIgniter.php(308): CodeIgniter\CodeIgniter->handleRequest(NULL, Object(Config\Cache), false)
#4 D:\My Project\project-dekor\public\index.php(45): CodeIgniter\CodeIgniter->run()
#5 D:\My Project\project-dekor\system\Commands\Server\rewrite.php(34): require_once('D:\\My Project\\p...')
#6 {main}
CRITICAL - 2020-08-02 11:15:33 --> Call to undefined method App\Models\User\ModelKategoriPaket::getAll
#0 D:\My Project\project-dekor\app\Controllers\User\ControllerUser.php(72): CodeIgniter\Model->__call('getAll', Array)
#1 D:\My Project\project-dekor\system\CodeIgniter.php(914): App\Controllers\User\ControllerUser->paket()
#2 D:\My Project\project-dekor\system\CodeIgniter.php(400): CodeIgniter\CodeIgniter->runController(Object(App\Controllers\User\ControllerUser))
#3 D:\My Project\project-dekor\system\CodeIgniter.php(308): CodeIgniter\CodeIgniter->handleRequest(NULL, Object(Config\Cache), false)
#4 D:\My Project\project-dekor\public\index.php(45): CodeIgniter\CodeIgniter->run()
#5 D:\My Project\project-dekor\system\Commands\Server\rewrite.php(34): require_once('D:\\My Project\\p...')
#6 {main}
CRITICAL - 2020-08-02 11:16:32 --> Call to undefined method App\Models\User\ModelKategoriPaket::resultArray
#0 D:\My Project\project-dekor\app\Controllers\User\ControllerUser.php(72): CodeIgniter\Model->__call('resultArray', Array)
#1 D:\My Project\project-dekor\system\CodeIgniter.php(914): App\Controllers\User\ControllerUser->paket()
#2 D:\My Project\project-dekor\system\CodeIgniter.php(400): CodeIgniter\CodeIgniter->runController(Object(App\Controllers\User\ControllerUser))
#3 D:\My Project\project-dekor\system\CodeIgniter.php(308): CodeIgniter\CodeIgniter->handleRequest(NULL, Object(Config\Cache), false)
#4 D:\My Project\project-dekor\public\index.php(45): CodeIgniter\CodeIgniter->run()
#5 D:\My Project\project-dekor\system\Commands\Server\rewrite.php(34): require_once('D:\\My Project\\p...')
#6 {main}
CRITICAL - 2020-08-02 11:16:36 --> Call to undefined method App\Models\User\ModelKategoriPaket::result
#0 D:\My Project\project-dekor\app\Controllers\User\ControllerUser.php(72): CodeIgniter\Model->__call('result', Array)
#1 D:\My Project\project-dekor\system\CodeIgniter.php(914): App\Controllers\User\ControllerUser->paket()
#2 D:\My Project\project-dekor\system\CodeIgniter.php(400): CodeIgniter\CodeIgniter->runController(Object(App\Controllers\User\ControllerUser))
#3 D:\My Project\project-dekor\system\CodeIgniter.php(308): CodeIgniter\CodeIgniter->handleRequest(NULL, Object(Config\Cache), false)
#4 D:\My Project\project-dekor\public\index.php(45): CodeIgniter\CodeIgniter->run()
#5 D:\My Project\project-dekor\system\Commands\Server\rewrite.php(34): require_once('D:\\My Project\\p...')
#6 {main}
CRITICAL - 2020-08-02 11:18:47 --> Call to undefined method CodeIgniter\Database\MySQLi\Result::result()
#0 D:\My Project\project-dekor\system\CodeIgniter.php(914): App\Controllers\User\ControllerUser->paket()
#1 D:\My Project\project-dekor\system\CodeIgniter.php(400): CodeIgniter\CodeIgniter->runController(Object(App\Controllers\User\ControllerUser))
#2 D:\My Project\project-dekor\system\CodeIgniter.php(308): CodeIgniter\CodeIgniter->handleRequest(NULL, Object(Config\Cache), false)
#3 D:\My Project\project-dekor\public\index.php(45): CodeIgniter\CodeIgniter->run()
#4 D:\My Project\project-dekor\system\Commands\Server\rewrite.php(34): require_once('D:\\My Project\\p...')
#5 {main}
CRITICAL - 2020-08-02 11:18:52 --> Call to undefined method App\Models\User\ModelKategoriPaket::result
#0 D:\My Project\project-dekor\app\Controllers\User\ControllerUser.php(72): CodeIgniter\Model->__call('result', Array)
#1 D:\My Project\project-dekor\system\CodeIgniter.php(914): App\Controllers\User\ControllerUser->paket()
#2 D:\My Project\project-dekor\system\CodeIgniter.php(400): CodeIgniter\CodeIgniter->runController(Object(App\Controllers\User\ControllerUser))
#3 D:\My Project\project-dekor\system\CodeIgniter.php(308): CodeIgniter\CodeIgniter->handleRequest(NULL, Object(Config\Cache), false)
#4 D:\My Project\project-dekor\public\index.php(45): CodeIgniter\CodeIgniter->run()
#5 D:\My Project\project-dekor\system\Commands\Server\rewrite.php(34): require_once('D:\\My Project\\p...')
#6 {main}
CRITICAL - 2020-08-02 11:35:43 --> syntax error, unexpected end of file, expecting function (T_FUNCTION) or const (T_CONST)
#0 D:\My Project\project-dekor\system\Router\Router.php(192): CodeIgniter\Router\Router->autoRoute('user/AksiProfil...')
#1 D:\My Project\project-dekor\system\CodeIgniter.php(789): CodeIgniter\Router\Router->handle('user/AksiProfil...')
#2 D:\My Project\project-dekor\system\CodeIgniter.php(360): CodeIgniter\CodeIgniter->tryToRouteIt(Object(CodeIgniter\Router\RouteCollection))
#3 D:\My Project\project-dekor\system\CodeIgniter.php(308): CodeIgniter\CodeIgniter->handleRequest(NULL, Object(Config\Cache), false)
#4 D:\My Project\project-dekor\public\index.php(45): CodeIgniter\CodeIgniter->run()
#5 D:\My Project\project-dekor\system\Commands\Server\rewrite.php(34): require_once('D:\\My Project\\p...')
#6 {main}
CRITICAL - 2020-08-02 11:49:03 --> Call to a member function getName() on null
#0 D:\My Project\project-dekor\system\CodeIgniter.php(914): App\Controllers\User\AksiProfile->updateLanjutan()
#1 D:\My Project\project-dekor\system\CodeIgniter.php(400): CodeIgniter\CodeIgniter->runController(Object(App\Controllers\User\AksiProfile))
#2 D:\My Project\project-dekor\system\CodeIgniter.php(308): CodeIgniter\CodeIgniter->handleRequest(NULL, Object(Config\Cache), false)
#3 D:\My Project\project-dekor\public\index.php(45): CodeIgniter\CodeIgniter->run()
#4 D:\My Project\project-dekor\system\Commands\Server\rewrite.php(34): require_once('D:\\My Project\\p...')
#5 {main}
CRITICAL - 2020-08-02 11:53:05 --> Cannot pass parameter 1 by reference
#0 D:\My Project\project-dekor\system\CodeIgniter.php(914): App\Controllers\User\AksiProfile->updateLanjutan()
#1 D:\My Project\project-dekor\system\CodeIgniter.php(400): CodeIgniter\CodeIgniter->runController(Object(App\Controllers\User\AksiProfile))
#2 D:\My Project\project-dekor\system\CodeIgniter.php(308): CodeIgniter\CodeIgniter->handleRequest(NULL, Object(Config\Cache), false)
#3 D:\My Project\project-dekor\public\index.php(45): CodeIgniter\CodeIgniter->run()
#4 D:\My Project\project-dekor\system\Commands\Server\rewrite.php(34): require_once('D:\\My Project\\p...')
#5 {main}
CRITICAL - 2020-08-02 11:55:30 --> syntax error, unexpected ';', expecting ')'
#0 D:\My Project\project-dekor\system\Router\Router.php(192): CodeIgniter\Router\Router->autoRoute('user/AksiProfil...')
#1 D:\My Project\project-dekor\system\CodeIgniter.php(789): CodeIgniter\Router\Router->handle('user/AksiProfil...')
#2 D:\My Project\project-dekor\system\CodeIgniter.php(360): CodeIgniter\CodeIgniter->tryToRouteIt(Object(CodeIgniter\Router\RouteCollection))
#3 D:\My Project\project-dekor\system\CodeIgniter.php(308): CodeIgniter\CodeIgniter->handleRequest(NULL, Object(Config\Cache), false)
#4 D:\My Project\project-dekor\public\index.php(45): CodeIgniter\CodeIgniter->run()
#5 D:\My Project\project-dekor\system\Commands\Server\rewrite.php(34): require_once('D:\\My Project\\p...')
#6 {main}
CRITICAL - 2020-08-02 11:55:44 --> syntax error, unexpected ';', expecting ')'
#0 D:\My Project\project-dekor\system\Router\Router.php(192): CodeIgniter\Router\Router->autoRoute('user/AksiProfil...')
#1 D:\My Project\project-dekor\system\CodeIgniter.php(789): CodeIgniter\Router\Router->handle('user/AksiProfil...')
#2 D:\My Project\project-dekor\system\CodeIgniter.php(360): CodeIgniter\CodeIgniter->tryToRouteIt(Object(CodeIgniter\Router\RouteCollection))
#3 D:\My Project\project-dekor\system\CodeIgniter.php(308): CodeIgniter\CodeIgniter->handleRequest(NULL, Object(Config\Cache), false)
#4 D:\My Project\project-dekor\public\index.php(45): CodeIgniter\CodeIgniter->run()
#5 D:\My Project\project-dekor\system\Commands\Server\rewrite.php(34): require_once('D:\\My Project\\p...')
#6 {main}
CRITICAL - 2020-08-02 11:57:11 --> You have an error in your SQL syntax; check the manual that corresponds to your MariaDB server version for the right syntax to use near '0 = ('1596387431_4efe1f21ac6f9608c75d.jpg'), `updated_at` = '2020-08-02 11:57:11' at line 1
#0 D:\My Project\project-dekor\system\Database\MySQLi\Connection.php(331): mysqli->query('UPDATE `tb_user...')
#1 D:\My Project\project-dekor\system\Database\BaseConnection.php(738): CodeIgniter\Database\MySQLi\Connection->execute('UPDATE `tb_user...')
#2 D:\My Project\project-dekor\system\Database\BaseConnection.php(666): CodeIgniter\Database\BaseConnection->simpleQuery('UPDATE `tb_user...')
#3 D:\My Project\project-dekor\system\Database\BaseBuilder.php(2441): CodeIgniter\Database\BaseConnection->query('UPDATE `tb_user...', Array, false)
#4 D:\My Project\project-dekor\system\Model.php(864): CodeIgniter\Database\BaseBuilder->update()
#5 D:\My Project\project-dekor\app\Controllers\User\AksiProfile.php(155): CodeIgniter\Model->update()
#6 D:\My Project\project-dekor\system\CodeIgniter.php(914): App\Controllers\User\AksiProfile->updateLanjutan()
#7 D:\My Project\project-dekor\system\CodeIgniter.php(400): CodeIgniter\CodeIgniter->runController(Object(App\Controllers\User\AksiProfile))
#8 D:\My Project\project-dekor\system\CodeIgniter.php(308): CodeIgniter\CodeIgniter->handleRequest(NULL, Object(Config\Cache), false)
#9 D:\My Project\project-dekor\public\index.php(45): CodeIgniter\CodeIgniter->run()
#10 D:\My Project\project-dekor\system\Commands\Server\rewrite.php(34): require_once('D:\\My Project\\p...')
#11 {main}
CRITICAL - 2020-08-02 12:36:22 --> Undefined property: stdClass::$Kategori
#0 D:\My Project\project-dekor\app\Controllers\Admin\AksiKategori.php(59): CodeIgniter\Debug\Exceptions->errorHandler(8, 'Undefined prope...', 'D:\\My Project\\p...', 59, Array)
#1 D:\My Project\project-dekor\system\CodeIgniter.php(914): App\Controllers\Admin\AksiKategori->get()
#2 D:\My Project\project-dekor\system\CodeIgniter.php(400): CodeIgniter\CodeIgniter->runController(Object(App\Controllers\Admin\AksiKategori))
#3 D:\My Project\project-dekor\system\CodeIgniter.php(308): CodeIgniter\CodeIgniter->handleRequest(NULL, Object(Config\Cache), false)
#4 D:\My Project\project-dekor\public\index.php(45): CodeIgniter\CodeIgniter->run()
#5 D:\My Project\project-dekor\system\Commands\Server\rewrite.php(34): require_once('D:\\My Project\\p...')
#6 {main}
CRITICAL - 2020-08-02 12:36:40 --> Undefined property: stdClass::$username
#0 D:\My Project\project-dekor\app\Controllers\Admin\AksiKategori.php(61): CodeIgniter\Debug\Exceptions->errorHandler(8, 'Undefined prope...', 'D:\\My Project\\p...', 61, Array)
#1 D:\My Project\project-dekor\system\CodeIgniter.php(914): App\Controllers\Admin\AksiKategori->get()
#2 D:\My Project\project-dekor\system\CodeIgniter.php(400): CodeIgniter\CodeIgniter->runController(Object(App\Controllers\Admin\AksiKategori))
#3 D:\My Project\project-dekor\system\CodeIgniter.php(308): CodeIgniter\CodeIgniter->handleRequest(NULL, Object(Config\Cache), false)
#4 D:\My Project\project-dekor\public\index.php(45): CodeIgniter\CodeIgniter->run()
#5 D:\My Project\project-dekor\system\Commands\Server\rewrite.php(34): require_once('D:\\My Project\\p...')
#6 {main}
CRITICAL - 2020-08-02 12:36:53 --> Undefined index: search
#0 D:\My Project\project-dekor\app\Models\Admin\ModelKategori.php(28): CodeIgniter\Debug\Exceptions->errorHandler(8, 'Undefined index...', 'D:\\My Project\\p...', 28, Array)
#1 D:\My Project\project-dekor\app\Models\Admin\ModelKategori.php(52): App\Models\Admin\ModelKategori->_get_query()
#2 D:\My Project\project-dekor\app\Controllers\Admin\AksiKategori.php(52): App\Models\Admin\ModelKategori->get_datatables()
#3 D:\My Project\project-dekor\system\CodeIgniter.php(914): App\Controllers\Admin\AksiKategori->get()
#4 D:\My Project\project-dekor\system\CodeIgniter.php(400): CodeIgniter\CodeIgniter->runController(Object(App\Controllers\Admin\AksiKategori))
#5 D:\My Project\project-dekor\system\CodeIgniter.php(308): CodeIgniter\CodeIgniter->handleRequest(NULL, Object(Config\Cache), false)
#6 D:\My Project\project-dekor\public\index.php(45): CodeIgniter\CodeIgniter->run()
#7 D:\My Project\project-dekor\system\Commands\Server\rewrite.php(34): require_once('D:\\My Project\\p...')
#8 {main}
CRITICAL - 2020-08-02 12:37:00 --> Undefined property: stdClass::$username
#0 D:\My Project\project-dekor\app\Controllers\Admin\AksiKategori.php(61): CodeIgniter\Debug\Exceptions->errorHandler(8, 'Undefined prope...', 'D:\\My Project\\p...', 61, Array)
#1 D:\My Project\project-dekor\system\CodeIgniter.php(914): App\Controllers\Admin\AksiKategori->get()
#2 D:\My Project\project-dekor\system\CodeIgniter.php(400): CodeIgniter\CodeIgniter->runController(Object(App\Controllers\Admin\AksiKategori))
#3 D:\My Project\project-dekor\system\CodeIgniter.php(308): CodeIgniter\CodeIgniter->handleRequest(NULL, Object(Config\Cache), false)
#4 D:\My Project\project-dekor\public\index.php(45): CodeIgniter\CodeIgniter->run()
#5 D:\My Project\project-dekor\system\Commands\Server\rewrite.php(34): require_once('D:\\My Project\\p...')
#6 {main}
CRITICAL - 2020-08-02 13:08:33 --> syntax error, unexpected ';', expecting ')'
#0 D:\My Project\project-dekor\system\Router\Router.php(192): CodeIgniter\Router\Router->autoRoute('user/AksiPaket/...')
#1 D:\My Project\project-dekor\system\CodeIgniter.php(789): CodeIgniter\Router\Router->handle('user/AksiPaket/...')
#2 D:\My Project\project-dekor\system\CodeIgniter.php(360): CodeIgniter\CodeIgniter->tryToRouteIt(Object(CodeIgniter\Router\RouteCollection))
#3 D:\My Project\project-dekor\system\CodeIgniter.php(308): CodeIgniter\CodeIgniter->handleRequest(NULL, Object(Config\Cache), false)
#4 D:\My Project\project-dekor\public\index.php(45): CodeIgniter\CodeIgniter->run()
#5 D:\My Project\project-dekor\system\Commands\Server\rewrite.php(34): require_once('D:\\My Project\\p...')
#6 {main}
CRITICAL - 2020-08-02 13:09:00 --> Undefined index: id
#0 D:\My Project\project-dekor\app\Controllers\User\AksiPaket.php(128): CodeIgniter\Debug\Exceptions->errorHandler(8, 'Undefined index...', 'D:\\My Project\\p...', 128, Array)
#1 D:\My Project\project-dekor\system\CodeIgniter.php(914): App\Controllers\User\AksiPaket->detail('1')
#2 D:\My Project\project-dekor\system\CodeIgniter.php(400): CodeIgniter\CodeIgniter->runController(Object(App\Controllers\User\AksiPaket))
#3 D:\My Project\project-dekor\system\CodeIgniter.php(308): CodeIgniter\CodeIgniter->handleRequest(NULL, Object(Config\Cache), false)
#4 D:\My Project\project-dekor\public\index.php(45): CodeIgniter\CodeIgniter->run()
#5 D:\My Project\project-dekor\system\Commands\Server\rewrite.php(34): require_once('D:\\My Project\\p...')
#6 {main}
CRITICAL - 2020-08-02 13:10:28 --> Unknown column 'status' in 'where clause'
#0 D:\My Project\project-dekor\system\Database\MySQLi\Connection.php(331): mysqli->query('SELECT COUNT(*)...')
#1 D:\My Project\project-dekor\system\Database\BaseConnection.php(738): CodeIgniter\Database\MySQLi\Connection->execute('SELECT COUNT(*)...')
#2 D:\My Project\project-dekor\system\Database\BaseConnection.php(666): CodeIgniter\Database\BaseConnection->simpleQuery('SELECT COUNT(*)...')
#3 D:\My Project\project-dekor\system\Database\BaseBuilder.php(1937): CodeIgniter\Database\BaseConnection->query('SELECT COUNT(*)...', Array, false)
#4 D:\My Project\project-dekor\app\Models\User\ModelReviewPaket.php(73): CodeIgniter\Database\BaseBuilder->countAllResults()
#5 D:\My Project\project-dekor\app\Controllers\User\AksiPaket.php(128): App\Models\User\ModelReviewPaket->count_all('1')
#6 D:\My Project\project-dekor\system\CodeIgniter.php(914): App\Controllers\User\AksiPaket->detail('1')
#7 D:\My Project\project-dekor\system\CodeIgniter.php(400): CodeIgniter\CodeIgniter->runController(Object(App\Controllers\User\AksiPaket))
#8 D:\My Project\project-dekor\system\CodeIgniter.php(308): CodeIgniter\CodeIgniter->handleRequest(NULL, Object(Config\Cache), false)
#9 D:\My Project\project-dekor\public\index.php(45): CodeIgniter\CodeIgniter->run()
#10 D:\My Project\project-dekor\system\Commands\Server\rewrite.php(34): require_once('D:\\My Project\\p...')
#11 {main}
CRITICAL - 2020-08-02 13:56:28 --> Unknown table 'db_dekor.tb_reviewe_paket'
#0 D:\My Project\project-dekor\system\Database\MySQLi\Connection.php(331): mysqli->query('SELECT `tb_revi...')
#1 D:\My Project\project-dekor\system\Database\BaseConnection.php(738): CodeIgniter\Database\MySQLi\Connection->execute('SELECT `tb_revi...')
#2 D:\My Project\project-dekor\system\Database\BaseConnection.php(666): CodeIgniter\Database\BaseConnection->simpleQuery('SELECT `tb_revi...')
#3 D:\My Project\project-dekor\system\Database\BaseBuilder.php(1845): CodeIgniter\Database\BaseConnection->query('SELECT `tb_revi...', Array, false)
#4 D:\My Project\project-dekor\app\Models\User\ModelReviewPaket.php(86): CodeIgniter\Database\BaseBuilder->get()
#5 D:\My Project\project-dekor\app\Controllers\User\ControllerUser.php(52): App\Models\User\ModelReviewPaket->review('user')
#6 D:\My Project\project-dekor\system\CodeIgniter.php(914): App\Controllers\User\ControllerUser->review()
#7 D:\My Project\project-dekor\system\CodeIgniter.php(400): CodeIgniter\CodeIgniter->runController(Object(App\Controllers\User\ControllerUser))
#8 D:\My Project\project-dekor\system\CodeIgniter.php(308): CodeIgniter\CodeIgniter->handleRequest(NULL, Object(Config\Cache), false)
#9 D:\My Project\project-dekor\public\index.php(45): CodeIgniter\CodeIgniter->run()
#10 D:\My Project\project-dekor\system\Commands\Server\rewrite.php(34): require_once('D:\\My Project\\p...')
#11 {main}
CRITICAL - 2020-08-02 13:57:19 --> Call to undefined method CodeIgniter\Database\MySQLi\Result::resultArray()
#0 D:\My Project\project-dekor\app\Controllers\User\ControllerUser.php(52): App\Models\User\ModelReviewPaket->review('user')
#1 D:\My Project\project-dekor\system\CodeIgniter.php(914): App\Controllers\User\ControllerUser->review()
#2 D:\My Project\project-dekor\system\CodeIgniter.php(400): CodeIgniter\CodeIgniter->runController(Object(App\Controllers\User\ControllerUser))
#3 D:\My Project\project-dekor\system\CodeIgniter.php(308): CodeIgniter\CodeIgniter->handleRequest(NULL, Object(Config\Cache), false)
#4 D:\My Project\project-dekor\public\index.php(45): CodeIgniter\CodeIgniter->run()
#5 D:\My Project\project-dekor\system\Commands\Server\rewrite.php(34): require_once('D:\\My Project\\p...')
#6 {main}
CRITICAL - 2020-08-02 13:57:23 --> Call to undefined method CodeIgniter\Database\MySQLi\Result::result()
#0 D:\My Project\project-dekor\app\Controllers\User\ControllerUser.php(52): App\Models\User\ModelReviewPaket->review('user')
#1 D:\My Project\project-dekor\system\CodeIgniter.php(914): App\Controllers\User\ControllerUser->review()
#2 D:\My Project\project-dekor\system\CodeIgniter.php(400): CodeIgniter\CodeIgniter->runController(Object(App\Controllers\User\ControllerUser))
#3 D:\My Project\project-dekor\system\CodeIgniter.php(308): CodeIgniter\CodeIgniter->handleRequest(NULL, Object(Config\Cache), false)
#4 D:\My Project\project-dekor\public\index.php(45): CodeIgniter\CodeIgniter->run()
#5 D:\My Project\project-dekor\system\Commands\Server\rewrite.php(34): require_once('D:\\My Project\\p...')
#6 {main}
CRITICAL - 2020-08-02 14:32:33 --> Call to undefined method App\Models\User\ModelReviewPaket::getBintangCount
#0 D:\My Project\project-dekor\app\Controllers\User\AksiReviewPaket.php(27): CodeIgniter\Model->__call('getBintangCount', Array)
#1 D:\My Project\project-dekor\system\CodeIgniter.php(914): App\Controllers\User\AksiReviewPaket->getBintangCount()
#2 D:\My Project\project-dekor\system\CodeIgniter.php(400): CodeIgniter\CodeIgniter->runController(Object(App\Controllers\User\AksiReviewPaket))
#3 D:\My Project\project-dekor\system\CodeIgniter.php(308): CodeIgniter\CodeIgniter->handleRequest(NULL, Object(Config\Cache), false)
#4 D:\My Project\project-dekor\public\index.php(45): CodeIgniter\CodeIgniter->run()
#5 D:\My Project\project-dekor\system\Commands\Server\rewrite.php(34): require_once('D:\\My Project\\p...')
#6 {main}
CRITICAL - 2020-08-02 14:33:11 --> Too few arguments to function App\Models\User\ModelReviewPaket::getBintangCount(), 1 passed in D:\My Project\project-dekor\app\Controllers\User\AksiReviewPaket.php on line 27 and exactly 2 expected
#0 D:\My Project\project-dekor\app\Controllers\User\AksiReviewPaket.php(27): App\Models\User\ModelReviewPaket->getBintangCount(1)
#1 D:\My Project\project-dekor\system\CodeIgniter.php(914): App\Controllers\User\AksiReviewPaket->getBintangCount()
#2 D:\My Project\project-dekor\system\CodeIgniter.php(400): CodeIgniter\CodeIgniter->runController(Object(App\Controllers\User\AksiReviewPaket))
#3 D:\My Project\project-dekor\system\CodeIgniter.php(308): CodeIgniter\CodeIgniter->handleRequest(NULL, Object(Config\Cache), false)
#4 D:\My Project\project-dekor\public\index.php(45): CodeIgniter\CodeIgniter->run()
#5 D:\My Project\project-dekor\system\Commands\Server\rewrite.php(34): require_once('D:\\My Project\\p...')
#6 {main}
CRITICAL - 2020-08-02 14:37:59 --> Undefined property: stdClass::$name
#0 D:\My Project\project-dekor\app\Views\konten-user\review.php(59): CodeIgniter\Debug\Exceptions->errorHandler(8, 'Undefined prope...', 'D:\\My Project\\p...', 59, Array)
#1 D:\My Project\project-dekor\system\View\View.php(246): include('D:\\My Project\\p...')
#2 D:\My Project\project-dekor\system\Common.php(1087): CodeIgniter\View\View->render('konten-user/rev...', Array, true)
#3 D:\My Project\project-dekor\app\Controllers\User\ControllerUser.php(56): view('konten-user/rev...', Array)
#4 D:\My Project\project-dekor\system\CodeIgniter.php(914): App\Controllers\User\ControllerUser->review()
#5 D:\My Project\project-dekor\system\CodeIgniter.php(400): CodeIgniter\CodeIgniter->runController(Object(App\Controllers\User\ControllerUser))
#6 D:\My Project\project-dekor\system\CodeIgniter.php(308): CodeIgniter\CodeIgniter->handleRequest(NULL, Object(Config\Cache), false)
#7 D:\My Project\project-dekor\public\index.php(45): CodeIgniter\CodeIgniter->run()
#8 D:\My Project\project-dekor\system\Commands\Server\rewrite.php(34): require_once('D:\\My Project\\p...')
#9 {main}
CRITICAL - 2020-08-02 14:38:59 --> Unknown column 'tb_paket_username' in 'order clause'
#0 D:\My Project\project-dekor\system\Database\MySQLi\Connection.php(331): mysqli->query('SELECT `tb_revi...')
#1 D:\My Project\project-dekor\system\Database\BaseConnection.php(738): CodeIgniter\Database\MySQLi\Connection->execute('SELECT `tb_revi...')
#2 D:\My Project\project-dekor\system\Database\BaseConnection.php(666): CodeIgniter\Database\BaseConnection->simpleQuery('SELECT `tb_revi...')
#3 D:\My Project\project-dekor\system\Database\BaseBuilder.php(1845): CodeIgniter\Database\BaseConnection->query('SELECT `tb_revi...', Array, false)
#4 D:\My Project\project-dekor\app\Models\User\ModelReviewPaket.php(88): CodeIgniter\Database\BaseBuilder->get()
#5 D:\My Project\project-dekor\app\Controllers\User\ControllerUser.php(52): App\Models\User\ModelReviewPaket->review('user')
#6 D:\My Project\project-dekor\system\CodeIgniter.php(914): App\Controllers\User\ControllerUser->review()
#7 D:\My Project\project-dekor\system\CodeIgniter.php(400): CodeIgniter\CodeIgniter->runController(Object(App\Controllers\User\ControllerUser))
#8 D:\My Project\project-dekor\system\CodeIgniter.php(308): CodeIgniter\CodeIgniter->handleRequest(NULL, Object(Config\Cache), false)
#9 D:\My Project\project-dekor\public\index.php(45): CodeIgniter\CodeIgniter->run()
#10 D:\My Project\project-dekor\system\Commands\Server\rewrite.php(34): require_once('D:\\My Project\\p...')
#11 {main}
