CRITICAL - 2021-01-21 18:25:06 --> Class 'App\Controllers\Admin\Uuid' not found
#0 D:\My Project\project_ta\system\CodeIgniter.php(914): App\Controllers\Admin\PenjualanController->import()
#1 D:\My Project\project_ta\system\CodeIgniter.php(400): CodeIgniter\CodeIgniter->runController(Object(App\Controllers\Admin\PenjualanController))
#2 D:\My Project\project_ta\system\CodeIgniter.php(308): CodeIgniter\CodeIgniter->handleRequest(NULL, Object(Config\Cache), false)
#3 D:\My Project\project_ta\public\index.php(45): CodeIgniter\CodeIgniter->run()
#4 D:\My Project\project_ta\system\Commands\Server\rewrite.php(34): require_once('D:\\My Project\\p...')
#5 {main}
CRITICAL - 2021-01-21 18:26:27 --> There is no data to update.
#0 D:\My Project\project_ta\system\Model.php(809): CodeIgniter\Database\Exceptions\DataException::forEmptyDataset('update')
#1 D:\My Project\project_ta\app\Controllers\Admin\PenjualanController.php(210): CodeIgniter\Model->update(Array)
#2 D:\My Project\project_ta\system\CodeIgniter.php(914): App\Controllers\Admin\PenjualanController->import()
#3 D:\My Project\project_ta\system\CodeIgniter.php(400): CodeIgniter\CodeIgniter->runController(Object(App\Controllers\Admin\PenjualanController))
#4 D:\My Project\project_ta\system\CodeIgniter.php(308): CodeIgniter\CodeIgniter->handleRequest(NULL, Object(Config\Cache), false)
#5 D:\My Project\project_ta\public\index.php(45): CodeIgniter\CodeIgniter->run()
#6 D:\My Project\project_ta\system\Commands\Server\rewrite.php(34): require_once('D:\\My Project\\p...')
#7 {main}
CRITICAL - 2021-01-21 18:27:48 --> syntax error, unexpected ')', expecting variable (T_VARIABLE) or '{' or '$'
#0 D:\My Project\project_ta\system\Common.php(1087): CodeIgniter\View\View->render('admin/konten/ka...', Array, true)
#1 D:\My Project\project_ta\app\Controllers\Admin\CalculateController.php(90): view('admin/konten/ka...', Array)
#2 D:\My Project\project_ta\system\CodeIgniter.php(914): App\Controllers\Admin\CalculateController->index()
#3 D:\My Project\project_ta\system\CodeIgniter.php(400): CodeIgniter\CodeIgniter->runController(Object(App\Controllers\Admin\CalculateController))
#4 D:\My Project\project_ta\system\CodeIgniter.php(308): CodeIgniter\CodeIgniter->handleRequest(NULL, Object(Config\Cache), false)
#5 D:\My Project\project_ta\public\index.php(45): CodeIgniter\CodeIgniter->run()
#6 D:\My Project\project_ta\system\Commands\Server\rewrite.php(34): require_once('D:\\My Project\\p...')
#7 {main}
CRITICAL - 2021-01-21 19:29:51 --> Undefined variable: data
#0 D:\My Project\project_ta\app\Views\admin\konten\kalkulasi.php(267): CodeIgniter\Debug\Exceptions->errorHandler(8, 'Undefined varia...', 'D:\\My Project\\p...', 267, Array)
#1 D:\My Project\project_ta\system\View\View.php(246): include('D:\\My Project\\p...')
#2 D:\My Project\project_ta\system\Common.php(1087): CodeIgniter\View\View->render('admin/konten/ka...', Array, true)
#3 D:\My Project\project_ta\app\Controllers\Admin\CalculateController.php(90): view('admin/konten/ka...', Array)
#4 D:\My Project\project_ta\system\CodeIgniter.php(914): App\Controllers\Admin\CalculateController->index()
#5 D:\My Project\project_ta\system\CodeIgniter.php(400): CodeIgniter\CodeIgniter->runController(Object(App\Controllers\Admin\CalculateController))
#6 D:\My Project\project_ta\system\CodeIgniter.php(308): CodeIgniter\CodeIgniter->handleRequest(NULL, Object(Config\Cache), false)
#7 D:\My Project\project_ta\public\index.php(45): CodeIgniter\CodeIgniter->run()
#8 D:\My Project\project_ta\system\Commands\Server\rewrite.php(34): require_once('D:\\My Project\\p...')
#9 {main}
