CRITICAL - 2020-09-14 00:28:45 --> Field `{0}` not found.
#0 D:\My Project\project-dekor\app\Database\Migrations\2020-08-25-095150_create_table_blog.php(46): CodeIgniter\Database\Forge->addForeignKey('id_category', 'category_blog', 'id')
#1 D:\My Project\project-dekor\system\Database\MigrationRunner.php(1060): App\Database\Migrations\CreateTableBlog->up()
#2 D:\My Project\project-dekor\system\Database\MigrationRunner.php(223): CodeIgniter\Database\MigrationRunner->migrate('up', Object(stdClass))
#3 D:\My Project\project-dekor\system\Commands\Database\Migrate.php(128): CodeIgniter\Database\MigrationRunner->latest(NULL)
#4 D:\My Project\project-dekor\system\CLI\CommandRunner.php(137): CodeIgniter\Commands\Database\Migrate->run(Array)
#5 D:\My Project\project-dekor\system\CLI\CommandRunner.php(110): CodeIgniter\CLI\CommandRunner->runCommand('migrate', Array)
#6 D:\My Project\project-dekor\system\CLI\BaseCommand.php(154): CodeIgniter\CLI\CommandRunner->index(Array)
#7 D:\My Project\project-dekor\system\Commands\Database\MigrateRefresh.php(124): CodeIgniter\CLI\BaseCommand->call('migrate')
#8 D:\My Project\project-dekor\system\CLI\CommandRunner.php(137): CodeIgniter\Commands\Database\MigrateRefresh->run(Array)
#9 D:\My Project\project-dekor\system\CLI\CommandRunner.php(110): CodeIgniter\CLI\CommandRunner->runCommand('migrate:refresh', Array)
#10 D:\My Project\project-dekor\system\CLI\CommandRunner.php(86): CodeIgniter\CLI\CommandRunner->index(Array)
#11 D:\My Project\project-dekor\system\CodeIgniter.php(910): CodeIgniter\CLI\CommandRunner->_remap('index', 'migrate:refresh')
#12 D:\My Project\project-dekor\system\CodeIgniter.php(400): CodeIgniter\CodeIgniter->runController(Object(CodeIgniter\CLI\CommandRunner))
#13 D:\My Project\project-dekor\system\CodeIgniter.php(308): CodeIgniter\CodeIgniter->handleRequest(NULL, Object(Config\Cache), false)
#14 D:\My Project\project-dekor\system\CLI\Console.php(86): CodeIgniter\CodeIgniter->run()
#15 D:\My Project\project-dekor\spark(57): CodeIgniter\CLI\Console->run()
#16 {main}
CRITICAL - 2020-09-14 01:29:27 --> Field `{0}` not found.
#0 D:\My Project\project-dekor\app\Database\Migrations\2020-08-25-095150_create_table_blog.php(46): CodeIgniter\Database\Forge->addForeignKey('id_category', 'category_blog', 'id')
#1 D:\My Project\project-dekor\system\Database\MigrationRunner.php(1060): App\Database\Migrations\CreateTableBlog->up()
#2 D:\My Project\project-dekor\system\Database\MigrationRunner.php(223): CodeIgniter\Database\MigrationRunner->migrate('up', Object(stdClass))
#3 D:\My Project\project-dekor\system\Commands\Database\Migrate.php(128): CodeIgniter\Database\MigrationRunner->latest(NULL)
#4 D:\My Project\project-dekor\system\CLI\CommandRunner.php(137): CodeIgniter\Commands\Database\Migrate->run(Array)
#5 D:\My Project\project-dekor\system\CLI\CommandRunner.php(110): CodeIgniter\CLI\CommandRunner->runCommand('migrate', Array)
#6 D:\My Project\project-dekor\system\CLI\BaseCommand.php(154): CodeIgniter\CLI\CommandRunner->index(Array)
#7 D:\My Project\project-dekor\system\Commands\Database\MigrateRefresh.php(124): CodeIgniter\CLI\BaseCommand->call('migrate')
#8 D:\My Project\project-dekor\system\CLI\CommandRunner.php(137): CodeIgniter\Commands\Database\MigrateRefresh->run(Array)
#9 D:\My Project\project-dekor\system\CLI\CommandRunner.php(110): CodeIgniter\CLI\CommandRunner->runCommand('migrate:refresh', Array)
#10 D:\My Project\project-dekor\system\CLI\CommandRunner.php(86): CodeIgniter\CLI\CommandRunner->index(Array)
#11 D:\My Project\project-dekor\system\CodeIgniter.php(910): CodeIgniter\CLI\CommandRunner->_remap('index', 'migrate:refresh')
#12 D:\My Project\project-dekor\system\CodeIgniter.php(400): CodeIgniter\CodeIgniter->runController(Object(CodeIgniter\CLI\CommandRunner))
#13 D:\My Project\project-dekor\system\CodeIgniter.php(308): CodeIgniter\CodeIgniter->handleRequest(NULL, Object(Config\Cache), false)
#14 D:\My Project\project-dekor\system\CLI\Console.php(86): CodeIgniter\CodeIgniter->run()
#15 D:\My Project\project-dekor\spark(57): CodeIgniter\CLI\Console->run()
#16 {main}
