CRITICAL - 2020-07-13 10:36:38 --> Undefined property: App\Controllers\Admin\Pendidikan::$dataModel
#0 D:\xampp\htdocs\project-root\app\Controllers\Admin\Pendidikan.php(65): CodeIgniter\Debug\Exceptions->errorHandler(8, 'Undefined prope...', 'D:\\xampp\\htdocs...', 65, Array)
#1 D:\xampp\htdocs\project-root\system\CodeIgniter.php(914): App\Controllers\Admin\Pendidikan->get()
#2 D:\xampp\htdocs\project-root\system\CodeIgniter.php(400): CodeIgniter\CodeIgniter->runController(Object(App\Controllers\Admin\Pendidikan))
#3 D:\xampp\htdocs\project-root\system\CodeIgniter.php(308): CodeIgniter\CodeIgniter->handleRequest(NULL, Object(Config\Cache), false)
#4 D:\xampp\htdocs\project-root\public\index.php(45): CodeIgniter\CodeIgniter->run()
#5 D:\xampp\htdocs\project-root\system\Commands\Server\rewrite.php(34): require_once('D:\\xampp\\htdocs...')
#6 {main}
CRITICAL - 2020-07-13 10:36:52 --> Undefined index: search
#0 D:\xampp\htdocs\project-root\app\Models\PendidikanModel.php(23): CodeIgniter\Debug\Exceptions->errorHandler(8, 'Undefined index...', 'D:\\xampp\\htdocs...', 23, Array)
#1 D:\xampp\htdocs\project-root\app\Models\PendidikanModel.php(47): App\Models\PendidikanModel->_get_query()
#2 D:\xampp\htdocs\project-root\app\Controllers\Admin\Pendidikan.php(65): App\Models\PendidikanModel->get_datatables()
#3 D:\xampp\htdocs\project-root\system\CodeIgniter.php(914): App\Controllers\Admin\Pendidikan->get()
#4 D:\xampp\htdocs\project-root\system\CodeIgniter.php(400): CodeIgniter\CodeIgniter->runController(Object(App\Controllers\Admin\Pendidikan))
#5 D:\xampp\htdocs\project-root\system\CodeIgniter.php(308): CodeIgniter\CodeIgniter->handleRequest(NULL, Object(Config\Cache), false)
#6 D:\xampp\htdocs\project-root\public\index.php(45): CodeIgniter\CodeIgniter->run()
#7 D:\xampp\htdocs\project-root\system\Commands\Server\rewrite.php(34): require_once('D:\\xampp\\htdocs...')
#8 {main}
CRITICAL - 2020-07-13 10:37:19 --> Undefined index: length
#0 D:\xampp\htdocs\project-root\app\Models\PendidikanModel.php(48): CodeIgniter\Debug\Exceptions->errorHandler(8, 'Undefined index...', 'D:\\xampp\\htdocs...', 48, Array)
#1 D:\xampp\htdocs\project-root\app\Controllers\Admin\Pendidikan.php(65): App\Models\PendidikanModel->get_datatables()
#2 D:\xampp\htdocs\project-root\system\CodeIgniter.php(914): App\Controllers\Admin\Pendidikan->get()
#3 D:\xampp\htdocs\project-root\system\CodeIgniter.php(400): CodeIgniter\CodeIgniter->runController(Object(App\Controllers\Admin\Pendidikan))
#4 D:\xampp\htdocs\project-root\system\CodeIgniter.php(308): CodeIgniter\CodeIgniter->handleRequest(NULL, Object(Config\Cache), false)
#5 D:\xampp\htdocs\project-root\public\index.php(45): CodeIgniter\CodeIgniter->run()
#6 D:\xampp\htdocs\project-root\system\Commands\Server\rewrite.php(34): require_once('D:\\xampp\\htdocs...')
#7 {main}
CRITICAL - 2020-07-13 10:37:22 --> Undefined index: length
#0 D:\xampp\htdocs\project-root\app\Models\PendidikanModel.php(48): CodeIgniter\Debug\Exceptions->errorHandler(8, 'Undefined index...', 'D:\\xampp\\htdocs...', 48, Array)
#1 D:\xampp\htdocs\project-root\app\Controllers\Admin\Pendidikan.php(65): App\Models\PendidikanModel->get_datatables()
#2 D:\xampp\htdocs\project-root\system\CodeIgniter.php(914): App\Controllers\Admin\Pendidikan->get()
#3 D:\xampp\htdocs\project-root\system\CodeIgniter.php(400): CodeIgniter\CodeIgniter->runController(Object(App\Controllers\Admin\Pendidikan))
#4 D:\xampp\htdocs\project-root\system\CodeIgniter.php(308): CodeIgniter\CodeIgniter->handleRequest(NULL, Object(Config\Cache), false)
#5 D:\xampp\htdocs\project-root\public\index.php(45): CodeIgniter\CodeIgniter->run()
#6 D:\xampp\htdocs\project-root\system\Commands\Server\rewrite.php(34): require_once('D:\\xampp\\htdocs...')
#7 {main}
CRITICAL - 2020-07-13 10:44:59 --> Undefined property: stdClass::$alamat
#0 D:\xampp\htdocs\project-root\app\Controllers\Admin\Pendidikan.php(74): CodeIgniter\Debug\Exceptions->errorHandler(8, 'Undefined prope...', 'D:\\xampp\\htdocs...', 74, Array)
#1 D:\xampp\htdocs\project-root\system\CodeIgniter.php(914): App\Controllers\Admin\Pendidikan->get()
#2 D:\xampp\htdocs\project-root\system\CodeIgniter.php(400): CodeIgniter\CodeIgniter->runController(Object(App\Controllers\Admin\Pendidikan))
#3 D:\xampp\htdocs\project-root\system\CodeIgniter.php(308): CodeIgniter\CodeIgniter->handleRequest(NULL, Object(Config\Cache), false)
#4 D:\xampp\htdocs\project-root\public\index.php(45): CodeIgniter\CodeIgniter->run()
#5 D:\xampp\htdocs\project-root\system\Commands\Server\rewrite.php(34): require_once('D:\\xampp\\htdocs...')
#6 {main}
CRITICAL - 2020-07-13 10:45:25 --> Undefined property: stdClass::$alamat_sekolah
#0 D:\xampp\htdocs\project-root\app\Controllers\Admin\Pendidikan.php(74): CodeIgniter\Debug\Exceptions->errorHandler(8, 'Undefined prope...', 'D:\\xampp\\htdocs...', 74, Array)
#1 D:\xampp\htdocs\project-root\system\CodeIgniter.php(914): App\Controllers\Admin\Pendidikan->get()
#2 D:\xampp\htdocs\project-root\system\CodeIgniter.php(400): CodeIgniter\CodeIgniter->runController(Object(App\Controllers\Admin\Pendidikan))
#3 D:\xampp\htdocs\project-root\system\CodeIgniter.php(308): CodeIgniter\CodeIgniter->handleRequest(NULL, Object(Config\Cache), false)
#4 D:\xampp\htdocs\project-root\public\index.php(45): CodeIgniter\CodeIgniter->run()
#5 D:\xampp\htdocs\project-root\system\Commands\Server\rewrite.php(34): require_once('D:\\xampp\\htdocs...')
#6 {main}
CRITICAL - 2020-07-13 10:45:46 --> Undefined property: App\Controllers\Admin\Pendidikan::$dataModel
#0 D:\xampp\htdocs\project-root\app\Controllers\Admin\Pendidikan.php(84): CodeIgniter\Debug\Exceptions->errorHandler(8, 'Undefined prope...', 'D:\\xampp\\htdocs...', 84, Array)
#1 D:\xampp\htdocs\project-root\system\CodeIgniter.php(914): App\Controllers\Admin\Pendidikan->get()
#2 D:\xampp\htdocs\project-root\system\CodeIgniter.php(400): CodeIgniter\CodeIgniter->runController(Object(App\Controllers\Admin\Pendidikan))
#3 D:\xampp\htdocs\project-root\system\CodeIgniter.php(308): CodeIgniter\CodeIgniter->handleRequest(NULL, Object(Config\Cache), false)
#4 D:\xampp\htdocs\project-root\public\index.php(45): CodeIgniter\CodeIgniter->run()
#5 D:\xampp\htdocs\project-root\system\Commands\Server\rewrite.php(34): require_once('D:\\xampp\\htdocs...')
#6 {main}
CRITICAL - 2020-07-13 10:46:32 --> Undefined property: App\Controllers\Admin\Pendidikan::$dataModel
#0 D:\xampp\htdocs\project-root\app\Controllers\Admin\Pendidikan.php(83): CodeIgniter\Debug\Exceptions->errorHandler(8, 'Undefined prope...', 'D:\\xampp\\htdocs...', 83, Array)
#1 D:\xampp\htdocs\project-root\system\CodeIgniter.php(914): App\Controllers\Admin\Pendidikan->get()
#2 D:\xampp\htdocs\project-root\system\CodeIgniter.php(400): CodeIgniter\CodeIgniter->runController(Object(App\Controllers\Admin\Pendidikan))
#3 D:\xampp\htdocs\project-root\system\CodeIgniter.php(308): CodeIgniter\CodeIgniter->handleRequest(NULL, Object(Config\Cache), false)
#4 D:\xampp\htdocs\project-root\public\index.php(45): CodeIgniter\CodeIgniter->run()
#5 D:\xampp\htdocs\project-root\system\Commands\Server\rewrite.php(34): require_once('D:\\xampp\\htdocs...')
#6 {main}
CRITICAL - 2020-07-13 10:47:06 --> Undefined property: App\Controllers\Admin\Pendidikan::$dataModel
#0 D:\xampp\htdocs\project-root\app\Controllers\Admin\Pendidikan.php(83): CodeIgniter\Debug\Exceptions->errorHandler(8, 'Undefined prope...', 'D:\\xampp\\htdocs...', 83, Array)
#1 D:\xampp\htdocs\project-root\system\CodeIgniter.php(914): App\Controllers\Admin\Pendidikan->get()
#2 D:\xampp\htdocs\project-root\system\CodeIgniter.php(400): CodeIgniter\CodeIgniter->runController(Object(App\Controllers\Admin\Pendidikan))
#3 D:\xampp\htdocs\project-root\system\CodeIgniter.php(308): CodeIgniter\CodeIgniter->handleRequest(NULL, Object(Config\Cache), false)
#4 D:\xampp\htdocs\project-root\public\index.php(45): CodeIgniter\CodeIgniter->run()
#5 D:\xampp\htdocs\project-root\system\Commands\Server\rewrite.php(34): require_once('D:\\xampp\\htdocs...')
#6 {main}
CRITICAL - 2020-07-13 10:47:27 --> Call to undefined method App\Models\PendidikanModel::count_all
#0 D:\xampp\htdocs\project-root\app\Controllers\Admin\Pendidikan.php(83): CodeIgniter\Model->__call('count_all', Array)
#1 D:\xampp\htdocs\project-root\system\CodeIgniter.php(914): App\Controllers\Admin\Pendidikan->get()
#2 D:\xampp\htdocs\project-root\system\CodeIgniter.php(400): CodeIgniter\CodeIgniter->runController(Object(App\Controllers\Admin\Pendidikan))
#3 D:\xampp\htdocs\project-root\system\CodeIgniter.php(308): CodeIgniter\CodeIgniter->handleRequest(NULL, Object(Config\Cache), false)
#4 D:\xampp\htdocs\project-root\public\index.php(45): CodeIgniter\CodeIgniter->run()
#5 D:\xampp\htdocs\project-root\system\Commands\Server\rewrite.php(34): require_once('D:\\xampp\\htdocs...')
#6 {main}
CRITICAL - 2020-07-13 10:47:35 --> Call to undefined method App\Models\PendidikanModel::count_all
#0 D:\xampp\htdocs\project-root\app\Controllers\Admin\Pendidikan.php(83): CodeIgniter\Model->__call('count_all', Array)
#1 D:\xampp\htdocs\project-root\system\CodeIgniter.php(914): App\Controllers\Admin\Pendidikan->get()
#2 D:\xampp\htdocs\project-root\system\CodeIgniter.php(400): CodeIgniter\CodeIgniter->runController(Object(App\Controllers\Admin\Pendidikan))
#3 D:\xampp\htdocs\project-root\system\CodeIgniter.php(308): CodeIgniter\CodeIgniter->handleRequest(NULL, Object(Config\Cache), false)
#4 D:\xampp\htdocs\project-root\public\index.php(45): CodeIgniter\CodeIgniter->run()
#5 D:\xampp\htdocs\project-root\system\Commands\Server\rewrite.php(34): require_once('D:\\xampp\\htdocs...')
#6 {main}
CRITICAL - 2020-07-13 10:53:02 --> Undefined property: App\Controllers\Admin\Pendidikan::$dataModel
#0 D:\xampp\htdocs\project-root\app\Controllers\Admin\Pendidikan.php(84): CodeIgniter\Debug\Exceptions->errorHandler(8, 'Undefined prope...', 'D:\\xampp\\htdocs...', 84, Array)
#1 D:\xampp\htdocs\project-root\system\CodeIgniter.php(914): App\Controllers\Admin\Pendidikan->get()
#2 D:\xampp\htdocs\project-root\system\CodeIgniter.php(400): CodeIgniter\CodeIgniter->runController(Object(App\Controllers\Admin\Pendidikan))
#3 D:\xampp\htdocs\project-root\system\CodeIgniter.php(308): CodeIgniter\CodeIgniter->handleRequest(NULL, Object(Config\Cache), false)
#4 D:\xampp\htdocs\project-root\public\index.php(45): CodeIgniter\CodeIgniter->run()
#5 D:\xampp\htdocs\project-root\system\Commands\Server\rewrite.php(34): require_once('D:\\xampp\\htdocs...')
#6 {main}
CRITICAL - 2020-07-13 10:58:15 --> Undefined index: search
#0 D:\xampp\htdocs\project-root\app\Models\PendidikanModel.php(23): CodeIgniter\Debug\Exceptions->errorHandler(8, 'Undefined index...', 'D:\\xampp\\htdocs...', 23, Array)
#1 D:\xampp\htdocs\project-root\app\Models\PendidikanModel.php(47): App\Models\PendidikanModel->_get_query()
#2 D:\xampp\htdocs\project-root\app\Controllers\Admin\Pendidikan.php(62): App\Models\PendidikanModel->get_datatables()
#3 D:\xampp\htdocs\project-root\system\CodeIgniter.php(914): App\Controllers\Admin\Pendidikan->get()
#4 D:\xampp\htdocs\project-root\system\CodeIgniter.php(400): CodeIgniter\CodeIgniter->runController(Object(App\Controllers\Admin\Pendidikan))
#5 D:\xampp\htdocs\project-root\system\CodeIgniter.php(308): CodeIgniter\CodeIgniter->handleRequest(NULL, Object(Config\Cache), false)
#6 D:\xampp\htdocs\project-root\public\index.php(45): CodeIgniter\CodeIgniter->run()
#7 D:\xampp\htdocs\project-root\system\Commands\Server\rewrite.php(34): require_once('D:\\xampp\\htdocs...')
#8 {main}
CRITICAL - 2020-07-13 10:58:36 --> Undefined index: search
#0 D:\xampp\htdocs\project-root\app\Models\PendidikanModel.php(23): CodeIgniter\Debug\Exceptions->errorHandler(8, 'Undefined index...', 'D:\\xampp\\htdocs...', 23, Array)
#1 D:\xampp\htdocs\project-root\app\Models\PendidikanModel.php(47): App\Models\PendidikanModel->_get_query()
#2 D:\xampp\htdocs\project-root\app\Controllers\Admin\Pendidikan.php(62): App\Models\PendidikanModel->get_datatables()
#3 D:\xampp\htdocs\project-root\system\CodeIgniter.php(914): App\Controllers\Admin\Pendidikan->get()
#4 D:\xampp\htdocs\project-root\system\CodeIgniter.php(400): CodeIgniter\CodeIgniter->runController(Object(App\Controllers\Admin\Pendidikan))
#5 D:\xampp\htdocs\project-root\system\CodeIgniter.php(308): CodeIgniter\CodeIgniter->handleRequest(NULL, Object(Config\Cache), false)
#6 D:\xampp\htdocs\project-root\public\index.php(45): CodeIgniter\CodeIgniter->run()
#7 D:\xampp\htdocs\project-root\system\Commands\Server\rewrite.php(34): require_once('D:\\xampp\\htdocs...')
#8 {main}
CRITICAL - 2020-07-13 11:03:17 --> Call to undefined method CodeIgniter\Database\MySQLi\Result::countAllResults()
#0 D:\xampp\htdocs\project-root\app\Controllers\Admin\Pendidikan.php(80): App\Models\PendidikanModel->count_all()
#1 D:\xampp\htdocs\project-root\system\CodeIgniter.php(914): App\Controllers\Admin\Pendidikan->get()
#2 D:\xampp\htdocs\project-root\system\CodeIgniter.php(400): CodeIgniter\CodeIgniter->runController(Object(App\Controllers\Admin\Pendidikan))
#3 D:\xampp\htdocs\project-root\system\CodeIgniter.php(308): CodeIgniter\CodeIgniter->handleRequest(NULL, Object(Config\Cache), false)
#4 D:\xampp\htdocs\project-root\public\index.php(45): CodeIgniter\CodeIgniter->run()
#5 D:\xampp\htdocs\project-root\system\Commands\Server\rewrite.php(34): require_once('D:\\xampp\\htdocs...')
#6 {main}
CRITICAL - 2020-07-13 11:17:36 --> Constant expression contains invalid operations
#0 [internal function]: CodeIgniter\Debug\Exceptions->shutdownHandler()
#1 {main}
