CRITICAL - 2020-07-27 09:01:20 --> Undefined variable: active
#0 D:\My Project\project-dekor\app\Views\user\user-sidebar.php(7): CodeIgniter\Debug\Exceptions->errorHandler(8, 'Undefined varia...', 'D:\\My Project\\p...', 7, Array)
#1 D:\My Project\project-dekor\system\View\View.php(246): include('D:\\My Project\\p...')
#2 D:\My Project\project-dekor\system\View\View.php(525): CodeIgniter\View\View->render('user/user-sideb...', NULL, true)
#3 D:\My Project\project-dekor\app\Views\user\user-template.php(12): CodeIgniter\View\View->include('user/user-sideb...')
#4 D:\My Project\project-dekor\system\View\View.php(246): include('D:\\My Project\\p...')
#5 D:\My Project\project-dekor\system\View\View.php(257): CodeIgniter\View\View->render('user/user-templ...', Array, true)
#6 D:\My Project\project-dekor\system\Common.php(1087): CodeIgniter\View\View->render('user/dashboard', Array, true)
#7 D:\My Project\project-dekor\app\Controllers\User\ControllerUser.php(45): view('user/dashboard', Array)
#8 D:\My Project\project-dekor\system\CodeIgniter.php(914): App\Controllers\User\ControllerUser->account()
#9 D:\My Project\project-dekor\system\CodeIgniter.php(400): CodeIgniter\CodeIgniter->runController(Object(App\Controllers\User\ControllerUser))
#10 D:\My Project\project-dekor\system\CodeIgniter.php(308): CodeIgniter\CodeIgniter->handleRequest(NULL, Object(Config\Cache), false)
#11 D:\My Project\project-dekor\public\index.php(45): CodeIgniter\CodeIgniter->run()
#12 D:\My Project\project-dekor\system\Commands\Server\rewrite.php(34): require_once('D:\\My Project\\p...')
#13 {main}
CRITICAL - 2020-07-27 09:01:25 --> Undefined variable: active
#0 D:\My Project\project-dekor\app\Views\user\user-sidebar.php(7): CodeIgniter\Debug\Exceptions->errorHandler(8, 'Undefined varia...', 'D:\\My Project\\p...', 7, Array)
#1 D:\My Project\project-dekor\system\View\View.php(246): include('D:\\My Project\\p...')
#2 D:\My Project\project-dekor\system\View\View.php(525): CodeIgniter\View\View->render('user/user-sideb...', NULL, true)
#3 D:\My Project\project-dekor\app\Views\user\user-template.php(12): CodeIgniter\View\View->include('user/user-sideb...')
#4 D:\My Project\project-dekor\system\View\View.php(246): include('D:\\My Project\\p...')
#5 D:\My Project\project-dekor\system\View\View.php(257): CodeIgniter\View\View->render('user/user-templ...', Array, true)
#6 D:\My Project\project-dekor\system\Common.php(1087): CodeIgniter\View\View->render('user/dashboard', Array, true)
#7 D:\My Project\project-dekor\app\Controllers\User\ControllerUser.php(21): view('user/dashboard', Array)
#8 D:\My Project\project-dekor\system\CodeIgniter.php(914): App\Controllers\User\ControllerUser->index()
#9 D:\My Project\project-dekor\system\CodeIgniter.php(400): CodeIgniter\CodeIgniter->runController(Object(App\Controllers\User\ControllerUser))
#10 D:\My Project\project-dekor\system\CodeIgniter.php(308): CodeIgniter\CodeIgniter->handleRequest(NULL, Object(Config\Cache), false)
#11 D:\My Project\project-dekor\public\index.php(45): CodeIgniter\CodeIgniter->run()
#12 D:\My Project\project-dekor\system\Commands\Server\rewrite.php(34): require_once('D:\\My Project\\p...')
#13 {main}
CRITICAL - 2020-07-27 09:23:31 --> Invalid file: {0}
#0 D:\My Project\project-dekor\system\View\View.php(228): CodeIgniter\Exceptions\FrameworkException::forInvalidFile('admin/dataAdmin...')
#1 D:\My Project\project-dekor\system\Common.php(1087): CodeIgniter\View\View->render('admin/dataAdmin', Array, true)
#2 D:\My Project\project-dekor\app\Controllers\Admin\ControllerAdmin.php(33): view('admin/dataAdmin', Array)
#3 D:\My Project\project-dekor\system\CodeIgniter.php(914): App\Controllers\Admin\ControllerAdmin->dataAdmin()
#4 D:\My Project\project-dekor\system\CodeIgniter.php(400): CodeIgniter\CodeIgniter->runController(Object(App\Controllers\Admin\ControllerAdmin))
#5 D:\My Project\project-dekor\system\CodeIgniter.php(308): CodeIgniter\CodeIgniter->handleRequest(NULL, Object(Config\Cache), false)
#6 D:\My Project\project-dekor\public\index.php(45): CodeIgniter\CodeIgniter->run()
#7 D:\My Project\project-dekor\system\Commands\Server\rewrite.php(34): require_once('D:\\My Project\\p...')
#8 {main}
