CRITICAL - 2020-10-23 11:01:43 --> No connection could be made because the target machine actively refused it.

#0 D:\My Project\project_ta\system\Database\BaseConnection.php(377): CodeIgniter\Database\MySQLi\Connection->connect(false)
#1 D:\My Project\project_ta\system\Database\BaseConnection.php(643): CodeIgniter\Database\BaseConnection->initialize()
#2 D:\My Project\project_ta\system\Database\BaseBuilder.php(1845): CodeIgniter\Database\BaseConnection->query('SELECT *\nFROM `...', Array, false)
#3 D:\My Project\project_ta\system\Model.php(489): CodeIgniter\Database\BaseBuilder->get()
#4 D:\My Project\project_ta\app\Controllers\LoginController.php(25): CodeIgniter\Model->first()
#5 D:\My Project\project_ta\system\CodeIgniter.php(914): App\Controllers\LoginController->index()
#6 D:\My Project\project_ta\system\CodeIgniter.php(400): CodeIgniter\CodeIgniter->runController(Object(App\Controllers\LoginController))
#7 D:\My Project\project_ta\system\CodeIgniter.php(308): CodeIgniter\CodeIgniter->handleRequest(NULL, Object(Config\Cache), false)
#8 D:\My Project\project_ta\public\index.php(45): CodeIgniter\CodeIgniter->run()
#9 D:\My Project\project_ta\system\Commands\Server\rewrite.php(34): require_once('D:\\My Project\\p...')
#10 {main}
CRITICAL - 2020-10-23 11:31:22 --> Trying to get property 'kecamatan' of non-object
#0 D:\My Project\project_ta\app\Controllers\Admin\KecamatanController.php(52): CodeIgniter\Debug\Exceptions->errorHandler(8, 'Trying to get p...', 'D:\\My Project\\p...', 52, Array)
#1 D:\My Project\project_ta\system\CodeIgniter.php(914): App\Controllers\Admin\KecamatanController->update('5f93012b6ca4e')
#2 D:\My Project\project_ta\system\CodeIgniter.php(400): CodeIgniter\CodeIgniter->runController(Object(App\Controllers\Admin\KecamatanController))
#3 D:\My Project\project_ta\system\CodeIgniter.php(308): CodeIgniter\CodeIgniter->handleRequest(NULL, Object(Config\Cache), false)
#4 D:\My Project\project_ta\public\index.php(45): CodeIgniter\CodeIgniter->run()
#5 D:\My Project\project_ta\system\Commands\Server\rewrite.php(34): require_once('D:\\My Project\\p...')
#6 {main}
CRITICAL - 2020-10-23 11:31:39 --> Trying to get property 'kecamatan' of non-object
#0 D:\My Project\project_ta\app\Controllers\Admin\KecamatanController.php(52): CodeIgniter\Debug\Exceptions->errorHandler(8, 'Trying to get p...', 'D:\\My Project\\p...', 52, Array)
#1 D:\My Project\project_ta\system\CodeIgniter.php(914): App\Controllers\Admin\KecamatanController->update('5f93012b6ca4e')
#2 D:\My Project\project_ta\system\CodeIgniter.php(400): CodeIgniter\CodeIgniter->runController(Object(App\Controllers\Admin\KecamatanController))
#3 D:\My Project\project_ta\system\CodeIgniter.php(308): CodeIgniter\CodeIgniter->handleRequest(NULL, Object(Config\Cache), false)
#4 D:\My Project\project_ta\public\index.php(45): CodeIgniter\CodeIgniter->run()
#5 D:\My Project\project_ta\system\Commands\Server\rewrite.php(34): require_once('D:\\My Project\\p...')
#6 {main}
CRITICAL - 2020-10-23 11:33:21 --> There is no data to {0}.
#0 D:\My Project\project_ta\system\Model.php(809): CodeIgniter\Database\Exceptions\DataException::forEmptyDataset('update')
#1 D:\My Project\project_ta\app\Controllers\Admin\KecamatanController.php(59): CodeIgniter\Model->update(Array)
#2 D:\My Project\project_ta\system\CodeIgniter.php(914): App\Controllers\Admin\KecamatanController->update('5f93012b6ca4e')
#3 D:\My Project\project_ta\system\CodeIgniter.php(400): CodeIgniter\CodeIgniter->runController(Object(App\Controllers\Admin\KecamatanController))
#4 D:\My Project\project_ta\system\CodeIgniter.php(308): CodeIgniter\CodeIgniter->handleRequest(NULL, Object(Config\Cache), false)
#5 D:\My Project\project_ta\public\index.php(45): CodeIgniter\CodeIgniter->run()
#6 D:\My Project\project_ta\system\Commands\Server\rewrite.php(34): require_once('D:\\My Project\\p...')
#7 {main}
CRITICAL - 2020-10-23 11:42:11 --> Undefined variable: equest
#0 D:\My Project\project_ta\app\Controllers\Admin\KecamatanController.php(56): CodeIgniter\Debug\Exceptions->errorHandler(8, 'Undefined varia...', 'D:\\My Project\\p...', 56, Array)
#1 D:\My Project\project_ta\system\CodeIgniter.php(914): App\Controllers\Admin\KecamatanController->update('5f93012b6ca4e')
#2 D:\My Project\project_ta\system\CodeIgniter.php(400): CodeIgniter\CodeIgniter->runController(Object(App\Controllers\Admin\KecamatanController))
#3 D:\My Project\project_ta\system\CodeIgniter.php(308): CodeIgniter\CodeIgniter->handleRequest(NULL, Object(Config\Cache), false)
#4 D:\My Project\project_ta\public\index.php(45): CodeIgniter\CodeIgniter->run()
#5 D:\My Project\project_ta\system\Commands\Server\rewrite.php(34): require_once('D:\\My Project\\p...')
#6 {main}
CRITICAL - 2020-10-23 11:42:24 --> Undefined variable: request
#0 D:\My Project\project_ta\app\Controllers\Admin\KecamatanController.php(56): CodeIgniter\Debug\Exceptions->errorHandler(8, 'Undefined varia...', 'D:\\My Project\\p...', 56, Array)
#1 D:\My Project\project_ta\system\CodeIgniter.php(914): App\Controllers\Admin\KecamatanController->update('5f93012b6ca4e')
#2 D:\My Project\project_ta\system\CodeIgniter.php(400): CodeIgniter\CodeIgniter->runController(Object(App\Controllers\Admin\KecamatanController))
#3 D:\My Project\project_ta\system\CodeIgniter.php(308): CodeIgniter\CodeIgniter->handleRequest(NULL, Object(Config\Cache), false)
#4 D:\My Project\project_ta\public\index.php(45): CodeIgniter\CodeIgniter->run()
#5 D:\My Project\project_ta\system\Commands\Server\rewrite.php(34): require_once('D:\\My Project\\p...')
#6 {main}
CRITICAL - 2020-10-23 12:01:42 --> Undefined index: kecamatan
#0 D:\My Project\project_ta\app\Controllers\Admin\KecamatanController.php(58): CodeIgniter\Debug\Exceptions->errorHandler(8, 'Undefined index...', 'D:\\My Project\\p...', 58, Array)
#1 D:\My Project\project_ta\system\CodeIgniter.php(914): App\Controllers\Admin\KecamatanController->update('5f93012b6ca4e')
#2 D:\My Project\project_ta\system\CodeIgniter.php(400): CodeIgniter\CodeIgniter->runController(Object(App\Controllers\Admin\KecamatanController))
#3 D:\My Project\project_ta\system\CodeIgniter.php(308): CodeIgniter\CodeIgniter->handleRequest(NULL, Object(Config\Cache), false)
#4 D:\My Project\project_ta\public\index.php(45): CodeIgniter\CodeIgniter->run()
#5 D:\My Project\project_ta\system\Commands\Server\rewrite.php(34): require_once('D:\\My Project\\p...')
#6 {main}
CRITICAL - 2020-10-23 12:02:55 --> Undefined index: kecamatan
#0 D:\My Project\project_ta\app\Controllers\Admin\KecamatanController.php(58): CodeIgniter\Debug\Exceptions->errorHandler(8, 'Undefined index...', 'D:\\My Project\\p...', 58, Array)
#1 D:\My Project\project_ta\system\CodeIgniter.php(914): App\Controllers\Admin\KecamatanController->update('5f93012b6ca4e')
#2 D:\My Project\project_ta\system\CodeIgniter.php(400): CodeIgniter\CodeIgniter->runController(Object(App\Controllers\Admin\KecamatanController))
#3 D:\My Project\project_ta\system\CodeIgniter.php(308): CodeIgniter\CodeIgniter->handleRequest(NULL, Object(Config\Cache), false)
#4 D:\My Project\project_ta\public\index.php(45): CodeIgniter\CodeIgniter->run()
#5 D:\My Project\project_ta\system\Commands\Server\rewrite.php(34): require_once('D:\\My Project\\p...')
#6 {main}
CRITICAL - 2020-10-23 12:22:25 --> Argument 2 passed to CodeIgniter\Router\RouteCollection::resource() must be of the type array or null, string given, called in D:\My Project\project_ta\app\Config\Routes.php on line 42
#0 D:\My Project\project_ta\app\Config\Routes.php(42): CodeIgniter\Router\RouteCollection->resource('master/kecamata...', 'KecamatanContro...')
#1 D:\My Project\project_ta\system\Router\RouteCollection.php(750): CodeIgniter\CodeIgniter->Config\{closure}(Object(CodeIgniter\Router\RouteCollection))
#2 D:\My Project\project_ta\app\Config\Routes.php(47): CodeIgniter\Router\RouteCollection->group('admin', Array, Object(Closure))
#3 D:\My Project\project_ta\system\CodeIgniter.php(776): require('D:\\My Project\\p...')
#4 D:\My Project\project_ta\system\CodeIgniter.php(360): CodeIgniter\CodeIgniter->tryToRouteIt(Object(CodeIgniter\Router\RouteCollection))
#5 D:\My Project\project_ta\system\CodeIgniter.php(308): CodeIgniter\CodeIgniter->handleRequest(NULL, Object(Config\Cache), false)
#6 D:\My Project\project_ta\public\index.php(45): CodeIgniter\CodeIgniter->run()
#7 D:\My Project\project_ta\system\Commands\Server\rewrite.php(34): require_once('D:\\My Project\\p...')
#8 {main}
CRITICAL - 2020-10-23 12:33:16 --> Undefined index: kecamatan
#0 D:\My Project\project_ta\app\Controllers\Admin\KecamatanController.php(52): CodeIgniter\Debug\Exceptions->errorHandler(8, 'Undefined index...', 'D:\\My Project\\p...', 52, Array)
#1 D:\My Project\project_ta\system\CodeIgniter.php(914): App\Controllers\Admin\KecamatanController->update('5f93012b6ca4e')
#2 D:\My Project\project_ta\system\CodeIgniter.php(400): CodeIgniter\CodeIgniter->runController(Object(App\Controllers\Admin\KecamatanController))
#3 D:\My Project\project_ta\system\CodeIgniter.php(308): CodeIgniter\CodeIgniter->handleRequest(NULL, Object(Config\Cache), false)
#4 D:\My Project\project_ta\public\index.php(45): CodeIgniter\CodeIgniter->run()
#5 D:\My Project\project_ta\system\Commands\Server\rewrite.php(34): require_once('D:\\My Project\\p...')
#6 {main}
CRITICAL - 2020-10-23 12:35:34 --> Too few arguments to function App\Controllers\Admin\KecamatanController::update(), 1 passed in D:\My Project\project_ta\system\CodeIgniter.php on line 914 and exactly 2 expected
#0 D:\My Project\project_ta\system\CodeIgniter.php(914): App\Controllers\Admin\KecamatanController->update('5f93012b6ca4e')
#1 D:\My Project\project_ta\system\CodeIgniter.php(400): CodeIgniter\CodeIgniter->runController(Object(App\Controllers\Admin\KecamatanController))
#2 D:\My Project\project_ta\system\CodeIgniter.php(308): CodeIgniter\CodeIgniter->handleRequest(NULL, Object(Config\Cache), false)
#3 D:\My Project\project_ta\public\index.php(45): CodeIgniter\CodeIgniter->run()
#4 D:\My Project\project_ta\system\Commands\Server\rewrite.php(34): require_once('D:\\My Project\\p...')
#5 {main}
CRITICAL - 2020-10-23 12:35:50 --> Too few arguments to function App\Controllers\Admin\KecamatanController::update(), 1 passed in D:\My Project\project_ta\system\CodeIgniter.php on line 914 and exactly 2 expected
#0 D:\My Project\project_ta\system\CodeIgniter.php(914): App\Controllers\Admin\KecamatanController->update('5f93012b6ca4e')
#1 D:\My Project\project_ta\system\CodeIgniter.php(400): CodeIgniter\CodeIgniter->runController(Object(App\Controllers\Admin\KecamatanController))
#2 D:\My Project\project_ta\system\CodeIgniter.php(308): CodeIgniter\CodeIgniter->handleRequest(NULL, Object(Config\Cache), false)
#3 D:\My Project\project_ta\public\index.php(45): CodeIgniter\CodeIgniter->run()
#4 D:\My Project\project_ta\system\Commands\Server\rewrite.php(34): require_once('D:\\My Project\\p...')
#5 {main}
CRITICAL - 2020-10-23 12:36:04 --> Argument 1 passed to App\Controllers\Admin\KecamatanController::update() must be an instance of CodeIgniter\HTTP\Request, string given, called in D:\My Project\project_ta\system\CodeIgniter.php on line 914
#0 D:\My Project\project_ta\system\CodeIgniter.php(914): App\Controllers\Admin\KecamatanController->update('5f93012b6ca4e')
#1 D:\My Project\project_ta\system\CodeIgniter.php(400): CodeIgniter\CodeIgniter->runController(Object(App\Controllers\Admin\KecamatanController))
#2 D:\My Project\project_ta\system\CodeIgniter.php(308): CodeIgniter\CodeIgniter->handleRequest(NULL, Object(Config\Cache), false)
#3 D:\My Project\project_ta\public\index.php(45): CodeIgniter\CodeIgniter->run()
#4 D:\My Project\project_ta\system\Commands\Server\rewrite.php(34): require_once('D:\\My Project\\p...')
#5 {main}
CRITICAL - 2020-10-23 12:37:58 --> Too few arguments to function CodeIgniter\HTTP\Request::__construct(), 0 passed in D:\My Project\project_ta\app\Controllers\Admin\KecamatanController.php on line 53 and exactly 1 expected
#0 D:\My Project\project_ta\app\Controllers\Admin\KecamatanController.php(53): CodeIgniter\HTTP\Request->__construct()
#1 D:\My Project\project_ta\system\CodeIgniter.php(914): App\Controllers\Admin\KecamatanController->update('5f93012b6ca4e')
#2 D:\My Project\project_ta\system\CodeIgniter.php(400): CodeIgniter\CodeIgniter->runController(Object(App\Controllers\Admin\KecamatanController))
#3 D:\My Project\project_ta\system\CodeIgniter.php(308): CodeIgniter\CodeIgniter->handleRequest(NULL, Object(Config\Cache), false)
#4 D:\My Project\project_ta\public\index.php(45): CodeIgniter\CodeIgniter->run()
#5 D:\My Project\project_ta\system\Commands\Server\rewrite.php(34): require_once('D:\\My Project\\p...')
#6 {main}
CRITICAL - 2020-10-23 12:46:57 --> strpos() expects parameter 1 to be string, array given
#0 [internal function]: CodeIgniter\Debug\Exceptions->errorHandler(2, 'strpos() expect...', 'D:\\My Project\\p...', 454, Array)
#1 D:\My Project\project_ta\system\Router\Router.php(454): strpos(Array, '$')
#2 D:\My Project\project_ta\system\Router\Router.php(173): CodeIgniter\Router\Router->checkRoutes('admin/master/ke...')
#3 D:\My Project\project_ta\system\CodeIgniter.php(789): CodeIgniter\Router\Router->handle('admin/master/ke...')
#4 D:\My Project\project_ta\system\CodeIgniter.php(360): CodeIgniter\CodeIgniter->tryToRouteIt(Object(CodeIgniter\Router\RouteCollection))
#5 D:\My Project\project_ta\system\CodeIgniter.php(308): CodeIgniter\CodeIgniter->handleRequest(NULL, Object(Config\Cache), false)
#6 D:\My Project\project_ta\public\index.php(45): CodeIgniter\CodeIgniter->run()
#7 D:\My Project\project_ta\system\Commands\Server\rewrite.php(34): require_once('D:\\My Project\\p...')
#8 {main}
CRITICAL - 2020-10-23 12:48:10 --> There is no data to {0}.
#0 D:\My Project\project_ta\system\Model.php(809): CodeIgniter\Database\Exceptions\DataException::forEmptyDataset('update')
#1 D:\My Project\project_ta\app\Controllers\Admin\KecamatanController.php(59): CodeIgniter\Model->update(Array)
#2 D:\My Project\project_ta\system\CodeIgniter.php(914): App\Controllers\Admin\KecamatanController->update('5f931651de478')
#3 D:\My Project\project_ta\system\CodeIgniter.php(400): CodeIgniter\CodeIgniter->runController(Object(App\Controllers\Admin\KecamatanController))
#4 D:\My Project\project_ta\system\CodeIgniter.php(308): CodeIgniter\CodeIgniter->handleRequest(NULL, Object(Config\Cache), false)
#5 D:\My Project\project_ta\public\index.php(45): CodeIgniter\CodeIgniter->run()
#6 D:\My Project\project_ta\system\Commands\Server\rewrite.php(34): require_once('D:\\My Project\\p...')
#7 {main}
CRITICAL - 2020-10-23 12:48:31 --> There is no data to {0}.
#0 D:\My Project\project_ta\system\Model.php(809): CodeIgniter\Database\Exceptions\DataException::forEmptyDataset('update')
#1 D:\My Project\project_ta\app\Controllers\Admin\KecamatanController.php(59): CodeIgniter\Model->update(Array)
#2 D:\My Project\project_ta\system\CodeIgniter.php(914): App\Controllers\Admin\KecamatanController->update('5f931651a1d4a')
#3 D:\My Project\project_ta\system\CodeIgniter.php(400): CodeIgniter\CodeIgniter->runController(Object(App\Controllers\Admin\KecamatanController))
#4 D:\My Project\project_ta\system\CodeIgniter.php(308): CodeIgniter\CodeIgniter->handleRequest(NULL, Object(Config\Cache), false)
#5 D:\My Project\project_ta\public\index.php(45): CodeIgniter\CodeIgniter->run()
#6 D:\My Project\project_ta\system\Commands\Server\rewrite.php(34): require_once('D:\\My Project\\p...')
#7 {main}
CRITICAL - 2020-10-23 12:50:16 --> There is no data to {0}.
#0 D:\My Project\project_ta\system\Model.php(809): CodeIgniter\Database\Exceptions\DataException::forEmptyDataset('update')
#1 D:\My Project\project_ta\app\Controllers\Admin\KecamatanController.php(59): CodeIgniter\Model->update(Array)
#2 D:\My Project\project_ta\system\CodeIgniter.php(914): App\Controllers\Admin\KecamatanController->update('5f931651a1d4a')
#3 D:\My Project\project_ta\system\CodeIgniter.php(400): CodeIgniter\CodeIgniter->runController(Object(App\Controllers\Admin\KecamatanController))
#4 D:\My Project\project_ta\system\CodeIgniter.php(308): CodeIgniter\CodeIgniter->handleRequest(NULL, Object(Config\Cache), false)
#5 D:\My Project\project_ta\public\index.php(45): CodeIgniter\CodeIgniter->run()
#6 D:\My Project\project_ta\system\Commands\Server\rewrite.php(34): require_once('D:\\My Project\\p...')
#7 {main}
CRITICAL - 2020-10-23 13:02:26 --> Class 'App\Models\ModelDesa' not found
#0 D:\My Project\project_ta\system\CodeIgniter.php(886): App\Controllers\Admin\DesaController->__construct()
#1 D:\My Project\project_ta\system\CodeIgniter.php(395): CodeIgniter\CodeIgniter->createController()
#2 D:\My Project\project_ta\system\CodeIgniter.php(308): CodeIgniter\CodeIgniter->handleRequest(NULL, Object(Config\Cache), false)
#3 D:\My Project\project_ta\public\index.php(45): CodeIgniter\CodeIgniter->run()
#4 D:\My Project\project_ta\system\Commands\Server\rewrite.php(34): require_once('D:\\My Project\\p...')
#5 {main}
CRITICAL - 2020-10-23 13:18:24 --> Undefined property: mysqli::$id
#0 D:\My Project\project_ta\app\Views\admin\konten\desa.php(176): CodeIgniter\Debug\Exceptions->errorHandler(8, 'Undefined prope...', 'D:\\My Project\\p...', 176, Array)
#1 D:\My Project\project_ta\system\View\View.php(246): include('D:\\My Project\\p...')
#2 D:\My Project\project_ta\system\Common.php(1087): CodeIgniter\View\View->render('admin/konten/de...', Array, true)
#3 D:\My Project\project_ta\app\Controllers\Admin\DesaController.php(28): view('admin/konten/de...', Array)
#4 D:\My Project\project_ta\system\CodeIgniter.php(914): App\Controllers\Admin\DesaController->index()
#5 D:\My Project\project_ta\system\CodeIgniter.php(400): CodeIgniter\CodeIgniter->runController(Object(App\Controllers\Admin\DesaController))
#6 D:\My Project\project_ta\system\CodeIgniter.php(308): CodeIgniter\CodeIgniter->handleRequest(NULL, Object(Config\Cache), false)
#7 D:\My Project\project_ta\public\index.php(45): CodeIgniter\CodeIgniter->run()
#8 D:\My Project\project_ta\system\Commands\Server\rewrite.php(34): require_once('D:\\My Project\\p...')
#9 {main}
CRITICAL - 2020-10-23 13:18:49 --> Cannot use object of type mysqli as array
#0 D:\My Project\project_ta\system\View\View.php(246): include()
#1 D:\My Project\project_ta\system\Common.php(1087): CodeIgniter\View\View->render('admin/konten/de...', Array, true)
#2 D:\My Project\project_ta\app\Controllers\Admin\DesaController.php(28): view('admin/konten/de...', Array)
#3 D:\My Project\project_ta\system\CodeIgniter.php(914): App\Controllers\Admin\DesaController->index()
#4 D:\My Project\project_ta\system\CodeIgniter.php(400): CodeIgniter\CodeIgniter->runController(Object(App\Controllers\Admin\DesaController))
#5 D:\My Project\project_ta\system\CodeIgniter.php(308): CodeIgniter\CodeIgniter->handleRequest(NULL, Object(Config\Cache), false)
#6 D:\My Project\project_ta\public\index.php(45): CodeIgniter\CodeIgniter->run()
#7 D:\My Project\project_ta\system\Commands\Server\rewrite.php(34): require_once('D:\\My Project\\p...')
#8 {main}
CRITICAL - 2020-10-23 13:19:27 --> Undefined property: mysqli::$uid
#0 D:\My Project\project_ta\app\Views\admin\konten\desa.php(176): CodeIgniter\Debug\Exceptions->errorHandler(8, 'Undefined prope...', 'D:\\My Project\\p...', 176, Array)
#1 D:\My Project\project_ta\system\View\View.php(246): include('D:\\My Project\\p...')
#2 D:\My Project\project_ta\system\Common.php(1087): CodeIgniter\View\View->render('admin/konten/de...', Array, true)
#3 D:\My Project\project_ta\app\Controllers\Admin\DesaController.php(28): view('admin/konten/de...', Array)
#4 D:\My Project\project_ta\system\CodeIgniter.php(914): App\Controllers\Admin\DesaController->index()
#5 D:\My Project\project_ta\system\CodeIgniter.php(400): CodeIgniter\CodeIgniter->runController(Object(App\Controllers\Admin\DesaController))
#6 D:\My Project\project_ta\system\CodeIgniter.php(308): CodeIgniter\CodeIgniter->handleRequest(NULL, Object(Config\Cache), false)
#7 D:\My Project\project_ta\public\index.php(45): CodeIgniter\CodeIgniter->run()
#8 D:\My Project\project_ta\system\Commands\Server\rewrite.php(34): require_once('D:\\My Project\\p...')
#9 {main}
CRITICAL - 2020-10-23 13:20:53 --> Call to undefined method App\Models\ModelKecamatan::result
#0 D:\My Project\project_ta\app\Controllers\Admin\DesaController.php(26): CodeIgniter\Model->__call('result', Array)
#1 D:\My Project\project_ta\system\CodeIgniter.php(914): App\Controllers\Admin\DesaController->index()
#2 D:\My Project\project_ta\system\CodeIgniter.php(400): CodeIgniter\CodeIgniter->runController(Object(App\Controllers\Admin\DesaController))
#3 D:\My Project\project_ta\system\CodeIgniter.php(308): CodeIgniter\CodeIgniter->handleRequest(NULL, Object(Config\Cache), false)
#4 D:\My Project\project_ta\public\index.php(45): CodeIgniter\CodeIgniter->run()
#5 D:\My Project\project_ta\system\Commands\Server\rewrite.php(34): require_once('D:\\My Project\\p...')
#6 {main}
CRITICAL - 2020-10-23 13:26:23 --> Column 'id_kecamatan' cannot be null
#0 D:\My Project\project_ta\system\Database\MySQLi\Connection.php(331): mysqli->query('INSERT INTO `tb...')
#1 D:\My Project\project_ta\system\Database\BaseConnection.php(738): CodeIgniter\Database\MySQLi\Connection->execute('INSERT INTO `tb...')
#2 D:\My Project\project_ta\system\Database\BaseConnection.php(666): CodeIgniter\Database\BaseConnection->simpleQuery('INSERT INTO `tb...')
#3 D:\My Project\project_ta\system\Database\BaseBuilder.php(2234): CodeIgniter\Database\BaseConnection->query('INSERT INTO `tb...', Array, false)
#4 D:\My Project\project_ta\system\Model.php(729): CodeIgniter\Database\BaseBuilder->insert()
#5 D:\My Project\project_ta\system\Model.php(557): CodeIgniter\Model->insert(Array, false)
#6 D:\My Project\project_ta\app\Controllers\Admin\DesaController.php(41): CodeIgniter\Model->save(Array)
#7 D:\My Project\project_ta\system\CodeIgniter.php(914): App\Controllers\Admin\DesaController->create()
#8 D:\My Project\project_ta\system\CodeIgniter.php(400): CodeIgniter\CodeIgniter->runController(Object(App\Controllers\Admin\DesaController))
#9 D:\My Project\project_ta\system\CodeIgniter.php(308): CodeIgniter\CodeIgniter->handleRequest(NULL, Object(Config\Cache), false)
#10 D:\My Project\project_ta\public\index.php(45): CodeIgniter\CodeIgniter->run()
#11 D:\My Project\project_ta\system\Commands\Server\rewrite.php(34): require_once('D:\\My Project\\p...')
#12 {main}
CRITICAL - 2020-10-23 13:31:20 --> Table 'db_tugasakhir.kecamatan' doesn't exist
#0 D:\My Project\project_ta\system\Database\MySQLi\Connection.php(331): mysqli->query('SELECT `kecamat...')
#1 D:\My Project\project_ta\system\Database\BaseConnection.php(738): CodeIgniter\Database\MySQLi\Connection->execute('SELECT `kecamat...')
#2 D:\My Project\project_ta\system\Database\BaseConnection.php(666): CodeIgniter\Database\BaseConnection->simpleQuery('SELECT `kecamat...')
#3 D:\My Project\project_ta\system\Database\BaseBuilder.php(1845): CodeIgniter\Database\BaseConnection->query('SELECT `kecamat...', Array, false)
#4 D:\My Project\project_ta\app\Models\ModelDesa.php(61): CodeIgniter\Database\BaseBuilder->get()
#5 D:\My Project\project_ta\app\Controllers\Admin\DesaController.php(56): App\Models\ModelDesa->get_datatables()
#6 D:\My Project\project_ta\system\CodeIgniter.php(914): App\Controllers\Admin\DesaController->get()
#7 D:\My Project\project_ta\system\CodeIgniter.php(400): CodeIgniter\CodeIgniter->runController(Object(App\Controllers\Admin\DesaController))
#8 D:\My Project\project_ta\system\CodeIgniter.php(308): CodeIgniter\CodeIgniter->handleRequest(NULL, Object(Config\Cache), false)
#9 D:\My Project\project_ta\public\index.php(45): CodeIgniter\CodeIgniter->run()
#10 D:\My Project\project_ta\system\Commands\Server\rewrite.php(34): require_once('D:\\My Project\\p...')
#11 {main}
CRITICAL - 2020-10-23 13:31:26 --> Table 'db_tugasakhir.kecamatan' doesn't exist
#0 D:\My Project\project_ta\system\Database\MySQLi\Connection.php(331): mysqli->query('SELECT `kecamat...')
#1 D:\My Project\project_ta\system\Database\BaseConnection.php(738): CodeIgniter\Database\MySQLi\Connection->execute('SELECT `kecamat...')
#2 D:\My Project\project_ta\system\Database\BaseConnection.php(666): CodeIgniter\Database\BaseConnection->simpleQuery('SELECT `kecamat...')
#3 D:\My Project\project_ta\system\Database\BaseBuilder.php(1845): CodeIgniter\Database\BaseConnection->query('SELECT `kecamat...', Array, false)
#4 D:\My Project\project_ta\app\Models\ModelDesa.php(61): CodeIgniter\Database\BaseBuilder->get()
#5 D:\My Project\project_ta\app\Controllers\Admin\DesaController.php(56): App\Models\ModelDesa->get_datatables()
#6 D:\My Project\project_ta\system\CodeIgniter.php(914): App\Controllers\Admin\DesaController->get()
#7 D:\My Project\project_ta\system\CodeIgniter.php(400): CodeIgniter\CodeIgniter->runController(Object(App\Controllers\Admin\DesaController))
#8 D:\My Project\project_ta\system\CodeIgniter.php(308): CodeIgniter\CodeIgniter->handleRequest(NULL, Object(Config\Cache), false)
#9 D:\My Project\project_ta\public\index.php(45): CodeIgniter\CodeIgniter->run()
#10 D:\My Project\project_ta\system\Commands\Server\rewrite.php(34): require_once('D:\\My Project\\p...')
#11 {main}
CRITICAL - 2020-10-23 13:32:17 --> Table 'db_tugasakhir.kecamatan' doesn't exist
#0 D:\My Project\project_ta\system\Database\MySQLi\Connection.php(331): mysqli->query('SELECT `tb_keca...')
#1 D:\My Project\project_ta\system\Database\BaseConnection.php(738): CodeIgniter\Database\MySQLi\Connection->execute('SELECT `tb_keca...')
#2 D:\My Project\project_ta\system\Database\BaseConnection.php(666): CodeIgniter\Database\BaseConnection->simpleQuery('SELECT `tb_keca...')
#3 D:\My Project\project_ta\system\Database\BaseBuilder.php(1845): CodeIgniter\Database\BaseConnection->query('SELECT `tb_keca...', Array, false)
#4 D:\My Project\project_ta\app\Models\ModelDesa.php(61): CodeIgniter\Database\BaseBuilder->get()
#5 D:\My Project\project_ta\app\Controllers\Admin\DesaController.php(56): App\Models\ModelDesa->get_datatables()
#6 D:\My Project\project_ta\system\CodeIgniter.php(914): App\Controllers\Admin\DesaController->get()
#7 D:\My Project\project_ta\system\CodeIgniter.php(400): CodeIgniter\CodeIgniter->runController(Object(App\Controllers\Admin\DesaController))
#8 D:\My Project\project_ta\system\CodeIgniter.php(308): CodeIgniter\CodeIgniter->handleRequest(NULL, Object(Config\Cache), false)
#9 D:\My Project\project_ta\public\index.php(45): CodeIgniter\CodeIgniter->run()
#10 D:\My Project\project_ta\system\Commands\Server\rewrite.php(34): require_once('D:\\My Project\\p...')
#11 {main}
CRITICAL - 2020-10-23 13:32:58 --> Undefined property: stdClass::$uid
#0 D:\My Project\project_ta\app\Controllers\Admin\DesaController.php(61): CodeIgniter\Debug\Exceptions->errorHandler(8, 'Undefined prope...', 'D:\\My Project\\p...', 61, Array)
#1 D:\My Project\project_ta\system\CodeIgniter.php(914): App\Controllers\Admin\DesaController->get()
#2 D:\My Project\project_ta\system\CodeIgniter.php(400): CodeIgniter\CodeIgniter->runController(Object(App\Controllers\Admin\DesaController))
#3 D:\My Project\project_ta\system\CodeIgniter.php(308): CodeIgniter\CodeIgniter->handleRequest(NULL, Object(Config\Cache), false)
#4 D:\My Project\project_ta\public\index.php(45): CodeIgniter\CodeIgniter->run()
#5 D:\My Project\project_ta\system\Commands\Server\rewrite.php(34): require_once('D:\\My Project\\p...')
#6 {main}
CRITICAL - 2020-10-23 13:33:40 --> Undefined property: stdClass::$id
#0 D:\My Project\project_ta\app\Controllers\Admin\DesaController.php(61): CodeIgniter\Debug\Exceptions->errorHandler(8, 'Undefined prope...', 'D:\\My Project\\p...', 61, Array)
#1 D:\My Project\project_ta\system\CodeIgniter.php(914): App\Controllers\Admin\DesaController->get()
#2 D:\My Project\project_ta\system\CodeIgniter.php(400): CodeIgniter\CodeIgniter->runController(Object(App\Controllers\Admin\DesaController))
#3 D:\My Project\project_ta\system\CodeIgniter.php(308): CodeIgniter\CodeIgniter->handleRequest(NULL, Object(Config\Cache), false)
#4 D:\My Project\project_ta\public\index.php(45): CodeIgniter\CodeIgniter->run()
#5 D:\My Project\project_ta\system\Commands\Server\rewrite.php(34): require_once('D:\\My Project\\p...')
#6 {main}
