CRITICAL - 2020-07-31 22:22:03 --> Could not move file {0} to {1} ({2})
#0 D:\My Project\project-dekor\system\HTTP\Files\UploadedFile.php(187): CodeIgniter\HTTP\Exceptions\HTTPException::forMoveFailed('phpFE28.tmp', 'assets/logo/', '')
#1 D:\My Project\project-dekor\app\Controllers\User\AksiProfile.php(49): CodeIgniter\HTTP\Files\UploadedFile->move('assets/logo/', '')
#2 D:\My Project\project-dekor\system\CodeIgniter.php(914): App\Controllers\User\AksiProfile->update()
#3 D:\My Project\project-dekor\system\CodeIgniter.php(400): CodeIgniter\CodeIgniter->runController(Object(App\Controllers\User\AksiProfile))
#4 D:\My Project\project-dekor\system\CodeIgniter.php(308): CodeIgniter\CodeIgniter->handleRequest(NULL, Object(Config\Cache), false)
#5 D:\My Project\project-dekor\public\index.php(45): CodeIgniter\CodeIgniter->run()
#6 D:\My Project\project-dekor\system\Commands\Server\rewrite.php(34): require_once('D:\\My Project\\p...')
#7 {main}
CRITICAL - 2020-07-31 22:58:44 --> Duplicate entry 'user' for key 'username'
#0 D:\My Project\project-dekor\system\Database\MySQLi\Connection.php(331): mysqli->query('INSERT INTO `tb...')
#1 D:\My Project\project-dekor\system\Database\BaseConnection.php(738): CodeIgniter\Database\MySQLi\Connection->execute('INSERT INTO `tb...')
#2 D:\My Project\project-dekor\system\Database\BaseConnection.php(666): CodeIgniter\Database\BaseConnection->simpleQuery('INSERT INTO `tb...')
#3 D:\My Project\project-dekor\system\Database\BaseBuilder.php(2234): CodeIgniter\Database\BaseConnection->query('INSERT INTO `tb...', Array, false)
#4 D:\My Project\project-dekor\system\Model.php(729): CodeIgniter\Database\BaseBuilder->insert()
#5 D:\My Project\project-dekor\system\Model.php(557): CodeIgniter\Model->insert(Array, false)
#6 D:\My Project\project-dekor\app\Controllers\User\AksiProfile.php(60): CodeIgniter\Model->save(Array)
#7 D:\My Project\project-dekor\system\CodeIgniter.php(914): App\Controllers\User\AksiProfile->update()
#8 D:\My Project\project-dekor\system\CodeIgniter.php(400): CodeIgniter\CodeIgniter->runController(Object(App\Controllers\User\AksiProfile))
#9 D:\My Project\project-dekor\system\CodeIgniter.php(308): CodeIgniter\CodeIgniter->handleRequest(NULL, Object(Config\Cache), false)
#10 D:\My Project\project-dekor\public\index.php(45): CodeIgniter\CodeIgniter->run()
#11 D:\My Project\project-dekor\system\Commands\Server\rewrite.php(34): require_once('D:\\My Project\\p...')
#12 {main}
CRITICAL - 2020-07-31 23:07:14 --> whereIn() expects $values to be of type array or closure
#0 D:\My Project\project-dekor\system\Database\BaseBuilder.php(838): CodeIgniter\Database\BaseBuilder->_whereIn('username', 'user', false, 'AND ', NULL)
#1 D:\My Project\project-dekor\system\Model.php(1716): CodeIgniter\Database\BaseBuilder->whereIn('username', 'user')
#2 D:\My Project\project-dekor\app\Controllers\User\AksiProfile.php(51): CodeIgniter\Model->__call('whereIn', Array)
#3 D:\My Project\project-dekor\system\CodeIgniter.php(914): App\Controllers\User\AksiProfile->update()
#4 D:\My Project\project-dekor\system\CodeIgniter.php(400): CodeIgniter\CodeIgniter->runController(Object(App\Controllers\User\AksiProfile))
#5 D:\My Project\project-dekor\system\CodeIgniter.php(308): CodeIgniter\CodeIgniter->handleRequest(NULL, Object(Config\Cache), false)
#6 D:\My Project\project-dekor\public\index.php(45): CodeIgniter\CodeIgniter->run()
#7 D:\My Project\project-dekor\system\Commands\Server\rewrite.php(34): require_once('D:\\My Project\\p...')
#8 {main}
