CRITICAL - 2020-07-12 07:07:55 --> syntax error, unexpected '{', expecting ']'
#0 D:\xampp\htdocs\project-root\system\Common.php(1087): CodeIgniter\View\View->render('admin/pendidika...', Array, true)
#1 D:\xampp\htdocs\project-root\app\Controllers\Admin\Pendidikan.php(15): view('admin/pendidika...', Array)
#2 D:\xampp\htdocs\project-root\system\CodeIgniter.php(914): App\Controllers\Admin\Pendidikan->index()
#3 D:\xampp\htdocs\project-root\system\CodeIgniter.php(400): CodeIgniter\CodeIgniter->runController(Object(App\Controllers\Admin\Pendidikan))
#4 D:\xampp\htdocs\project-root\system\CodeIgniter.php(308): CodeIgniter\CodeIgniter->handleRequest(NULL, Object(Config\Cache), false)
#5 D:\xampp\htdocs\project-root\public\index.php(45): CodeIgniter\CodeIgniter->run()
#6 D:\xampp\htdocs\project-root\system\Commands\Server\rewrite.php(34): require_once('D:\\xampp\\htdocs...')
#7 {main}
CRITICAL - 2020-07-12 07:12:21 --> Undefined variable: hidden
#0 D:\xampp\htdocs\project-root\app\Views\admin\pendidikan.php(46): CodeIgniter\Debug\Exceptions->errorHandler(8, 'Undefined varia...', 'D:\\xampp\\htdocs...', 46, Array)
#1 D:\xampp\htdocs\project-root\system\View\View.php(246): include('D:\\xampp\\htdocs...')
#2 D:\xampp\htdocs\project-root\system\Common.php(1087): CodeIgniter\View\View->render('admin/pendidika...', Array, true)
#3 D:\xampp\htdocs\project-root\app\Controllers\Admin\Pendidikan.php(15): view('admin/pendidika...', Array)
#4 D:\xampp\htdocs\project-root\system\CodeIgniter.php(914): App\Controllers\Admin\Pendidikan->index()
#5 D:\xampp\htdocs\project-root\system\CodeIgniter.php(400): CodeIgniter\CodeIgniter->runController(Object(App\Controllers\Admin\Pendidikan))
#6 D:\xampp\htdocs\project-root\system\CodeIgniter.php(308): CodeIgniter\CodeIgniter->handleRequest(NULL, Object(Config\Cache), false)
#7 D:\xampp\htdocs\project-root\public\index.php(45): CodeIgniter\CodeIgniter->run()
#8 D:\xampp\htdocs\project-root\system\Commands\Server\rewrite.php(34): require_once('D:\\xampp\\htdocs...')
#9 {main}
CRITICAL - 2020-07-12 07:14:22 --> Undefined variable: nama_sekolah
#0 D:\xampp\htdocs\project-root\app\Views\admin\pendidikan.php(48): CodeIgniter\Debug\Exceptions->errorHandler(8, 'Undefined varia...', 'D:\\xampp\\htdocs...', 48, Array)
#1 D:\xampp\htdocs\project-root\system\View\View.php(246): include('D:\\xampp\\htdocs...')
#2 D:\xampp\htdocs\project-root\system\Common.php(1087): CodeIgniter\View\View->render('admin/pendidika...', Array, true)
#3 D:\xampp\htdocs\project-root\app\Controllers\Admin\Pendidikan.php(20): view('admin/pendidika...', Array)
#4 D:\xampp\htdocs\project-root\system\CodeIgniter.php(914): App\Controllers\Admin\Pendidikan->index()
#5 D:\xampp\htdocs\project-root\system\CodeIgniter.php(400): CodeIgniter\CodeIgniter->runController(Object(App\Controllers\Admin\Pendidikan))
#6 D:\xampp\htdocs\project-root\system\CodeIgniter.php(308): CodeIgniter\CodeIgniter->handleRequest(NULL, Object(Config\Cache), false)
#7 D:\xampp\htdocs\project-root\public\index.php(45): CodeIgniter\CodeIgniter->run()
#8 D:\xampp\htdocs\project-root\system\Commands\Server\rewrite.php(34): require_once('D:\\xampp\\htdocs...')
#9 {main}
CRITICAL - 2020-07-12 07:15:59 --> Undefined variable: nama_sekolah
#0 D:\xampp\htdocs\project-root\app\Views\admin\pendidikan.php(48): CodeIgniter\Debug\Exceptions->errorHandler(8, 'Undefined varia...', 'D:\\xampp\\htdocs...', 48, Array)
#1 D:\xampp\htdocs\project-root\system\View\View.php(246): include('D:\\xampp\\htdocs...')
#2 D:\xampp\htdocs\project-root\system\Common.php(1087): CodeIgniter\View\View->render('admin/pendidika...', Array, true)
#3 D:\xampp\htdocs\project-root\app\Controllers\Admin\Pendidikan.php(20): view('admin/pendidika...', Array)
#4 D:\xampp\htdocs\project-root\system\CodeIgniter.php(914): App\Controllers\Admin\Pendidikan->index()
#5 D:\xampp\htdocs\project-root\system\CodeIgniter.php(400): CodeIgniter\CodeIgniter->runController(Object(App\Controllers\Admin\Pendidikan))
#6 D:\xampp\htdocs\project-root\system\CodeIgniter.php(308): CodeIgniter\CodeIgniter->handleRequest(NULL, Object(Config\Cache), false)
#7 D:\xampp\htdocs\project-root\public\index.php(45): CodeIgniter\CodeIgniter->run()
#8 D:\xampp\htdocs\project-root\system\Commands\Server\rewrite.php(34): require_once('D:\\xampp\\htdocs...')
#9 {main}
CRITICAL - 2020-07-12 07:22:52 --> syntax error, unexpected ']'
#0 D:\xampp\htdocs\project-root\system\Common.php(1087): CodeIgniter\View\View->render('admin/pendidika...', Array, true)
#1 D:\xampp\htdocs\project-root\app\Controllers\Admin\Pendidikan.php(21): view('admin/pendidika...', Array)
#2 D:\xampp\htdocs\project-root\system\CodeIgniter.php(914): App\Controllers\Admin\Pendidikan->index()
#3 D:\xampp\htdocs\project-root\system\CodeIgniter.php(400): CodeIgniter\CodeIgniter->runController(Object(App\Controllers\Admin\Pendidikan))
#4 D:\xampp\htdocs\project-root\system\CodeIgniter.php(308): CodeIgniter\CodeIgniter->handleRequest(NULL, Object(Config\Cache), false)
#5 D:\xampp\htdocs\project-root\public\index.php(45): CodeIgniter\CodeIgniter->run()
#6 D:\xampp\htdocs\project-root\system\Commands\Server\rewrite.php(34): require_once('D:\\xampp\\htdocs...')
#7 {main}
CRITICAL - 2020-07-12 07:38:59 --> Array to string conversion
#0 D:\xampp\htdocs\project-root\system\Helpers\form_helper.php(957): CodeIgniter\Debug\Exceptions->errorHandler(8, 'Array to string...', 'D:\\xampp\\htdocs...', 957, Array)
#1 D:\xampp\htdocs\project-root\system\Helpers\form_helper.php(402): parse_form_attributes(Array, Array)
#2 D:\xampp\htdocs\project-root\app\Views\admin\pendidikan.php(50): form_dropdown(Array)
#3 D:\xampp\htdocs\project-root\system\View\View.php(246): include('D:\\xampp\\htdocs...')
#4 D:\xampp\htdocs\project-root\system\Common.php(1087): CodeIgniter\View\View->render('admin/pendidika...', Array, true)
#5 D:\xampp\htdocs\project-root\app\Controllers\Admin\Pendidikan.php(40): view('admin/pendidika...', Array)
#6 D:\xampp\htdocs\project-root\system\CodeIgniter.php(914): App\Controllers\Admin\Pendidikan->index()
#7 D:\xampp\htdocs\project-root\system\CodeIgniter.php(400): CodeIgniter\CodeIgniter->runController(Object(App\Controllers\Admin\Pendidikan))
#8 D:\xampp\htdocs\project-root\system\CodeIgniter.php(308): CodeIgniter\CodeIgniter->handleRequest(NULL, Object(Config\Cache), false)
#9 D:\xampp\htdocs\project-root\public\index.php(45): CodeIgniter\CodeIgniter->run()
#10 D:\xampp\htdocs\project-root\system\Commands\Server\rewrite.php(34): require_once('D:\\xampp\\htdocs...')
#11 {main}
CRITICAL - 2020-07-12 07:40:56 --> Trying to get property 'option' of non-object
#0 D:\xampp\htdocs\project-root\app\Views\admin\pendidikan.php(50): CodeIgniter\Debug\Exceptions->errorHandler(8, 'Trying to get p...', 'D:\\xampp\\htdocs...', 50, Array)
#1 D:\xampp\htdocs\project-root\system\View\View.php(246): include('D:\\xampp\\htdocs...')
#2 D:\xampp\htdocs\project-root\system\Common.php(1087): CodeIgniter\View\View->render('admin/pendidika...', Array, true)
#3 D:\xampp\htdocs\project-root\app\Controllers\Admin\Pendidikan.php(40): view('admin/pendidika...', Array)
#4 D:\xampp\htdocs\project-root\system\CodeIgniter.php(914): App\Controllers\Admin\Pendidikan->index()
#5 D:\xampp\htdocs\project-root\system\CodeIgniter.php(400): CodeIgniter\CodeIgniter->runController(Object(App\Controllers\Admin\Pendidikan))
#6 D:\xampp\htdocs\project-root\system\CodeIgniter.php(308): CodeIgniter\CodeIgniter->handleRequest(NULL, Object(Config\Cache), false)
#7 D:\xampp\htdocs\project-root\public\index.php(45): CodeIgniter\CodeIgniter->run()
#8 D:\xampp\htdocs\project-root\system\Commands\Server\rewrite.php(34): require_once('D:\\xampp\\htdocs...')
#9 {main}
CRITICAL - 2020-07-12 07:41:04 --> Array to string conversion
#0 D:\xampp\htdocs\project-root\system\Helpers\form_helper.php(957): CodeIgniter\Debug\Exceptions->errorHandler(8, 'Array to string...', 'D:\\xampp\\htdocs...', 957, Array)
#1 D:\xampp\htdocs\project-root\system\Helpers\form_helper.php(402): parse_form_attributes(Array, Array)
#2 D:\xampp\htdocs\project-root\app\Views\admin\pendidikan.php(50): form_dropdown(Array, Array)
#3 D:\xampp\htdocs\project-root\system\View\View.php(246): include('D:\\xampp\\htdocs...')
#4 D:\xampp\htdocs\project-root\system\Common.php(1087): CodeIgniter\View\View->render('admin/pendidika...', Array, true)
#5 D:\xampp\htdocs\project-root\app\Controllers\Admin\Pendidikan.php(40): view('admin/pendidika...', Array)
#6 D:\xampp\htdocs\project-root\system\CodeIgniter.php(914): App\Controllers\Admin\Pendidikan->index()
#7 D:\xampp\htdocs\project-root\system\CodeIgniter.php(400): CodeIgniter\CodeIgniter->runController(Object(App\Controllers\Admin\Pendidikan))
#8 D:\xampp\htdocs\project-root\system\CodeIgniter.php(308): CodeIgniter\CodeIgniter->handleRequest(NULL, Object(Config\Cache), false)
#9 D:\xampp\htdocs\project-root\public\index.php(45): CodeIgniter\CodeIgniter->run()
#10 D:\xampp\htdocs\project-root\system\Commands\Server\rewrite.php(34): require_once('D:\\xampp\\htdocs...')
#11 {main}
CRITICAL - 2020-07-12 12:44:36 --> syntax error, unexpected 'class' (T_CLASS), expecting identifier (T_STRING) or '{'
#0 D:\xampp\htdocs\project-root\system\Router\Router.php(192): CodeIgniter\Router\Router->autoRoute('admin/pendidika...')
#1 D:\xampp\htdocs\project-root\system\CodeIgniter.php(789): CodeIgniter\Router\Router->handle('admin/pendidika...')
#2 D:\xampp\htdocs\project-root\system\CodeIgniter.php(360): CodeIgniter\CodeIgniter->tryToRouteIt(Object(CodeIgniter\Router\RouteCollection))
#3 D:\xampp\htdocs\project-root\system\CodeIgniter.php(308): CodeIgniter\CodeIgniter->handleRequest(NULL, Object(Config\Cache), false)
#4 D:\xampp\htdocs\project-root\public\index.php(45): CodeIgniter\CodeIgniter->run()
#5 D:\xampp\htdocs\project-root\system\Commands\Server\rewrite.php(34): require_once('D:\\xampp\\htdocs...')
#6 {main}
CRITICAL - 2020-07-12 12:51:05 --> Unknown column 'updated_at' in 'field list'
#0 D:\xampp\htdocs\project-root\system\Database\MySQLi\Connection.php(331): mysqli->query('INSERT INTO `tb...')
#1 D:\xampp\htdocs\project-root\system\Database\BaseConnection.php(738): CodeIgniter\Database\MySQLi\Connection->execute('INSERT INTO `tb...')
#2 D:\xampp\htdocs\project-root\system\Database\BaseConnection.php(666): CodeIgniter\Database\BaseConnection->simpleQuery('INSERT INTO `tb...')
#3 D:\xampp\htdocs\project-root\system\Database\BaseBuilder.php(2234): CodeIgniter\Database\BaseConnection->query('INSERT INTO `tb...', Array, false)
#4 D:\xampp\htdocs\project-root\system\Model.php(729): CodeIgniter\Database\BaseBuilder->insert()
#5 D:\xampp\htdocs\project-root\system\Model.php(557): CodeIgniter\Model->insert(Array, false)
#6 D:\xampp\htdocs\project-root\app\Controllers\Admin\Pendidikan.php(104): CodeIgniter\Model->save(Array)
#7 D:\xampp\htdocs\project-root\system\CodeIgniter.php(914): App\Controllers\Admin\Pendidikan->add()
#8 D:\xampp\htdocs\project-root\system\CodeIgniter.php(400): CodeIgniter\CodeIgniter->runController(Object(App\Controllers\Admin\Pendidikan))
#9 D:\xampp\htdocs\project-root\system\CodeIgniter.php(308): CodeIgniter\CodeIgniter->handleRequest(NULL, Object(Config\Cache), false)
#10 D:\xampp\htdocs\project-root\public\index.php(45): CodeIgniter\CodeIgniter->run()
#11 D:\xampp\htdocs\project-root\system\Commands\Server\rewrite.php(34): require_once('D:\\xampp\\htdocs...')
#12 {main}
