CRITICAL - 2020-10-28 01:18:09 --> Undefined property: stdClass::$kecamatan
#0 D:\My Project\project_ta\app\Controllers\Admin\CalculateController.php(25): CodeIgniter\Debug\Exceptions->errorHandler(8, 'Undefined prope...', 'D:\\My Project\\p...', 25, Array)
#1 D:\My Project\project_ta\system\CodeIgniter.php(914): App\Controllers\Admin\CalculateController->index()
#2 D:\My Project\project_ta\system\CodeIgniter.php(400): CodeIgniter\CodeIgniter->runController(Object(App\Controllers\Admin\CalculateController))
#3 D:\My Project\project_ta\system\CodeIgniter.php(308): CodeIgniter\CodeIgniter->handleRequest(NULL, Object(Config\Cache), false)
#4 D:\My Project\project_ta\public\index.php(45): CodeIgniter\CodeIgniter->run()
#5 D:\My Project\project_ta\system\Commands\Server\rewrite.php(34): require_once('D:\\My Project\\p...')
#6 {main}
CRITICAL - 2020-10-28 01:25:17 --> Undefined property: stdClass::$tahun
#0 D:\My Project\project_ta\app\Controllers\Admin\CalculateController.php(29): CodeIgniter\Debug\Exceptions->errorHandler(8, 'Undefined prope...', 'D:\\My Project\\p...', 29, Array)
#1 D:\My Project\project_ta\system\CodeIgniter.php(914): App\Controllers\Admin\CalculateController->index()
#2 D:\My Project\project_ta\system\CodeIgniter.php(400): CodeIgniter\CodeIgniter->runController(Object(App\Controllers\Admin\CalculateController))
#3 D:\My Project\project_ta\system\CodeIgniter.php(308): CodeIgniter\CodeIgniter->handleRequest(NULL, Object(Config\Cache), false)
#4 D:\My Project\project_ta\public\index.php(45): CodeIgniter\CodeIgniter->run()
#5 D:\My Project\project_ta\system\Commands\Server\rewrite.php(34): require_once('D:\\My Project\\p...')
#6 {main}
CRITICAL - 2020-10-28 05:14:56 --> No connection could be made because the target machine actively refused it.

#0 D:\My Project\project_ta\system\Database\BaseConnection.php(377): CodeIgniter\Database\MySQLi\Connection->connect(false)
#1 D:\My Project\project_ta\system\Database\BaseConnection.php(643): CodeIgniter\Database\BaseConnection->initialize()
#2 D:\My Project\project_ta\system\Database\BaseBuilder.php(1845): CodeIgniter\Database\BaseConnection->query('SELECT *\nFROM `...', Array, false)
#3 D:\My Project\project_ta\system\Model.php(489): CodeIgniter\Database\BaseBuilder->get()
#4 D:\My Project\project_ta\app\Controllers\LoginController.php(27): CodeIgniter\Model->first()
#5 D:\My Project\project_ta\system\CodeIgniter.php(914): App\Controllers\LoginController->index()
#6 D:\My Project\project_ta\system\CodeIgniter.php(400): CodeIgniter\CodeIgniter->runController(Object(App\Controllers\LoginController))
#7 D:\My Project\project_ta\system\CodeIgniter.php(308): CodeIgniter\CodeIgniter->handleRequest(NULL, Object(Config\Cache), false)
#8 D:\My Project\project_ta\public\index.php(45): CodeIgniter\CodeIgniter->run()
#9 D:\My Project\project_ta\system\Commands\Server\rewrite.php(34): require_once('D:\\My Project\\p...')
#10 {main}
CRITICAL - 2020-10-28 05:20:29 --> Trying to get property 'tahun' of non-object
#0 D:\My Project\project_ta\app\Controllers\Admin\CalculateController.php(35): CodeIgniter\Debug\Exceptions->errorHandler(8, 'Trying to get p...', 'D:\\My Project\\p...', 35, Array)
#1 D:\My Project\project_ta\system\CodeIgniter.php(914): App\Controllers\Admin\CalculateController->index()
#2 D:\My Project\project_ta\system\CodeIgniter.php(400): CodeIgniter\CodeIgniter->runController(Object(App\Controllers\Admin\CalculateController))
#3 D:\My Project\project_ta\system\CodeIgniter.php(308): CodeIgniter\CodeIgniter->handleRequest(NULL, Object(Config\Cache), false)
#4 D:\My Project\project_ta\public\index.php(45): CodeIgniter\CodeIgniter->run()
#5 D:\My Project\project_ta\system\Commands\Server\rewrite.php(34): require_once('D:\\My Project\\p...')
#6 {main}
CRITICAL - 2020-10-28 05:24:35 --> Undefined variable: tahun
#0 D:\My Project\project_ta\app\Views\admin\konten\calculate.php(53): CodeIgniter\Debug\Exceptions->errorHandler(8, 'Undefined varia...', 'D:\\My Project\\p...', 53, Array)
#1 D:\My Project\project_ta\system\View\View.php(246): include('D:\\My Project\\p...')
#2 D:\My Project\project_ta\system\Common.php(1087): CodeIgniter\View\View->render('admin/konten/ca...', Array, true)
#3 D:\My Project\project_ta\app\Controllers\Admin\CalculateController.php(42): view('admin/konten/ca...', Array)
#4 D:\My Project\project_ta\system\CodeIgniter.php(914): App\Controllers\Admin\CalculateController->index()
#5 D:\My Project\project_ta\system\CodeIgniter.php(400): CodeIgniter\CodeIgniter->runController(Object(App\Controllers\Admin\CalculateController))
#6 D:\My Project\project_ta\system\CodeIgniter.php(308): CodeIgniter\CodeIgniter->handleRequest(NULL, Object(Config\Cache), false)
#7 D:\My Project\project_ta\public\index.php(45): CodeIgniter\CodeIgniter->run()
#8 D:\My Project\project_ta\system\Commands\Server\rewrite.php(34): require_once('D:\\My Project\\p...')
#9 {main}
CRITICAL - 2020-10-28 05:29:33 --> syntax error, unexpected end of file
#0 D:\My Project\project_ta\system\Common.php(1087): CodeIgniter\View\View->render('admin/konten/ca...', Array, true)
#1 D:\My Project\project_ta\app\Controllers\Admin\CalculateController.php(42): view('admin/konten/ca...', Array)
#2 D:\My Project\project_ta\system\CodeIgniter.php(914): App\Controllers\Admin\CalculateController->index()
#3 D:\My Project\project_ta\system\CodeIgniter.php(400): CodeIgniter\CodeIgniter->runController(Object(App\Controllers\Admin\CalculateController))
#4 D:\My Project\project_ta\system\CodeIgniter.php(308): CodeIgniter\CodeIgniter->handleRequest(NULL, Object(Config\Cache), false)
#5 D:\My Project\project_ta\public\index.php(45): CodeIgniter\CodeIgniter->run()
#6 D:\My Project\project_ta\system\Commands\Server\rewrite.php(34): require_once('D:\\My Project\\p...')
#7 {main}
CRITICAL - 2020-10-28 05:31:45 --> Undefined index: tahun
#0 D:\My Project\project_ta\app\Views\admin\konten\calculate.php(64): CodeIgniter\Debug\Exceptions->errorHandler(8, 'Undefined index...', 'D:\\My Project\\p...', 64, Array)
#1 D:\My Project\project_ta\system\View\View.php(246): include('D:\\My Project\\p...')
#2 D:\My Project\project_ta\system\Common.php(1087): CodeIgniter\View\View->render('admin/konten/ca...', Array, true)
#3 D:\My Project\project_ta\app\Controllers\Admin\CalculateController.php(42): view('admin/konten/ca...', Array)
#4 D:\My Project\project_ta\system\CodeIgniter.php(914): App\Controllers\Admin\CalculateController->index()
#5 D:\My Project\project_ta\system\CodeIgniter.php(400): CodeIgniter\CodeIgniter->runController(Object(App\Controllers\Admin\CalculateController))
#6 D:\My Project\project_ta\system\CodeIgniter.php(308): CodeIgniter\CodeIgniter->handleRequest(NULL, Object(Config\Cache), false)
#7 D:\My Project\project_ta\public\index.php(45): CodeIgniter\CodeIgniter->run()
#8 D:\My Project\project_ta\system\Commands\Server\rewrite.php(34): require_once('D:\\My Project\\p...')
#9 {main}
CRITICAL - 2020-10-28 05:32:19 --> Undefined index: tahun
#0 D:\My Project\project_ta\app\Views\admin\konten\calculate.php(64): CodeIgniter\Debug\Exceptions->errorHandler(8, 'Undefined index...', 'D:\\My Project\\p...', 64, Array)
#1 D:\My Project\project_ta\system\View\View.php(246): include('D:\\My Project\\p...')
#2 D:\My Project\project_ta\system\Common.php(1087): CodeIgniter\View\View->render('admin/konten/ca...', Array, true)
#3 D:\My Project\project_ta\app\Controllers\Admin\CalculateController.php(42): view('admin/konten/ca...', Array)
#4 D:\My Project\project_ta\system\CodeIgniter.php(914): App\Controllers\Admin\CalculateController->index()
#5 D:\My Project\project_ta\system\CodeIgniter.php(400): CodeIgniter\CodeIgniter->runController(Object(App\Controllers\Admin\CalculateController))
#6 D:\My Project\project_ta\system\CodeIgniter.php(308): CodeIgniter\CodeIgniter->handleRequest(NULL, Object(Config\Cache), false)
#7 D:\My Project\project_ta\public\index.php(45): CodeIgniter\CodeIgniter->run()
#8 D:\My Project\project_ta\system\Commands\Server\rewrite.php(34): require_once('D:\\My Project\\p...')
#9 {main}
CRITICAL - 2020-10-28 05:32:57 --> Undefined variable: i
#0 D:\My Project\project_ta\app\Views\admin\konten\calculate.php(63): CodeIgniter\Debug\Exceptions->errorHandler(8, 'Undefined varia...', 'D:\\My Project\\p...', 63, Array)
#1 D:\My Project\project_ta\system\View\View.php(246): include('D:\\My Project\\p...')
#2 D:\My Project\project_ta\system\Common.php(1087): CodeIgniter\View\View->render('admin/konten/ca...', Array, true)
#3 D:\My Project\project_ta\app\Controllers\Admin\CalculateController.php(42): view('admin/konten/ca...', Array)
#4 D:\My Project\project_ta\system\CodeIgniter.php(914): App\Controllers\Admin\CalculateController->index()
#5 D:\My Project\project_ta\system\CodeIgniter.php(400): CodeIgniter\CodeIgniter->runController(Object(App\Controllers\Admin\CalculateController))
#6 D:\My Project\project_ta\system\CodeIgniter.php(308): CodeIgniter\CodeIgniter->handleRequest(NULL, Object(Config\Cache), false)
#7 D:\My Project\project_ta\public\index.php(45): CodeIgniter\CodeIgniter->run()
#8 D:\My Project\project_ta\system\Commands\Server\rewrite.php(34): require_once('D:\\My Project\\p...')
#9 {main}
CRITICAL - 2020-10-28 05:37:43 --> Trying to get property 'harga' of non-object
#0 D:\My Project\project_ta\app\Views\admin\konten\calculate.php(68): CodeIgniter\Debug\Exceptions->errorHandler(8, 'Trying to get p...', 'D:\\My Project\\p...', 68, Array)
#1 D:\My Project\project_ta\system\View\View.php(246): include('D:\\My Project\\p...')
#2 D:\My Project\project_ta\system\Common.php(1087): CodeIgniter\View\View->render('admin/konten/ca...', Array, true)
#3 D:\My Project\project_ta\app\Controllers\Admin\CalculateController.php(42): view('admin/konten/ca...', Array)
#4 D:\My Project\project_ta\system\CodeIgniter.php(914): App\Controllers\Admin\CalculateController->index()
#5 D:\My Project\project_ta\system\CodeIgniter.php(400): CodeIgniter\CodeIgniter->runController(Object(App\Controllers\Admin\CalculateController))
#6 D:\My Project\project_ta\system\CodeIgniter.php(308): CodeIgniter\CodeIgniter->handleRequest(NULL, Object(Config\Cache), false)
#7 D:\My Project\project_ta\public\index.php(45): CodeIgniter\CodeIgniter->run()
#8 D:\My Project\project_ta\system\Commands\Server\rewrite.php(34): require_once('D:\\My Project\\p...')
#9 {main}
CRITICAL - 2020-10-28 08:34:50 --> No connection could be made because the target machine actively refused it.

#0 D:\My Project\project_ta\system\Database\BaseConnection.php(377): CodeIgniter\Database\MySQLi\Connection->connect(false)
#1 D:\My Project\project_ta\system\Database\BaseConnection.php(643): CodeIgniter\Database\BaseConnection->initialize()
#2 D:\My Project\project_ta\system\Database\BaseBuilder.php(1845): CodeIgniter\Database\BaseConnection->query('SELECT *\nFROM `...', Array, false)
#3 D:\My Project\project_ta\system\Model.php(489): CodeIgniter\Database\BaseBuilder->get()
#4 D:\My Project\project_ta\app\Controllers\LoginController.php(27): CodeIgniter\Model->first()
#5 D:\My Project\project_ta\system\CodeIgniter.php(914): App\Controllers\LoginController->index()
#6 D:\My Project\project_ta\system\CodeIgniter.php(400): CodeIgniter\CodeIgniter->runController(Object(App\Controllers\LoginController))
#7 D:\My Project\project_ta\system\CodeIgniter.php(308): CodeIgniter\CodeIgniter->handleRequest(NULL, Object(Config\Cache), false)
#8 D:\My Project\project_ta\public\index.php(45): CodeIgniter\CodeIgniter->run()
#9 D:\My Project\project_ta\system\Commands\Server\rewrite.php(34): require_once('D:\\My Project\\p...')
#10 {main}
CRITICAL - 2020-10-28 09:39:06 --> Array and string offset access syntax with curly braces is deprecated
#0 D:\My Project\project_ta\app\ThirdParty\PHPExcel\PHPExcel\Autoloader.php(79): CodeIgniter\Debug\Exceptions->errorHandler(8192, 'Array and strin...', 'D:\\My Project\\p...', 526, Array)
#1 D:\My Project\project_ta\app\ThirdParty\PHPExcel\PHPExcel\Autoloader.php(79): require()
#2 [internal function]: PHPExcel_Autoloader::load('PHPExcel_Shared...')
#3 D:\My Project\project_ta\app\ThirdParty\PHPExcel\PHPExcel\Autoloader.php(11): spl_autoload_call('PHPExcel_Shared...')
#4 D:\My Project\project_ta\app\ThirdParty\PHPExcel\PHPExcel.php(6): require('D:\\My Project\\p...')
#5 D:\My Project\project_ta\system\Autoloader\Autoloader.php(161): include_once('D:\\My Project\\p...')
#6 [internal function]: CodeIgniter\Autoloader\Autoloader->CodeIgniter\Autoloader\{closure}('PHPExcel')
#7 D:\My Project\project_ta\app\Controllers\Admin\PenjualanController.php(140): spl_autoload_call('PHPExcel')
#8 D:\My Project\project_ta\system\CodeIgniter.php(914): App\Controllers\Admin\PenjualanController->export()
#9 D:\My Project\project_ta\system\CodeIgniter.php(400): CodeIgniter\CodeIgniter->runController(Object(App\Controllers\Admin\PenjualanController))
#10 D:\My Project\project_ta\system\CodeIgniter.php(308): CodeIgniter\CodeIgniter->handleRequest(NULL, Object(Config\Cache), false)
#11 D:\My Project\project_ta\public\index.php(45): CodeIgniter\CodeIgniter->run()
#12 D:\My Project\project_ta\system\Commands\Server\rewrite.php(34): require_once('D:\\My Project\\p...')
#13 {main}
CRITICAL - 2020-10-28 09:39:39 --> Array and string offset access syntax with curly braces is deprecated
#0 D:\My Project\project_ta\app\ThirdParty\PHPExcel\PHPExcel\Autoloader.php(79): CodeIgniter\Debug\Exceptions->errorHandler(8192, 'Array and strin...', 'D:\\My Project\\p...', 526, Array)
#1 D:\My Project\project_ta\app\ThirdParty\PHPExcel\PHPExcel\Autoloader.php(79): require()
#2 [internal function]: PHPExcel_Autoloader::load('PHPExcel_Shared...')
#3 D:\My Project\project_ta\app\ThirdParty\PHPExcel\PHPExcel\Autoloader.php(11): spl_autoload_call('PHPExcel_Shared...')
#4 D:\My Project\project_ta\app\ThirdParty\PHPExcel\PHPExcel.php(6): require('D:\\My Project\\p...')
#5 D:\My Project\project_ta\system\Autoloader\Autoloader.php(161): include_once('D:\\My Project\\p...')
#6 [internal function]: CodeIgniter\Autoloader\Autoloader->CodeIgniter\Autoloader\{closure}('PHPExcel')
#7 D:\My Project\project_ta\app\Controllers\Admin\PenjualanController.php(140): spl_autoload_call('PHPExcel')
#8 D:\My Project\project_ta\system\CodeIgniter.php(914): App\Controllers\Admin\PenjualanController->export()
#9 D:\My Project\project_ta\system\CodeIgniter.php(400): CodeIgniter\CodeIgniter->runController(Object(App\Controllers\Admin\PenjualanController))
#10 D:\My Project\project_ta\system\CodeIgniter.php(308): CodeIgniter\CodeIgniter->handleRequest(NULL, Object(Config\Cache), false)
#11 D:\My Project\project_ta\public\index.php(45): CodeIgniter\CodeIgniter->run()
#12 D:\My Project\project_ta\system\Commands\Server\rewrite.php(34): require_once('D:\\My Project\\p...')
#13 {main}
CRITICAL - 2020-10-28 09:40:02 --> Array and string offset access syntax with curly braces is deprecated
#0 D:\My Project\project_ta\app\ThirdParty\PHPExcel\PHPExcel\Autoloader.php(79): CodeIgniter\Debug\Exceptions->errorHandler(8192, 'Array and strin...', 'D:\\My Project\\p...', 526, Array)
#1 D:\My Project\project_ta\app\ThirdParty\PHPExcel\PHPExcel\Autoloader.php(79): require()
#2 [internal function]: PHPExcel_Autoloader::load('PHPExcel_Shared...')
#3 D:\My Project\project_ta\app\ThirdParty\PHPExcel\PHPExcel\Autoloader.php(11): spl_autoload_call('PHPExcel_Shared...')
#4 D:\My Project\project_ta\app\ThirdParty\PHPExcel\PHPExcel.php(6): require('D:\\My Project\\p...')
#5 D:\My Project\project_ta\system\Autoloader\Autoloader.php(161): include_once('D:\\My Project\\p...')
#6 [internal function]: CodeIgniter\Autoloader\Autoloader->CodeIgniter\Autoloader\{closure}('PHPExcel')
#7 D:\My Project\project_ta\app\Controllers\Admin\PenjualanController.php(140): spl_autoload_call('PHPExcel')
#8 D:\My Project\project_ta\system\CodeIgniter.php(914): App\Controllers\Admin\PenjualanController->export()
#9 D:\My Project\project_ta\system\CodeIgniter.php(400): CodeIgniter\CodeIgniter->runController(Object(App\Controllers\Admin\PenjualanController))
#10 D:\My Project\project_ta\system\CodeIgniter.php(308): CodeIgniter\CodeIgniter->handleRequest(NULL, Object(Config\Cache), false)
#11 D:\My Project\project_ta\public\index.php(45): CodeIgniter\CodeIgniter->run()
#12 D:\My Project\project_ta\system\Commands\Server\rewrite.php(34): require_once('D:\\My Project\\p...')
#13 {main}
CRITICAL - 2020-10-28 09:40:22 --> Array and string offset access syntax with curly braces is deprecated
#0 D:\My Project\project_ta\app\ThirdParty\PHPExcel\PHPExcel\Autoloader.php(79): CodeIgniter\Debug\Exceptions->errorHandler(8192, 'Array and strin...', 'D:\\My Project\\p...', 526, Array)
#1 D:\My Project\project_ta\app\ThirdParty\PHPExcel\PHPExcel\Autoloader.php(79): require()
#2 [internal function]: PHPExcel_Autoloader::load('PHPExcel_Shared...')
#3 D:\My Project\project_ta\app\ThirdParty\PHPExcel\PHPExcel\Autoloader.php(11): spl_autoload_call('PHPExcel_Shared...')
#4 D:\My Project\project_ta\app\ThirdParty\PHPExcel\PHPExcel.php(6): require('D:\\My Project\\p...')
#5 D:\My Project\project_ta\system\Autoloader\Autoloader.php(161): include_once('D:\\My Project\\p...')
#6 [internal function]: CodeIgniter\Autoloader\Autoloader->CodeIgniter\Autoloader\{closure}('PHPExcel')
#7 D:\My Project\project_ta\app\Controllers\Admin\PenjualanController.php(140): spl_autoload_call('PHPExcel')
#8 D:\My Project\project_ta\system\CodeIgniter.php(914): App\Controllers\Admin\PenjualanController->export()
#9 D:\My Project\project_ta\system\CodeIgniter.php(400): CodeIgniter\CodeIgniter->runController(Object(App\Controllers\Admin\PenjualanController))
#10 D:\My Project\project_ta\system\CodeIgniter.php(308): CodeIgniter\CodeIgniter->handleRequest(NULL, Object(Config\Cache), false)
#11 D:\My Project\project_ta\public\index.php(45): CodeIgniter\CodeIgniter->run()
#12 D:\My Project\project_ta\system\Commands\Server\rewrite.php(34): require_once('D:\\My Project\\p...')
#13 {main}
CRITICAL - 2020-10-28 09:44:16 --> Array and string offset access syntax with curly braces is deprecated
#0 D:\My Project\project_ta\app\ThirdParty\PHPExcel\PHPExcel\Autoloader.php(79): CodeIgniter\Debug\Exceptions->errorHandler(8192, 'Array and strin...', 'D:\\My Project\\p...', 2551, Array)
#1 D:\My Project\project_ta\app\ThirdParty\PHPExcel\PHPExcel\Autoloader.php(79): require()
#2 [internal function]: PHPExcel_Autoloader::load('PHPExcel_Calcul...')
#3 D:\My Project\project_ta\app\ThirdParty\PHPExcel\PHPExcel.php(367): spl_autoload_call('PHPExcel_Calcul...')
#4 D:\My Project\project_ta\app\Controllers\Admin\PenjualanController.php(140): PHPExcel->__construct()
#5 D:\My Project\project_ta\system\CodeIgniter.php(914): App\Controllers\Admin\PenjualanController->export()
#6 D:\My Project\project_ta\system\CodeIgniter.php(400): CodeIgniter\CodeIgniter->runController(Object(App\Controllers\Admin\PenjualanController))
#7 D:\My Project\project_ta\system\CodeIgniter.php(308): CodeIgniter\CodeIgniter->handleRequest(NULL, Object(Config\Cache), false)
#8 D:\My Project\project_ta\public\index.php(45): CodeIgniter\CodeIgniter->run()
#9 D:\My Project\project_ta\system\Commands\Server\rewrite.php(34): require_once('D:\\My Project\\p...')
#10 {main}
CRITICAL - 2020-10-28 09:51:27 --> syntax error, unexpected '[', expecting variable (T_VARIABLE) or '{' or '$'
#0 [internal function]: PHPExcel_Autoloader::load('PHPExcel_Calcul...')
#1 D:\My Project\project_ta\app\ThirdParty\PHPExcel\PHPExcel.php(367): spl_autoload_call('PHPExcel_Calcul...')
#2 D:\My Project\project_ta\app\Controllers\Admin\PenjualanController.php(140): PHPExcel->__construct()
#3 D:\My Project\project_ta\system\CodeIgniter.php(914): App\Controllers\Admin\PenjualanController->export()
#4 D:\My Project\project_ta\system\CodeIgniter.php(400): CodeIgniter\CodeIgniter->runController(Object(App\Controllers\Admin\PenjualanController))
#5 D:\My Project\project_ta\system\CodeIgniter.php(308): CodeIgniter\CodeIgniter->handleRequest(NULL, Object(Config\Cache), false)
#6 D:\My Project\project_ta\public\index.php(45): CodeIgniter\CodeIgniter->run()
#7 D:\My Project\project_ta\system\Commands\Server\rewrite.php(34): require_once('D:\\My Project\\p...')
#8 {main}
CRITICAL - 2020-10-28 09:52:07 --> Array and string offset access syntax with curly braces is deprecated
#0 D:\My Project\project_ta\app\ThirdParty\PHPExcel\PHPExcel\Autoloader.php(79): CodeIgniter\Debug\Exceptions->errorHandler(8192, 'Array and strin...', 'D:\\My Project\\p...', 720, Array)
#1 D:\My Project\project_ta\app\ThirdParty\PHPExcel\PHPExcel\Autoloader.php(79): require()
#2 [internal function]: PHPExcel_Autoloader::load('PHPExcel_Worksh...')
#3 D:\My Project\project_ta\app\ThirdParty\PHPExcel\PHPExcel\Worksheet.php(361): spl_autoload_call('PHPExcel_Worksh...')
#4 D:\My Project\project_ta\app\ThirdParty\PHPExcel\PHPExcel.php(371): PHPExcel_Worksheet->__construct(Object(PHPExcel))
#5 D:\My Project\project_ta\app\Controllers\Admin\PenjualanController.php(140): PHPExcel->__construct()
#6 D:\My Project\project_ta\system\CodeIgniter.php(914): App\Controllers\Admin\PenjualanController->export()
#7 D:\My Project\project_ta\system\CodeIgniter.php(400): CodeIgniter\CodeIgniter->runController(Object(App\Controllers\Admin\PenjualanController))
#8 D:\My Project\project_ta\system\CodeIgniter.php(308): CodeIgniter\CodeIgniter->handleRequest(NULL, Object(Config\Cache), false)
#9 D:\My Project\project_ta\public\index.php(45): CodeIgniter\CodeIgniter->run()
#10 D:\My Project\project_ta\system\Commands\Server\rewrite.php(34): require_once('D:\\My Project\\p...')
#11 {main}
CRITICAL - 2020-10-28 09:52:59 --> Array and string offset access syntax with curly braces is deprecated
#0 D:\My Project\project_ta\app\ThirdParty\PHPExcel\PHPExcel\Autoloader.php(79): CodeIgniter\Debug\Exceptions->errorHandler(8192, 'Array and strin...', 'D:\\My Project\\p...', 812, Array)
#1 D:\My Project\project_ta\app\ThirdParty\PHPExcel\PHPExcel\Autoloader.php(79): require()
#2 [internal function]: PHPExcel_Autoloader::load('PHPExcel_Cell')
#3 D:\My Project\project_ta\app\ThirdParty\PHPExcel\PHPExcel\Worksheet.php(1192): spl_autoload_call('PHPExcel_Cell')
#4 D:\My Project\project_ta\app\ThirdParty\PHPExcel\PHPExcel\Worksheet.php(1100): PHPExcel_Worksheet->getCellByColumnAndRow(0, 1)
#5 D:\My Project\project_ta\app\Controllers\Admin\PenjualanController.php(145): PHPExcel_Worksheet->setCellValueByColumnAndRow(0, 1, 'ID')
#6 D:\My Project\project_ta\system\CodeIgniter.php(914): App\Controllers\Admin\PenjualanController->export()
#7 D:\My Project\project_ta\system\CodeIgniter.php(400): CodeIgniter\CodeIgniter->runController(Object(App\Controllers\Admin\PenjualanController))
#8 D:\My Project\project_ta\system\CodeIgniter.php(308): CodeIgniter\CodeIgniter->handleRequest(NULL, Object(Config\Cache), false)
#9 D:\My Project\project_ta\public\index.php(45): CodeIgniter\CodeIgniter->run()
#10 D:\My Project\project_ta\system\Commands\Server\rewrite.php(34): require_once('D:\\My Project\\p...')
#11 {main}
CRITICAL - 2020-10-28 09:54:23 --> Array and string offset access syntax with curly braces is deprecated
#0 D:\My Project\project_ta\app\ThirdParty\PHPExcel\PHPExcel\Autoloader.php(79): CodeIgniter\Debug\Exceptions->errorHandler(8192, 'Array and strin...', 'D:\\My Project\\p...', 82, Array)
#1 D:\My Project\project_ta\app\ThirdParty\PHPExcel\PHPExcel\Autoloader.php(79): require()
#2 [internal function]: PHPExcel_Autoloader::load('PHPExcel_Cell_D...')
#3 D:\My Project\project_ta\app\ThirdParty\PHPExcel\PHPExcel\Cell.php(946): spl_autoload_call('PHPExcel_Cell_D...')
#4 D:\My Project\project_ta\app\ThirdParty\PHPExcel\PHPExcel\Cell.php(206): PHPExcel_Cell::getValueBinder()
#5 D:\My Project\project_ta\app\ThirdParty\PHPExcel\PHPExcel\Worksheet.php(1100): PHPExcel_Cell->setValue('ID')
#6 D:\My Project\project_ta\app\Controllers\Admin\PenjualanController.php(145): PHPExcel_Worksheet->setCellValueByColumnAndRow(0, 1, 'ID')
#7 D:\My Project\project_ta\system\CodeIgniter.php(914): App\Controllers\Admin\PenjualanController->export()
#8 D:\My Project\project_ta\system\CodeIgniter.php(400): CodeIgniter\CodeIgniter->runController(Object(App\Controllers\Admin\PenjualanController))
#9 D:\My Project\project_ta\system\CodeIgniter.php(308): CodeIgniter\CodeIgniter->handleRequest(NULL, Object(Config\Cache), false)
#10 D:\My Project\project_ta\public\index.php(45): CodeIgniter\CodeIgniter->run()
#11 D:\My Project\project_ta\system\Commands\Server\rewrite.php(34): require_once('D:\\My Project\\p...')
#12 {main}
CRITICAL - 2020-10-28 09:54:57 --> Array and string offset access syntax with curly braces is deprecated
#0 D:\My Project\project_ta\app\ThirdParty\PHPExcel\PHPExcel\Autoloader.php(79): CodeIgniter\Debug\Exceptions->errorHandler(8192, 'Array and strin...', 'D:\\My Project\\p...', 321, Array)
#1 D:\My Project\project_ta\app\ThirdParty\PHPExcel\PHPExcel\Autoloader.php(79): require()
#2 [internal function]: PHPExcel_Autoloader::load('PHPExcel_Calcul...')
#3 D:\My Project\project_ta\app\ThirdParty\PHPExcel\PHPExcel\Writer\Excel2007.php(198): spl_autoload_call('PHPExcel_Calcul...')
#4 D:\My Project\project_ta\app\Controllers\Admin\PenjualanController.php(164): PHPExcel_Writer_Excel2007->save('C:\\Users\\A455L\\...')
#5 D:\My Project\project_ta\system\CodeIgniter.php(914): App\Controllers\Admin\PenjualanController->export()
#6 D:\My Project\project_ta\system\CodeIgniter.php(400): CodeIgniter\CodeIgniter->runController(Object(App\Controllers\Admin\PenjualanController))
#7 D:\My Project\project_ta\system\CodeIgniter.php(308): CodeIgniter\CodeIgniter->handleRequest(NULL, Object(Config\Cache), false)
#8 D:\My Project\project_ta\public\index.php(45): CodeIgniter\CodeIgniter->run()
#9 D:\My Project\project_ta\system\Commands\Server\rewrite.php(34): require_once('D:\\My Project\\p...')
#10 {main}
CRITICAL - 2020-10-28 09:54:58 --> Array and string offset access syntax with curly braces is deprecated
#0 D:\My Project\project_ta\app\ThirdParty\PHPExcel\PHPExcel\Autoloader.php(79): CodeIgniter\Debug\Exceptions->errorHandler(8192, 'Array and strin...', 'D:\\My Project\\p...', 321, Array)
#1 D:\My Project\project_ta\app\ThirdParty\PHPExcel\PHPExcel\Autoloader.php(79): require()
#2 [internal function]: PHPExcel_Autoloader::load('PHPExcel_Calcul...')
#3 D:\My Project\project_ta\app\ThirdParty\PHPExcel\PHPExcel\Writer\Excel2007.php(198): spl_autoload_call('PHPExcel_Calcul...')
#4 D:\My Project\project_ta\app\Controllers\Admin\PenjualanController.php(164): PHPExcel_Writer_Excel2007->save('C:\\Users\\A455L\\...')
#5 D:\My Project\project_ta\system\CodeIgniter.php(914): App\Controllers\Admin\PenjualanController->export()
#6 D:\My Project\project_ta\system\CodeIgniter.php(400): CodeIgniter\CodeIgniter->runController(Object(App\Controllers\Admin\PenjualanController))
#7 D:\My Project\project_ta\system\CodeIgniter.php(308): CodeIgniter\CodeIgniter->handleRequest(NULL, Object(Config\Cache), false)
#8 D:\My Project\project_ta\public\index.php(45): CodeIgniter\CodeIgniter->run()
#9 D:\My Project\project_ta\system\Commands\Server\rewrite.php(34): require_once('D:\\My Project\\p...')
#10 {main}
CRITICAL - 2020-10-28 09:55:05 --> Array and string offset access syntax with curly braces is deprecated
#0 D:\My Project\project_ta\app\ThirdParty\PHPExcel\PHPExcel\Autoloader.php(79): CodeIgniter\Debug\Exceptions->errorHandler(8192, 'Array and strin...', 'D:\\My Project\\p...', 321, Array)
#1 D:\My Project\project_ta\app\ThirdParty\PHPExcel\PHPExcel\Autoloader.php(79): require()
#2 [internal function]: PHPExcel_Autoloader::load('PHPExcel_Calcul...')
#3 D:\My Project\project_ta\app\ThirdParty\PHPExcel\PHPExcel\Writer\Excel2007.php(198): spl_autoload_call('PHPExcel_Calcul...')
#4 D:\My Project\project_ta\app\Controllers\Admin\PenjualanController.php(164): PHPExcel_Writer_Excel2007->save('C:\\Users\\A455L\\...')
#5 D:\My Project\project_ta\system\CodeIgniter.php(914): App\Controllers\Admin\PenjualanController->export()
#6 D:\My Project\project_ta\system\CodeIgniter.php(400): CodeIgniter\CodeIgniter->runController(Object(App\Controllers\Admin\PenjualanController))
#7 D:\My Project\project_ta\system\CodeIgniter.php(308): CodeIgniter\CodeIgniter->handleRequest(NULL, Object(Config\Cache), false)
#8 D:\My Project\project_ta\public\index.php(45): CodeIgniter\CodeIgniter->run()
#9 D:\My Project\project_ta\system\Commands\Server\rewrite.php(34): require_once('D:\\My Project\\p...')
#10 {main}
CRITICAL - 2020-10-28 09:55:07 --> Array and string offset access syntax with curly braces is deprecated
#0 D:\My Project\project_ta\app\ThirdParty\PHPExcel\PHPExcel\Autoloader.php(79): CodeIgniter\Debug\Exceptions->errorHandler(8192, 'Array and strin...', 'D:\\My Project\\p...', 321, Array)
#1 D:\My Project\project_ta\app\ThirdParty\PHPExcel\PHPExcel\Autoloader.php(79): require()
#2 [internal function]: PHPExcel_Autoloader::load('PHPExcel_Calcul...')
#3 D:\My Project\project_ta\app\ThirdParty\PHPExcel\PHPExcel\Writer\Excel2007.php(198): spl_autoload_call('PHPExcel_Calcul...')
#4 D:\My Project\project_ta\app\Controllers\Admin\PenjualanController.php(164): PHPExcel_Writer_Excel2007->save('C:\\Users\\A455L\\...')
#5 D:\My Project\project_ta\system\CodeIgniter.php(914): App\Controllers\Admin\PenjualanController->export()
#6 D:\My Project\project_ta\system\CodeIgniter.php(400): CodeIgniter\CodeIgniter->runController(Object(App\Controllers\Admin\PenjualanController))
#7 D:\My Project\project_ta\system\CodeIgniter.php(308): CodeIgniter\CodeIgniter->handleRequest(NULL, Object(Config\Cache), false)
#8 D:\My Project\project_ta\public\index.php(45): CodeIgniter\CodeIgniter->run()
#9 D:\My Project\project_ta\system\Commands\Server\rewrite.php(34): require_once('D:\\My Project\\p...')
#10 {main}
CRITICAL - 2020-10-28 09:55:12 --> Array and string offset access syntax with curly braces is deprecated
#0 D:\My Project\project_ta\app\ThirdParty\PHPExcel\PHPExcel\Autoloader.php(79): CodeIgniter\Debug\Exceptions->errorHandler(8192, 'Array and strin...', 'D:\\My Project\\p...', 321, Array)
#1 D:\My Project\project_ta\app\ThirdParty\PHPExcel\PHPExcel\Autoloader.php(79): require()
#2 [internal function]: PHPExcel_Autoloader::load('PHPExcel_Calcul...')
#3 D:\My Project\project_ta\app\ThirdParty\PHPExcel\PHPExcel\Writer\Excel2007.php(198): spl_autoload_call('PHPExcel_Calcul...')
#4 D:\My Project\project_ta\app\Controllers\Admin\PenjualanController.php(164): PHPExcel_Writer_Excel2007->save('C:\\Users\\A455L\\...')
#5 D:\My Project\project_ta\system\CodeIgniter.php(914): App\Controllers\Admin\PenjualanController->export()
#6 D:\My Project\project_ta\system\CodeIgniter.php(400): CodeIgniter\CodeIgniter->runController(Object(App\Controllers\Admin\PenjualanController))
#7 D:\My Project\project_ta\system\CodeIgniter.php(308): CodeIgniter\CodeIgniter->handleRequest(NULL, Object(Config\Cache), false)
#8 D:\My Project\project_ta\public\index.php(45): CodeIgniter\CodeIgniter->run()
#9 D:\My Project\project_ta\system\Commands\Server\rewrite.php(34): require_once('D:\\My Project\\p...')
#10 {main}
CRITICAL - 2020-10-28 09:55:29 --> Class 'PHPExcel_Writer_Excel2010' not found
#0 D:\My Project\project_ta\app\Controllers\Admin\PenjualanController.php(161): PHPExcel_IOFactory::createWriter(Object(PHPExcel), 'Excel2010')
#1 D:\My Project\project_ta\system\CodeIgniter.php(914): App\Controllers\Admin\PenjualanController->export()
#2 D:\My Project\project_ta\system\CodeIgniter.php(400): CodeIgniter\CodeIgniter->runController(Object(App\Controllers\Admin\PenjualanController))
#3 D:\My Project\project_ta\system\CodeIgniter.php(308): CodeIgniter\CodeIgniter->handleRequest(NULL, Object(Config\Cache), false)
#4 D:\My Project\project_ta\public\index.php(45): CodeIgniter\CodeIgniter->run()
#5 D:\My Project\project_ta\system\Commands\Server\rewrite.php(34): require_once('D:\\My Project\\p...')
#6 {main}
CRITICAL - 2020-10-28 09:55:40 --> Class 'PHPExcel_Writer_Excel2009' not found
#0 D:\My Project\project_ta\app\Controllers\Admin\PenjualanController.php(161): PHPExcel_IOFactory::createWriter(Object(PHPExcel), 'Excel2009')
#1 D:\My Project\project_ta\system\CodeIgniter.php(914): App\Controllers\Admin\PenjualanController->export()
#2 D:\My Project\project_ta\system\CodeIgniter.php(400): CodeIgniter\CodeIgniter->runController(Object(App\Controllers\Admin\PenjualanController))
#3 D:\My Project\project_ta\system\CodeIgniter.php(308): CodeIgniter\CodeIgniter->handleRequest(NULL, Object(Config\Cache), false)
#4 D:\My Project\project_ta\public\index.php(45): CodeIgniter\CodeIgniter->run()
#5 D:\My Project\project_ta\system\Commands\Server\rewrite.php(34): require_once('D:\\My Project\\p...')
#6 {main}
CRITICAL - 2020-10-28 09:55:44 --> Array and string offset access syntax with curly braces is deprecated
#0 D:\My Project\project_ta\app\ThirdParty\PHPExcel\PHPExcel\Autoloader.php(79): CodeIgniter\Debug\Exceptions->errorHandler(8192, 'Array and strin...', 'D:\\My Project\\p...', 321, Array)
#1 D:\My Project\project_ta\app\ThirdParty\PHPExcel\PHPExcel\Autoloader.php(79): require()
#2 [internal function]: PHPExcel_Autoloader::load('PHPExcel_Calcul...')
#3 D:\My Project\project_ta\app\ThirdParty\PHPExcel\PHPExcel\Writer\Excel2007.php(198): spl_autoload_call('PHPExcel_Calcul...')
#4 D:\My Project\project_ta\app\Controllers\Admin\PenjualanController.php(164): PHPExcel_Writer_Excel2007->save('C:\\Users\\A455L\\...')
#5 D:\My Project\project_ta\system\CodeIgniter.php(914): App\Controllers\Admin\PenjualanController->export()
#6 D:\My Project\project_ta\system\CodeIgniter.php(400): CodeIgniter\CodeIgniter->runController(Object(App\Controllers\Admin\PenjualanController))
#7 D:\My Project\project_ta\system\CodeIgniter.php(308): CodeIgniter\CodeIgniter->handleRequest(NULL, Object(Config\Cache), false)
#8 D:\My Project\project_ta\public\index.php(45): CodeIgniter\CodeIgniter->run()
#9 D:\My Project\project_ta\system\Commands\Server\rewrite.php(34): require_once('D:\\My Project\\p...')
#10 {main}
CRITICAL - 2020-10-28 09:55:45 --> Array and string offset access syntax with curly braces is deprecated
#0 D:\My Project\project_ta\app\ThirdParty\PHPExcel\PHPExcel\Autoloader.php(79): CodeIgniter\Debug\Exceptions->errorHandler(8192, 'Array and strin...', 'D:\\My Project\\p...', 321, Array)
#1 D:\My Project\project_ta\app\ThirdParty\PHPExcel\PHPExcel\Autoloader.php(79): require()
#2 [internal function]: PHPExcel_Autoloader::load('PHPExcel_Calcul...')
#3 D:\My Project\project_ta\app\ThirdParty\PHPExcel\PHPExcel\Writer\Excel2007.php(198): spl_autoload_call('PHPExcel_Calcul...')
#4 D:\My Project\project_ta\app\Controllers\Admin\PenjualanController.php(164): PHPExcel_Writer_Excel2007->save('C:\\Users\\A455L\\...')
#5 D:\My Project\project_ta\system\CodeIgniter.php(914): App\Controllers\Admin\PenjualanController->export()
#6 D:\My Project\project_ta\system\CodeIgniter.php(400): CodeIgniter\CodeIgniter->runController(Object(App\Controllers\Admin\PenjualanController))
#7 D:\My Project\project_ta\system\CodeIgniter.php(308): CodeIgniter\CodeIgniter->handleRequest(NULL, Object(Config\Cache), false)
#8 D:\My Project\project_ta\public\index.php(45): CodeIgniter\CodeIgniter->run()
#9 D:\My Project\project_ta\system\Commands\Server\rewrite.php(34): require_once('D:\\My Project\\p...')
#10 {main}
CRITICAL - 2020-10-28 09:55:47 --> Class 'PHPExcel_Writer_Excel2009' not found
#0 D:\My Project\project_ta\app\Controllers\Admin\PenjualanController.php(161): PHPExcel_IOFactory::createWriter(Object(PHPExcel), 'Excel2009')
#1 D:\My Project\project_ta\system\CodeIgniter.php(914): App\Controllers\Admin\PenjualanController->export()
#2 D:\My Project\project_ta\system\CodeIgniter.php(400): CodeIgniter\CodeIgniter->runController(Object(App\Controllers\Admin\PenjualanController))
#3 D:\My Project\project_ta\system\CodeIgniter.php(308): CodeIgniter\CodeIgniter->handleRequest(NULL, Object(Config\Cache), false)
#4 D:\My Project\project_ta\public\index.php(45): CodeIgniter\CodeIgniter->run()
#5 D:\My Project\project_ta\system\Commands\Server\rewrite.php(34): require_once('D:\\My Project\\p...')
#6 {main}
CRITICAL - 2020-10-28 09:56:01 --> Class 'PHPExcel_Writer_Excel2009' not found
#0 D:\My Project\project_ta\app\Controllers\Admin\PenjualanController.php(161): PHPExcel_IOFactory::createWriter(Object(PHPExcel), 'Excel2009')
#1 D:\My Project\project_ta\system\CodeIgniter.php(914): App\Controllers\Admin\PenjualanController->export()
#2 D:\My Project\project_ta\system\CodeIgniter.php(400): CodeIgniter\CodeIgniter->runController(Object(App\Controllers\Admin\PenjualanController))
#3 D:\My Project\project_ta\system\CodeIgniter.php(308): CodeIgniter\CodeIgniter->handleRequest(NULL, Object(Config\Cache), false)
#4 D:\My Project\project_ta\public\index.php(45): CodeIgniter\CodeIgniter->run()
#5 D:\My Project\project_ta\system\Commands\Server\rewrite.php(34): require_once('D:\\My Project\\p...')
#6 {main}
CRITICAL - 2020-10-28 09:56:06 --> Array and string offset access syntax with curly braces is deprecated
#0 D:\My Project\project_ta\app\ThirdParty\PHPExcel\PHPExcel\Autoloader.php(79): CodeIgniter\Debug\Exceptions->errorHandler(8192, 'Array and strin...', 'D:\\My Project\\p...', 321, Array)
#1 D:\My Project\project_ta\app\ThirdParty\PHPExcel\PHPExcel\Autoloader.php(79): require()
#2 [internal function]: PHPExcel_Autoloader::load('PHPExcel_Calcul...')
#3 D:\My Project\project_ta\app\ThirdParty\PHPExcel\PHPExcel\Writer\Excel2007.php(198): spl_autoload_call('PHPExcel_Calcul...')
#4 D:\My Project\project_ta\app\Controllers\Admin\PenjualanController.php(164): PHPExcel_Writer_Excel2007->save('C:\\Users\\A455L\\...')
#5 D:\My Project\project_ta\system\CodeIgniter.php(914): App\Controllers\Admin\PenjualanController->export()
#6 D:\My Project\project_ta\system\CodeIgniter.php(400): CodeIgniter\CodeIgniter->runController(Object(App\Controllers\Admin\PenjualanController))
#7 D:\My Project\project_ta\system\CodeIgniter.php(308): CodeIgniter\CodeIgniter->handleRequest(NULL, Object(Config\Cache), false)
#8 D:\My Project\project_ta\public\index.php(45): CodeIgniter\CodeIgniter->run()
#9 D:\My Project\project_ta\system\Commands\Server\rewrite.php(34): require_once('D:\\My Project\\p...')
#10 {main}
CRITICAL - 2020-10-28 09:56:07 --> Array and string offset access syntax with curly braces is deprecated
#0 D:\My Project\project_ta\app\ThirdParty\PHPExcel\PHPExcel\Autoloader.php(79): CodeIgniter\Debug\Exceptions->errorHandler(8192, 'Array and strin...', 'D:\\My Project\\p...', 321, Array)
#1 D:\My Project\project_ta\app\ThirdParty\PHPExcel\PHPExcel\Autoloader.php(79): require()
#2 [internal function]: PHPExcel_Autoloader::load('PHPExcel_Calcul...')
#3 D:\My Project\project_ta\app\ThirdParty\PHPExcel\PHPExcel\Writer\Excel2007.php(198): spl_autoload_call('PHPExcel_Calcul...')
#4 D:\My Project\project_ta\app\Controllers\Admin\PenjualanController.php(164): PHPExcel_Writer_Excel2007->save('C:\\Users\\A455L\\...')
#5 D:\My Project\project_ta\system\CodeIgniter.php(914): App\Controllers\Admin\PenjualanController->export()
#6 D:\My Project\project_ta\system\CodeIgniter.php(400): CodeIgniter\CodeIgniter->runController(Object(App\Controllers\Admin\PenjualanController))
#7 D:\My Project\project_ta\system\CodeIgniter.php(308): CodeIgniter\CodeIgniter->handleRequest(NULL, Object(Config\Cache), false)
#8 D:\My Project\project_ta\public\index.php(45): CodeIgniter\CodeIgniter->run()
#9 D:\My Project\project_ta\system\Commands\Server\rewrite.php(34): require_once('D:\\My Project\\p...')
#10 {main}
CRITICAL - 2020-10-28 09:56:09 --> Undefined variable: writer
#0 D:\My Project\project_ta\app\Controllers\Admin\PenjualanController.php(164): CodeIgniter\Debug\Exceptions->errorHandler(8, 'Undefined varia...', 'D:\\My Project\\p...', 164, Array)
#1 D:\My Project\project_ta\system\CodeIgniter.php(914): App\Controllers\Admin\PenjualanController->export()
#2 D:\My Project\project_ta\system\CodeIgniter.php(400): CodeIgniter\CodeIgniter->runController(Object(App\Controllers\Admin\PenjualanController))
#3 D:\My Project\project_ta\system\CodeIgniter.php(308): CodeIgniter\CodeIgniter->handleRequest(NULL, Object(Config\Cache), false)
#4 D:\My Project\project_ta\public\index.php(45): CodeIgniter\CodeIgniter->run()
#5 D:\My Project\project_ta\system\Commands\Server\rewrite.php(34): require_once('D:\\My Project\\p...')
#6 {main}
CRITICAL - 2020-10-28 09:56:12 --> Undefined variable: writer
#0 D:\My Project\project_ta\app\Controllers\Admin\PenjualanController.php(164): CodeIgniter\Debug\Exceptions->errorHandler(8, 'Undefined varia...', 'D:\\My Project\\p...', 164, Array)
#1 D:\My Project\project_ta\system\CodeIgniter.php(914): App\Controllers\Admin\PenjualanController->export()
#2 D:\My Project\project_ta\system\CodeIgniter.php(400): CodeIgniter\CodeIgniter->runController(Object(App\Controllers\Admin\PenjualanController))
#3 D:\My Project\project_ta\system\CodeIgniter.php(308): CodeIgniter\CodeIgniter->handleRequest(NULL, Object(Config\Cache), false)
#4 D:\My Project\project_ta\public\index.php(45): CodeIgniter\CodeIgniter->run()
#5 D:\My Project\project_ta\system\Commands\Server\rewrite.php(34): require_once('D:\\My Project\\p...')
#6 {main}
CRITICAL - 2020-10-28 09:56:55 --> Array and string offset access syntax with curly braces is deprecated
#0 D:\My Project\project_ta\app\ThirdParty\PHPExcel\PHPExcel\Autoloader.php(79): CodeIgniter\Debug\Exceptions->errorHandler(8192, 'Array and strin...', 'D:\\My Project\\p...', 321, Array)
#1 D:\My Project\project_ta\app\ThirdParty\PHPExcel\PHPExcel\Autoloader.php(79): require()
#2 [internal function]: PHPExcel_Autoloader::load('PHPExcel_Calcul...')
#3 D:\My Project\project_ta\app\ThirdParty\PHPExcel\PHPExcel\Writer\Excel2007.php(198): spl_autoload_call('PHPExcel_Calcul...')
#4 D:\My Project\project_ta\app\Controllers\Admin\PenjualanController.php(164): PHPExcel_Writer_Excel2007->save('C:\\Users\\A455L\\...')
#5 D:\My Project\project_ta\system\CodeIgniter.php(914): App\Controllers\Admin\PenjualanController->export()
#6 D:\My Project\project_ta\system\CodeIgniter.php(400): CodeIgniter\CodeIgniter->runController(Object(App\Controllers\Admin\PenjualanController))
#7 D:\My Project\project_ta\system\CodeIgniter.php(308): CodeIgniter\CodeIgniter->handleRequest(NULL, Object(Config\Cache), false)
#8 D:\My Project\project_ta\public\index.php(45): CodeIgniter\CodeIgniter->run()
#9 D:\My Project\project_ta\system\Commands\Server\rewrite.php(34): require_once('D:\\My Project\\p...')
#10 {main}
CRITICAL - 2020-10-28 09:56:57 --> Array and string offset access syntax with curly braces is deprecated
#0 D:\My Project\project_ta\app\ThirdParty\PHPExcel\PHPExcel\Autoloader.php(79): CodeIgniter\Debug\Exceptions->errorHandler(8192, 'Array and strin...', 'D:\\My Project\\p...', 321, Array)
#1 D:\My Project\project_ta\app\ThirdParty\PHPExcel\PHPExcel\Autoloader.php(79): require()
#2 [internal function]: PHPExcel_Autoloader::load('PHPExcel_Calcul...')
#3 D:\My Project\project_ta\app\ThirdParty\PHPExcel\PHPExcel\Writer\Excel2007.php(198): spl_autoload_call('PHPExcel_Calcul...')
#4 D:\My Project\project_ta\app\Controllers\Admin\PenjualanController.php(164): PHPExcel_Writer_Excel2007->save('C:\\Users\\A455L\\...')
#5 D:\My Project\project_ta\system\CodeIgniter.php(914): App\Controllers\Admin\PenjualanController->export()
#6 D:\My Project\project_ta\system\CodeIgniter.php(400): CodeIgniter\CodeIgniter->runController(Object(App\Controllers\Admin\PenjualanController))
#7 D:\My Project\project_ta\system\CodeIgniter.php(308): CodeIgniter\CodeIgniter->handleRequest(NULL, Object(Config\Cache), false)
#8 D:\My Project\project_ta\public\index.php(45): CodeIgniter\CodeIgniter->run()
#9 D:\My Project\project_ta\system\Commands\Server\rewrite.php(34): require_once('D:\\My Project\\p...')
#10 {main}
CRITICAL - 2020-10-28 09:57:02 --> Array and string offset access syntax with curly braces is deprecated
#0 D:\My Project\project_ta\app\ThirdParty\PHPExcel\PHPExcel\Autoloader.php(79): CodeIgniter\Debug\Exceptions->errorHandler(8192, 'Array and strin...', 'D:\\My Project\\p...', 321, Array)
#1 D:\My Project\project_ta\app\ThirdParty\PHPExcel\PHPExcel\Autoloader.php(79): require()
#2 [internal function]: PHPExcel_Autoloader::load('PHPExcel_Calcul...')
#3 D:\My Project\project_ta\app\ThirdParty\PHPExcel\PHPExcel\Writer\Excel2007.php(198): spl_autoload_call('PHPExcel_Calcul...')
#4 D:\My Project\project_ta\app\Controllers\Admin\PenjualanController.php(164): PHPExcel_Writer_Excel2007->save('C:\\Users\\A455L\\...')
#5 D:\My Project\project_ta\system\CodeIgniter.php(914): App\Controllers\Admin\PenjualanController->export()
#6 D:\My Project\project_ta\system\CodeIgniter.php(400): CodeIgniter\CodeIgniter->runController(Object(App\Controllers\Admin\PenjualanController))
#7 D:\My Project\project_ta\system\CodeIgniter.php(308): CodeIgniter\CodeIgniter->handleRequest(NULL, Object(Config\Cache), false)
#8 D:\My Project\project_ta\public\index.php(45): CodeIgniter\CodeIgniter->run()
#9 D:\My Project\project_ta\system\Commands\Server\rewrite.php(34): require_once('D:\\My Project\\p...')
#10 {main}
CRITICAL - 2020-10-28 09:57:08 --> Array and string offset access syntax with curly braces is deprecated
#0 D:\My Project\project_ta\app\ThirdParty\PHPExcel\PHPExcel\Autoloader.php(79): CodeIgniter\Debug\Exceptions->errorHandler(8192, 'Array and strin...', 'D:\\My Project\\p...', 321, Array)
#1 D:\My Project\project_ta\app\ThirdParty\PHPExcel\PHPExcel\Autoloader.php(79): require()
#2 [internal function]: PHPExcel_Autoloader::load('PHPExcel_Calcul...')
#3 D:\My Project\project_ta\app\ThirdParty\PHPExcel\PHPExcel\Writer\Excel2007.php(198): spl_autoload_call('PHPExcel_Calcul...')
#4 D:\My Project\project_ta\app\Controllers\Admin\PenjualanController.php(164): PHPExcel_Writer_Excel2007->save('C:\\Users\\A455L\\...')
#5 D:\My Project\project_ta\system\CodeIgniter.php(914): App\Controllers\Admin\PenjualanController->export()
#6 D:\My Project\project_ta\system\CodeIgniter.php(400): CodeIgniter\CodeIgniter->runController(Object(App\Controllers\Admin\PenjualanController))
#7 D:\My Project\project_ta\system\CodeIgniter.php(308): CodeIgniter\CodeIgniter->handleRequest(NULL, Object(Config\Cache), false)
#8 D:\My Project\project_ta\public\index.php(45): CodeIgniter\CodeIgniter->run()
#9 D:\My Project\project_ta\system\Commands\Server\rewrite.php(34): require_once('D:\\My Project\\p...')
#10 {main}
CRITICAL - 2020-10-28 11:57:19 --> Cannot use object of type stdClass as array
#0 D:\My Project\project_ta\system\CodeIgniter.php(914): App\Controllers\Admin\PenjualanController->export()
#1 D:\My Project\project_ta\system\CodeIgniter.php(400): CodeIgniter\CodeIgniter->runController(Object(App\Controllers\Admin\PenjualanController))
#2 D:\My Project\project_ta\system\CodeIgniter.php(308): CodeIgniter\CodeIgniter->handleRequest(NULL, Object(Config\Cache), false)
#3 D:\My Project\project_ta\public\index.php(45): CodeIgniter\CodeIgniter->run()
#4 D:\My Project\project_ta\system\Commands\Server\rewrite.php(34): require_once('D:\\My Project\\p...')
#5 {main}
CRITICAL - 2020-10-28 11:57:36 --> Undefined property: stdClass::$id_desa
#0 D:\My Project\project_ta\app\Controllers\Admin\PenjualanController.php(158): CodeIgniter\Debug\Exceptions->errorHandler(8, 'Undefined prope...', 'D:\\My Project\\p...', 158, Array)
#1 D:\My Project\project_ta\system\CodeIgniter.php(914): App\Controllers\Admin\PenjualanController->export()
#2 D:\My Project\project_ta\system\CodeIgniter.php(400): CodeIgniter\CodeIgniter->runController(Object(App\Controllers\Admin\PenjualanController))
#3 D:\My Project\project_ta\system\CodeIgniter.php(308): CodeIgniter\CodeIgniter->handleRequest(NULL, Object(Config\Cache), false)
#4 D:\My Project\project_ta\public\index.php(45): CodeIgniter\CodeIgniter->run()
#5 D:\My Project\project_ta\system\Commands\Server\rewrite.php(34): require_once('D:\\My Project\\p...')
#6 {main}
CRITICAL - 2020-10-28 12:00:41 --> Undefined property: App\Controllers\Admin\DesaController::$desa
#0 D:\My Project\project_ta\app\Controllers\Admin\DesaController.php(102): CodeIgniter\Debug\Exceptions->errorHandler(8, 'Undefined prope...', 'D:\\My Project\\p...', 102, Array)
#1 D:\My Project\project_ta\system\CodeIgniter.php(914): App\Controllers\Admin\DesaController->export()
#2 D:\My Project\project_ta\system\CodeIgniter.php(400): CodeIgniter\CodeIgniter->runController(Object(App\Controllers\Admin\DesaController))
#3 D:\My Project\project_ta\system\CodeIgniter.php(308): CodeIgniter\CodeIgniter->handleRequest(NULL, Object(Config\Cache), false)
#4 D:\My Project\project_ta\public\index.php(45): CodeIgniter\CodeIgniter->run()
#5 D:\My Project\project_ta\system\Commands\Server\rewrite.php(34): require_once('D:\\My Project\\p...')
#6 {main}
CRITICAL - 2020-10-28 12:47:24 --> Undefined variable: data
#0 D:\My Project\project_ta\app\Controllers\Admin\PenjualanController.php(138): CodeIgniter\Debug\Exceptions->errorHandler(8, 'Undefined varia...', 'D:\\My Project\\p...', 138, Array)
#1 D:\My Project\project_ta\system\CodeIgniter.php(914): App\Controllers\Admin\PenjualanController->import()
#2 D:\My Project\project_ta\system\CodeIgniter.php(400): CodeIgniter\CodeIgniter->runController(Object(App\Controllers\Admin\PenjualanController))
#3 D:\My Project\project_ta\system\CodeIgniter.php(308): CodeIgniter\CodeIgniter->handleRequest(NULL, Object(Config\Cache), false)
#4 D:\My Project\project_ta\public\index.php(45): CodeIgniter\CodeIgniter->run()
#5 D:\My Project\project_ta\system\Commands\Server\rewrite.php(34): require_once('D:\\My Project\\p...')
#6 {main}
CRITICAL - 2020-10-28 12:47:33 --> Undefined variable: sheet
#0 D:\My Project\project_ta\app\Controllers\Admin\PenjualanController.php(138): CodeIgniter\Debug\Exceptions->errorHandler(8, 'Undefined varia...', 'D:\\My Project\\p...', 138, Array)
#1 D:\My Project\project_ta\system\CodeIgniter.php(914): App\Controllers\Admin\PenjualanController->import()
#2 D:\My Project\project_ta\system\CodeIgniter.php(400): CodeIgniter\CodeIgniter->runController(Object(App\Controllers\Admin\PenjualanController))
#3 D:\My Project\project_ta\system\CodeIgniter.php(308): CodeIgniter\CodeIgniter->handleRequest(NULL, Object(Config\Cache), false)
#4 D:\My Project\project_ta\public\index.php(45): CodeIgniter\CodeIgniter->run()
#5 D:\My Project\project_ta\system\Commands\Server\rewrite.php(34): require_once('D:\\My Project\\p...')
#6 {main}
CRITICAL - 2020-10-28 12:47:45 --> Undefined variable: sheet
#0 D:\My Project\project_ta\app\Controllers\Admin\PenjualanController.php(138): CodeIgniter\Debug\Exceptions->errorHandler(8, 'Undefined varia...', 'D:\\My Project\\p...', 138, Array)
#1 D:\My Project\project_ta\system\CodeIgniter.php(914): App\Controllers\Admin\PenjualanController->import()
#2 D:\My Project\project_ta\system\CodeIgniter.php(400): CodeIgniter\CodeIgniter->runController(Object(App\Controllers\Admin\PenjualanController))
#3 D:\My Project\project_ta\system\CodeIgniter.php(308): CodeIgniter\CodeIgniter->handleRequest(NULL, Object(Config\Cache), false)
#4 D:\My Project\project_ta\public\index.php(45): CodeIgniter\CodeIgniter->run()
#5 D:\My Project\project_ta\system\Commands\Server\rewrite.php(34): require_once('D:\\My Project\\p...')
#6 {main}
CRITICAL - 2020-10-28 13:19:06 --> Undefined variable: session
#0 D:\My Project\project_ta\app\Views\admin\konten\penjualan.php(58): CodeIgniter\Debug\Exceptions->errorHandler(8, 'Undefined varia...', 'D:\\My Project\\p...', 58, Array)
#1 D:\My Project\project_ta\system\View\View.php(246): include('D:\\My Project\\p...')
#2 D:\My Project\project_ta\system\Common.php(1087): CodeIgniter\View\View->render('admin/konten/pe...', Array, true)
#3 D:\My Project\project_ta\app\Controllers\Admin\PenjualanController.php(33): view('admin/konten/pe...', Array)
#4 D:\My Project\project_ta\system\CodeIgniter.php(914): App\Controllers\Admin\PenjualanController->index()
#5 D:\My Project\project_ta\system\CodeIgniter.php(400): CodeIgniter\CodeIgniter->runController(Object(App\Controllers\Admin\PenjualanController))
#6 D:\My Project\project_ta\system\CodeIgniter.php(308): CodeIgniter\CodeIgniter->handleRequest(NULL, Object(Config\Cache), false)
#7 D:\My Project\project_ta\public\index.php(45): CodeIgniter\CodeIgniter->run()
#8 D:\My Project\project_ta\system\Commands\Server\rewrite.php(34): require_once('D:\\My Project\\p...')
#9 {main}
CRITICAL - 2020-10-28 13:20:04 --> Undefined variable: session
#0 D:\My Project\project_ta\app\Views\admin\konten\penjualan.php(58): CodeIgniter\Debug\Exceptions->errorHandler(8, 'Undefined varia...', 'D:\\My Project\\p...', 58, Array)
#1 D:\My Project\project_ta\system\View\View.php(246): include('D:\\My Project\\p...')
#2 D:\My Project\project_ta\system\Common.php(1087): CodeIgniter\View\View->render('admin/konten/pe...', Array, true)
#3 D:\My Project\project_ta\app\Controllers\Admin\PenjualanController.php(33): view('admin/konten/pe...', Array)
#4 D:\My Project\project_ta\system\CodeIgniter.php(914): App\Controllers\Admin\PenjualanController->index()
#5 D:\My Project\project_ta\system\CodeIgniter.php(400): CodeIgniter\CodeIgniter->runController(Object(App\Controllers\Admin\PenjualanController))
#6 D:\My Project\project_ta\system\CodeIgniter.php(308): CodeIgniter\CodeIgniter->handleRequest(NULL, Object(Config\Cache), false)
#7 D:\My Project\project_ta\public\index.php(45): CodeIgniter\CodeIgniter->run()
#8 D:\My Project\project_ta\system\Commands\Server\rewrite.php(34): require_once('D:\\My Project\\p...')
#9 {main}
CRITICAL - 2020-10-28 13:47:23 --> Call to undefined method App\Models\ModelPenjualan::_error_message
#0 D:\My Project\project_ta\app\Controllers\Admin\PenjualanController.php(146): CodeIgniter\Model->__call('_error_message', Array)
#1 D:\My Project\project_ta\system\CodeIgniter.php(914): App\Controllers\Admin\PenjualanController->import()
#2 D:\My Project\project_ta\system\CodeIgniter.php(400): CodeIgniter\CodeIgniter->runController(Object(App\Controllers\Admin\PenjualanController))
#3 D:\My Project\project_ta\system\CodeIgniter.php(308): CodeIgniter\CodeIgniter->handleRequest(NULL, Object(Config\Cache), false)
#4 D:\My Project\project_ta\public\index.php(45): CodeIgniter\CodeIgniter->run()
#5 D:\My Project\project_ta\system\Commands\Server\rewrite.php(34): require_once('D:\\My Project\\p...')
#6 {main}
CRITICAL - 2020-10-28 14:28:20 --> Call to undefined method App\Models\ModelPenjualan::trans_status
#0 D:\My Project\project_ta\app\Controllers\Admin\PenjualanController.php(147): CodeIgniter\Model->__call('trans_status', Array)
#1 D:\My Project\project_ta\system\CodeIgniter.php(914): App\Controllers\Admin\PenjualanController->import()
#2 D:\My Project\project_ta\system\CodeIgniter.php(400): CodeIgniter\CodeIgniter->runController(Object(App\Controllers\Admin\PenjualanController))
#3 D:\My Project\project_ta\system\CodeIgniter.php(308): CodeIgniter\CodeIgniter->handleRequest(NULL, Object(Config\Cache), false)
#4 D:\My Project\project_ta\public\index.php(45): CodeIgniter\CodeIgniter->run()
#5 D:\My Project\project_ta\system\Commands\Server\rewrite.php(34): require_once('D:\\My Project\\p...')
#6 {main}
CRITICAL - 2020-10-28 14:43:34 --> Call to undefined method CodeIgniter\Validation\Validation::skipValidation()
#0 D:\My Project\project_ta\system\CodeIgniter.php(914): App\Controllers\Admin\PenjualanController->import()
#1 D:\My Project\project_ta\system\CodeIgniter.php(400): CodeIgniter\CodeIgniter->runController(Object(App\Controllers\Admin\PenjualanController))
#2 D:\My Project\project_ta\system\CodeIgniter.php(308): CodeIgniter\CodeIgniter->handleRequest(NULL, Object(Config\Cache), false)
#3 D:\My Project\project_ta\public\index.php(45): CodeIgniter\CodeIgniter->run()
#4 D:\My Project\project_ta\system\Commands\Server\rewrite.php(34): require_once('D:\\My Project\\p...')
#5 {main}
CRITICAL - 2020-10-28 14:49:43 --> Cannot use a scalar value as an array
#0 D:\My Project\project_ta\app\Controllers\Admin\PenjualanController.php(142): CodeIgniter\Debug\Exceptions->errorHandler(2, 'Cannot use a sc...', 'D:\\My Project\\p...', 142, Array)
#1 D:\My Project\project_ta\system\CodeIgniter.php(914): App\Controllers\Admin\PenjualanController->import()
#2 D:\My Project\project_ta\system\CodeIgniter.php(400): CodeIgniter\CodeIgniter->runController(Object(App\Controllers\Admin\PenjualanController))
#3 D:\My Project\project_ta\system\CodeIgniter.php(308): CodeIgniter\CodeIgniter->handleRequest(NULL, Object(Config\Cache), false)
#4 D:\My Project\project_ta\public\index.php(45): CodeIgniter\CodeIgniter->run()
#5 D:\My Project\project_ta\system\Commands\Server\rewrite.php(34): require_once('D:\\My Project\\p...')
#6 {main}
CRITICAL - 2020-10-28 23:39:33 --> file_get_contents(C:\Users\A455L\AppData\Local\Temp\phpDE67.tmp): failed to open stream: Invalid argument
#0 [internal function]: CodeIgniter\Debug\Exceptions->errorHandler(2, 'file_get_conten...', 'D:\\My Project\\p...', 86, Array)
#1 D:\My Project\project_ta\app\ThirdParty\PHPExcel\PHPExcel\Shared\OLERead.php(86): file_get_contents('C:\\Users\\A455L\\...', false, NULL, 0, 8)
#2 D:\My Project\project_ta\app\ThirdParty\PHPExcel\PHPExcel\Reader\Excel5.php(441): PHPExcel_Shared_OLERead->read('C:\\Users\\A455L\\...')
#3 D:\My Project\project_ta\app\ThirdParty\PHPExcel\PHPExcel\IOFactory.php(281): PHPExcel_Reader_Excel5->canRead('C:\\Users\\A455L\\...')
#4 D:\My Project\project_ta\app\ThirdParty\PHPExcel\PHPExcel\IOFactory.php(191): PHPExcel_IOFactory::createReaderForFile('C:\\Users\\A455L\\...')
#5 D:\My Project\project_ta\app\Controllers\Admin\PenjualanController.php(120): PHPExcel_IOFactory::load('C:\\Users\\A455L\\...')
#6 D:\My Project\project_ta\system\CodeIgniter.php(914): App\Controllers\Admin\PenjualanController->import()
#7 D:\My Project\project_ta\system\CodeIgniter.php(400): CodeIgniter\CodeIgniter->runController(Object(App\Controllers\Admin\PenjualanController))
#8 D:\My Project\project_ta\system\CodeIgniter.php(308): CodeIgniter\CodeIgniter->handleRequest(NULL, Object(Config\Cache), false)
#9 D:\My Project\project_ta\public\index.php(45): CodeIgniter\CodeIgniter->run()
#10 D:\My Project\project_ta\system\Commands\Server\rewrite.php(34): require_once('D:\\My Project\\p...')
#11 {main}
CRITICAL - 2020-10-28 23:40:32 --> file_get_contents(C:\Users\A455L\AppData\Local\Temp\phpD839.tmp): failed to open stream: Invalid argument
#0 [internal function]: CodeIgniter\Debug\Exceptions->errorHandler(2, 'file_get_conten...', 'D:\\My Project\\p...', 86, Array)
#1 D:\My Project\project_ta\app\ThirdParty\PHPExcel\PHPExcel\Shared\OLERead.php(86): file_get_contents('C:\\Users\\A455L\\...', false, NULL, 0, 8)
#2 D:\My Project\project_ta\app\ThirdParty\PHPExcel\PHPExcel\Reader\Excel5.php(441): PHPExcel_Shared_OLERead->read('C:\\Users\\A455L\\...')
#3 D:\My Project\project_ta\app\ThirdParty\PHPExcel\PHPExcel\IOFactory.php(281): PHPExcel_Reader_Excel5->canRead('C:\\Users\\A455L\\...')
#4 D:\My Project\project_ta\app\ThirdParty\PHPExcel\PHPExcel\IOFactory.php(191): PHPExcel_IOFactory::createReaderForFile('C:\\Users\\A455L\\...')
#5 D:\My Project\project_ta\app\Controllers\Admin\PenjualanController.php(120): PHPExcel_IOFactory::load('C:\\Users\\A455L\\...')
#6 D:\My Project\project_ta\system\CodeIgniter.php(914): App\Controllers\Admin\PenjualanController->import()
#7 D:\My Project\project_ta\system\CodeIgniter.php(400): CodeIgniter\CodeIgniter->runController(Object(App\Controllers\Admin\PenjualanController))
#8 D:\My Project\project_ta\system\CodeIgniter.php(308): CodeIgniter\CodeIgniter->handleRequest(NULL, Object(Config\Cache), false)
#9 D:\My Project\project_ta\public\index.php(45): CodeIgniter\CodeIgniter->run()
#10 D:\My Project\project_ta\system\Commands\Server\rewrite.php(34): require_once('D:\\My Project\\p...')
#11 {main}
CRITICAL - 2020-10-28 23:41:06 --> file_get_contents(C:\Users\A455L\AppData\Local\Temp\php5BD1.tmp): failed to open stream: Invalid argument
#0 [internal function]: CodeIgniter\Debug\Exceptions->errorHandler(2, 'file_get_conten...', 'D:\\My Project\\p...', 86, Array)
#1 D:\My Project\project_ta\app\ThirdParty\PHPExcel\PHPExcel\Shared\OLERead.php(86): file_get_contents('C:\\Users\\A455L\\...', false, NULL, 0, 8)
#2 D:\My Project\project_ta\app\ThirdParty\PHPExcel\PHPExcel\Reader\Excel5.php(441): PHPExcel_Shared_OLERead->read('C:\\Users\\A455L\\...')
#3 D:\My Project\project_ta\app\ThirdParty\PHPExcel\PHPExcel\IOFactory.php(281): PHPExcel_Reader_Excel5->canRead('C:\\Users\\A455L\\...')
#4 D:\My Project\project_ta\app\ThirdParty\PHPExcel\PHPExcel\IOFactory.php(191): PHPExcel_IOFactory::createReaderForFile('C:\\Users\\A455L\\...')
#5 D:\My Project\project_ta\app\Controllers\Admin\PenjualanController.php(120): PHPExcel_IOFactory::load('C:\\Users\\A455L\\...')
#6 D:\My Project\project_ta\system\CodeIgniter.php(914): App\Controllers\Admin\PenjualanController->import()
#7 D:\My Project\project_ta\system\CodeIgniter.php(400): CodeIgniter\CodeIgniter->runController(Object(App\Controllers\Admin\PenjualanController))
#8 D:\My Project\project_ta\system\CodeIgniter.php(308): CodeIgniter\CodeIgniter->handleRequest(NULL, Object(Config\Cache), false)
#9 D:\My Project\project_ta\public\index.php(45): CodeIgniter\CodeIgniter->run()
#10 D:\My Project\project_ta\system\Commands\Server\rewrite.php(34): require_once('D:\\My Project\\p...')
#11 {main}
CRITICAL - 2020-10-28 23:41:28 --> file_get_contents(C:\Users\A455L\AppData\Local\Temp\phpB424.tmp): failed to open stream: Invalid argument
#0 [internal function]: CodeIgniter\Debug\Exceptions->errorHandler(2, 'file_get_conten...', 'D:\\My Project\\p...', 86, Array)
#1 D:\My Project\project_ta\app\ThirdParty\PHPExcel\PHPExcel\Shared\OLERead.php(86): file_get_contents('C:\\Users\\A455L\\...', false, NULL, 0, 8)
#2 D:\My Project\project_ta\app\ThirdParty\PHPExcel\PHPExcel\Reader\Excel5.php(441): PHPExcel_Shared_OLERead->read('C:\\Users\\A455L\\...')
#3 D:\My Project\project_ta\app\ThirdParty\PHPExcel\PHPExcel\IOFactory.php(281): PHPExcel_Reader_Excel5->canRead('C:\\Users\\A455L\\...')
#4 D:\My Project\project_ta\app\ThirdParty\PHPExcel\PHPExcel\IOFactory.php(191): PHPExcel_IOFactory::createReaderForFile('C:\\Users\\A455L\\...')
#5 D:\My Project\project_ta\app\Controllers\Admin\PenjualanController.php(120): PHPExcel_IOFactory::load('C:\\Users\\A455L\\...')
#6 D:\My Project\project_ta\system\CodeIgniter.php(914): App\Controllers\Admin\PenjualanController->import()
#7 D:\My Project\project_ta\system\CodeIgniter.php(400): CodeIgniter\CodeIgniter->runController(Object(App\Controllers\Admin\PenjualanController))
#8 D:\My Project\project_ta\system\CodeIgniter.php(308): CodeIgniter\CodeIgniter->handleRequest(NULL, Object(Config\Cache), false)
#9 D:\My Project\project_ta\public\index.php(45): CodeIgniter\CodeIgniter->run()
#10 D:\My Project\project_ta\system\Commands\Server\rewrite.php(34): require_once('D:\\My Project\\p...')
#11 {main}
CRITICAL - 2020-10-28 23:41:35 --> file_get_contents(C:\Users\A455L\AppData\Local\Temp\phpCED1.tmp): failed to open stream: Invalid argument
#0 [internal function]: CodeIgniter\Debug\Exceptions->errorHandler(2, 'file_get_conten...', 'D:\\My Project\\p...', 86, Array)
#1 D:\My Project\project_ta\app\ThirdParty\PHPExcel\PHPExcel\Shared\OLERead.php(86): file_get_contents('C:\\Users\\A455L\\...', false, NULL, 0, 8)
#2 D:\My Project\project_ta\app\ThirdParty\PHPExcel\PHPExcel\Reader\Excel5.php(441): PHPExcel_Shared_OLERead->read('C:\\Users\\A455L\\...')
#3 D:\My Project\project_ta\app\ThirdParty\PHPExcel\PHPExcel\IOFactory.php(281): PHPExcel_Reader_Excel5->canRead('C:\\Users\\A455L\\...')
#4 D:\My Project\project_ta\app\ThirdParty\PHPExcel\PHPExcel\IOFactory.php(191): PHPExcel_IOFactory::createReaderForFile('C:\\Users\\A455L\\...')
#5 D:\My Project\project_ta\app\Controllers\Admin\PenjualanController.php(120): PHPExcel_IOFactory::load('C:\\Users\\A455L\\...')
#6 D:\My Project\project_ta\system\CodeIgniter.php(914): App\Controllers\Admin\PenjualanController->import()
#7 D:\My Project\project_ta\system\CodeIgniter.php(400): CodeIgniter\CodeIgniter->runController(Object(App\Controllers\Admin\PenjualanController))
#8 D:\My Project\project_ta\system\CodeIgniter.php(308): CodeIgniter\CodeIgniter->handleRequest(NULL, Object(Config\Cache), false)
#9 D:\My Project\project_ta\public\index.php(45): CodeIgniter\CodeIgniter->run()
#10 D:\My Project\project_ta\system\Commands\Server\rewrite.php(34): require_once('D:\\My Project\\p...')
#11 {main}
CRITICAL - 2020-10-28 23:41:47 --> file_get_contents(C:\Users\A455L\AppData\Local\Temp\phpFB22.tmp): failed to open stream: Invalid argument
#0 [internal function]: CodeIgniter\Debug\Exceptions->errorHandler(2, 'file_get_conten...', 'D:\\My Project\\p...', 86, Array)
#1 D:\My Project\project_ta\app\ThirdParty\PHPExcel\PHPExcel\Shared\OLERead.php(86): file_get_contents('C:\\Users\\A455L\\...', false, NULL, 0, 8)
#2 D:\My Project\project_ta\app\ThirdParty\PHPExcel\PHPExcel\Reader\Excel5.php(441): PHPExcel_Shared_OLERead->read('C:\\Users\\A455L\\...')
#3 D:\My Project\project_ta\app\ThirdParty\PHPExcel\PHPExcel\IOFactory.php(281): PHPExcel_Reader_Excel5->canRead('C:\\Users\\A455L\\...')
#4 D:\My Project\project_ta\app\ThirdParty\PHPExcel\PHPExcel\IOFactory.php(191): PHPExcel_IOFactory::createReaderForFile('C:\\Users\\A455L\\...')
#5 D:\My Project\project_ta\app\Controllers\Admin\PenjualanController.php(120): PHPExcel_IOFactory::load('C:\\Users\\A455L\\...')
#6 D:\My Project\project_ta\system\CodeIgniter.php(914): App\Controllers\Admin\PenjualanController->import()
#7 D:\My Project\project_ta\system\CodeIgniter.php(400): CodeIgniter\CodeIgniter->runController(Object(App\Controllers\Admin\PenjualanController))
#8 D:\My Project\project_ta\system\CodeIgniter.php(308): CodeIgniter\CodeIgniter->handleRequest(NULL, Object(Config\Cache), false)
#9 D:\My Project\project_ta\public\index.php(45): CodeIgniter\CodeIgniter->run()
#10 D:\My Project\project_ta\system\Commands\Server\rewrite.php(34): require_once('D:\\My Project\\p...')
#11 {main}
CRITICAL - 2020-10-28 23:42:26 --> file_get_contents(C:\Users\A455L\AppData\Local\Temp\php9520.tmp): failed to open stream: Invalid argument
#0 [internal function]: CodeIgniter\Debug\Exceptions->errorHandler(2, 'file_get_conten...', 'D:\\My Project\\p...', 86, Array)
#1 D:\My Project\project_ta\app\ThirdParty\PHPExcel\PHPExcel\Shared\OLERead.php(86): file_get_contents('C:\\Users\\A455L\\...', false, NULL, 0, 8)
#2 D:\My Project\project_ta\app\ThirdParty\PHPExcel\PHPExcel\Reader\Excel5.php(441): PHPExcel_Shared_OLERead->read('C:\\Users\\A455L\\...')
#3 D:\My Project\project_ta\app\ThirdParty\PHPExcel\PHPExcel\IOFactory.php(281): PHPExcel_Reader_Excel5->canRead('C:\\Users\\A455L\\...')
#4 D:\My Project\project_ta\app\ThirdParty\PHPExcel\PHPExcel\IOFactory.php(191): PHPExcel_IOFactory::createReaderForFile('C:\\Users\\A455L\\...')
#5 D:\My Project\project_ta\app\Controllers\Admin\PenjualanController.php(120): PHPExcel_IOFactory::load('C:\\Users\\A455L\\...')
#6 D:\My Project\project_ta\system\CodeIgniter.php(914): App\Controllers\Admin\PenjualanController->import()
#7 D:\My Project\project_ta\system\CodeIgniter.php(400): CodeIgniter\CodeIgniter->runController(Object(App\Controllers\Admin\PenjualanController))
#8 D:\My Project\project_ta\system\CodeIgniter.php(308): CodeIgniter\CodeIgniter->handleRequest(NULL, Object(Config\Cache), false)
#9 D:\My Project\project_ta\public\index.php(45): CodeIgniter\CodeIgniter->run()
#10 D:\My Project\project_ta\system\Commands\Server\rewrite.php(34): require_once('D:\\My Project\\p...')
#11 {main}
