CRITICAL - 2020-08-22 01:50:38 --> syntax error, unexpected '}', expecting ';'
#0 D:\My Project\project-dekor\system\Autoloader\Autoloader.php(296): CodeIgniter\Autoloader\Autoloader->requireFile('D:\\My Project\\p...')
#1 D:\My Project\project-dekor\system\Autoloader\Autoloader.php(258): CodeIgniter\Autoloader\Autoloader->loadInNamespace('App\\Controllers...')
#2 [internal function]: CodeIgniter\Autoloader\Autoloader->loadClass('App\\Controllers...')
#3 [internal function]: spl_autoload_call('App\\Controllers...')
#4 D:\My Project\project-dekor\system\CodeIgniter.php(865): class_exists('\\App\\Controller...', true)
#5 D:\My Project\project-dekor\system\CodeIgniter.php(390): CodeIgniter\CodeIgniter->startController()
#6 D:\My Project\project-dekor\system\CodeIgniter.php(308): CodeIgniter\CodeIgniter->handleRequest(NULL, Object(Config\Cache), false)
#7 D:\My Project\project-dekor\public\index.php(45): CodeIgniter\CodeIgniter->run()
#8 D:\My Project\project-dekor\system\Commands\Server\rewrite.php(34): require_once('D:\\My Project\\p...')
#9 {main}
CRITICAL - 2020-08-22 01:51:13 --> Call to undefined function App\Controllers\character_limiter()
#0 D:\My Project\project-dekor\system\CodeIgniter.php(914): App\Controllers\RegisterController->index()
#1 D:\My Project\project-dekor\system\CodeIgniter.php(400): CodeIgniter\CodeIgniter->runController(Object(App\Controllers\RegisterController))
#2 D:\My Project\project-dekor\system\CodeIgniter.php(308): CodeIgniter\CodeIgniter->handleRequest(NULL, Object(Config\Cache), false)
#3 D:\My Project\project-dekor\public\index.php(45): CodeIgniter\CodeIgniter->run()
#4 D:\My Project\project-dekor\system\Commands\Server\rewrite.php(34): require_once('D:\\My Project\\p...')
#5 {main}
CRITICAL - 2020-08-22 01:52:54 --> Call to undefined function App\Controllers\random_string()
#0 D:\My Project\project-dekor\system\CodeIgniter.php(914): App\Controllers\RegisterController->index()
#1 D:\My Project\project-dekor\system\CodeIgniter.php(400): CodeIgniter\CodeIgniter->runController(Object(App\Controllers\RegisterController))
#2 D:\My Project\project-dekor\system\CodeIgniter.php(308): CodeIgniter\CodeIgniter->handleRequest(NULL, Object(Config\Cache), false)
#3 D:\My Project\project-dekor\public\index.php(45): CodeIgniter\CodeIgniter->run()
#4 D:\My Project\project-dekor\system\Commands\Server\rewrite.php(34): require_once('D:\\My Project\\p...')
#5 {main}
CRITICAL - 2020-08-22 01:56:54 --> Duplicate entry 'mhmmd.iqbal.june@gmail.com' for key 'email'
#0 D:\My Project\project-dekor\system\Database\MySQLi\Connection.php(331): mysqli->query('INSERT INTO `us...')
#1 D:\My Project\project-dekor\system\Database\BaseConnection.php(738): CodeIgniter\Database\MySQLi\Connection->execute('INSERT INTO `us...')
#2 D:\My Project\project-dekor\system\Database\BaseConnection.php(666): CodeIgniter\Database\BaseConnection->simpleQuery('INSERT INTO `us...')
#3 D:\My Project\project-dekor\system\Database\BaseBuilder.php(2234): CodeIgniter\Database\BaseConnection->query('INSERT INTO `us...', Array, false)
#4 D:\My Project\project-dekor\system\Model.php(729): CodeIgniter\Database\BaseBuilder->insert()
#5 D:\My Project\project-dekor\system\Model.php(557): CodeIgniter\Model->insert(Array, false)
#6 D:\My Project\project-dekor\app\Controllers\RegisterController.php(78): CodeIgniter\Model->save(Array)
#7 D:\My Project\project-dekor\system\CodeIgniter.php(914): App\Controllers\RegisterController->index()
#8 D:\My Project\project-dekor\system\CodeIgniter.php(400): CodeIgniter\CodeIgniter->runController(Object(App\Controllers\RegisterController))
#9 D:\My Project\project-dekor\system\CodeIgniter.php(308): CodeIgniter\CodeIgniter->handleRequest(NULL, Object(Config\Cache), false)
#10 D:\My Project\project-dekor\public\index.php(45): CodeIgniter\CodeIgniter->run()
#11 D:\My Project\project-dekor\system\Commands\Server\rewrite.php(34): require_once('D:\\My Project\\p...')
#12 {main}
CRITICAL - 2020-08-22 01:57:45 --> Undefined variable: save_data
#0 D:\My Project\project-dekor\app\Controllers\RegisterController.php(94): CodeIgniter\Debug\Exceptions->errorHandler(8, 'Undefined varia...', 'D:\\My Project\\p...', 94, Array)
#1 D:\My Project\project-dekor\system\CodeIgniter.php(914): App\Controllers\RegisterController->index()
#2 D:\My Project\project-dekor\system\CodeIgniter.php(400): CodeIgniter\CodeIgniter->runController(Object(App\Controllers\RegisterController))
#3 D:\My Project\project-dekor\system\CodeIgniter.php(308): CodeIgniter\CodeIgniter->handleRequest(NULL, Object(Config\Cache), false)
#4 D:\My Project\project-dekor\public\index.php(45): CodeIgniter\CodeIgniter->run()
#5 D:\My Project\project-dekor\system\Commands\Server\rewrite.php(34): require_once('D:\\My Project\\p...')
#6 {main}
CRITICAL - 2020-08-22 02:00:27 --> Duplicate entry 'mhmmd.iqbal.june@gmail.com' for key 'email'
#0 D:\My Project\project-dekor\system\Database\MySQLi\Connection.php(331): mysqli->query('INSERT INTO `us...')
#1 D:\My Project\project-dekor\system\Database\BaseConnection.php(738): CodeIgniter\Database\MySQLi\Connection->execute('INSERT INTO `us...')
#2 D:\My Project\project-dekor\system\Database\BaseConnection.php(666): CodeIgniter\Database\BaseConnection->simpleQuery('INSERT INTO `us...')
#3 D:\My Project\project-dekor\system\Database\BaseBuilder.php(2234): CodeIgniter\Database\BaseConnection->query('INSERT INTO `us...', Array, false)
#4 D:\My Project\project-dekor\system\Model.php(729): CodeIgniter\Database\BaseBuilder->insert()
#5 D:\My Project\project-dekor\system\Model.php(557): CodeIgniter\Model->insert(Array, false)
#6 D:\My Project\project-dekor\app\Controllers\RegisterController.php(78): CodeIgniter\Model->save(Array)
#7 D:\My Project\project-dekor\system\CodeIgniter.php(914): App\Controllers\RegisterController->index()
#8 D:\My Project\project-dekor\system\CodeIgniter.php(400): CodeIgniter\CodeIgniter->runController(Object(App\Controllers\RegisterController))
#9 D:\My Project\project-dekor\system\CodeIgniter.php(308): CodeIgniter\CodeIgniter->handleRequest(NULL, Object(Config\Cache), false)
#10 D:\My Project\project-dekor\public\index.php(45): CodeIgniter\CodeIgniter->run()
#11 D:\My Project\project-dekor\system\Commands\Server\rewrite.php(34): require_once('D:\\My Project\\p...')
#12 {main}
CRITICAL - 2020-08-22 02:08:02 --> Undefined property: stdClass::$name
#0 D:\My Project\project-dekor\app\Controllers\Admin\AksiUser.php(68): CodeIgniter\Debug\Exceptions->errorHandler(8, 'Undefined prope...', 'D:\\My Project\\p...', 68, Array)
#1 D:\My Project\project-dekor\system\CodeIgniter.php(914): App\Controllers\Admin\AksiUser->get()
#2 D:\My Project\project-dekor\system\CodeIgniter.php(400): CodeIgniter\CodeIgniter->runController(Object(App\Controllers\Admin\AksiUser))
#3 D:\My Project\project-dekor\system\CodeIgniter.php(308): CodeIgniter\CodeIgniter->handleRequest(NULL, Object(Config\Cache), false)
#4 D:\My Project\project-dekor\public\index.php(45): CodeIgniter\CodeIgniter->run()
#5 D:\My Project\project-dekor\system\Commands\Server\rewrite.php(34): require_once('D:\\My Project\\p...')
#6 {main}
CRITICAL - 2020-08-22 02:19:30 --> syntax error, unexpected '}'
#0 D:\My Project\project-dekor\system\CodeIgniter.php(360): CodeIgniter\CodeIgniter->tryToRouteIt(NULL)
#1 D:\My Project\project-dekor\system\CodeIgniter.php(308): CodeIgniter\CodeIgniter->handleRequest(NULL, Object(Config\Cache), false)
#2 D:\My Project\project-dekor\public\index.php(45): CodeIgniter\CodeIgniter->run()
#3 D:\My Project\project-dekor\system\Commands\Server\rewrite.php(34): require_once('D:\\My Project\\p...')
#4 {main}
CRITICAL - 2020-08-22 02:50:17 --> Undefined property: stdClass::$status
#0 D:\My Project\project-dekor\app\Controllers\Admin\AksiSeller.php(63): CodeIgniter\Debug\Exceptions->errorHandler(8, 'Undefined prope...', 'D:\\My Project\\p...', 63, Array)
#1 D:\My Project\project-dekor\system\CodeIgniter.php(914): App\Controllers\Admin\AksiSeller->get()
#2 D:\My Project\project-dekor\system\CodeIgniter.php(400): CodeIgniter\CodeIgniter->runController(Object(App\Controllers\Admin\AksiSeller))
#3 D:\My Project\project-dekor\system\CodeIgniter.php(308): CodeIgniter\CodeIgniter->handleRequest(NULL, Object(Config\Cache), false)
#4 D:\My Project\project-dekor\public\index.php(45): CodeIgniter\CodeIgniter->run()
#5 D:\My Project\project-dekor\system\Commands\Server\rewrite.php(34): require_once('D:\\My Project\\p...')
#6 {main}
CRITICAL - 2020-08-22 05:29:28 --> Call to undefined function form_open()
#0 D:\My Project\project-dekor\system\View\View.php(246): include()
#1 D:\My Project\project-dekor\system\Common.php(1087): CodeIgniter\View\View->render('konten-admin/ad...', Array, true)
#2 D:\My Project\project-dekor\app\Controllers\Admin\AdminController.php(72): view('konten-admin/ad...', Array)
#3 D:\My Project\project-dekor\system\CodeIgniter.php(914): App\Controllers\Admin\AdminController->create_seller()
#4 D:\My Project\project-dekor\system\CodeIgniter.php(400): CodeIgniter\CodeIgniter->runController(Object(App\Controllers\Admin\AdminController))
#5 D:\My Project\project-dekor\system\CodeIgniter.php(308): CodeIgniter\CodeIgniter->handleRequest(NULL, Object(Config\Cache), false)
#6 D:\My Project\project-dekor\public\index.php(45): CodeIgniter\CodeIgniter->run()
#7 D:\My Project\project-dekor\system\Commands\Server\rewrite.php(34): require_once('D:\\My Project\\p...')
#8 {main}
CRITICAL - 2020-08-22 07:28:53 --> Undefined property: App\Controllers\Admin\AdminController::$db
#0 D:\My Project\project-dekor\app\Controllers\Admin\AdminController.php(62): CodeIgniter\Debug\Exceptions->errorHandler(8, 'Undefined prope...', 'D:\\My Project\\p...', 62, Array)
#1 D:\My Project\project-dekor\system\CodeIgniter.php(914): App\Controllers\Admin\AdminController->get()
#2 D:\My Project\project-dekor\system\CodeIgniter.php(400): CodeIgniter\CodeIgniter->runController(Object(App\Controllers\Admin\AdminController))
#3 D:\My Project\project-dekor\system\CodeIgniter.php(308): CodeIgniter\CodeIgniter->handleRequest(NULL, Object(Config\Cache), false)
#4 D:\My Project\project-dekor\public\index.php(45): CodeIgniter\CodeIgniter->run()
#5 D:\My Project\project-dekor\system\Commands\Server\rewrite.php(34): require_once('D:\\My Project\\p...')
#6 {main}
CRITICAL - 2020-08-22 08:07:39 --> Unknown column 'usernmae' in 'where clause'
#0 D:\My Project\project-dekor\system\Database\MySQLi\Connection.php(331): mysqli->query('SELECT *\nFROM `...')
#1 D:\My Project\project-dekor\system\Database\BaseConnection.php(738): CodeIgniter\Database\MySQLi\Connection->execute('SELECT *\nFROM `...')
#2 D:\My Project\project-dekor\system\Database\BaseConnection.php(666): CodeIgniter\Database\BaseConnection->simpleQuery('SELECT *\nFROM `...')
#3 D:\My Project\project-dekor\system\Database\BaseBuilder.php(1845): CodeIgniter\Database\BaseConnection->query('SELECT *\nFROM `...', Array, false)
#4 D:\My Project\project-dekor\system\Model.php(387): CodeIgniter\Database\BaseBuilder->get()
#5 D:\My Project\project-dekor\app\Controllers\Admin\SellerController.php(41): CodeIgniter\Model->find()
#6 D:\My Project\project-dekor\system\CodeIgniter.php(914): App\Controllers\Admin\SellerController->show('IQ08534')
#7 D:\My Project\project-dekor\system\CodeIgniter.php(400): CodeIgniter\CodeIgniter->runController(Object(App\Controllers\Admin\SellerController))
#8 D:\My Project\project-dekor\system\CodeIgniter.php(308): CodeIgniter\CodeIgniter->handleRequest(NULL, Object(Config\Cache), false)
#9 D:\My Project\project-dekor\public\index.php(45): CodeIgniter\CodeIgniter->run()
#10 D:\My Project\project-dekor\system\Commands\Server\rewrite.php(34): require_once('D:\\My Project\\p...')
#11 {main}
CRITICAL - 2020-08-22 08:29:31 --> Call to a member function where() on null
#0 D:\My Project\project-dekor\system\CodeIgniter.php(914): App\Controllers\Admin\SellerController->show('IQ08534')
#1 D:\My Project\project-dekor\system\CodeIgniter.php(400): CodeIgniter\CodeIgniter->runController(Object(App\Controllers\Admin\SellerController))
#2 D:\My Project\project-dekor\system\CodeIgniter.php(308): CodeIgniter\CodeIgniter->handleRequest(NULL, Object(Config\Cache), false)
#3 D:\My Project\project-dekor\public\index.php(45): CodeIgniter\CodeIgniter->run()
#4 D:\My Project\project-dekor\system\Commands\Server\rewrite.php(34): require_once('D:\\My Project\\p...')
#5 {main}
CRITICAL - 2020-08-22 08:29:44 --> Call to undefined method CodeIgniter\Database\MySQLi\Result::where()
#0 D:\My Project\project-dekor\system\CodeIgniter.php(914): App\Controllers\Admin\SellerController->show('IQ08534')
#1 D:\My Project\project-dekor\system\CodeIgniter.php(400): CodeIgniter\CodeIgniter->runController(Object(App\Controllers\Admin\SellerController))
#2 D:\My Project\project-dekor\system\CodeIgniter.php(308): CodeIgniter\CodeIgniter->handleRequest(NULL, Object(Config\Cache), false)
#3 D:\My Project\project-dekor\public\index.php(45): CodeIgniter\CodeIgniter->run()
#4 D:\My Project\project-dekor\system\Commands\Server\rewrite.php(34): require_once('D:\\My Project\\p...')
#5 {main}
CRITICAL - 2020-08-22 08:30:31 --> Column 'username' in where clause is ambiguous
#0 D:\My Project\project-dekor\system\Database\MySQLi\Connection.php(331): mysqli->query('SELECT `user`.`...')
#1 D:\My Project\project-dekor\system\Database\BaseConnection.php(738): CodeIgniter\Database\MySQLi\Connection->execute('SELECT `user`.`...')
#2 D:\My Project\project-dekor\system\Database\BaseConnection.php(666): CodeIgniter\Database\BaseConnection->simpleQuery('SELECT `user`.`...')
#3 D:\My Project\project-dekor\system\Database\BaseBuilder.php(1845): CodeIgniter\Database\BaseConnection->query('SELECT `user`.`...', Array, false)
#4 D:\My Project\project-dekor\app\Models\Admin\ModelSeller.php(38): CodeIgniter\Database\BaseBuilder->get()
#5 D:\My Project\project-dekor\app\Controllers\Admin\SellerController.php(41): App\Models\Admin\ModelSeller->get_data_with_user('IQ08534')
#6 D:\My Project\project-dekor\system\CodeIgniter.php(914): App\Controllers\Admin\SellerController->show('IQ08534')
#7 D:\My Project\project-dekor\system\CodeIgniter.php(400): CodeIgniter\CodeIgniter->runController(Object(App\Controllers\Admin\SellerController))
#8 D:\My Project\project-dekor\system\CodeIgniter.php(308): CodeIgniter\CodeIgniter->handleRequest(NULL, Object(Config\Cache), false)
#9 D:\My Project\project-dekor\public\index.php(45): CodeIgniter\CodeIgniter->run()
#10 D:\My Project\project-dekor\system\Commands\Server\rewrite.php(34): require_once('D:\\My Project\\p...')
#11 {main}
CRITICAL - 2020-08-22 08:30:38 --> Column 'username' in where clause is ambiguous
#0 D:\My Project\project-dekor\system\Database\MySQLi\Connection.php(331): mysqli->query('SELECT `user`.`...')
#1 D:\My Project\project-dekor\system\Database\BaseConnection.php(738): CodeIgniter\Database\MySQLi\Connection->execute('SELECT `user`.`...')
#2 D:\My Project\project-dekor\system\Database\BaseConnection.php(666): CodeIgniter\Database\BaseConnection->simpleQuery('SELECT `user`.`...')
#3 D:\My Project\project-dekor\system\Database\BaseBuilder.php(1845): CodeIgniter\Database\BaseConnection->query('SELECT `user`.`...', Array, false)
#4 D:\My Project\project-dekor\app\Models\Admin\ModelSeller.php(38): CodeIgniter\Database\BaseBuilder->get()
#5 D:\My Project\project-dekor\app\Controllers\Admin\SellerController.php(41): App\Models\Admin\ModelSeller->get_data_with_user('IQ08534')
#6 D:\My Project\project-dekor\system\CodeIgniter.php(914): App\Controllers\Admin\SellerController->show('IQ08534')
#7 D:\My Project\project-dekor\system\CodeIgniter.php(400): CodeIgniter\CodeIgniter->runController(Object(App\Controllers\Admin\SellerController))
#8 D:\My Project\project-dekor\system\CodeIgniter.php(308): CodeIgniter\CodeIgniter->handleRequest(NULL, Object(Config\Cache), false)
#9 D:\My Project\project-dekor\public\index.php(45): CodeIgniter\CodeIgniter->run()
#10 D:\My Project\project-dekor\system\Commands\Server\rewrite.php(34): require_once('D:\\My Project\\p...')
#11 {main}
CRITICAL - 2020-08-22 08:30:47 --> Column 'username' in where clause is ambiguous
#0 D:\My Project\project-dekor\system\Database\MySQLi\Connection.php(331): mysqli->query('SELECT `user`.`...')
#1 D:\My Project\project-dekor\system\Database\BaseConnection.php(738): CodeIgniter\Database\MySQLi\Connection->execute('SELECT `user`.`...')
#2 D:\My Project\project-dekor\system\Database\BaseConnection.php(666): CodeIgniter\Database\BaseConnection->simpleQuery('SELECT `user`.`...')
#3 D:\My Project\project-dekor\system\Database\BaseBuilder.php(1845): CodeIgniter\Database\BaseConnection->query('SELECT `user`.`...', Array, false)
#4 D:\My Project\project-dekor\app\Models\Admin\ModelSeller.php(38): CodeIgniter\Database\BaseBuilder->get()
#5 D:\My Project\project-dekor\app\Controllers\Admin\SellerController.php(41): App\Models\Admin\ModelSeller->get_data_with_user('IQ08534')
#6 D:\My Project\project-dekor\system\CodeIgniter.php(914): App\Controllers\Admin\SellerController->show('IQ08534')
#7 D:\My Project\project-dekor\system\CodeIgniter.php(400): CodeIgniter\CodeIgniter->runController(Object(App\Controllers\Admin\SellerController))
#8 D:\My Project\project-dekor\system\CodeIgniter.php(308): CodeIgniter\CodeIgniter->handleRequest(NULL, Object(Config\Cache), false)
#9 D:\My Project\project-dekor\public\index.php(45): CodeIgniter\CodeIgniter->run()
#10 D:\My Project\project-dekor\system\Commands\Server\rewrite.php(34): require_once('D:\\My Project\\p...')
#11 {main}
CRITICAL - 2020-08-22 08:31:34 --> Call to undefined method CodeIgniter\Database\MySQLi\Result::find()
#0 D:\My Project\project-dekor\system\CodeIgniter.php(914): App\Controllers\Admin\SellerController->show('IQ08534')
#1 D:\My Project\project-dekor\system\CodeIgniter.php(400): CodeIgniter\CodeIgniter->runController(Object(App\Controllers\Admin\SellerController))
#2 D:\My Project\project-dekor\system\CodeIgniter.php(308): CodeIgniter\CodeIgniter->handleRequest(NULL, Object(Config\Cache), false)
#3 D:\My Project\project-dekor\public\index.php(45): CodeIgniter\CodeIgniter->run()
#4 D:\My Project\project-dekor\system\Commands\Server\rewrite.php(34): require_once('D:\\My Project\\p...')
#5 {main}
CRITICAL - 2020-08-22 08:31:43 --> Call to a member function find() on array
#0 D:\My Project\project-dekor\system\CodeIgniter.php(914): App\Controllers\Admin\SellerController->show('IQ08534')
#1 D:\My Project\project-dekor\system\CodeIgniter.php(400): CodeIgniter\CodeIgniter->runController(Object(App\Controllers\Admin\SellerController))
#2 D:\My Project\project-dekor\system\CodeIgniter.php(308): CodeIgniter\CodeIgniter->handleRequest(NULL, Object(Config\Cache), false)
#3 D:\My Project\project-dekor\public\index.php(45): CodeIgniter\CodeIgniter->run()
#4 D:\My Project\project-dekor\system\Commands\Server\rewrite.php(34): require_once('D:\\My Project\\p...')
#5 {main}
CRITICAL - 2020-08-22 08:32:14 --> Undefined variable: id
#0 D:\My Project\project-dekor\app\Models\Admin\ModelSeller.php(37): CodeIgniter\Debug\Exceptions->errorHandler(8, 'Undefined varia...', 'D:\\My Project\\p...', 37, Array)
#1 D:\My Project\project-dekor\app\Controllers\Admin\SellerController.php(41): App\Models\Admin\ModelSeller->get_data_with_user('IQ08534')
#2 D:\My Project\project-dekor\system\CodeIgniter.php(914): App\Controllers\Admin\SellerController->show('IQ08534')
#3 D:\My Project\project-dekor\system\CodeIgniter.php(400): CodeIgniter\CodeIgniter->runController(Object(App\Controllers\Admin\SellerController))
#4 D:\My Project\project-dekor\system\CodeIgniter.php(308): CodeIgniter\CodeIgniter->handleRequest(NULL, Object(Config\Cache), false)
#5 D:\My Project\project-dekor\public\index.php(45): CodeIgniter\CodeIgniter->run()
#6 D:\My Project\project-dekor\system\Commands\Server\rewrite.php(34): require_once('D:\\My Project\\p...')
#7 {main}
CRITICAL - 2020-08-22 08:33:45 --> Call to undefined method CodeIgniter\Database\MySQLi\Result::find()
#0 D:\My Project\project-dekor\system\CodeIgniter.php(914): App\Controllers\Admin\SellerController->show('IQ08534')
#1 D:\My Project\project-dekor\system\CodeIgniter.php(400): CodeIgniter\CodeIgniter->runController(Object(App\Controllers\Admin\SellerController))
#2 D:\My Project\project-dekor\system\CodeIgniter.php(308): CodeIgniter\CodeIgniter->handleRequest(NULL, Object(Config\Cache), false)
#3 D:\My Project\project-dekor\public\index.php(45): CodeIgniter\CodeIgniter->run()
#4 D:\My Project\project-dekor\system\Commands\Server\rewrite.php(34): require_once('D:\\My Project\\p...')
#5 {main}
CRITICAL - 2020-08-22 08:33:53 --> Call to undefined method CodeIgniter\Database\MySQLi\Result::first()
#0 D:\My Project\project-dekor\system\CodeIgniter.php(914): App\Controllers\Admin\SellerController->show('IQ08534')
#1 D:\My Project\project-dekor\system\CodeIgniter.php(400): CodeIgniter\CodeIgniter->runController(Object(App\Controllers\Admin\SellerController))
#2 D:\My Project\project-dekor\system\CodeIgniter.php(308): CodeIgniter\CodeIgniter->handleRequest(NULL, Object(Config\Cache), false)
#3 D:\My Project\project-dekor\public\index.php(45): CodeIgniter\CodeIgniter->run()
#4 D:\My Project\project-dekor\system\Commands\Server\rewrite.php(34): require_once('D:\\My Project\\p...')
#5 {main}
CRITICAL - 2020-08-22 08:34:13 --> Call to undefined method CodeIgniter\Database\MySQLi\Builder::first()
#0 D:\My Project\project-dekor\app\Controllers\Admin\SellerController.php(41): App\Models\Admin\ModelSeller->get_data_with_user('IQ08534')
#1 D:\My Project\project-dekor\system\CodeIgniter.php(914): App\Controllers\Admin\SellerController->show('IQ08534')
#2 D:\My Project\project-dekor\system\CodeIgniter.php(400): CodeIgniter\CodeIgniter->runController(Object(App\Controllers\Admin\SellerController))
#3 D:\My Project\project-dekor\system\CodeIgniter.php(308): CodeIgniter\CodeIgniter->handleRequest(NULL, Object(Config\Cache), false)
#4 D:\My Project\project-dekor\public\index.php(45): CodeIgniter\CodeIgniter->run()
#5 D:\My Project\project-dekor\system\Commands\Server\rewrite.php(34): require_once('D:\\My Project\\p...')
#6 {main}
CRITICAL - 2020-08-22 08:45:22 --> Undefined property: stdClass::$gender
#0 D:\My Project\project-dekor\app\Views\konten-admin\showSeller.php(98): CodeIgniter\Debug\Exceptions->errorHandler(8, 'Undefined prope...', 'D:\\My Project\\p...', 98, Array)
#1 D:\My Project\project-dekor\system\View\View.php(246): include('D:\\My Project\\p...')
#2 D:\My Project\project-dekor\system\Common.php(1087): CodeIgniter\View\View->render('konten-admin/sh...', Array, true)
#3 D:\My Project\project-dekor\app\Controllers\Admin\SellerController.php(48): view('konten-admin/sh...', Array)
#4 D:\My Project\project-dekor\system\CodeIgniter.php(914): App\Controllers\Admin\SellerController->show('IQ08534')
#5 D:\My Project\project-dekor\system\CodeIgniter.php(400): CodeIgniter\CodeIgniter->runController(Object(App\Controllers\Admin\SellerController))
#6 D:\My Project\project-dekor\system\CodeIgniter.php(308): CodeIgniter\CodeIgniter->handleRequest(NULL, Object(Config\Cache), false)
#7 D:\My Project\project-dekor\public\index.php(45): CodeIgniter\CodeIgniter->run()
#8 D:\My Project\project-dekor\system\Commands\Server\rewrite.php(34): require_once('D:\\My Project\\p...')
#9 {main}
CRITICAL - 2020-08-22 08:54:58 --> Undefined property: stdClass::$status
#0 D:\My Project\project-dekor\app\Controllers\Admin\SellerController.php(57): CodeIgniter\Debug\Exceptions->errorHandler(8, 'Undefined prope...', 'D:\\My Project\\p...', 57, Array)
#1 D:\My Project\project-dekor\system\CodeIgniter.php(914): App\Controllers\Admin\SellerController->get()
#2 D:\My Project\project-dekor\system\CodeIgniter.php(400): CodeIgniter\CodeIgniter->runController(Object(App\Controllers\Admin\SellerController))
#3 D:\My Project\project-dekor\system\CodeIgniter.php(308): CodeIgniter\CodeIgniter->handleRequest(NULL, Object(Config\Cache), false)
#4 D:\My Project\project-dekor\public\index.php(45): CodeIgniter\CodeIgniter->run()
#5 D:\My Project\project-dekor\system\Commands\Server\rewrite.php(34): require_once('D:\\My Project\\p...')
#6 {main}
CRITICAL - 2020-08-22 11:35:23 --> Class 'App\Models\ModelUser' not found
#0 D:\My Project\project-dekor\system\CodeIgniter.php(914): App\Controllers\User\AksiProfile->getDataUser()
#1 D:\My Project\project-dekor\system\CodeIgniter.php(400): CodeIgniter\CodeIgniter->runController(Object(App\Controllers\User\AksiProfile))
#2 D:\My Project\project-dekor\system\CodeIgniter.php(308): CodeIgniter\CodeIgniter->handleRequest(NULL, Object(Config\Cache), false)
#3 D:\My Project\project-dekor\public\index.php(45): CodeIgniter\CodeIgniter->run()
#4 D:\My Project\project-dekor\system\Commands\Server\rewrite.php(34): require_once('D:\\My Project\\p...')
#5 {main}
CRITICAL - 2020-08-22 11:35:24 --> Table 'db_dekor.tb_paket' doesn't exist
#0 D:\My Project\project-dekor\system\Database\MySQLi\Connection.php(331): mysqli->query('SELECT COUNT(*)...')
#1 D:\My Project\project-dekor\system\Database\BaseConnection.php(738): CodeIgniter\Database\MySQLi\Connection->execute('SELECT COUNT(*)...')
#2 D:\My Project\project-dekor\system\Database\BaseConnection.php(666): CodeIgniter\Database\BaseConnection->simpleQuery('SELECT COUNT(*)...')
#3 D:\My Project\project-dekor\system\Database\BaseBuilder.php(1937): CodeIgniter\Database\BaseConnection->query('SELECT COUNT(*)...', Array, false)
#4 D:\My Project\project-dekor\app\Models\User\ModelPaket.php(87): CodeIgniter\Database\BaseBuilder->countAllResults()
#5 D:\My Project\project-dekor\app\Controllers\User\AksiPaket.php(140): App\Models\User\ModelPaket->count_all('IQB95372')
#6 D:\My Project\project-dekor\system\CodeIgniter.php(914): App\Controllers\User\AksiPaket->totalPaket()
#7 D:\My Project\project-dekor\system\CodeIgniter.php(400): CodeIgniter\CodeIgniter->runController(Object(App\Controllers\User\AksiPaket))
#8 D:\My Project\project-dekor\system\CodeIgniter.php(308): CodeIgniter\CodeIgniter->handleRequest(NULL, Object(Config\Cache), false)
#9 D:\My Project\project-dekor\public\index.php(45): CodeIgniter\CodeIgniter->run()
#10 D:\My Project\project-dekor\system\Commands\Server\rewrite.php(34): require_once('D:\\My Project\\p...')
#11 {main}
CRITICAL - 2020-08-22 11:35:24 --> Table 'db_dekor.tb_review_paket' doesn't exist
#0 D:\My Project\project-dekor\system\Database\MySQLi\Connection.php(331): mysqli->query('SELECT COUNT(*)...')
#1 D:\My Project\project-dekor\system\Database\BaseConnection.php(738): CodeIgniter\Database\MySQLi\Connection->execute('SELECT COUNT(*)...')
#2 D:\My Project\project-dekor\system\Database\BaseConnection.php(666): CodeIgniter\Database\BaseConnection->simpleQuery('SELECT COUNT(*)...')
#3 D:\My Project\project-dekor\system\Database\BaseBuilder.php(1937): CodeIgniter\Database\BaseConnection->query('SELECT COUNT(*)...', Array, false)
#4 D:\My Project\project-dekor\app\Models\User\ModelReviewPaket.php(73): CodeIgniter\Database\BaseBuilder->countAllResults()
#5 D:\My Project\project-dekor\app\Controllers\User\AksiReviewPaket.php(26): App\Models\User\ModelReviewPaket->count_all('IQB95372')
#6 D:\My Project\project-dekor\system\CodeIgniter.php(914): App\Controllers\User\AksiReviewPaket->totalReview()
#7 D:\My Project\project-dekor\system\CodeIgniter.php(400): CodeIgniter\CodeIgniter->runController(Object(App\Controllers\User\AksiReviewPaket))
#8 D:\My Project\project-dekor\system\CodeIgniter.php(308): CodeIgniter\CodeIgniter->handleRequest(NULL, Object(Config\Cache), false)
#9 D:\My Project\project-dekor\public\index.php(45): CodeIgniter\CodeIgniter->run()
#10 D:\My Project\project-dekor\system\Commands\Server\rewrite.php(34): require_once('D:\\My Project\\p...')
#11 {main}
CRITICAL - 2020-08-22 11:36:54 --> Class 'App\Models\ModelUser' not found
#0 D:\My Project\project-dekor\system\CodeIgniter.php(914): App\Controllers\User\AksiProfile->getDataUser()
#1 D:\My Project\project-dekor\system\CodeIgniter.php(400): CodeIgniter\CodeIgniter->runController(Object(App\Controllers\User\AksiProfile))
#2 D:\My Project\project-dekor\system\CodeIgniter.php(308): CodeIgniter\CodeIgniter->handleRequest(NULL, Object(Config\Cache), false)
#3 D:\My Project\project-dekor\public\index.php(45): CodeIgniter\CodeIgniter->run()
#4 D:\My Project\project-dekor\system\Commands\Server\rewrite.php(34): require_once('D:\\My Project\\p...')
#5 {main}
CRITICAL - 2020-08-22 11:36:55 --> Table 'db_dekor.tb_paket' doesn't exist
#0 D:\My Project\project-dekor\system\Database\MySQLi\Connection.php(331): mysqli->query('SELECT COUNT(*)...')
#1 D:\My Project\project-dekor\system\Database\BaseConnection.php(738): CodeIgniter\Database\MySQLi\Connection->execute('SELECT COUNT(*)...')
#2 D:\My Project\project-dekor\system\Database\BaseConnection.php(666): CodeIgniter\Database\BaseConnection->simpleQuery('SELECT COUNT(*)...')
#3 D:\My Project\project-dekor\system\Database\BaseBuilder.php(1937): CodeIgniter\Database\BaseConnection->query('SELECT COUNT(*)...', Array, false)
#4 D:\My Project\project-dekor\app\Models\User\ModelPaket.php(87): CodeIgniter\Database\BaseBuilder->countAllResults()
#5 D:\My Project\project-dekor\app\Controllers\User\AksiPaket.php(140): App\Models\User\ModelPaket->count_all('IQB95372')
#6 D:\My Project\project-dekor\system\CodeIgniter.php(914): App\Controllers\User\AksiPaket->totalPaket()
#7 D:\My Project\project-dekor\system\CodeIgniter.php(400): CodeIgniter\CodeIgniter->runController(Object(App\Controllers\User\AksiPaket))
#8 D:\My Project\project-dekor\system\CodeIgniter.php(308): CodeIgniter\CodeIgniter->handleRequest(NULL, Object(Config\Cache), false)
#9 D:\My Project\project-dekor\public\index.php(45): CodeIgniter\CodeIgniter->run()
#10 D:\My Project\project-dekor\system\Commands\Server\rewrite.php(34): require_once('D:\\My Project\\p...')
#11 {main}
CRITICAL - 2020-08-22 11:36:55 --> Table 'db_dekor.tb_review_paket' doesn't exist
#0 D:\My Project\project-dekor\system\Database\MySQLi\Connection.php(331): mysqli->query('SELECT COUNT(*)...')
#1 D:\My Project\project-dekor\system\Database\BaseConnection.php(738): CodeIgniter\Database\MySQLi\Connection->execute('SELECT COUNT(*)...')
#2 D:\My Project\project-dekor\system\Database\BaseConnection.php(666): CodeIgniter\Database\BaseConnection->simpleQuery('SELECT COUNT(*)...')
#3 D:\My Project\project-dekor\system\Database\BaseBuilder.php(1937): CodeIgniter\Database\BaseConnection->query('SELECT COUNT(*)...', Array, false)
#4 D:\My Project\project-dekor\app\Models\User\ModelReviewPaket.php(73): CodeIgniter\Database\BaseBuilder->countAllResults()
#5 D:\My Project\project-dekor\app\Controllers\User\AksiReviewPaket.php(26): App\Models\User\ModelReviewPaket->count_all('IQB95372')
#6 D:\My Project\project-dekor\system\CodeIgniter.php(914): App\Controllers\User\AksiReviewPaket->totalReview()
#7 D:\My Project\project-dekor\system\CodeIgniter.php(400): CodeIgniter\CodeIgniter->runController(Object(App\Controllers\User\AksiReviewPaket))
#8 D:\My Project\project-dekor\system\CodeIgniter.php(308): CodeIgniter\CodeIgniter->handleRequest(NULL, Object(Config\Cache), false)
#9 D:\My Project\project-dekor\public\index.php(45): CodeIgniter\CodeIgniter->run()
#10 D:\My Project\project-dekor\system\Commands\Server\rewrite.php(34): require_once('D:\\My Project\\p...')
#11 {main}
CRITICAL - 2020-08-22 11:41:55 --> Class 'App\Models\ModelUser' not found
#0 D:\My Project\project-dekor\system\CodeIgniter.php(914): App\Controllers\User\AksiProfile->getDataUser()
#1 D:\My Project\project-dekor\system\CodeIgniter.php(400): CodeIgniter\CodeIgniter->runController(Object(App\Controllers\User\AksiProfile))
#2 D:\My Project\project-dekor\system\CodeIgniter.php(308): CodeIgniter\CodeIgniter->handleRequest(NULL, Object(Config\Cache), false)
#3 D:\My Project\project-dekor\public\index.php(45): CodeIgniter\CodeIgniter->run()
#4 D:\My Project\project-dekor\system\Commands\Server\rewrite.php(34): require_once('D:\\My Project\\p...')
#5 {main}
CRITICAL - 2020-08-22 11:41:55 --> Table 'db_dekor.tb_paket' doesn't exist
#0 D:\My Project\project-dekor\system\Database\MySQLi\Connection.php(331): mysqli->query('SELECT COUNT(*)...')
#1 D:\My Project\project-dekor\system\Database\BaseConnection.php(738): CodeIgniter\Database\MySQLi\Connection->execute('SELECT COUNT(*)...')
#2 D:\My Project\project-dekor\system\Database\BaseConnection.php(666): CodeIgniter\Database\BaseConnection->simpleQuery('SELECT COUNT(*)...')
#3 D:\My Project\project-dekor\system\Database\BaseBuilder.php(1937): CodeIgniter\Database\BaseConnection->query('SELECT COUNT(*)...', Array, false)
#4 D:\My Project\project-dekor\app\Models\User\ModelPaket.php(87): CodeIgniter\Database\BaseBuilder->countAllResults()
#5 D:\My Project\project-dekor\app\Controllers\User\AksiPaket.php(140): App\Models\User\ModelPaket->count_all('IQB95372')
#6 D:\My Project\project-dekor\system\CodeIgniter.php(914): App\Controllers\User\AksiPaket->totalPaket()
#7 D:\My Project\project-dekor\system\CodeIgniter.php(400): CodeIgniter\CodeIgniter->runController(Object(App\Controllers\User\AksiPaket))
#8 D:\My Project\project-dekor\system\CodeIgniter.php(308): CodeIgniter\CodeIgniter->handleRequest(NULL, Object(Config\Cache), false)
#9 D:\My Project\project-dekor\public\index.php(45): CodeIgniter\CodeIgniter->run()
#10 D:\My Project\project-dekor\system\Commands\Server\rewrite.php(34): require_once('D:\\My Project\\p...')
#11 {main}
CRITICAL - 2020-08-22 11:41:55 --> Table 'db_dekor.tb_review_paket' doesn't exist
#0 D:\My Project\project-dekor\system\Database\MySQLi\Connection.php(331): mysqli->query('SELECT COUNT(*)...')
#1 D:\My Project\project-dekor\system\Database\BaseConnection.php(738): CodeIgniter\Database\MySQLi\Connection->execute('SELECT COUNT(*)...')
#2 D:\My Project\project-dekor\system\Database\BaseConnection.php(666): CodeIgniter\Database\BaseConnection->simpleQuery('SELECT COUNT(*)...')
#3 D:\My Project\project-dekor\system\Database\BaseBuilder.php(1937): CodeIgniter\Database\BaseConnection->query('SELECT COUNT(*)...', Array, false)
#4 D:\My Project\project-dekor\app\Models\User\ModelReviewPaket.php(73): CodeIgniter\Database\BaseBuilder->countAllResults()
#5 D:\My Project\project-dekor\app\Controllers\User\AksiReviewPaket.php(26): App\Models\User\ModelReviewPaket->count_all('IQB95372')
#6 D:\My Project\project-dekor\system\CodeIgniter.php(914): App\Controllers\User\AksiReviewPaket->totalReview()
#7 D:\My Project\project-dekor\system\CodeIgniter.php(400): CodeIgniter\CodeIgniter->runController(Object(App\Controllers\User\AksiReviewPaket))
#8 D:\My Project\project-dekor\system\CodeIgniter.php(308): CodeIgniter\CodeIgniter->handleRequest(NULL, Object(Config\Cache), false)
#9 D:\My Project\project-dekor\public\index.php(45): CodeIgniter\CodeIgniter->run()
#10 D:\My Project\project-dekor\system\Commands\Server\rewrite.php(34): require_once('D:\\My Project\\p...')
#11 {main}
CRITICAL - 2020-08-22 11:41:57 --> Class 'App\Models\ModelUser' not found
#0 D:\My Project\project-dekor\system\CodeIgniter.php(914): App\Controllers\User\AksiProfile->getDataUser()
#1 D:\My Project\project-dekor\system\CodeIgniter.php(400): CodeIgniter\CodeIgniter->runController(Object(App\Controllers\User\AksiProfile))
#2 D:\My Project\project-dekor\system\CodeIgniter.php(308): CodeIgniter\CodeIgniter->handleRequest(NULL, Object(Config\Cache), false)
#3 D:\My Project\project-dekor\public\index.php(45): CodeIgniter\CodeIgniter->run()
#4 D:\My Project\project-dekor\system\Commands\Server\rewrite.php(34): require_once('D:\\My Project\\p...')
#5 {main}
