CRITICAL - 2020-09-09 22:34:07 --> No connection could be made because the target machine actively refused it.

#0 D:\My Project\project-dekor\system\Database\BaseConnection.php(377): CodeIgniter\Database\MySQLi\Connection->connect(false)
#1 D:\My Project\project-dekor\system\Database\BaseConnection.php(643): CodeIgniter\Database\BaseConnection->initialize()
#2 D:\My Project\project-dekor\system\Database\BaseBuilder.php(1845): CodeIgniter\Database\BaseConnection->query('SELECT *\nFROM `...', Array, false)
#3 D:\My Project\project-dekor\system\Model.php(445): CodeIgniter\Database\BaseBuilder->get()
#4 D:\My Project\project-dekor\app\Controllers\HomeController.php(18): CodeIgniter\Model->findAll(6, 0)
#5 D:\My Project\project-dekor\system\CodeIgniter.php(914): App\Controllers\HomeController->index()
#6 D:\My Project\project-dekor\system\CodeIgniter.php(400): CodeIgniter\CodeIgniter->runController(Object(App\Controllers\HomeController))
#7 D:\My Project\project-dekor\system\CodeIgniter.php(308): CodeIgniter\CodeIgniter->handleRequest(NULL, Object(Config\Cache), false)
#8 D:\My Project\project-dekor\public\index.php(45): CodeIgniter\CodeIgniter->run()
#9 D:\My Project\project-dekor\system\Commands\Server\rewrite.php(34): require_once('D:\\My Project\\p...')
#10 {main}
CRITICAL - 2020-09-09 22:34:39 --> No connection could be made because the target machine actively refused it.

#0 D:\My Project\project-dekor\system\Database\BaseConnection.php(377): CodeIgniter\Database\MySQLi\Connection->connect(false)
#1 D:\My Project\project-dekor\system\Database\BaseConnection.php(643): CodeIgniter\Database\BaseConnection->initialize()
#2 D:\My Project\project-dekor\system\Database\BaseBuilder.php(1845): CodeIgniter\Database\BaseConnection->query('SELECT *\nFROM `...', Array, false)
#3 D:\My Project\project-dekor\system\Model.php(445): CodeIgniter\Database\BaseBuilder->get()
#4 D:\My Project\project-dekor\app\Controllers\HomeController.php(18): CodeIgniter\Model->findAll(6, 0)
#5 D:\My Project\project-dekor\system\CodeIgniter.php(914): App\Controllers\HomeController->index()
#6 D:\My Project\project-dekor\system\CodeIgniter.php(400): CodeIgniter\CodeIgniter->runController(Object(App\Controllers\HomeController))
#7 D:\My Project\project-dekor\system\CodeIgniter.php(308): CodeIgniter\CodeIgniter->handleRequest(NULL, Object(Config\Cache), false)
#8 D:\My Project\project-dekor\public\index.php(45): CodeIgniter\CodeIgniter->run()
#9 D:\My Project\project-dekor\system\Commands\Server\rewrite.php(34): require_once('D:\\My Project\\p...')
#10 {main}
CRITICAL - 2020-09-09 22:53:20 --> syntax error, unexpected ']', expecting ')'
#0 D:\My Project\project-dekor\system\CodeIgniter.php(360): CodeIgniter\CodeIgniter->tryToRouteIt(NULL)
#1 D:\My Project\project-dekor\system\CodeIgniter.php(308): CodeIgniter\CodeIgniter->handleRequest(NULL, Object(Config\Cache), false)
#2 D:\My Project\project-dekor\public\index.php(45): CodeIgniter\CodeIgniter->run()
#3 D:\My Project\project-dekor\system\Commands\Server\rewrite.php(34): require_once('D:\\My Project\\p...')
#4 {main}
CRITICAL - 2020-09-09 22:53:41 --> syntax error, unexpected '$data' (T_VARIABLE)
#0 D:\My Project\project-dekor\system\Autoloader\Autoloader.php(296): CodeIgniter\Autoloader\Autoloader->requireFile('D:\\My Project\\p...')
#1 D:\My Project\project-dekor\system\Autoloader\Autoloader.php(258): CodeIgniter\Autoloader\Autoloader->loadInNamespace('App\\Controllers...')
#2 [internal function]: CodeIgniter\Autoloader\Autoloader->loadClass('App\\Controllers...')
#3 [internal function]: spl_autoload_call('App\\Controllers...')
#4 D:\My Project\project-dekor\system\CodeIgniter.php(865): class_exists('\\App\\Controller...', true)
#5 D:\My Project\project-dekor\system\CodeIgniter.php(390): CodeIgniter\CodeIgniter->startController()
#6 D:\My Project\project-dekor\system\CodeIgniter.php(308): CodeIgniter\CodeIgniter->handleRequest(NULL, Object(Config\Cache), false)
#7 D:\My Project\project-dekor\public\index.php(45): CodeIgniter\CodeIgniter->run()
#8 D:\My Project\project-dekor\system\Commands\Server\rewrite.php(34): require_once('D:\\My Project\\p...')
#9 {main}
CRITICAL - 2020-09-09 23:44:32 --> syntax error, unexpected '}', expecting ';'
#0 D:\My Project\project-dekor\system\Autoloader\Autoloader.php(296): CodeIgniter\Autoloader\Autoloader->requireFile('D:\\My Project\\p...')
#1 D:\My Project\project-dekor\system\Autoloader\Autoloader.php(258): CodeIgniter\Autoloader\Autoloader->loadInNamespace('App\\Controllers...')
#2 [internal function]: CodeIgniter\Autoloader\Autoloader->loadClass('App\\Controllers...')
#3 [internal function]: spl_autoload_call('App\\Controllers...')
#4 D:\My Project\project-dekor\system\CodeIgniter.php(865): class_exists('\\App\\Controller...', true)
#5 D:\My Project\project-dekor\system\CodeIgniter.php(390): CodeIgniter\CodeIgniter->startController()
#6 D:\My Project\project-dekor\system\CodeIgniter.php(308): CodeIgniter\CodeIgniter->handleRequest(NULL, Object(Config\Cache), false)
#7 D:\My Project\project-dekor\public\index.php(45): CodeIgniter\CodeIgniter->run()
#8 D:\My Project\project-dekor\system\Commands\Server\rewrite.php(34): require_once('D:\\My Project\\p...')
#9 {main}
