CRITICAL - 2020-10-21 07:30:58 --> Table 'db_tugasakhir.product' doesn't exist
#0 D:\My Project\project_ta\system\Database\MySQLi\Connection.php(331): mysqli->query('SELECT *\nFROM `...')
#1 D:\My Project\project_ta\system\Database\BaseConnection.php(738): CodeIgniter\Database\MySQLi\Connection->execute('SELECT *\nFROM `...')
#2 D:\My Project\project_ta\system\Database\BaseConnection.php(666): CodeIgniter\Database\BaseConnection->simpleQuery('SELECT *\nFROM `...')
#3 D:\My Project\project_ta\system\Database\BaseBuilder.php(1845): CodeIgniter\Database\BaseConnection->query('SELECT *\nFROM `...', Array, false)
#4 D:\My Project\project_ta\system\Model.php(445): CodeIgniter\Database\BaseBuilder->get()
#5 D:\My Project\project_ta\app\Controllers\HomeController.php(19): CodeIgniter\Model->findAll(6, 0)
#6 D:\My Project\project_ta\system\CodeIgniter.php(914): App\Controllers\HomeController->index()
#7 D:\My Project\project_ta\system\CodeIgniter.php(400): CodeIgniter\CodeIgniter->runController(Object(App\Controllers\HomeController))
#8 D:\My Project\project_ta\system\CodeIgniter.php(308): CodeIgniter\CodeIgniter->handleRequest(NULL, Object(Config\Cache), false)
#9 D:\My Project\project_ta\public\index.php(45): CodeIgniter\CodeIgniter->run()
#10 D:\My Project\project_ta\system\Commands\Server\rewrite.php(34): require_once('D:\\My Project\\p...')
#11 {main}
CRITICAL - 2020-10-21 07:32:17 --> Table 'db_tugasakhir.product' doesn't exist
#0 D:\My Project\project_ta\system\Database\MySQLi\Connection.php(331): mysqli->query('SELECT *\nFROM `...')
#1 D:\My Project\project_ta\system\Database\BaseConnection.php(738): CodeIgniter\Database\MySQLi\Connection->execute('SELECT *\nFROM `...')
#2 D:\My Project\project_ta\system\Database\BaseConnection.php(666): CodeIgniter\Database\BaseConnection->simpleQuery('SELECT *\nFROM `...')
#3 D:\My Project\project_ta\system\Database\BaseBuilder.php(1845): CodeIgniter\Database\BaseConnection->query('SELECT *\nFROM `...', Array, false)
#4 D:\My Project\project_ta\system\Model.php(445): CodeIgniter\Database\BaseBuilder->get()
#5 D:\My Project\project_ta\app\Controllers\HomeController.php(19): CodeIgniter\Model->findAll(6, 0)
#6 D:\My Project\project_ta\system\CodeIgniter.php(914): App\Controllers\HomeController->index()
#7 D:\My Project\project_ta\system\CodeIgniter.php(400): CodeIgniter\CodeIgniter->runController(Object(App\Controllers\HomeController))
#8 D:\My Project\project_ta\system\CodeIgniter.php(308): CodeIgniter\CodeIgniter->handleRequest(NULL, Object(Config\Cache), false)
#9 D:\My Project\project_ta\public\index.php(45): CodeIgniter\CodeIgniter->run()
#10 D:\My Project\project_ta\system\Commands\Server\rewrite.php(34): require_once('D:\\My Project\\p...')
#11 {main}
CRITICAL - 2020-10-21 07:33:41 --> Undefined variable: error
#0 D:\My Project\project_ta\app\Views\login.php(4): CodeIgniter\Debug\Exceptions->errorHandler(8, 'Undefined varia...', 'D:\\My Project\\p...', 4, Array)
#1 D:\My Project\project_ta\system\View\View.php(246): include('D:\\My Project\\p...')
#2 D:\My Project\project_ta\system\Common.php(1087): CodeIgniter\View\View->render('login', Array, true)
#3 D:\My Project\project_ta\app\Controllers\HomeController.php(14): view('login')
#4 D:\My Project\project_ta\system\CodeIgniter.php(914): App\Controllers\HomeController->index()
#5 D:\My Project\project_ta\system\CodeIgniter.php(400): CodeIgniter\CodeIgniter->runController(Object(App\Controllers\HomeController))
#6 D:\My Project\project_ta\system\CodeIgniter.php(308): CodeIgniter\CodeIgniter->handleRequest(NULL, Object(Config\Cache), false)
#7 D:\My Project\project_ta\public\index.php(45): CodeIgniter\CodeIgniter->run()
#8 D:\My Project\project_ta\system\Commands\Server\rewrite.php(34): require_once('D:\\My Project\\p...')
#9 {main}
CRITICAL - 2020-10-21 07:35:28 --> Undefined variable: error
#0 D:\My Project\project_ta\app\Views\login.php(59): CodeIgniter\Debug\Exceptions->errorHandler(8, 'Undefined varia...', 'D:\\My Project\\p...', 59, Array)
#1 D:\My Project\project_ta\system\View\View.php(246): include('D:\\My Project\\p...')
#2 D:\My Project\project_ta\system\Common.php(1087): CodeIgniter\View\View->render('login', Array, true)
#3 D:\My Project\project_ta\app\Controllers\HomeController.php(14): view('login')
#4 D:\My Project\project_ta\system\CodeIgniter.php(914): App\Controllers\HomeController->index()
#5 D:\My Project\project_ta\system\CodeIgniter.php(400): CodeIgniter\CodeIgniter->runController(Object(App\Controllers\HomeController))
#6 D:\My Project\project_ta\system\CodeIgniter.php(308): CodeIgniter\CodeIgniter->handleRequest(NULL, Object(Config\Cache), false)
#7 D:\My Project\project_ta\public\index.php(45): CodeIgniter\CodeIgniter->run()
#8 D:\My Project\project_ta\system\Commands\Server\rewrite.php(34): require_once('D:\\My Project\\p...')
#9 {main}
CRITICAL - 2020-10-21 07:54:50 --> Table 'db_tugasakhir.user' doesn't exist
#0 D:\My Project\project_ta\system\Database\MySQLi\Connection.php(331): mysqli->query('SELECT *\nFROM `...')
#1 D:\My Project\project_ta\system\Database\BaseConnection.php(738): CodeIgniter\Database\MySQLi\Connection->execute('SELECT *\nFROM `...')
#2 D:\My Project\project_ta\system\Database\BaseConnection.php(666): CodeIgniter\Database\BaseConnection->simpleQuery('SELECT *\nFROM `...')
#3 D:\My Project\project_ta\system\Database\BaseBuilder.php(1845): CodeIgniter\Database\BaseConnection->query('SELECT *\nFROM `...', Array, false)
#4 D:\My Project\project_ta\system\Model.php(489): CodeIgniter\Database\BaseBuilder->get()
#5 D:\My Project\project_ta\app\Controllers\LoginController.php(24): CodeIgniter\Model->first()
#6 D:\My Project\project_ta\system\CodeIgniter.php(914): App\Controllers\LoginController->index()
#7 D:\My Project\project_ta\system\CodeIgniter.php(400): CodeIgniter\CodeIgniter->runController(Object(App\Controllers\LoginController))
#8 D:\My Project\project_ta\system\CodeIgniter.php(308): CodeIgniter\CodeIgniter->handleRequest(NULL, Object(Config\Cache), false)
#9 D:\My Project\project_ta\public\index.php(45): CodeIgniter\CodeIgniter->run()
#10 D:\My Project\project_ta\system\Commands\Server\rewrite.php(34): require_once('D:\\My Project\\p...')
#11 {main}
CRITICAL - 2020-10-21 08:10:26 --> Class 'App\Models\ModelAdmin' not found
#0 D:\My Project\project_ta\system\CodeIgniter.php(886): App\Controllers\Admin\AdminController->__construct()
#1 D:\My Project\project_ta\system\CodeIgniter.php(395): CodeIgniter\CodeIgniter->createController()
#2 D:\My Project\project_ta\system\CodeIgniter.php(308): CodeIgniter\CodeIgniter->handleRequest(NULL, Object(Config\Cache), false)
#3 D:\My Project\project_ta\public\index.php(45): CodeIgniter\CodeIgniter->run()
#4 D:\My Project\project_ta\system\Commands\Server\rewrite.php(34): require_once('D:\\My Project\\p...')
#5 {main}
CRITICAL - 2020-10-21 08:13:20 --> Undefined variable: judul
#0 D:\My Project\project_ta\app\Views\admin\admin-css.php(8): CodeIgniter\Debug\Exceptions->errorHandler(8, 'Undefined varia...', 'D:\\My Project\\p...', 8, Array)
#1 D:\My Project\project_ta\system\View\View.php(246): include('D:\\My Project\\p...')
#2 D:\My Project\project_ta\system\View\View.php(525): CodeIgniter\View\View->render('admin/admin-css', NULL, true)
#3 D:\My Project\project_ta\app\Views\admin\admin-template.php(5): CodeIgniter\View\View->include('admin/admin-css')
#4 D:\My Project\project_ta\system\View\View.php(246): include('D:\\My Project\\p...')
#5 D:\My Project\project_ta\system\View\View.php(257): CodeIgniter\View\View->render('admin/admin-tem...', Array, true)
#6 D:\My Project\project_ta\system\Common.php(1087): CodeIgniter\View\View->render('admin/konten/da...', Array, true)
#7 D:\My Project\project_ta\app\Controllers\Admin\AdminController.php(21): view('admin/konten/da...')
#8 D:\My Project\project_ta\system\CodeIgniter.php(914): App\Controllers\Admin\AdminController->index()
#9 D:\My Project\project_ta\system\CodeIgniter.php(400): CodeIgniter\CodeIgniter->runController(Object(App\Controllers\Admin\AdminController))
#10 D:\My Project\project_ta\system\CodeIgniter.php(308): CodeIgniter\CodeIgniter->handleRequest(NULL, Object(Config\Cache), false)
#11 D:\My Project\project_ta\public\index.php(45): CodeIgniter\CodeIgniter->run()
#12 D:\My Project\project_ta\system\Commands\Server\rewrite.php(34): require_once('D:\\My Project\\p...')
#13 {main}
CRITICAL - 2020-10-21 08:15:31 --> Undefined variable: username
#0 D:\My Project\project_ta\app\Views\admin\admin-header.php(225): CodeIgniter\Debug\Exceptions->errorHandler(8, 'Undefined varia...', 'D:\\My Project\\p...', 225, Array)
#1 D:\My Project\project_ta\system\View\View.php(246): include('D:\\My Project\\p...')
#2 D:\My Project\project_ta\system\View\View.php(525): CodeIgniter\View\View->render('admin/admin-hea...', NULL, true)
#3 D:\My Project\project_ta\app\Views\admin\admin-template.php(11): CodeIgniter\View\View->include('admin/admin-hea...')
#4 D:\My Project\project_ta\system\View\View.php(246): include('D:\\My Project\\p...')
#5 D:\My Project\project_ta\system\View\View.php(257): CodeIgniter\View\View->render('admin/admin-tem...', Array, true)
#6 D:\My Project\project_ta\system\Common.php(1087): CodeIgniter\View\View->render('admin/konten/da...', Array, true)
#7 D:\My Project\project_ta\app\Controllers\Admin\AdminController.php(22): view('admin/konten/da...', Array)
#8 D:\My Project\project_ta\system\CodeIgniter.php(914): App\Controllers\Admin\AdminController->index()
#9 D:\My Project\project_ta\system\CodeIgniter.php(400): CodeIgniter\CodeIgniter->runController(Object(App\Controllers\Admin\AdminController))
#10 D:\My Project\project_ta\system\CodeIgniter.php(308): CodeIgniter\CodeIgniter->handleRequest(NULL, Object(Config\Cache), false)
#11 D:\My Project\project_ta\public\index.php(45): CodeIgniter\CodeIgniter->run()
#12 D:\My Project\project_ta\system\Commands\Server\rewrite.php(34): require_once('D:\\My Project\\p...')
#13 {main}
CRITICAL - 2020-10-21 08:16:03 --> Undefined variable: yhis
#0 D:\My Project\project_ta\app\Controllers\Admin\AdminController.php(22): CodeIgniter\Debug\Exceptions->errorHandler(8, 'Undefined varia...', 'D:\\My Project\\p...', 22, Array)
#1 D:\My Project\project_ta\system\CodeIgniter.php(914): App\Controllers\Admin\AdminController->index()
#2 D:\My Project\project_ta\system\CodeIgniter.php(400): CodeIgniter\CodeIgniter->runController(Object(App\Controllers\Admin\AdminController))
#3 D:\My Project\project_ta\system\CodeIgniter.php(308): CodeIgniter\CodeIgniter->handleRequest(NULL, Object(Config\Cache), false)
#4 D:\My Project\project_ta\public\index.php(45): CodeIgniter\CodeIgniter->run()
#5 D:\My Project\project_ta\system\Commands\Server\rewrite.php(34): require_once('D:\\My Project\\p...')
#6 {main}
CRITICAL - 2020-10-21 08:54:25 --> Invalid file: {0}
#0 D:\My Project\project_ta\system\View\View.php(228): CodeIgniter\Exceptions\FrameworkException::forInvalidFile('admin/konten/ke...')
#1 D:\My Project\project_ta\system\Common.php(1087): CodeIgniter\View\View->render('admin/konten/ke...', Array, true)
#2 D:\My Project\project_ta\app\Controllers\Admin\KecamatanController.php(24): view('admin/konten/ke...', Array)
#3 D:\My Project\project_ta\system\CodeIgniter.php(914): App\Controllers\Admin\KecamatanController->index()
#4 D:\My Project\project_ta\system\CodeIgniter.php(400): CodeIgniter\CodeIgniter->runController(Object(App\Controllers\Admin\KecamatanController))
#5 D:\My Project\project_ta\system\CodeIgniter.php(308): CodeIgniter\CodeIgniter->handleRequest(NULL, Object(Config\Cache), false)
#6 D:\My Project\project_ta\public\index.php(45): CodeIgniter\CodeIgniter->run()
#7 D:\My Project\project_ta\system\Commands\Server\rewrite.php(34): require_once('D:\\My Project\\p...')
#8 {main}
CRITICAL - 2020-10-21 10:04:24 --> {0} is not a valid rule.
#0 D:\My Project\project_ta\system\Validation\Validation.php(302): CodeIgniter\Validation\Exceptions\ValidationException::forRuleNotFound('nullable')
#1 D:\My Project\project_ta\system\Validation\Validation.php(189): CodeIgniter\Validation\Validation->processRules('kecamatan', 'kecamatan', NULL, Array, Array)
#2 D:\My Project\project_ta\app\Controllers\Admin\KecamatanController.php(34): CodeIgniter\Validation\Validation->run(Array, 'kecamatan')
#3 D:\My Project\project_ta\system\CodeIgniter.php(914): App\Controllers\Admin\KecamatanController->create()
#4 D:\My Project\project_ta\system\CodeIgniter.php(400): CodeIgniter\CodeIgniter->runController(Object(App\Controllers\Admin\KecamatanController))
#5 D:\My Project\project_ta\system\CodeIgniter.php(308): CodeIgniter\CodeIgniter->handleRequest(NULL, Object(Config\Cache), false)
#6 D:\My Project\project_ta\public\index.php(45): CodeIgniter\CodeIgniter->run()
#7 D:\My Project\project_ta\system\Commands\Server\rewrite.php(34): require_once('D:\\My Project\\p...')
#8 {main}
CRITICAL - 2020-10-21 10:04:36 --> {0} is not a valid rule.
#0 D:\My Project\project_ta\system\Validation\Validation.php(302): CodeIgniter\Validation\Exceptions\ValidationException::forRuleNotFound('null')
#1 D:\My Project\project_ta\system\Validation\Validation.php(189): CodeIgniter\Validation\Validation->processRules('kecamatan', 'kecamatan', NULL, Array, Array)
#2 D:\My Project\project_ta\app\Controllers\Admin\KecamatanController.php(34): CodeIgniter\Validation\Validation->run(Array, 'kecamatan')
#3 D:\My Project\project_ta\system\CodeIgniter.php(914): App\Controllers\Admin\KecamatanController->create()
#4 D:\My Project\project_ta\system\CodeIgniter.php(400): CodeIgniter\CodeIgniter->runController(Object(App\Controllers\Admin\KecamatanController))
#5 D:\My Project\project_ta\system\CodeIgniter.php(308): CodeIgniter\CodeIgniter->handleRequest(NULL, Object(Config\Cache), false)
#6 D:\My Project\project_ta\public\index.php(45): CodeIgniter\CodeIgniter->run()
#7 D:\My Project\project_ta\system\Commands\Server\rewrite.php(34): require_once('D:\\My Project\\p...')
#8 {main}
CRITICAL - 2020-10-21 10:12:31 --> Too few arguments to function CodeIgniter\Validation\Validation::showError(), 0 passed in D:\My Project\project_ta\app\Controllers\Admin\KecamatanController.php on line 38 and at least 1 expected
#0 D:\My Project\project_ta\app\Controllers\Admin\KecamatanController.php(38): CodeIgniter\Validation\Validation->showError()
#1 D:\My Project\project_ta\system\CodeIgniter.php(914): App\Controllers\Admin\KecamatanController->create()
#2 D:\My Project\project_ta\system\CodeIgniter.php(400): CodeIgniter\CodeIgniter->runController(Object(App\Controllers\Admin\KecamatanController))
#3 D:\My Project\project_ta\system\CodeIgniter.php(308): CodeIgniter\CodeIgniter->handleRequest(NULL, Object(Config\Cache), false)
#4 D:\My Project\project_ta\public\index.php(45): CodeIgniter\CodeIgniter->run()
#5 D:\My Project\project_ta\system\Commands\Server\rewrite.php(34): require_once('D:\\My Project\\p...')
#6 {main}
