CRITICAL - 2020-07-03 03:37:07 --> Invalid file: {0}
#0 D:\xampp\htdocs\project-root\system\View\View.php(228): CodeIgniter\Exceptions\FrameworkException::forInvalidFile('main/home.php')
#1 D:\xampp\htdocs\project-root\system\Common.php(1087): CodeIgniter\View\View->render('main/home', Array, true)
#2 D:\xampp\htdocs\project-root\app\Controllers\Admin\Dashboard.php(11): view('main/home')
#3 D:\xampp\htdocs\project-root\system\CodeIgniter.php(914): App\Controllers\Admin\Dashboard->index()
#4 D:\xampp\htdocs\project-root\system\CodeIgniter.php(400): CodeIgniter\CodeIgniter->runController(Object(App\Controllers\Admin\Dashboard))
#5 D:\xampp\htdocs\project-root\system\CodeIgniter.php(308): CodeIgniter\CodeIgniter->handleRequest(NULL, Object(Config\Cache), false)
#6 D:\xampp\htdocs\project-root\public\index.php(45): CodeIgniter\CodeIgniter->run()
#7 D:\xampp\htdocs\project-root\system\Commands\Server\rewrite.php(34): require_once('D:\\xampp\\htdocs...')
#8 {main}
CRITICAL - 2020-07-03 03:37:49 --> Invalid file: {0}
#0 D:\xampp\htdocs\project-root\system\View\View.php(228): CodeIgniter\Exceptions\FrameworkException::forInvalidFile('main/home.php')
#1 D:\xampp\htdocs\project-root\system\Common.php(1087): CodeIgniter\View\View->render('main/home', Array, true)
#2 D:\xampp\htdocs\project-root\app\Controllers\Admin\Dashboard.php(11): view('main/home')
#3 D:\xampp\htdocs\project-root\system\CodeIgniter.php(914): App\Controllers\Admin\Dashboard->index()
#4 D:\xampp\htdocs\project-root\system\CodeIgniter.php(400): CodeIgniter\CodeIgniter->runController(Object(App\Controllers\Admin\Dashboard))
#5 D:\xampp\htdocs\project-root\system\CodeIgniter.php(308): CodeIgniter\CodeIgniter->handleRequest(NULL, Object(Config\Cache), false)
#6 D:\xampp\htdocs\project-root\public\index.php(45): CodeIgniter\CodeIgniter->run()
#7 D:\xampp\htdocs\project-root\system\Commands\Server\rewrite.php(34): require_once('D:\\xampp\\htdocs...')
#8 {main}
CRITICAL - 2020-07-03 03:38:14 --> Invalid file: {0}
#0 D:\xampp\htdocs\project-root\system\View\View.php(228): CodeIgniter\Exceptions\FrameworkException::forInvalidFile('main/home.php')
#1 D:\xampp\htdocs\project-root\system\Common.php(1087): CodeIgniter\View\View->render('main/home', Array, true)
#2 D:\xampp\htdocs\project-root\app\Controllers\Admin\Dashboard.php(11): view('main/home')
#3 D:\xampp\htdocs\project-root\system\CodeIgniter.php(914): App\Controllers\Admin\Dashboard->index()
#4 D:\xampp\htdocs\project-root\system\CodeIgniter.php(400): CodeIgniter\CodeIgniter->runController(Object(App\Controllers\Admin\Dashboard))
#5 D:\xampp\htdocs\project-root\system\CodeIgniter.php(308): CodeIgniter\CodeIgniter->handleRequest(NULL, Object(Config\Cache), false)
#6 D:\xampp\htdocs\project-root\public\index.php(45): CodeIgniter\CodeIgniter->run()
#7 D:\xampp\htdocs\project-root\system\Commands\Server\rewrite.php(34): require_once('D:\\xampp\\htdocs...')
#8 {main}
CRITICAL - 2020-07-03 10:09:29 --> Undefined property: App\Controllers\Admin\Biodata::$biodataModel
#0 D:\xampp\htdocs\project-root\app\Controllers\Admin\Biodata.php(29): CodeIgniter\Debug\Exceptions->errorHandler(8, 'Undefined prope...', 'D:\\xampp\\htdocs...', 29, Array)
#1 D:\xampp\htdocs\project-root\system\CodeIgniter.php(914): App\Controllers\Admin\Biodata->updateBiodata()
#2 D:\xampp\htdocs\project-root\system\CodeIgniter.php(400): CodeIgniter\CodeIgniter->runController(Object(App\Controllers\Admin\Biodata))
#3 D:\xampp\htdocs\project-root\system\CodeIgniter.php(308): CodeIgniter\CodeIgniter->handleRequest(NULL, Object(Config\Cache), false)
#4 D:\xampp\htdocs\project-root\public\index.php(45): CodeIgniter\CodeIgniter->run()
#5 D:\xampp\htdocs\project-root\system\Commands\Server\rewrite.php(34): require_once('D:\\xampp\\htdocs...')
#6 {main}
CRITICAL - 2020-07-03 10:11:56 --> Undefined property: App\Controllers\Admin\Biodata::$BiodataModel
#0 D:\xampp\htdocs\project-root\app\Controllers\Admin\Biodata.php(29): CodeIgniter\Debug\Exceptions->errorHandler(8, 'Undefined prope...', 'D:\\xampp\\htdocs...', 29, Array)
#1 D:\xampp\htdocs\project-root\system\CodeIgniter.php(914): App\Controllers\Admin\Biodata->updateBiodata()
#2 D:\xampp\htdocs\project-root\system\CodeIgniter.php(400): CodeIgniter\CodeIgniter->runController(Object(App\Controllers\Admin\Biodata))
#3 D:\xampp\htdocs\project-root\system\CodeIgniter.php(308): CodeIgniter\CodeIgniter->handleRequest(NULL, Object(Config\Cache), false)
#4 D:\xampp\htdocs\project-root\public\index.php(45): CodeIgniter\CodeIgniter->run()
#5 D:\xampp\htdocs\project-root\system\Commands\Server\rewrite.php(34): require_once('D:\\xampp\\htdocs...')
#6 {main}
CRITICAL - 2020-07-03 10:27:06 --> Cannot use isset() on the result of an expression (you can use "null !== expression" instead)
#0 [internal function]: CodeIgniter\Debug\Exceptions->shutdownHandler()
#1 {main}
