CRITICAL - 2020-10-24 00:46:30 --> No connection could be made because the target machine actively refused it.

#0 D:\My Project\project_ta\system\Database\BaseConnection.php(377): CodeIgniter\Database\MySQLi\Connection->connect(false)
#1 D:\My Project\project_ta\system\Database\BaseConnection.php(643): CodeIgniter\Database\BaseConnection->initialize()
#2 D:\My Project\project_ta\system\Database\BaseBuilder.php(1845): CodeIgniter\Database\BaseConnection->query('SELECT *\nFROM `...', Array, false)
#3 D:\My Project\project_ta\system\Model.php(489): CodeIgniter\Database\BaseBuilder->get()
#4 D:\My Project\project_ta\app\Controllers\LoginController.php(25): CodeIgniter\Model->first()
#5 D:\My Project\project_ta\system\CodeIgniter.php(914): App\Controllers\LoginController->index()
#6 D:\My Project\project_ta\system\CodeIgniter.php(400): CodeIgniter\CodeIgniter->runController(Object(App\Controllers\LoginController))
#7 D:\My Project\project_ta\system\CodeIgniter.php(308): CodeIgniter\CodeIgniter->handleRequest(NULL, Object(Config\Cache), false)
#8 D:\My Project\project_ta\public\index.php(45): CodeIgniter\CodeIgniter->run()
#9 D:\My Project\project_ta\system\Commands\Server\rewrite.php(34): require_once('D:\\My Project\\p...')
#10 {main}
CRITICAL - 2020-10-24 01:35:15 --> strpos() expects parameter 1 to be string, array given
#0 [internal function]: CodeIgniter\Debug\Exceptions->errorHandler(2, 'strpos() expect...', 'D:\\My Project\\p...', 454, Array)
#1 D:\My Project\project_ta\system\Router\Router.php(454): strpos(Array, '$')
#2 D:\My Project\project_ta\system\Router\Router.php(173): CodeIgniter\Router\Router->checkRoutes('admin/penjualan')
#3 D:\My Project\project_ta\system\CodeIgniter.php(789): CodeIgniter\Router\Router->handle('admin/penjualan')
#4 D:\My Project\project_ta\system\CodeIgniter.php(360): CodeIgniter\CodeIgniter->tryToRouteIt(Object(CodeIgniter\Router\RouteCollection))
#5 D:\My Project\project_ta\system\CodeIgniter.php(308): CodeIgniter\CodeIgniter->handleRequest(NULL, Object(Config\Cache), false)
#6 D:\My Project\project_ta\public\index.php(45): CodeIgniter\CodeIgniter->run()
#7 D:\My Project\project_ta\system\Commands\Server\rewrite.php(34): require_once('D:\\My Project\\p...')
#8 {main}
CRITICAL - 2020-10-24 01:37:41 --> Invalid file: {0}
#0 D:\My Project\project_ta\system\View\View.php(228): CodeIgniter\Exceptions\FrameworkException::forInvalidFile('admin/konten/pe...')
#1 D:\My Project\project_ta\system\Common.php(1087): CodeIgniter\View\View->render('admin/konten/pe...', Array, true)
#2 D:\My Project\project_ta\app\Controllers\Admin\PenjualanController.php(22): view('admin/konten/pe...', Array)
#3 D:\My Project\project_ta\system\CodeIgniter.php(914): App\Controllers\Admin\PenjualanController->index()
#4 D:\My Project\project_ta\system\CodeIgniter.php(400): CodeIgniter\CodeIgniter->runController(Object(App\Controllers\Admin\PenjualanController))
#5 D:\My Project\project_ta\system\CodeIgniter.php(308): CodeIgniter\CodeIgniter->handleRequest(NULL, Object(Config\Cache), false)
#6 D:\My Project\project_ta\public\index.php(45): CodeIgniter\CodeIgniter->run()
#7 D:\My Project\project_ta\system\Commands\Server\rewrite.php(34): require_once('D:\\My Project\\p...')
#8 {main}
CRITICAL - 2020-10-24 01:37:58 --> strpos() expects parameter 1 to be string, array given
#0 [internal function]: CodeIgniter\Debug\Exceptions->errorHandler(2, 'strpos() expect...', 'D:\\My Project\\p...', 454, Array)
#1 D:\My Project\project_ta\system\Router\Router.php(454): strpos(Array, '$')
#2 D:\My Project\project_ta\system\Router\Router.php(173): CodeIgniter\Router\Router->checkRoutes('admin/penjualan')
#3 D:\My Project\project_ta\system\CodeIgniter.php(789): CodeIgniter\Router\Router->handle('admin/penjualan')
#4 D:\My Project\project_ta\system\CodeIgniter.php(360): CodeIgniter\CodeIgniter->tryToRouteIt(Object(CodeIgniter\Router\RouteCollection))
#5 D:\My Project\project_ta\system\CodeIgniter.php(308): CodeIgniter\CodeIgniter->handleRequest(NULL, Object(Config\Cache), false)
#6 D:\My Project\project_ta\public\index.php(45): CodeIgniter\CodeIgniter->run()
#7 D:\My Project\project_ta\system\Commands\Server\rewrite.php(34): require_once('D:\\My Project\\p...')
#8 {main}
CRITICAL - 2020-10-24 11:44:56 --> Call to undefined method App\Models\ModelDesa::getAll
#0 D:\My Project\project_ta\app\Controllers\Admin\DesaController.php(84): CodeIgniter\Model->__call('getAll', Array)
#1 D:\My Project\project_ta\system\CodeIgniter.php(914): App\Controllers\Admin\DesaController->get('3')
#2 D:\My Project\project_ta\system\CodeIgniter.php(400): CodeIgniter\CodeIgniter->runController(Object(App\Controllers\Admin\DesaController))
#3 D:\My Project\project_ta\system\CodeIgniter.php(308): CodeIgniter\CodeIgniter->handleRequest(NULL, Object(Config\Cache), false)
#4 D:\My Project\project_ta\public\index.php(45): CodeIgniter\CodeIgniter->run()
#5 D:\My Project\project_ta\system\Commands\Server\rewrite.php(34): require_once('D:\\My Project\\p...')
#6 {main}
