CRITICAL - 2020-07-23 10:02:42 --> Class 'Locale' not found
#0 D:\My Project\project-dekor\app\Database\Seeds\UserSeeder.php(17): CodeIgniter\I18n\Time->__construct('now')
#1 D:\My Project\project-dekor\system\Database\Seeder.php(174): App\Database\Seeds\UserSeeder->run()
#2 D:\My Project\project-dekor\system\Commands\Database\Seed.php(124): CodeIgniter\Database\Seeder->call('App\\Database\\Se...')
#3 D:\My Project\project-dekor\system\CLI\CommandRunner.php(137): CodeIgniter\Commands\Database\Seed->run(Array)
#4 D:\My Project\project-dekor\system\CLI\CommandRunner.php(110): CodeIgniter\CLI\CommandRunner->runCommand('db:seed', Array)
#5 D:\My Project\project-dekor\system\CLI\CommandRunner.php(86): CodeIgniter\CLI\CommandRunner->index(Array)
#6 D:\My Project\project-dekor\system\CodeIgniter.php(910): CodeIgniter\CLI\CommandRunner->_remap('index', 'db:seed')
#7 D:\My Project\project-dekor\system\CodeIgniter.php(400): CodeIgniter\CodeIgniter->runController(Object(CodeIgniter\CLI\CommandRunner))
#8 D:\My Project\project-dekor\system\CodeIgniter.php(308): CodeIgniter\CodeIgniter->handleRequest(NULL, Object(Config\Cache), false)
#9 D:\My Project\project-dekor\system\CLI\Console.php(86): CodeIgniter\CodeIgniter->run()
#10 D:\My Project\project-dekor\spark(57): CodeIgniter\CLI\Console->run()
#11 {main}
CRITICAL - 2020-07-23 10:03:26 --> Class 'Locale' not found
#0 D:\My Project\project-dekor\app\Database\Seeds\UserSeeder.php(17): CodeIgniter\I18n\Time->__construct()
#1 D:\My Project\project-dekor\system\Database\Seeder.php(174): App\Database\Seeds\UserSeeder->run()
#2 D:\My Project\project-dekor\system\Commands\Database\Seed.php(124): CodeIgniter\Database\Seeder->call('App\\Database\\Se...')
#3 D:\My Project\project-dekor\system\CLI\CommandRunner.php(137): CodeIgniter\Commands\Database\Seed->run(Array)
#4 D:\My Project\project-dekor\system\CLI\CommandRunner.php(110): CodeIgniter\CLI\CommandRunner->runCommand('db:seed', Array)
#5 D:\My Project\project-dekor\system\CLI\CommandRunner.php(86): CodeIgniter\CLI\CommandRunner->index(Array)
#6 D:\My Project\project-dekor\system\CodeIgniter.php(910): CodeIgniter\CLI\CommandRunner->_remap('index', 'db:seed', 'UserSeeder')
#7 D:\My Project\project-dekor\system\CodeIgniter.php(400): CodeIgniter\CodeIgniter->runController(Object(CodeIgniter\CLI\CommandRunner))
#8 D:\My Project\project-dekor\system\CodeIgniter.php(308): CodeIgniter\CodeIgniter->handleRequest(NULL, Object(Config\Cache), false)
#9 D:\My Project\project-dekor\system\CLI\Console.php(86): CodeIgniter\CodeIgniter->run()
#10 D:\My Project\project-dekor\spark(57): CodeIgniter\CLI\Console->run()
#11 {main}
CRITICAL - 2020-07-23 10:32:22 --> Undefined property: CodeIgniter\Validation\Validation::$hasError
#0 D:\My Project\project-dekor\app\Views\login.php(25): CodeIgniter\Debug\Exceptions->errorHandler(8, 'Undefined prope...', 'D:\\My Project\\p...', 25, Array)
#1 D:\My Project\project-dekor\system\View\View.php(246): include('D:\\My Project\\p...')
#2 D:\My Project\project-dekor\system\Common.php(1087): CodeIgniter\View\View->render('login', Array, true)
#3 D:\My Project\project-dekor\app\Controllers\Login.php(18): view('login', Array)
#4 D:\My Project\project-dekor\system\CodeIgniter.php(914): App\Controllers\Login->index()
#5 D:\My Project\project-dekor\system\CodeIgniter.php(400): CodeIgniter\CodeIgniter->runController(Object(App\Controllers\Login))
#6 D:\My Project\project-dekor\system\CodeIgniter.php(308): CodeIgniter\CodeIgniter->handleRequest(NULL, Object(Config\Cache), false)
#7 D:\My Project\project-dekor\public\index.php(45): CodeIgniter\CodeIgniter->run()
#8 D:\My Project\project-dekor\system\Commands\Server\rewrite.php(34): require_once('D:\\My Project\\p...')
#9 {main}
CRITICAL - 2020-07-23 10:32:39 --> Too few arguments to function CodeIgniter\Validation\Validation::hasError(), 0 passed in D:\My Project\project-dekor\app\Views\login.php on line 25 and exactly 1 expected
#0 D:\My Project\project-dekor\app\Views\login.php(25): CodeIgniter\Validation\Validation->hasError()
#1 D:\My Project\project-dekor\system\View\View.php(246): include('D:\\My Project\\p...')
#2 D:\My Project\project-dekor\system\Common.php(1087): CodeIgniter\View\View->render('login', Array, true)
#3 D:\My Project\project-dekor\app\Controllers\Login.php(18): view('login', Array)
#4 D:\My Project\project-dekor\system\CodeIgniter.php(914): App\Controllers\Login->index()
#5 D:\My Project\project-dekor\system\CodeIgniter.php(400): CodeIgniter\CodeIgniter->runController(Object(App\Controllers\Login))
#6 D:\My Project\project-dekor\system\CodeIgniter.php(308): CodeIgniter\CodeIgniter->handleRequest(NULL, Object(Config\Cache), false)
#7 D:\My Project\project-dekor\public\index.php(45): CodeIgniter\CodeIgniter->run()
#8 D:\My Project\project-dekor\system\Commands\Server\rewrite.php(34): require_once('D:\\My Project\\p...')
#9 {main}
CRITICAL - 2020-07-23 10:32:43 --> Call to undefined method CodeIgniter\Validation\Validation::hasErrors()
#0 D:\My Project\project-dekor\system\View\View.php(246): include()
#1 D:\My Project\project-dekor\system\Common.php(1087): CodeIgniter\View\View->render('login', Array, true)
#2 D:\My Project\project-dekor\app\Controllers\Login.php(18): view('login', Array)
#3 D:\My Project\project-dekor\system\CodeIgniter.php(914): App\Controllers\Login->index()
#4 D:\My Project\project-dekor\system\CodeIgniter.php(400): CodeIgniter\CodeIgniter->runController(Object(App\Controllers\Login))
#5 D:\My Project\project-dekor\system\CodeIgniter.php(308): CodeIgniter\CodeIgniter->handleRequest(NULL, Object(Config\Cache), false)
#6 D:\My Project\project-dekor\public\index.php(45): CodeIgniter\CodeIgniter->run()
#7 D:\My Project\project-dekor\system\Commands\Server\rewrite.php(34): require_once('D:\\My Project\\p...')
#8 {main}
CRITICAL - 2020-07-23 10:32:47 --> Too few arguments to function CodeIgniter\Validation\Validation::hasError(), 0 passed in D:\My Project\project-dekor\app\Views\login.php on line 25 and exactly 1 expected
#0 D:\My Project\project-dekor\app\Views\login.php(25): CodeIgniter\Validation\Validation->hasError()
#1 D:\My Project\project-dekor\system\View\View.php(246): include('D:\\My Project\\p...')
#2 D:\My Project\project-dekor\system\Common.php(1087): CodeIgniter\View\View->render('login', Array, true)
#3 D:\My Project\project-dekor\app\Controllers\Login.php(18): view('login', Array)
#4 D:\My Project\project-dekor\system\CodeIgniter.php(914): App\Controllers\Login->index()
#5 D:\My Project\project-dekor\system\CodeIgniter.php(400): CodeIgniter\CodeIgniter->runController(Object(App\Controllers\Login))
#6 D:\My Project\project-dekor\system\CodeIgniter.php(308): CodeIgniter\CodeIgniter->handleRequest(NULL, Object(Config\Cache), false)
#7 D:\My Project\project-dekor\public\index.php(45): CodeIgniter\CodeIgniter->run()
#8 D:\My Project\project-dekor\system\Commands\Server\rewrite.php(34): require_once('D:\\My Project\\p...')
#9 {main}
CRITICAL - 2020-07-23 10:33:14 --> Too few arguments to function CodeIgniter\Validation\Validation::hasError(), 0 passed in D:\My Project\project-dekor\app\Views\login.php on line 25 and exactly 1 expected
#0 D:\My Project\project-dekor\app\Views\login.php(25): CodeIgniter\Validation\Validation->hasError()
#1 D:\My Project\project-dekor\system\View\View.php(246): include('D:\\My Project\\p...')
#2 D:\My Project\project-dekor\system\Common.php(1087): CodeIgniter\View\View->render('login', Array, true)
#3 D:\My Project\project-dekor\app\Controllers\Login.php(18): view('login', Array)
#4 D:\My Project\project-dekor\system\CodeIgniter.php(914): App\Controllers\Login->index()
#5 D:\My Project\project-dekor\system\CodeIgniter.php(400): CodeIgniter\CodeIgniter->runController(Object(App\Controllers\Login))
#6 D:\My Project\project-dekor\system\CodeIgniter.php(308): CodeIgniter\CodeIgniter->handleRequest(NULL, Object(Config\Cache), false)
#7 D:\My Project\project-dekor\public\index.php(45): CodeIgniter\CodeIgniter->run()
#8 D:\My Project\project-dekor\system\Commands\Server\rewrite.php(34): require_once('D:\\My Project\\p...')
#9 {main}
CRITICAL - 2020-07-23 10:33:24 --> Too few arguments to function CodeIgniter\Validation\Validation::hasError(), 0 passed in D:\My Project\project-dekor\app\Views\login.php on line 25 and exactly 1 expected
#0 D:\My Project\project-dekor\app\Views\login.php(25): CodeIgniter\Validation\Validation->hasError()
#1 D:\My Project\project-dekor\system\View\View.php(246): include('D:\\My Project\\p...')
#2 D:\My Project\project-dekor\system\Common.php(1087): CodeIgniter\View\View->render('login', Array, true)
#3 D:\My Project\project-dekor\app\Controllers\Login.php(18): view('login', Array)
#4 D:\My Project\project-dekor\system\CodeIgniter.php(914): App\Controllers\Login->index()
#5 D:\My Project\project-dekor\system\CodeIgniter.php(400): CodeIgniter\CodeIgniter->runController(Object(App\Controllers\Login))
#6 D:\My Project\project-dekor\system\CodeIgniter.php(308): CodeIgniter\CodeIgniter->handleRequest(NULL, Object(Config\Cache), false)
#7 D:\My Project\project-dekor\public\index.php(45): CodeIgniter\CodeIgniter->run()
#8 D:\My Project\project-dekor\system\Commands\Server\rewrite.php(34): require_once('D:\\My Project\\p...')
#9 {main}
CRITICAL - 2020-07-23 10:34:13 --> Cannot use isset() on the result of an expression (you can use "null !== expression" instead)
#0 [internal function]: CodeIgniter\Debug\Exceptions->shutdownHandler()
#1 {main}
CRITICAL - 2020-07-23 10:36:04 --> Cannot access protected property CodeIgniter\Validation\Validation::$errors
#0 D:\My Project\project-dekor\system\CodeIgniter.php(914): App\Controllers\Login->index()
#1 D:\My Project\project-dekor\system\CodeIgniter.php(400): CodeIgniter\CodeIgniter->runController(Object(App\Controllers\Login))
#2 D:\My Project\project-dekor\system\CodeIgniter.php(308): CodeIgniter\CodeIgniter->handleRequest(NULL, Object(Config\Cache), false)
#3 D:\My Project\project-dekor\public\index.php(45): CodeIgniter\CodeIgniter->run()
#4 D:\My Project\project-dekor\system\Commands\Server\rewrite.php(34): require_once('D:\\My Project\\p...')
#5 {main}
CRITICAL - 2020-07-23 10:39:23 --> preg_match() expects parameter 2 to be string, array given
#0 [internal function]: CodeIgniter\Debug\Exceptions->errorHandler(2, 'preg_match() ex...', 'D:\\My Project\\p...', 266, Array)
#1 D:\My Project\project-dekor\system\Validation\Validation.php(266): preg_match('/(.*?)\\[(.*)\\]/', Array, NULL)
#2 D:\My Project\project-dekor\system\Validation\Validation.php(189): CodeIgniter\Validation\Validation->processRules('1', '1', NULL, Array, Array)
#3 D:\My Project\project-dekor\system\Controller.php(219): CodeIgniter\Validation\Validation->run()
#4 D:\My Project\project-dekor\app\Controllers\Login.php(32): CodeIgniter\Controller->validate(Array)
#5 D:\My Project\project-dekor\system\CodeIgniter.php(914): App\Controllers\Login->signIn()
#6 D:\My Project\project-dekor\system\CodeIgniter.php(400): CodeIgniter\CodeIgniter->runController(Object(App\Controllers\Login))
#7 D:\My Project\project-dekor\system\CodeIgniter.php(308): CodeIgniter\CodeIgniter->handleRequest(NULL, Object(Config\Cache), false)
#8 D:\My Project\project-dekor\public\index.php(45): CodeIgniter\CodeIgniter->run()
#9 D:\My Project\project-dekor\system\Commands\Server\rewrite.php(34): require_once('D:\\My Project\\p...')
#10 {main}
CRITICAL - 2020-07-23 10:40:32 --> Undefined variable: validation
#0 D:\My Project\project-dekor\app\Controllers\Login.php(16): CodeIgniter\Debug\Exceptions->errorHandler(8, 'Undefined varia...', 'D:\\My Project\\p...', 16, Array)
#1 D:\My Project\project-dekor\system\CodeIgniter.php(914): App\Controllers\Login->index()
#2 D:\My Project\project-dekor\system\CodeIgniter.php(400): CodeIgniter\CodeIgniter->runController(Object(App\Controllers\Login))
#3 D:\My Project\project-dekor\system\CodeIgniter.php(308): CodeIgniter\CodeIgniter->handleRequest(NULL, Object(Config\Cache), false)
#4 D:\My Project\project-dekor\public\index.php(45): CodeIgniter\CodeIgniter->run()
#5 D:\My Project\project-dekor\system\Commands\Server\rewrite.php(34): require_once('D:\\My Project\\p...')
#6 {main}
CRITICAL - 2020-07-23 10:40:40 --> preg_match() expects parameter 2 to be string, array given
#0 [internal function]: CodeIgniter\Debug\Exceptions->errorHandler(2, 'preg_match() ex...', 'D:\\My Project\\p...', 266, Array)
#1 D:\My Project\project-dekor\system\Validation\Validation.php(266): preg_match('/(.*?)\\[(.*)\\]/', Array, NULL)
#2 D:\My Project\project-dekor\system\Validation\Validation.php(189): CodeIgniter\Validation\Validation->processRules('1', '1', NULL, Array, Array)
#3 D:\My Project\project-dekor\system\Controller.php(219): CodeIgniter\Validation\Validation->run()
#4 D:\My Project\project-dekor\app\Controllers\Login.php(32): CodeIgniter\Controller->validate(Array)
#5 D:\My Project\project-dekor\system\CodeIgniter.php(914): App\Controllers\Login->signIn()
#6 D:\My Project\project-dekor\system\CodeIgniter.php(400): CodeIgniter\CodeIgniter->runController(Object(App\Controllers\Login))
#7 D:\My Project\project-dekor\system\CodeIgniter.php(308): CodeIgniter\CodeIgniter->handleRequest(NULL, Object(Config\Cache), false)
#8 D:\My Project\project-dekor\public\index.php(45): CodeIgniter\CodeIgniter->run()
#9 D:\My Project\project-dekor\system\Commands\Server\rewrite.php(34): require_once('D:\\My Project\\p...')
#10 {main}
CRITICAL - 2020-07-23 10:51:52 --> Undefined variable: session
#0 D:\My Project\project-dekor\app\Controllers\Login.php(52): CodeIgniter\Debug\Exceptions->errorHandler(8, 'Undefined varia...', 'D:\\My Project\\p...', 52, Array)
#1 D:\My Project\project-dekor\system\CodeIgniter.php(914): App\Controllers\Login->cek()
#2 D:\My Project\project-dekor\system\CodeIgniter.php(400): CodeIgniter\CodeIgniter->runController(Object(App\Controllers\Login))
#3 D:\My Project\project-dekor\system\CodeIgniter.php(308): CodeIgniter\CodeIgniter->handleRequest(NULL, Object(Config\Cache), false)
#4 D:\My Project\project-dekor\public\index.php(45): CodeIgniter\CodeIgniter->run()
#5 D:\My Project\project-dekor\system\Commands\Server\rewrite.php(34): require_once('D:\\My Project\\p...')
#6 {main}
CRITICAL - 2020-07-23 10:52:36 --> Undefined variable: session
#0 D:\My Project\project-dekor\app\Controllers\Login.php(54): CodeIgniter\Debug\Exceptions->errorHandler(8, 'Undefined varia...', 'D:\\My Project\\p...', 54, Array)
#1 D:\My Project\project-dekor\system\CodeIgniter.php(914): App\Controllers\Login->cek()
#2 D:\My Project\project-dekor\system\CodeIgniter.php(400): CodeIgniter\CodeIgniter->runController(Object(App\Controllers\Login))
#3 D:\My Project\project-dekor\system\CodeIgniter.php(308): CodeIgniter\CodeIgniter->handleRequest(NULL, Object(Config\Cache), false)
#4 D:\My Project\project-dekor\public\index.php(45): CodeIgniter\CodeIgniter->run()
#5 D:\My Project\project-dekor\system\Commands\Server\rewrite.php(34): require_once('D:\\My Project\\p...')
#6 {main}
