CRITICAL - 2020-08-21 04:37:56 --> Undefined variable: error
#0 D:\My Project\project-dekor\app\Views\login.php(59): CodeIgniter\Debug\Exceptions->errorHandler(8, 'Undefined varia...', 'D:\\My Project\\p...', 59, Array)
#1 D:\My Project\project-dekor\system\View\View.php(246): include('D:\\My Project\\p...')
#2 D:\My Project\project-dekor\system\Common.php(1087): CodeIgniter\View\View->render('login', Array, true)
#3 D:\My Project\project-dekor\app\Controllers\LoginController.php(11): view('login')
#4 D:\My Project\project-dekor\system\CodeIgniter.php(914): App\Controllers\LoginController->index()
#5 D:\My Project\project-dekor\system\CodeIgniter.php(400): CodeIgniter\CodeIgniter->runController(Object(App\Controllers\LoginController))
#6 D:\My Project\project-dekor\system\CodeIgniter.php(308): CodeIgniter\CodeIgniter->handleRequest(NULL, Object(Config\Cache), false)
#7 D:\My Project\project-dekor\public\index.php(45): CodeIgniter\CodeIgniter->run()
#8 D:\My Project\project-dekor\system\Commands\Server\rewrite.php(34): require_once('D:\\My Project\\p...')
#9 {main}
CRITICAL - 2020-08-21 05:22:34 --> Invalid file: {0}
#0 D:\My Project\project-dekor\system\View\View.php(228): CodeIgniter\Exceptions\FrameworkException::forInvalidFile('Signup.php')
#1 D:\My Project\project-dekor\system\Common.php(1087): CodeIgniter\View\View->render('Signup', Array, true)
#2 D:\My Project\project-dekor\app\Controllers\LoginController.php(30): view('Signup', Array)
#3 D:\My Project\project-dekor\system\CodeIgniter.php(914): App\Controllers\LoginController->sign_in()
#4 D:\My Project\project-dekor\system\CodeIgniter.php(400): CodeIgniter\CodeIgniter->runController(Object(App\Controllers\LoginController))
#5 D:\My Project\project-dekor\system\CodeIgniter.php(308): CodeIgniter\CodeIgniter->handleRequest(NULL, Object(Config\Cache), false)
#6 D:\My Project\project-dekor\public\index.php(45): CodeIgniter\CodeIgniter->run()
#7 D:\My Project\project-dekor\system\Commands\Server\rewrite.php(34): require_once('D:\\My Project\\p...')
#8 {main}
CRITICAL - 2020-08-21 05:23:57 --> Invalid file: {0}
#0 D:\My Project\project-dekor\system\View\View.php(228): CodeIgniter\Exceptions\FrameworkException::forInvalidFile('Signup.php')
#1 D:\My Project\project-dekor\system\Common.php(1087): CodeIgniter\View\View->render('Signup', Array, true)
#2 D:\My Project\project-dekor\app\Controllers\LoginController.php(30): view('Signup', Array)
#3 D:\My Project\project-dekor\system\CodeIgniter.php(914): App\Controllers\LoginController->sign_in()
#4 D:\My Project\project-dekor\system\CodeIgniter.php(400): CodeIgniter\CodeIgniter->runController(Object(App\Controllers\LoginController))
#5 D:\My Project\project-dekor\system\CodeIgniter.php(308): CodeIgniter\CodeIgniter->handleRequest(NULL, Object(Config\Cache), false)
#6 D:\My Project\project-dekor\public\index.php(45): CodeIgniter\CodeIgniter->run()
#7 D:\My Project\project-dekor\system\Commands\Server\rewrite.php(34): require_once('D:\\My Project\\p...')
#8 {main}
CRITICAL - 2020-08-21 05:25:06 --> Invalid file: {0}
#0 D:\My Project\project-dekor\system\View\View.php(228): CodeIgniter\Exceptions\FrameworkException::forInvalidFile('Signup.php')
#1 D:\My Project\project-dekor\system\Common.php(1087): CodeIgniter\View\View->render('Signup', Array, true)
#2 D:\My Project\project-dekor\app\Controllers\LoginController.php(30): view('Signup', Array)
#3 D:\My Project\project-dekor\system\CodeIgniter.php(914): App\Controllers\LoginController->sign_in()
#4 D:\My Project\project-dekor\system\CodeIgniter.php(400): CodeIgniter\CodeIgniter->runController(Object(App\Controllers\LoginController))
#5 D:\My Project\project-dekor\system\CodeIgniter.php(308): CodeIgniter\CodeIgniter->handleRequest(NULL, Object(Config\Cache), false)
#6 D:\My Project\project-dekor\public\index.php(45): CodeIgniter\CodeIgniter->run()
#7 D:\My Project\project-dekor\system\Commands\Server\rewrite.php(34): require_once('D:\\My Project\\p...')
#8 {main}
CRITICAL - 2020-08-21 05:25:47 --> Call to undefined method App\Controllers\LoginController::request()
#0 D:\My Project\project-dekor\system\CodeIgniter.php(914): App\Controllers\LoginController->sign_in()
#1 D:\My Project\project-dekor\system\CodeIgniter.php(400): CodeIgniter\CodeIgniter->runController(Object(App\Controllers\LoginController))
#2 D:\My Project\project-dekor\system\CodeIgniter.php(308): CodeIgniter\CodeIgniter->handleRequest(NULL, Object(Config\Cache), false)
#3 D:\My Project\project-dekor\public\index.php(45): CodeIgniter\CodeIgniter->run()
#4 D:\My Project\project-dekor\system\Commands\Server\rewrite.php(34): require_once('D:\\My Project\\p...')
#5 {main}
CRITICAL - 2020-08-21 06:01:24 --> Undefined variable: session
#0 D:\My Project\project-dekor\app\Views\login.php(54): CodeIgniter\Debug\Exceptions->errorHandler(8, 'Undefined varia...', 'D:\\My Project\\p...', 54, Array)
#1 D:\My Project\project-dekor\system\View\View.php(246): include('D:\\My Project\\p...')
#2 D:\My Project\project-dekor\system\Common.php(1087): CodeIgniter\View\View->render('login', Array, true)
#3 D:\My Project\project-dekor\app\Controllers\LoginController.php(17): view('login')
#4 D:\My Project\project-dekor\system\CodeIgniter.php(914): App\Controllers\LoginController->admin()
#5 D:\My Project\project-dekor\system\CodeIgniter.php(400): CodeIgniter\CodeIgniter->runController(Object(App\Controllers\LoginController))
#6 D:\My Project\project-dekor\system\CodeIgniter.php(308): CodeIgniter\CodeIgniter->handleRequest(NULL, Object(Config\Cache), false)
#7 D:\My Project\project-dekor\public\index.php(45): CodeIgniter\CodeIgniter->run()
#8 D:\My Project\project-dekor\system\Commands\Server\rewrite.php(34): require_once('D:\\My Project\\p...')
#9 {main}
CRITICAL - 2020-08-21 06:03:19 --> Undefined property: CodeIgniter\View\View::$session
#0 D:\My Project\project-dekor\app\Views\login.php(54): CodeIgniter\Debug\Exceptions->errorHandler(8, 'Undefined prope...', 'D:\\My Project\\p...', 54, Array)
#1 D:\My Project\project-dekor\system\View\View.php(246): include('D:\\My Project\\p...')
#2 D:\My Project\project-dekor\system\Common.php(1087): CodeIgniter\View\View->render('login', Array, true)
#3 D:\My Project\project-dekor\app\Controllers\LoginController.php(17): view('login')
#4 D:\My Project\project-dekor\system\CodeIgniter.php(914): App\Controllers\LoginController->admin()
#5 D:\My Project\project-dekor\system\CodeIgniter.php(400): CodeIgniter\CodeIgniter->runController(Object(App\Controllers\LoginController))
#6 D:\My Project\project-dekor\system\CodeIgniter.php(308): CodeIgniter\CodeIgniter->handleRequest(NULL, Object(Config\Cache), false)
#7 D:\My Project\project-dekor\public\index.php(45): CodeIgniter\CodeIgniter->run()
#8 D:\My Project\project-dekor\system\Commands\Server\rewrite.php(34): require_once('D:\\My Project\\p...')
#9 {main}
CRITICAL - 2020-08-21 06:28:23 --> Undefined index: pass
#0 D:\My Project\project-dekor\app\Controllers\LoginController.php(33): CodeIgniter\Debug\Exceptions->errorHandler(8, 'Undefined index...', 'D:\\My Project\\p...', 33, Array)
#1 D:\My Project\project-dekor\system\CodeIgniter.php(914): App\Controllers\LoginController->admin()
#2 D:\My Project\project-dekor\system\CodeIgniter.php(400): CodeIgniter\CodeIgniter->runController(Object(App\Controllers\LoginController))
#3 D:\My Project\project-dekor\system\CodeIgniter.php(308): CodeIgniter\CodeIgniter->handleRequest(NULL, Object(Config\Cache), false)
#4 D:\My Project\project-dekor\public\index.php(45): CodeIgniter\CodeIgniter->run()
#5 D:\My Project\project-dekor\system\Commands\Server\rewrite.php(34): require_once('D:\\My Project\\p...')
#6 {main}
CRITICAL - 2020-08-21 06:31:20 --> Duplicate entry 'admin' for key 'username'
#0 D:\My Project\project-dekor\system\Database\MySQLi\Connection.php(331): mysqli->query('INSERT INTO `ad...')
#1 D:\My Project\project-dekor\system\Database\BaseConnection.php(738): CodeIgniter\Database\MySQLi\Connection->execute('INSERT INTO `ad...')
#2 D:\My Project\project-dekor\system\Database\BaseConnection.php(666): CodeIgniter\Database\BaseConnection->simpleQuery('INSERT INTO `ad...')
#3 D:\My Project\project-dekor\system\Database\BaseBuilder.php(2234): CodeIgniter\Database\BaseConnection->query('INSERT INTO `ad...', Array, false)
#4 D:\My Project\project-dekor\system\Model.php(729): CodeIgniter\Database\BaseBuilder->insert()
#5 D:\My Project\project-dekor\app\Controllers\LoginController.php(43): CodeIgniter\Model->insert(Array)
#6 D:\My Project\project-dekor\system\CodeIgniter.php(914): App\Controllers\LoginController->admin()
#7 D:\My Project\project-dekor\system\CodeIgniter.php(400): CodeIgniter\CodeIgniter->runController(Object(App\Controllers\LoginController))
#8 D:\My Project\project-dekor\system\CodeIgniter.php(308): CodeIgniter\CodeIgniter->handleRequest(NULL, Object(Config\Cache), false)
#9 D:\My Project\project-dekor\public\index.php(45): CodeIgniter\CodeIgniter->run()
#10 D:\My Project\project-dekor\system\Commands\Server\rewrite.php(34): require_once('D:\\My Project\\p...')
#11 {main}
CRITICAL - 2020-08-21 06:34:15 --> Cannot use object of type App\Models\ModelAdmin as array
#0 D:\My Project\project-dekor\system\CodeIgniter.php(914): App\Controllers\LoginController->admin()
#1 D:\My Project\project-dekor\system\CodeIgniter.php(400): CodeIgniter\CodeIgniter->runController(Object(App\Controllers\LoginController))
#2 D:\My Project\project-dekor\system\CodeIgniter.php(308): CodeIgniter\CodeIgniter->handleRequest(NULL, Object(Config\Cache), false)
#3 D:\My Project\project-dekor\public\index.php(45): CodeIgniter\CodeIgniter->run()
#4 D:\My Project\project-dekor\system\Commands\Server\rewrite.php(34): require_once('D:\\My Project\\p...')
#5 {main}
CRITICAL - 2020-08-21 09:01:28 --> Table 'db_dekor.tb_kategori_paket' doesn't exist
#0 D:\My Project\project-dekor\system\Database\MySQLi\Connection.php(331): mysqli->query('SELECT *\nFROM `...')
#1 D:\My Project\project-dekor\system\Database\BaseConnection.php(738): CodeIgniter\Database\MySQLi\Connection->execute('SELECT *\nFROM `...')
#2 D:\My Project\project-dekor\system\Database\BaseConnection.php(666): CodeIgniter\Database\BaseConnection->simpleQuery('SELECT *\nFROM `...')
#3 D:\My Project\project-dekor\system\Database\BaseBuilder.php(1845): CodeIgniter\Database\BaseConnection->query('SELECT *\nFROM `...', Array, false)
#4 D:\My Project\project-dekor\app\Models\Admin\ModelKategori.php(56): CodeIgniter\Database\BaseBuilder->get()
#5 D:\My Project\project-dekor\app\Controllers\Admin\AksiKategori.php(52): App\Models\Admin\ModelKategori->get_datatables()
#6 D:\My Project\project-dekor\system\CodeIgniter.php(914): App\Controllers\Admin\AksiKategori->get()
#7 D:\My Project\project-dekor\system\CodeIgniter.php(400): CodeIgniter\CodeIgniter->runController(Object(App\Controllers\Admin\AksiKategori))
#8 D:\My Project\project-dekor\system\CodeIgniter.php(308): CodeIgniter\CodeIgniter->handleRequest(NULL, Object(Config\Cache), false)
#9 D:\My Project\project-dekor\public\index.php(45): CodeIgniter\CodeIgniter->run()
#10 D:\My Project\project-dekor\system\Commands\Server\rewrite.php(34): require_once('D:\\My Project\\p...')
#11 {main}
CRITICAL - 2020-08-21 09:10:32 --> Undefined variable: error
#0 D:\My Project\project-dekor\app\Views\user-login.php(54): CodeIgniter\Debug\Exceptions->errorHandler(8, 'Undefined varia...', 'D:\\My Project\\p...', 54, Array)
#1 D:\My Project\project-dekor\system\View\View.php(246): include('D:\\My Project\\p...')
#2 D:\My Project\project-dekor\system\Common.php(1087): CodeIgniter\View\View->render('user-login', Array, true)
#3 D:\My Project\project-dekor\app\Controllers\LoginController.php(17): view('user-login')
#4 D:\My Project\project-dekor\system\CodeIgniter.php(914): App\Controllers\LoginController->index()
#5 D:\My Project\project-dekor\system\CodeIgniter.php(400): CodeIgniter\CodeIgniter->runController(Object(App\Controllers\LoginController))
#6 D:\My Project\project-dekor\system\CodeIgniter.php(308): CodeIgniter\CodeIgniter->handleRequest(NULL, Object(Config\Cache), false)
#7 D:\My Project\project-dekor\public\index.php(45): CodeIgniter\CodeIgniter->run()
#8 D:\My Project\project-dekor\system\Commands\Server\rewrite.php(34): require_once('D:\\My Project\\p...')
#9 {main}
CRITICAL - 2020-08-21 09:10:47 --> Undefined variable: error
#0 D:\My Project\project-dekor\app\Views\user-login.php(54): CodeIgniter\Debug\Exceptions->errorHandler(8, 'Undefined varia...', 'D:\\My Project\\p...', 54, Array)
#1 D:\My Project\project-dekor\system\View\View.php(246): include('D:\\My Project\\p...')
#2 D:\My Project\project-dekor\system\Common.php(1087): CodeIgniter\View\View->render('user-login', Array, true)
#3 D:\My Project\project-dekor\app\Controllers\LoginController.php(17): view('user-login')
#4 D:\My Project\project-dekor\system\CodeIgniter.php(914): App\Controllers\LoginController->index()
#5 D:\My Project\project-dekor\system\CodeIgniter.php(400): CodeIgniter\CodeIgniter->runController(Object(App\Controllers\LoginController))
#6 D:\My Project\project-dekor\system\CodeIgniter.php(308): CodeIgniter\CodeIgniter->handleRequest(NULL, Object(Config\Cache), false)
#7 D:\My Project\project-dekor\public\index.php(45): CodeIgniter\CodeIgniter->run()
#8 D:\My Project\project-dekor\system\Commands\Server\rewrite.php(34): require_once('D:\\My Project\\p...')
#9 {main}
CRITICAL - 2020-08-21 09:11:21 --> Undefined variable: error
#0 D:\My Project\project-dekor\app\Views\user-login.php(54): CodeIgniter\Debug\Exceptions->errorHandler(8, 'Undefined varia...', 'D:\\My Project\\p...', 54, Array)
#1 D:\My Project\project-dekor\system\View\View.php(246): include('D:\\My Project\\p...')
#2 D:\My Project\project-dekor\system\Common.php(1087): CodeIgniter\View\View->render('user-login', Array, true)
#3 D:\My Project\project-dekor\app\Controllers\LoginController.php(18): view('user-login')
#4 D:\My Project\project-dekor\system\CodeIgniter.php(914): App\Controllers\LoginController->index()
#5 D:\My Project\project-dekor\system\CodeIgniter.php(400): CodeIgniter\CodeIgniter->runController(Object(App\Controllers\LoginController))
#6 D:\My Project\project-dekor\system\CodeIgniter.php(308): CodeIgniter\CodeIgniter->handleRequest(NULL, Object(Config\Cache), false)
#7 D:\My Project\project-dekor\public\index.php(45): CodeIgniter\CodeIgniter->run()
#8 D:\My Project\project-dekor\system\Commands\Server\rewrite.php(34): require_once('D:\\My Project\\p...')
#9 {main}
