CRITICAL - 2020-10-29 05:01:20 --> Undefined variable: data
#0 D:\My Project\project_ta\app\Views\admin\konten\calculate.php(63): CodeIgniter\Debug\Exceptions->errorHandler(8, 'Undefined varia...', 'D:\\My Project\\p...', 63, Array)
#1 D:\My Project\project_ta\system\View\View.php(246): include('D:\\My Project\\p...')
#2 D:\My Project\project_ta\system\Common.php(1087): CodeIgniter\View\View->render('admin/konten/ca...', Array, true)
#3 D:\My Project\project_ta\app\Controllers\Admin\CalculateController.php(44): view('admin/konten/ca...', Array)
#4 D:\My Project\project_ta\system\CodeIgniter.php(914): App\Controllers\Admin\CalculateController->index()
#5 D:\My Project\project_ta\system\CodeIgniter.php(400): CodeIgniter\CodeIgniter->runController(Object(App\Controllers\Admin\CalculateController))
#6 D:\My Project\project_ta\system\CodeIgniter.php(308): CodeIgniter\CodeIgniter->handleRequest(NULL, Object(Config\Cache), false)
#7 D:\My Project\project_ta\public\index.php(45): CodeIgniter\CodeIgniter->run()
#8 D:\My Project\project_ta\system\Commands\Server\rewrite.php(34): require_once('D:\\My Project\\p...')
#9 {main}
CRITICAL - 2020-10-29 05:01:32 --> Undefined variable: data
#0 D:\My Project\project_ta\app\Views\admin\konten\calculate.php(63): CodeIgniter\Debug\Exceptions->errorHandler(8, 'Undefined varia...', 'D:\\My Project\\p...', 63, Array)
#1 D:\My Project\project_ta\system\View\View.php(246): include('D:\\My Project\\p...')
#2 D:\My Project\project_ta\system\Common.php(1087): CodeIgniter\View\View->render('admin/konten/ca...', Array, true)
#3 D:\My Project\project_ta\app\Controllers\Admin\CalculateController.php(44): view('admin/konten/ca...', Array)
#4 D:\My Project\project_ta\system\CodeIgniter.php(914): App\Controllers\Admin\CalculateController->index()
#5 D:\My Project\project_ta\system\CodeIgniter.php(400): CodeIgniter\CodeIgniter->runController(Object(App\Controllers\Admin\CalculateController))
#6 D:\My Project\project_ta\system\CodeIgniter.php(308): CodeIgniter\CodeIgniter->handleRequest(NULL, Object(Config\Cache), false)
#7 D:\My Project\project_ta\public\index.php(45): CodeIgniter\CodeIgniter->run()
#8 D:\My Project\project_ta\system\Commands\Server\rewrite.php(34): require_once('D:\\My Project\\p...')
#9 {main}
CRITICAL - 2020-10-29 05:01:38 --> Undefined variable: data
#0 D:\My Project\project_ta\app\Views\admin\konten\calculate.php(63): CodeIgniter\Debug\Exceptions->errorHandler(8, 'Undefined varia...', 'D:\\My Project\\p...', 63, Array)
#1 D:\My Project\project_ta\system\View\View.php(246): include('D:\\My Project\\p...')
#2 D:\My Project\project_ta\system\Common.php(1087): CodeIgniter\View\View->render('admin/konten/ca...', Array, true)
#3 D:\My Project\project_ta\app\Controllers\Admin\CalculateController.php(44): view('admin/konten/ca...', Array)
#4 D:\My Project\project_ta\system\CodeIgniter.php(914): App\Controllers\Admin\CalculateController->index()
#5 D:\My Project\project_ta\system\CodeIgniter.php(400): CodeIgniter\CodeIgniter->runController(Object(App\Controllers\Admin\CalculateController))
#6 D:\My Project\project_ta\system\CodeIgniter.php(308): CodeIgniter\CodeIgniter->handleRequest(NULL, Object(Config\Cache), false)
#7 D:\My Project\project_ta\public\index.php(45): CodeIgniter\CodeIgniter->run()
#8 D:\My Project\project_ta\system\Commands\Server\rewrite.php(34): require_once('D:\\My Project\\p...')
#9 {main}
CRITICAL - 2020-10-29 05:02:38 --> Undefined variable: data
#0 D:\My Project\project_ta\app\Views\admin\konten\calculate.php(63): CodeIgniter\Debug\Exceptions->errorHandler(8, 'Undefined varia...', 'D:\\My Project\\p...', 63, Array)
#1 D:\My Project\project_ta\system\View\View.php(246): include('D:\\My Project\\p...')
#2 D:\My Project\project_ta\system\Common.php(1087): CodeIgniter\View\View->render('admin/konten/ca...', Array, true)
#3 D:\My Project\project_ta\app\Controllers\Admin\CalculateController.php(44): view('admin/konten/ca...', Array)
#4 D:\My Project\project_ta\system\CodeIgniter.php(914): App\Controllers\Admin\CalculateController->index()
#5 D:\My Project\project_ta\system\CodeIgniter.php(400): CodeIgniter\CodeIgniter->runController(Object(App\Controllers\Admin\CalculateController))
#6 D:\My Project\project_ta\system\CodeIgniter.php(308): CodeIgniter\CodeIgniter->handleRequest(NULL, Object(Config\Cache), false)
#7 D:\My Project\project_ta\public\index.php(45): CodeIgniter\CodeIgniter->run()
#8 D:\My Project\project_ta\system\Commands\Server\rewrite.php(34): require_once('D:\\My Project\\p...')
#9 {main}
CRITICAL - 2020-10-29 05:03:02 --> Invalid argument supplied for foreach()
#0 D:\My Project\project_ta\app\Views\admin\konten\calculate.php(63): CodeIgniter\Debug\Exceptions->errorHandler(2, 'Invalid argumen...', 'D:\\My Project\\p...', 63, Array)
#1 D:\My Project\project_ta\system\View\View.php(246): include('D:\\My Project\\p...')
#2 D:\My Project\project_ta\system\Common.php(1087): CodeIgniter\View\View->render('admin/konten/ca...', Array, true)
#3 D:\My Project\project_ta\app\Controllers\Admin\CalculateController.php(44): view('admin/konten/ca...', Array)
#4 D:\My Project\project_ta\system\CodeIgniter.php(914): App\Controllers\Admin\CalculateController->index()
#5 D:\My Project\project_ta\system\CodeIgniter.php(400): CodeIgniter\CodeIgniter->runController(Object(App\Controllers\Admin\CalculateController))
#6 D:\My Project\project_ta\system\CodeIgniter.php(308): CodeIgniter\CodeIgniter->handleRequest(NULL, Object(Config\Cache), false)
#7 D:\My Project\project_ta\public\index.php(45): CodeIgniter\CodeIgniter->run()
#8 D:\My Project\project_ta\system\Commands\Server\rewrite.php(34): require_once('D:\\My Project\\p...')
#9 {main}
CRITICAL - 2020-10-29 05:12:17 --> syntax error, unexpected end of file, expecting function (T_FUNCTION) or const (T_CONST)
#0 D:\My Project\project_ta\system\Autoloader\Autoloader.php(296): CodeIgniter\Autoloader\Autoloader->requireFile('D:\\My Project\\p...')
#1 D:\My Project\project_ta\system\Autoloader\Autoloader.php(258): CodeIgniter\Autoloader\Autoloader->loadInNamespace('App\\Controllers...')
#2 [internal function]: CodeIgniter\Autoloader\Autoloader->loadClass('App\\Controllers...')
#3 [internal function]: spl_autoload_call('App\\Controllers...')
#4 D:\My Project\project_ta\system\CodeIgniter.php(865): class_exists('\\App\\Controller...', true)
#5 D:\My Project\project_ta\system\CodeIgniter.php(390): CodeIgniter\CodeIgniter->startController()
#6 D:\My Project\project_ta\system\CodeIgniter.php(308): CodeIgniter\CodeIgniter->handleRequest(NULL, Object(Config\Cache), false)
#7 D:\My Project\project_ta\public\index.php(45): CodeIgniter\CodeIgniter->run()
#8 D:\My Project\project_ta\system\Commands\Server\rewrite.php(34): require_once('D:\\My Project\\p...')
#9 {main}
CRITICAL - 2020-10-29 05:21:20 --> Cannot add or update a child row: a foreign key constraint fails (`db_tugasakhir`.`tb_penjualan`, CONSTRAINT `tb_penjualan_id_desa_foreign` FOREIGN KEY (`id_desa`) REFERENCES `tb_desa` (`id`) ON DELETE CASCADE ON UPDATE CASCADE)
#0 D:\My Project\project_ta\system\Database\MySQLi\Connection.php(331): mysqli->query('INSERT INTO `tb...')
#1 D:\My Project\project_ta\system\Database\BaseConnection.php(738): CodeIgniter\Database\MySQLi\Connection->execute('INSERT INTO `tb...')
#2 D:\My Project\project_ta\system\Database\BaseConnection.php(666): CodeIgniter\Database\BaseConnection->simpleQuery('INSERT INTO `tb...')
#3 D:\My Project\project_ta\system\Database\BaseBuilder.php(2234): CodeIgniter\Database\BaseConnection->query('INSERT INTO `tb...', Array, false)
#4 D:\My Project\project_ta\system\Model.php(729): CodeIgniter\Database\BaseBuilder->insert()
#5 D:\My Project\project_ta\system\Model.php(557): CodeIgniter\Model->insert(Array, false)
#6 D:\My Project\project_ta\app\Controllers\Admin\PenjualanController.php(144): CodeIgniter\Model->save(Array)
#7 D:\My Project\project_ta\system\CodeIgniter.php(914): App\Controllers\Admin\PenjualanController->import()
#8 D:\My Project\project_ta\system\CodeIgniter.php(400): CodeIgniter\CodeIgniter->runController(Object(App\Controllers\Admin\PenjualanController))
#9 D:\My Project\project_ta\system\CodeIgniter.php(308): CodeIgniter\CodeIgniter->handleRequest(NULL, Object(Config\Cache), false)
#10 D:\My Project\project_ta\public\index.php(45): CodeIgniter\CodeIgniter->run()
#11 D:\My Project\project_ta\system\Commands\Server\rewrite.php(34): require_once('D:\\My Project\\p...')
#12 {main}
CRITICAL - 2020-10-29 05:46:56 --> syntax error, unexpected ';'
#0 D:\My Project\project_ta\system\Common.php(1087): CodeIgniter\View\View->render('admin/konten/pe...', Array, true)
#1 D:\My Project\project_ta\app\Controllers\Admin\PenjualanController.php(36): view('admin/konten/pe...', Array)
#2 D:\My Project\project_ta\system\CodeIgniter.php(914): App\Controllers\Admin\PenjualanController->index()
#3 D:\My Project\project_ta\system\CodeIgniter.php(400): CodeIgniter\CodeIgniter->runController(Object(App\Controllers\Admin\PenjualanController))
#4 D:\My Project\project_ta\system\CodeIgniter.php(308): CodeIgniter\CodeIgniter->handleRequest(NULL, Object(Config\Cache), false)
#5 D:\My Project\project_ta\public\index.php(45): CodeIgniter\CodeIgniter->run()
#6 D:\My Project\project_ta\system\Commands\Server\rewrite.php(34): require_once('D:\\My Project\\p...')
#7 {main}
CRITICAL - 2020-10-29 06:13:52 --> Undefined index: tahun
#0 D:\My Project\project_ta\app\Controllers\Admin\CalculateController.php(37): CodeIgniter\Debug\Exceptions->errorHandler(8, 'Undefined index...', 'D:\\My Project\\p...', 37, Array)
#1 D:\My Project\project_ta\system\CodeIgniter.php(914): App\Controllers\Admin\CalculateController->index()
#2 D:\My Project\project_ta\system\CodeIgniter.php(400): CodeIgniter\CodeIgniter->runController(Object(App\Controllers\Admin\CalculateController))
#3 D:\My Project\project_ta\system\CodeIgniter.php(308): CodeIgniter\CodeIgniter->handleRequest(NULL, Object(Config\Cache), false)
#4 D:\My Project\project_ta\public\index.php(45): CodeIgniter\CodeIgniter->run()
#5 D:\My Project\project_ta\system\Commands\Server\rewrite.php(34): require_once('D:\\My Project\\p...')
#6 {main}
CRITICAL - 2020-10-29 06:24:33 --> Undefined variable: thhis
#0 D:\My Project\project_ta\app\Controllers\Admin\CalculateController.php(45): CodeIgniter\Debug\Exceptions->errorHandler(8, 'Undefined varia...', 'D:\\My Project\\p...', 45, Array)
#1 D:\My Project\project_ta\system\CodeIgniter.php(914): App\Controllers\Admin\CalculateController->index()
#2 D:\My Project\project_ta\system\CodeIgniter.php(400): CodeIgniter\CodeIgniter->runController(Object(App\Controllers\Admin\CalculateController))
#3 D:\My Project\project_ta\system\CodeIgniter.php(308): CodeIgniter\CodeIgniter->handleRequest(NULL, Object(Config\Cache), false)
#4 D:\My Project\project_ta\public\index.php(45): CodeIgniter\CodeIgniter->run()
#5 D:\My Project\project_ta\system\Commands\Server\rewrite.php(34): require_once('D:\\My Project\\p...')
#6 {main}
CRITICAL - 2020-10-29 08:13:21 --> Cannot use object of type stdClass as array
#0 D:\My Project\project_ta\system\CodeIgniter.php(914): App\Controllers\Admin\CalculateController->index()
#1 D:\My Project\project_ta\system\CodeIgniter.php(400): CodeIgniter\CodeIgniter->runController(Object(App\Controllers\Admin\CalculateController))
#2 D:\My Project\project_ta\system\CodeIgniter.php(308): CodeIgniter\CodeIgniter->handleRequest(NULL, Object(Config\Cache), false)
#3 D:\My Project\project_ta\public\index.php(45): CodeIgniter\CodeIgniter->run()
#4 D:\My Project\project_ta\system\Commands\Server\rewrite.php(34): require_once('D:\\My Project\\p...')
#5 {main}
CRITICAL - 2020-10-29 08:34:13 --> Undefined offset: 2017
#0 D:\My Project\project_ta\app\Controllers\Admin\CalculateController.php(45): CodeIgniter\Debug\Exceptions->errorHandler(8, 'Undefined offse...', 'D:\\My Project\\p...', 45, Array)
#1 D:\My Project\project_ta\system\CodeIgniter.php(914): App\Controllers\Admin\CalculateController->index()
#2 D:\My Project\project_ta\system\CodeIgniter.php(400): CodeIgniter\CodeIgniter->runController(Object(App\Controllers\Admin\CalculateController))
#3 D:\My Project\project_ta\system\CodeIgniter.php(308): CodeIgniter\CodeIgniter->handleRequest(NULL, Object(Config\Cache), false)
#4 D:\My Project\project_ta\public\index.php(45): CodeIgniter\CodeIgniter->run()
#5 D:\My Project\project_ta\system\Commands\Server\rewrite.php(34): require_once('D:\\My Project\\p...')
#6 {main}
CRITICAL - 2020-10-29 08:37:17 --> Undefined offset: 2015
#0 D:\My Project\project_ta\app\Controllers\Admin\CalculateController.php(49): CodeIgniter\Debug\Exceptions->errorHandler(8, 'Undefined offse...', 'D:\\My Project\\p...', 49, Array)
#1 D:\My Project\project_ta\system\CodeIgniter.php(914): App\Controllers\Admin\CalculateController->index()
#2 D:\My Project\project_ta\system\CodeIgniter.php(400): CodeIgniter\CodeIgniter->runController(Object(App\Controllers\Admin\CalculateController))
#3 D:\My Project\project_ta\system\CodeIgniter.php(308): CodeIgniter\CodeIgniter->handleRequest(NULL, Object(Config\Cache), false)
#4 D:\My Project\project_ta\public\index.php(45): CodeIgniter\CodeIgniter->run()
#5 D:\My Project\project_ta\system\Commands\Server\rewrite.php(34): require_once('D:\\My Project\\p...')
#6 {main}
CRITICAL - 2020-10-29 08:37:31 --> Undefined offset: 2015
#0 D:\My Project\project_ta\app\Controllers\Admin\CalculateController.php(50): CodeIgniter\Debug\Exceptions->errorHandler(8, 'Undefined offse...', 'D:\\My Project\\p...', 50, Array)
#1 D:\My Project\project_ta\system\CodeIgniter.php(914): App\Controllers\Admin\CalculateController->index()
#2 D:\My Project\project_ta\system\CodeIgniter.php(400): CodeIgniter\CodeIgniter->runController(Object(App\Controllers\Admin\CalculateController))
#3 D:\My Project\project_ta\system\CodeIgniter.php(308): CodeIgniter\CodeIgniter->handleRequest(NULL, Object(Config\Cache), false)
#4 D:\My Project\project_ta\public\index.php(45): CodeIgniter\CodeIgniter->run()
#5 D:\My Project\project_ta\system\Commands\Server\rewrite.php(34): require_once('D:\\My Project\\p...')
#6 {main}
CRITICAL - 2020-10-29 08:40:03 --> Undefined property: stdClass::$tahun
#0 D:\My Project\project_ta\app\Controllers\Admin\CalculateController.php(50): CodeIgniter\Debug\Exceptions->errorHandler(8, 'Undefined prope...', 'D:\\My Project\\p...', 50, Array)
#1 D:\My Project\project_ta\system\CodeIgniter.php(914): App\Controllers\Admin\CalculateController->index()
#2 D:\My Project\project_ta\system\CodeIgniter.php(400): CodeIgniter\CodeIgniter->runController(Object(App\Controllers\Admin\CalculateController))
#3 D:\My Project\project_ta\system\CodeIgniter.php(308): CodeIgniter\CodeIgniter->handleRequest(NULL, Object(Config\Cache), false)
#4 D:\My Project\project_ta\public\index.php(45): CodeIgniter\CodeIgniter->run()
#5 D:\My Project\project_ta\system\Commands\Server\rewrite.php(34): require_once('D:\\My Project\\p...')
#6 {main}
CRITICAL - 2020-10-29 08:41:29 --> Undefined offset: 2016
#0 D:\My Project\project_ta\app\Controllers\Admin\CalculateController.php(51): CodeIgniter\Debug\Exceptions->errorHandler(8, 'Undefined offse...', 'D:\\My Project\\p...', 51, Array)
#1 D:\My Project\project_ta\system\CodeIgniter.php(914): App\Controllers\Admin\CalculateController->index()
#2 D:\My Project\project_ta\system\CodeIgniter.php(400): CodeIgniter\CodeIgniter->runController(Object(App\Controllers\Admin\CalculateController))
#3 D:\My Project\project_ta\system\CodeIgniter.php(308): CodeIgniter\CodeIgniter->handleRequest(NULL, Object(Config\Cache), false)
#4 D:\My Project\project_ta\public\index.php(45): CodeIgniter\CodeIgniter->run()
#5 D:\My Project\project_ta\system\Commands\Server\rewrite.php(34): require_once('D:\\My Project\\p...')
#6 {main}
CRITICAL - 2020-10-29 08:48:53 --> Undefined index: total_produksi
#0 D:\My Project\project_ta\app\Controllers\Admin\CalculateController.php(52): CodeIgniter\Debug\Exceptions->errorHandler(8, 'Undefined index...', 'D:\\My Project\\p...', 52, Array)
#1 D:\My Project\project_ta\system\CodeIgniter.php(914): App\Controllers\Admin\CalculateController->index()
#2 D:\My Project\project_ta\system\CodeIgniter.php(400): CodeIgniter\CodeIgniter->runController(Object(App\Controllers\Admin\CalculateController))
#3 D:\My Project\project_ta\system\CodeIgniter.php(308): CodeIgniter\CodeIgniter->handleRequest(NULL, Object(Config\Cache), false)
#4 D:\My Project\project_ta\public\index.php(45): CodeIgniter\CodeIgniter->run()
#5 D:\My Project\project_ta\system\Commands\Server\rewrite.php(34): require_once('D:\\My Project\\p...')
#6 {main}
CRITICAL - 2020-10-29 08:56:27 --> Undefined index: id
#0 D:\My Project\project_ta\app\Controllers\Admin\CalculateController.php(66): CodeIgniter\Debug\Exceptions->errorHandler(8, 'Undefined index...', 'D:\\My Project\\p...', 66, Array)
#1 D:\My Project\project_ta\system\CodeIgniter.php(914): App\Controllers\Admin\CalculateController->show()
#2 D:\My Project\project_ta\system\CodeIgniter.php(400): CodeIgniter\CodeIgniter->runController(Object(App\Controllers\Admin\CalculateController))
#3 D:\My Project\project_ta\system\CodeIgniter.php(308): CodeIgniter\CodeIgniter->handleRequest(NULL, Object(Config\Cache), false)
#4 D:\My Project\project_ta\public\index.php(45): CodeIgniter\CodeIgniter->run()
#5 D:\My Project\project_ta\system\Commands\Server\rewrite.php(34): require_once('D:\\My Project\\p...')
#6 {main}
CRITICAL - 2020-10-29 08:56:38 --> Undefined index: id
#0 D:\My Project\project_ta\app\Controllers\Admin\CalculateController.php(66): CodeIgniter\Debug\Exceptions->errorHandler(8, 'Undefined index...', 'D:\\My Project\\p...', 66, Array)
#1 D:\My Project\project_ta\system\CodeIgniter.php(914): App\Controllers\Admin\CalculateController->show()
#2 D:\My Project\project_ta\system\CodeIgniter.php(400): CodeIgniter\CodeIgniter->runController(Object(App\Controllers\Admin\CalculateController))
#3 D:\My Project\project_ta\system\CodeIgniter.php(308): CodeIgniter\CodeIgniter->handleRequest(NULL, Object(Config\Cache), false)
#4 D:\My Project\project_ta\public\index.php(45): CodeIgniter\CodeIgniter->run()
#5 D:\My Project\project_ta\system\Commands\Server\rewrite.php(34): require_once('D:\\My Project\\p...')
#6 {main}
CRITICAL - 2020-10-29 08:58:54 --> You have an error in your SQL syntax; check the manual that corresponds to your MySQL server version for the right syntax to use near '.`id`)' at line 3
#0 D:\My Project\project_ta\system\Database\MySQLi\Connection.php(331): mysqli->query('SELECT *\nFROM `...')
#1 D:\My Project\project_ta\system\Database\BaseConnection.php(738): CodeIgniter\Database\MySQLi\Connection->execute('SELECT *\nFROM `...')
#2 D:\My Project\project_ta\system\Database\BaseConnection.php(666): CodeIgniter\Database\BaseConnection->simpleQuery('SELECT *\nFROM `...')
#3 D:\My Project\project_ta\system\Database\BaseBuilder.php(1845): CodeIgniter\Database\BaseConnection->query('SELECT *\nFROM `...', Array, false)
#4 D:\My Project\project_ta\system\Model.php(1716): CodeIgniter\Database\BaseBuilder->get()
#5 D:\My Project\project_ta\app\Controllers\Admin\CalculateController.php(67): CodeIgniter\Model->__call('get', Array)
#6 D:\My Project\project_ta\system\CodeIgniter.php(914): App\Controllers\Admin\CalculateController->show()
#7 D:\My Project\project_ta\system\CodeIgniter.php(400): CodeIgniter\CodeIgniter->runController(Object(App\Controllers\Admin\CalculateController))
#8 D:\My Project\project_ta\system\CodeIgniter.php(308): CodeIgniter\CodeIgniter->handleRequest(NULL, Object(Config\Cache), false)
#9 D:\My Project\project_ta\public\index.php(45): CodeIgniter\CodeIgniter->run()
#10 D:\My Project\project_ta\system\Commands\Server\rewrite.php(34): require_once('D:\\My Project\\p...')
#11 {main}
CRITICAL - 2020-10-29 09:12:17 --> Cannot use object of type stdClass as array
#0 D:\My Project\project_ta\system\CodeIgniter.php(914): App\Controllers\Admin\CalculateController->show()
#1 D:\My Project\project_ta\system\CodeIgniter.php(400): CodeIgniter\CodeIgniter->runController(Object(App\Controllers\Admin\CalculateController))
#2 D:\My Project\project_ta\system\CodeIgniter.php(308): CodeIgniter\CodeIgniter->handleRequest(NULL, Object(Config\Cache), false)
#3 D:\My Project\project_ta\public\index.php(45): CodeIgniter\CodeIgniter->run()
#4 D:\My Project\project_ta\system\Commands\Server\rewrite.php(34): require_once('D:\\My Project\\p...')
#5 {main}
CRITICAL - 2020-10-29 09:12:45 --> Cannot use object of type stdClass as array
#0 D:\My Project\project_ta\system\CodeIgniter.php(914): App\Controllers\Admin\CalculateController->show()
#1 D:\My Project\project_ta\system\CodeIgniter.php(400): CodeIgniter\CodeIgniter->runController(Object(App\Controllers\Admin\CalculateController))
#2 D:\My Project\project_ta\system\CodeIgniter.php(308): CodeIgniter\CodeIgniter->handleRequest(NULL, Object(Config\Cache), false)
#3 D:\My Project\project_ta\public\index.php(45): CodeIgniter\CodeIgniter->run()
#4 D:\My Project\project_ta\system\Commands\Server\rewrite.php(34): require_once('D:\\My Project\\p...')
#5 {main}
CRITICAL - 2020-10-29 09:13:44 --> Cannot use object of type stdClass as array
#0 D:\My Project\project_ta\system\CodeIgniter.php(914): App\Controllers\Admin\CalculateController->show()
#1 D:\My Project\project_ta\system\CodeIgniter.php(400): CodeIgniter\CodeIgniter->runController(Object(App\Controllers\Admin\CalculateController))
#2 D:\My Project\project_ta\system\CodeIgniter.php(308): CodeIgniter\CodeIgniter->handleRequest(NULL, Object(Config\Cache), false)
#3 D:\My Project\project_ta\public\index.php(45): CodeIgniter\CodeIgniter->run()
#4 D:\My Project\project_ta\system\Commands\Server\rewrite.php(34): require_once('D:\\My Project\\p...')
#5 {main}
CRITICAL - 2020-10-29 09:13:54 --> Cannot use object of type stdClass as array
#0 D:\My Project\project_ta\system\CodeIgniter.php(914): App\Controllers\Admin\CalculateController->show()
#1 D:\My Project\project_ta\system\CodeIgniter.php(400): CodeIgniter\CodeIgniter->runController(Object(App\Controllers\Admin\CalculateController))
#2 D:\My Project\project_ta\system\CodeIgniter.php(308): CodeIgniter\CodeIgniter->handleRequest(NULL, Object(Config\Cache), false)
#3 D:\My Project\project_ta\public\index.php(45): CodeIgniter\CodeIgniter->run()
#4 D:\My Project\project_ta\system\Commands\Server\rewrite.php(34): require_once('D:\\My Project\\p...')
#5 {main}
CRITICAL - 2020-10-29 09:13:59 --> Cannot use object of type stdClass as array
#0 D:\My Project\project_ta\system\CodeIgniter.php(914): App\Controllers\Admin\CalculateController->show()
#1 D:\My Project\project_ta\system\CodeIgniter.php(400): CodeIgniter\CodeIgniter->runController(Object(App\Controllers\Admin\CalculateController))
#2 D:\My Project\project_ta\system\CodeIgniter.php(308): CodeIgniter\CodeIgniter->handleRequest(NULL, Object(Config\Cache), false)
#3 D:\My Project\project_ta\public\index.php(45): CodeIgniter\CodeIgniter->run()
#4 D:\My Project\project_ta\system\Commands\Server\rewrite.php(34): require_once('D:\\My Project\\p...')
#5 {main}
CRITICAL - 2020-10-29 09:20:14 --> Undefined variable: d
#0 D:\My Project\project_ta\app\Controllers\Admin\CalculateController.php(72): CodeIgniter\Debug\Exceptions->errorHandler(8, 'Undefined varia...', 'D:\\My Project\\p...', 72, Array)
#1 D:\My Project\project_ta\system\CodeIgniter.php(914): App\Controllers\Admin\CalculateController->show()
#2 D:\My Project\project_ta\system\CodeIgniter.php(400): CodeIgniter\CodeIgniter->runController(Object(App\Controllers\Admin\CalculateController))
#3 D:\My Project\project_ta\system\CodeIgniter.php(308): CodeIgniter\CodeIgniter->handleRequest(NULL, Object(Config\Cache), false)
#4 D:\My Project\project_ta\public\index.php(45): CodeIgniter\CodeIgniter->run()
#5 D:\My Project\project_ta\system\Commands\Server\rewrite.php(34): require_once('D:\\My Project\\p...')
#6 {main}
CRITICAL - 2020-10-29 09:21:28 --> syntax error, unexpected '}'
#0 D:\My Project\project_ta\system\Autoloader\Autoloader.php(296): CodeIgniter\Autoloader\Autoloader->requireFile('D:\\My Project\\p...')
#1 D:\My Project\project_ta\system\Autoloader\Autoloader.php(258): CodeIgniter\Autoloader\Autoloader->loadInNamespace('App\\Controllers...')
#2 [internal function]: CodeIgniter\Autoloader\Autoloader->loadClass('App\\Controllers...')
#3 [internal function]: spl_autoload_call('App\\Controllers...')
#4 D:\My Project\project_ta\system\CodeIgniter.php(865): class_exists('\\App\\Controller...', true)
#5 D:\My Project\project_ta\system\CodeIgniter.php(390): CodeIgniter\CodeIgniter->startController()
#6 D:\My Project\project_ta\system\CodeIgniter.php(308): CodeIgniter\CodeIgniter->handleRequest(NULL, Object(Config\Cache), false)
#7 D:\My Project\project_ta\public\index.php(45): CodeIgniter\CodeIgniter->run()
#8 D:\My Project\project_ta\system\Commands\Server\rewrite.php(34): require_once('D:\\My Project\\p...')
#9 {main}
