CRITICAL - 2021-01-24 07:46:30 --> Undefined variable: total
#0 D:\My Project\project_ta\app\Views\admin\konten\dashboard.php(48): CodeIgniter\Debug\Exceptions->errorHandler(8, 'Undefined varia...', 'D:\\My Project\\p...', 48, Array)
#1 D:\My Project\project_ta\system\View\View.php(246): include('D:\\My Project\\p...')
#2 D:\My Project\project_ta\system\Common.php(1087): CodeIgniter\View\View->render('admin/konten/da...', Array, true)
#3 D:\My Project\project_ta\app\Controllers\Admin\AdminController.php(42): view('admin/konten/da...', Array)
#4 D:\My Project\project_ta\system\CodeIgniter.php(914): App\Controllers\Admin\AdminController->index()
#5 D:\My Project\project_ta\system\CodeIgniter.php(400): CodeIgniter\CodeIgniter->runController(Object(App\Controllers\Admin\AdminController))
#6 D:\My Project\project_ta\system\CodeIgniter.php(308): CodeIgniter\CodeIgniter->handleRequest(NULL, Object(Config\Cache), false)
#7 D:\My Project\project_ta\public\index.php(45): CodeIgniter\CodeIgniter->run()
#8 D:\My Project\project_ta\system\Commands\Server\rewrite.php(34): require_once('D:\\My Project\\p...')
#9 {main}
CRITICAL - 2021-01-24 09:02:31 --> Call to undefined method App\Models\ModelKecamatan::getResultArray
#0 D:\My Project\project_ta\app\Controllers\Admin\PenjualanController.php(259): CodeIgniter\Model->__call('getResultArray', Array)
#1 D:\My Project\project_ta\system\CodeIgniter.php(914): App\Controllers\Admin\PenjualanController->grafik('2020')
#2 D:\My Project\project_ta\system\CodeIgniter.php(400): CodeIgniter\CodeIgniter->runController(Object(App\Controllers\Admin\PenjualanController))
#3 D:\My Project\project_ta\system\CodeIgniter.php(308): CodeIgniter\CodeIgniter->handleRequest(NULL, Object(Config\Cache), false)
#4 D:\My Project\project_ta\public\index.php(45): CodeIgniter\CodeIgniter->run()
#5 D:\My Project\project_ta\system\Commands\Server\rewrite.php(34): require_once('D:\\My Project\\p...')
#6 {main}
CRITICAL - 2021-01-24 09:15:01 --> Undefined property: stdClass::$totalPendapatan
#0 D:\My Project\project_ta\app\Controllers\Admin\PenjualanController.php(278): CodeIgniter\Debug\Exceptions->errorHandler(8, 'Undefined prope...', 'D:\\My Project\\p...', 278, Array)
#1 D:\My Project\project_ta\system\CodeIgniter.php(914): App\Controllers\Admin\PenjualanController->grafik('2018')
#2 D:\My Project\project_ta\system\CodeIgniter.php(400): CodeIgniter\CodeIgniter->runController(Object(App\Controllers\Admin\PenjualanController))
#3 D:\My Project\project_ta\system\CodeIgniter.php(308): CodeIgniter\CodeIgniter->handleRequest(NULL, Object(Config\Cache), false)
#4 D:\My Project\project_ta\public\index.php(45): CodeIgniter\CodeIgniter->run()
#5 D:\My Project\project_ta\system\Commands\Server\rewrite.php(34): require_once('D:\\My Project\\p...')
#6 {main}
CRITICAL - 2021-01-24 09:15:31 --> Trying to get property 'total_pendapatan' of non-object
#0 D:\My Project\project_ta\app\Controllers\Admin\PenjualanController.php(279): CodeIgniter\Debug\Exceptions->errorHandler(8, 'Trying to get p...', 'D:\\My Project\\p...', 279, Array)
#1 D:\My Project\project_ta\system\CodeIgniter.php(914): App\Controllers\Admin\PenjualanController->grafik('2018')
#2 D:\My Project\project_ta\system\CodeIgniter.php(400): CodeIgniter\CodeIgniter->runController(Object(App\Controllers\Admin\PenjualanController))
#3 D:\My Project\project_ta\system\CodeIgniter.php(308): CodeIgniter\CodeIgniter->handleRequest(NULL, Object(Config\Cache), false)
#4 D:\My Project\project_ta\public\index.php(45): CodeIgniter\CodeIgniter->run()
#5 D:\My Project\project_ta\system\Commands\Server\rewrite.php(34): require_once('D:\\My Project\\p...')
#6 {main}
CRITICAL - 2021-01-24 09:15:43 --> Cannot use object of type stdClass as array
#0 D:\My Project\project_ta\system\CodeIgniter.php(914): App\Controllers\Admin\PenjualanController->grafik('2018')
#1 D:\My Project\project_ta\system\CodeIgniter.php(400): CodeIgniter\CodeIgniter->runController(Object(App\Controllers\Admin\PenjualanController))
#2 D:\My Project\project_ta\system\CodeIgniter.php(308): CodeIgniter\CodeIgniter->handleRequest(NULL, Object(Config\Cache), false)
#3 D:\My Project\project_ta\public\index.php(45): CodeIgniter\CodeIgniter->run()
#4 D:\My Project\project_ta\system\Commands\Server\rewrite.php(34): require_once('D:\\My Project\\p...')
#5 {main}
CRITICAL - 2021-01-24 09:17:29 --> Cannot use object of type stdClass as array
#0 D:\My Project\project_ta\system\CodeIgniter.php(914): App\Controllers\Admin\PenjualanController->grafik('2018')
#1 D:\My Project\project_ta\system\CodeIgniter.php(400): CodeIgniter\CodeIgniter->runController(Object(App\Controllers\Admin\PenjualanController))
#2 D:\My Project\project_ta\system\CodeIgniter.php(308): CodeIgniter\CodeIgniter->handleRequest(NULL, Object(Config\Cache), false)
#3 D:\My Project\project_ta\public\index.php(45): CodeIgniter\CodeIgniter->run()
#4 D:\My Project\project_ta\system\Commands\Server\rewrite.php(34): require_once('D:\\My Project\\p...')
#5 {main}
CRITICAL - 2021-01-24 09:17:59 --> Trying to get property 'total_pendapatan' of non-object
#0 D:\My Project\project_ta\app\Controllers\Admin\PenjualanController.php(279): CodeIgniter\Debug\Exceptions->errorHandler(8, 'Trying to get p...', 'D:\\My Project\\p...', 279, Array)
#1 D:\My Project\project_ta\system\CodeIgniter.php(914): App\Controllers\Admin\PenjualanController->grafik('2018')
#2 D:\My Project\project_ta\system\CodeIgniter.php(400): CodeIgniter\CodeIgniter->runController(Object(App\Controllers\Admin\PenjualanController))
#3 D:\My Project\project_ta\system\CodeIgniter.php(308): CodeIgniter\CodeIgniter->handleRequest(NULL, Object(Config\Cache), false)
#4 D:\My Project\project_ta\public\index.php(45): CodeIgniter\CodeIgniter->run()
#5 D:\My Project\project_ta\system\Commands\Server\rewrite.php(34): require_once('D:\\My Project\\p...')
#6 {main}
CRITICAL - 2021-01-24 09:20:21 --> Trying to get property 'total_pendapatan' of non-object
#0 D:\My Project\project_ta\app\Controllers\Admin\PenjualanController.php(280): CodeIgniter\Debug\Exceptions->errorHandler(8, 'Trying to get p...', 'D:\\My Project\\p...', 280, Array)
#1 D:\My Project\project_ta\system\CodeIgniter.php(914): App\Controllers\Admin\PenjualanController->grafik('2018')
#2 D:\My Project\project_ta\system\CodeIgniter.php(400): CodeIgniter\CodeIgniter->runController(Object(App\Controllers\Admin\PenjualanController))
#3 D:\My Project\project_ta\system\CodeIgniter.php(308): CodeIgniter\CodeIgniter->handleRequest(NULL, Object(Config\Cache), false)
#4 D:\My Project\project_ta\public\index.php(45): CodeIgniter\CodeIgniter->run()
#5 D:\My Project\project_ta\system\Commands\Server\rewrite.php(34): require_once('D:\\My Project\\p...')
#6 {main}
CRITICAL - 2021-01-24 09:20:27 --> Trying to get property 'total_pendapatan' of non-object
#0 D:\My Project\project_ta\app\Controllers\Admin\PenjualanController.php(280): CodeIgniter\Debug\Exceptions->errorHandler(8, 'Trying to get p...', 'D:\\My Project\\p...', 280, Array)
#1 D:\My Project\project_ta\system\CodeIgniter.php(914): App\Controllers\Admin\PenjualanController->grafik('2018')
#2 D:\My Project\project_ta\system\CodeIgniter.php(400): CodeIgniter\CodeIgniter->runController(Object(App\Controllers\Admin\PenjualanController))
#3 D:\My Project\project_ta\system\CodeIgniter.php(308): CodeIgniter\CodeIgniter->handleRequest(NULL, Object(Config\Cache), false)
#4 D:\My Project\project_ta\public\index.php(45): CodeIgniter\CodeIgniter->run()
#5 D:\My Project\project_ta\system\Commands\Server\rewrite.php(34): require_once('D:\\My Project\\p...')
#6 {main}
CRITICAL - 2021-01-24 09:20:31 --> Trying to get property 'total_pendapatan' of non-object
#0 D:\My Project\project_ta\app\Controllers\Admin\PenjualanController.php(280): CodeIgniter\Debug\Exceptions->errorHandler(8, 'Trying to get p...', 'D:\\My Project\\p...', 280, Array)
#1 D:\My Project\project_ta\system\CodeIgniter.php(914): App\Controllers\Admin\PenjualanController->grafik('2018')
#2 D:\My Project\project_ta\system\CodeIgniter.php(400): CodeIgniter\CodeIgniter->runController(Object(App\Controllers\Admin\PenjualanController))
#3 D:\My Project\project_ta\system\CodeIgniter.php(308): CodeIgniter\CodeIgniter->handleRequest(NULL, Object(Config\Cache), false)
#4 D:\My Project\project_ta\public\index.php(45): CodeIgniter\CodeIgniter->run()
#5 D:\My Project\project_ta\system\Commands\Server\rewrite.php(34): require_once('D:\\My Project\\p...')
#6 {main}
CRITICAL - 2021-01-24 09:20:35 --> Invalid argument supplied for foreach()
#0 D:\My Project\project_ta\app\Controllers\Admin\PenjualanController.php(279): CodeIgniter\Debug\Exceptions->errorHandler(2, 'Invalid argumen...', 'D:\\My Project\\p...', 279, Array)
#1 D:\My Project\project_ta\system\CodeIgniter.php(914): App\Controllers\Admin\PenjualanController->grafik('2018')
#2 D:\My Project\project_ta\system\CodeIgniter.php(400): CodeIgniter\CodeIgniter->runController(Object(App\Controllers\Admin\PenjualanController))
#3 D:\My Project\project_ta\system\CodeIgniter.php(308): CodeIgniter\CodeIgniter->handleRequest(NULL, Object(Config\Cache), false)
#4 D:\My Project\project_ta\public\index.php(45): CodeIgniter\CodeIgniter->run()
#5 D:\My Project\project_ta\system\Commands\Server\rewrite.php(34): require_once('D:\\My Project\\p...')
#6 {main}
CRITICAL - 2021-01-24 09:21:11 --> Undefined property: stdClass::$total_pendapatan
#0 D:\My Project\project_ta\app\Controllers\Admin\PenjualanController.php(278): CodeIgniter\Debug\Exceptions->errorHandler(8, 'Undefined prope...', 'D:\\My Project\\p...', 278, Array)
#1 D:\My Project\project_ta\system\CodeIgniter.php(914): App\Controllers\Admin\PenjualanController->grafik('2018')
#2 D:\My Project\project_ta\system\CodeIgniter.php(400): CodeIgniter\CodeIgniter->runController(Object(App\Controllers\Admin\PenjualanController))
#3 D:\My Project\project_ta\system\CodeIgniter.php(308): CodeIgniter\CodeIgniter->handleRequest(NULL, Object(Config\Cache), false)
#4 D:\My Project\project_ta\public\index.php(45): CodeIgniter\CodeIgniter->run()
#5 D:\My Project\project_ta\system\Commands\Server\rewrite.php(34): require_once('D:\\My Project\\p...')
#6 {main}
CRITICAL - 2021-01-24 09:25:05 --> syntax error, unexpected 'unset' (T_UNSET)
#0 D:\My Project\project_ta\system\Autoloader\Autoloader.php(296): CodeIgniter\Autoloader\Autoloader->requireFile('D:\\My Project\\p...')
#1 D:\My Project\project_ta\system\Autoloader\Autoloader.php(258): CodeIgniter\Autoloader\Autoloader->loadInNamespace('App\\Controllers...')
#2 [internal function]: CodeIgniter\Autoloader\Autoloader->loadClass('App\\Controllers...')
#3 [internal function]: spl_autoload_call('App\\Controllers...')
#4 D:\My Project\project_ta\system\CodeIgniter.php(865): class_exists('\\App\\Controller...', true)
#5 D:\My Project\project_ta\system\CodeIgniter.php(390): CodeIgniter\CodeIgniter->startController()
#6 D:\My Project\project_ta\system\CodeIgniter.php(308): CodeIgniter\CodeIgniter->handleRequest(NULL, Object(Config\Cache), false)
#7 D:\My Project\project_ta\public\index.php(45): CodeIgniter\CodeIgniter->run()
#8 D:\My Project\project_ta\system\Commands\Server\rewrite.php(34): require_once('D:\\My Project\\p...')
#9 {main}
CRITICAL - 2021-01-24 09:25:29 --> Undefined property: stdClass::$totalProduksi
#0 D:\My Project\project_ta\app\Controllers\Admin\PenjualanController.php(279): CodeIgniter\Debug\Exceptions->errorHandler(8, 'Undefined prope...', 'D:\\My Project\\p...', 279, Array)
#1 D:\My Project\project_ta\system\CodeIgniter.php(914): App\Controllers\Admin\PenjualanController->grafik('2018')
#2 D:\My Project\project_ta\system\CodeIgniter.php(400): CodeIgniter\CodeIgniter->runController(Object(App\Controllers\Admin\PenjualanController))
#3 D:\My Project\project_ta\system\CodeIgniter.php(308): CodeIgniter\CodeIgniter->handleRequest(NULL, Object(Config\Cache), false)
#4 D:\My Project\project_ta\public\index.php(45): CodeIgniter\CodeIgniter->run()
#5 D:\My Project\project_ta\system\Commands\Server\rewrite.php(34): require_once('D:\\My Project\\p...')
#6 {main}
CRITICAL - 2021-01-24 09:25:39 --> Undefined property: stdClass::$totalProduksi
#0 D:\My Project\project_ta\app\Controllers\Admin\PenjualanController.php(279): CodeIgniter\Debug\Exceptions->errorHandler(8, 'Undefined prope...', 'D:\\My Project\\p...', 279, Array)
#1 D:\My Project\project_ta\system\CodeIgniter.php(914): App\Controllers\Admin\PenjualanController->grafik('2018')
#2 D:\My Project\project_ta\system\CodeIgniter.php(400): CodeIgniter\CodeIgniter->runController(Object(App\Controllers\Admin\PenjualanController))
#3 D:\My Project\project_ta\system\CodeIgniter.php(308): CodeIgniter\CodeIgniter->handleRequest(NULL, Object(Config\Cache), false)
#4 D:\My Project\project_ta\public\index.php(45): CodeIgniter\CodeIgniter->run()
#5 D:\My Project\project_ta\system\Commands\Server\rewrite.php(34): require_once('D:\\My Project\\p...')
#6 {main}
CRITICAL - 2021-01-24 09:25:54 --> Undefined property: stdClass::$totalProduksi
#0 D:\My Project\project_ta\app\Controllers\Admin\PenjualanController.php(279): CodeIgniter\Debug\Exceptions->errorHandler(8, 'Undefined prope...', 'D:\\My Project\\p...', 279, Array)
#1 D:\My Project\project_ta\system\CodeIgniter.php(914): App\Controllers\Admin\PenjualanController->grafik('2018')
#2 D:\My Project\project_ta\system\CodeIgniter.php(400): CodeIgniter\CodeIgniter->runController(Object(App\Controllers\Admin\PenjualanController))
#3 D:\My Project\project_ta\system\CodeIgniter.php(308): CodeIgniter\CodeIgniter->handleRequest(NULL, Object(Config\Cache), false)
#4 D:\My Project\project_ta\public\index.php(45): CodeIgniter\CodeIgniter->run()
#5 D:\My Project\project_ta\system\Commands\Server\rewrite.php(34): require_once('D:\\My Project\\p...')
#6 {main}
CRITICAL - 2021-01-24 09:36:55 --> Undefined variable: colorPendapatan
#0 D:\My Project\project_ta\app\Views\admin\konten\dashboard.php(172): CodeIgniter\Debug\Exceptions->errorHandler(8, 'Undefined varia...', 'D:\\My Project\\p...', 172, Array)
#1 D:\My Project\project_ta\system\View\View.php(246): include('D:\\My Project\\p...')
#2 D:\My Project\project_ta\system\Common.php(1087): CodeIgniter\View\View->render('admin/konten/da...', Array, true)
#3 D:\My Project\project_ta\app\Controllers\Admin\AdminController.php(42): view('admin/konten/da...', Array)
#4 D:\My Project\project_ta\system\CodeIgniter.php(914): App\Controllers\Admin\AdminController->index()
#5 D:\My Project\project_ta\system\CodeIgniter.php(400): CodeIgniter\CodeIgniter->runController(Object(App\Controllers\Admin\AdminController))
#6 D:\My Project\project_ta\system\CodeIgniter.php(308): CodeIgniter\CodeIgniter->handleRequest(NULL, Object(Config\Cache), false)
#7 D:\My Project\project_ta\public\index.php(45): CodeIgniter\CodeIgniter->run()
#8 D:\My Project\project_ta\system\Commands\Server\rewrite.php(34): require_once('D:\\My Project\\p...')
#9 {main}
CRITICAL - 2021-01-24 09:37:11 --> Undefined variable: colorPendapatan
#0 D:\My Project\project_ta\app\Views\admin\konten\dashboard.php(172): CodeIgniter\Debug\Exceptions->errorHandler(8, 'Undefined varia...', 'D:\\My Project\\p...', 172, Array)
#1 D:\My Project\project_ta\system\View\View.php(246): include('D:\\My Project\\p...')
#2 D:\My Project\project_ta\system\Common.php(1087): CodeIgniter\View\View->render('admin/konten/da...', Array, true)
#3 D:\My Project\project_ta\app\Controllers\Admin\AdminController.php(42): view('admin/konten/da...', Array)
#4 D:\My Project\project_ta\system\CodeIgniter.php(914): App\Controllers\Admin\AdminController->index()
#5 D:\My Project\project_ta\system\CodeIgniter.php(400): CodeIgniter\CodeIgniter->runController(Object(App\Controllers\Admin\AdminController))
#6 D:\My Project\project_ta\system\CodeIgniter.php(308): CodeIgniter\CodeIgniter->handleRequest(NULL, Object(Config\Cache), false)
#7 D:\My Project\project_ta\public\index.php(45): CodeIgniter\CodeIgniter->run()
#8 D:\My Project\project_ta\system\Commands\Server\rewrite.php(34): require_once('D:\\My Project\\p...')
#9 {main}
CRITICAL - 2021-01-24 09:37:18 --> Undefined variable: colorPendapatan
#0 D:\My Project\project_ta\app\Views\admin\konten\dashboard.php(172): CodeIgniter\Debug\Exceptions->errorHandler(8, 'Undefined varia...', 'D:\\My Project\\p...', 172, Array)
#1 D:\My Project\project_ta\system\View\View.php(246): include('D:\\My Project\\p...')
#2 D:\My Project\project_ta\system\Common.php(1087): CodeIgniter\View\View->render('admin/konten/da...', Array, true)
#3 D:\My Project\project_ta\app\Controllers\Admin\AdminController.php(42): view('admin/konten/da...', Array)
#4 D:\My Project\project_ta\system\CodeIgniter.php(914): App\Controllers\Admin\AdminController->index()
#5 D:\My Project\project_ta\system\CodeIgniter.php(400): CodeIgniter\CodeIgniter->runController(Object(App\Controllers\Admin\AdminController))
#6 D:\My Project\project_ta\system\CodeIgniter.php(308): CodeIgniter\CodeIgniter->handleRequest(NULL, Object(Config\Cache), false)
#7 D:\My Project\project_ta\public\index.php(45): CodeIgniter\CodeIgniter->run()
#8 D:\My Project\project_ta\system\Commands\Server\rewrite.php(34): require_once('D:\\My Project\\p...')
#9 {main}
CRITICAL - 2021-01-24 09:57:54 --> Unknown column 'tahun' in 'order clause'
#0 D:\My Project\project_ta\system\Database\MySQLi\Connection.php(331): mysqli->query('SELECT *\nFROM `...')
#1 D:\My Project\project_ta\system\Database\BaseConnection.php(738): CodeIgniter\Database\MySQLi\Connection->execute('SELECT *\nFROM `...')
#2 D:\My Project\project_ta\system\Database\BaseConnection.php(666): CodeIgniter\Database\BaseConnection->simpleQuery('SELECT *\nFROM `...')
#3 D:\My Project\project_ta\system\Database\BaseBuilder.php(1845): CodeIgniter\Database\BaseConnection->query('SELECT *\nFROM `...', Array, false)
#4 D:\My Project\project_ta\system\Model.php(489): CodeIgniter\Database\BaseBuilder->get()
#5 D:\My Project\project_ta\app\Controllers\Admin\AdminController.php(42): CodeIgniter\Model->first()
#6 D:\My Project\project_ta\system\CodeIgniter.php(914): App\Controllers\Admin\AdminController->index()
#7 D:\My Project\project_ta\system\CodeIgniter.php(400): CodeIgniter\CodeIgniter->runController(Object(App\Controllers\Admin\AdminController))
#8 D:\My Project\project_ta\system\CodeIgniter.php(308): CodeIgniter\CodeIgniter->handleRequest(NULL, Object(Config\Cache), false)
#9 D:\My Project\project_ta\public\index.php(45): CodeIgniter\CodeIgniter->run()
#10 D:\My Project\project_ta\system\Commands\Server\rewrite.php(34): require_once('D:\\My Project\\p...')
#11 {main}
