CRITICAL - 2021-01-26 01:15:42 --> Undefined offset: 0
#0 D:\My Project\project_ta\app\Controllers\Traits\AlgoritmaTrait.php(171): CodeIgniter\Debug\Exceptions->errorHandler(8, 'Undefined offse...', 'D:\\My Project\\p...', 171, Array)
#1 D:\My Project\project_ta\app\Controllers\Admin\CalculateController.php(80): App\Controllers\Admin\CalculateController->newItemSet(Array)
#2 D:\My Project\project_ta\system\CodeIgniter.php(914): App\Controllers\Admin\CalculateController->index()
#3 D:\My Project\project_ta\system\CodeIgniter.php(400): CodeIgniter\CodeIgniter->runController(Object(App\Controllers\Admin\CalculateController))
#4 D:\My Project\project_ta\system\CodeIgniter.php(308): CodeIgniter\CodeIgniter->handleRequest(NULL, Object(Config\Cache), false)
#5 D:\My Project\project_ta\public\index.php(45): CodeIgniter\CodeIgniter->run()
#6 D:\My Project\project_ta\system\Commands\Server\rewrite.php(34): require_once('D:\\My Project\\p...')
#7 {main}
CRITICAL - 2021-01-26 01:16:31 --> Undefined offset: 0
#0 D:\My Project\project_ta\app\Controllers\Traits\AlgoritmaTrait.php(171): CodeIgniter\Debug\Exceptions->errorHandler(8, 'Undefined offse...', 'D:\\My Project\\p...', 171, Array)
#1 D:\My Project\project_ta\app\Controllers\Admin\CalculateController.php(80): App\Controllers\Admin\CalculateController->newItemSet(Array)
#2 D:\My Project\project_ta\system\CodeIgniter.php(914): App\Controllers\Admin\CalculateController->index()
#3 D:\My Project\project_ta\system\CodeIgniter.php(400): CodeIgniter\CodeIgniter->runController(Object(App\Controllers\Admin\CalculateController))
#4 D:\My Project\project_ta\system\CodeIgniter.php(308): CodeIgniter\CodeIgniter->handleRequest(NULL, Object(Config\Cache), false)
#5 D:\My Project\project_ta\public\index.php(45): CodeIgniter\CodeIgniter->run()
#6 D:\My Project\project_ta\system\Commands\Server\rewrite.php(34): require_once('D:\\My Project\\p...')
#7 {main}
CRITICAL - 2021-01-26 01:20:52 --> Division by zero
#0 D:\My Project\project_ta\app\Controllers\Traits\AlgoritmaTrait.php(206): CodeIgniter\Debug\Exceptions->errorHandler(2, 'Division by zer...', 'D:\\My Project\\p...', 206, Array)
#1 D:\My Project\project_ta\app\Controllers\Admin\CalculateController.php(82): App\Controllers\Admin\CalculateController->confidence(Array)
#2 D:\My Project\project_ta\system\CodeIgniter.php(914): App\Controllers\Admin\CalculateController->index()
#3 D:\My Project\project_ta\system\CodeIgniter.php(400): CodeIgniter\CodeIgniter->runController(Object(App\Controllers\Admin\CalculateController))
#4 D:\My Project\project_ta\system\CodeIgniter.php(308): CodeIgniter\CodeIgniter->handleRequest(NULL, Object(Config\Cache), false)
#5 D:\My Project\project_ta\public\index.php(45): CodeIgniter\CodeIgniter->run()
#6 D:\My Project\project_ta\system\Commands\Server\rewrite.php(34): require_once('D:\\My Project\\p...')
#7 {main}
CRITICAL - 2021-01-26 01:22:50 --> Undefined index: produksi
#0 D:\My Project\project_ta\app\Controllers\Traits\AlgoritmaTrait.php(186): CodeIgniter\Debug\Exceptions->errorHandler(8, 'Undefined index...', 'D:\\My Project\\p...', 186, Array)
#1 D:\My Project\project_ta\app\Controllers\Admin\CalculateController.php(80): App\Controllers\Admin\CalculateController->newItemSet(Array)
#2 D:\My Project\project_ta\system\CodeIgniter.php(914): App\Controllers\Admin\CalculateController->index()
#3 D:\My Project\project_ta\system\CodeIgniter.php(400): CodeIgniter\CodeIgniter->runController(Object(App\Controllers\Admin\CalculateController))
#4 D:\My Project\project_ta\system\CodeIgniter.php(308): CodeIgniter\CodeIgniter->handleRequest(NULL, Object(Config\Cache), false)
#5 D:\My Project\project_ta\public\index.php(45): CodeIgniter\CodeIgniter->run()
#6 D:\My Project\project_ta\system\Commands\Server\rewrite.php(34): require_once('D:\\My Project\\p...')
#7 {main}
CRITICAL - 2021-01-26 01:25:54 --> Division by zero
#0 D:\My Project\project_ta\app\Controllers\Traits\AlgoritmaTrait.php(206): CodeIgniter\Debug\Exceptions->errorHandler(2, 'Division by zer...', 'D:\\My Project\\p...', 206, Array)
#1 D:\My Project\project_ta\app\Controllers\Admin\CalculateController.php(82): App\Controllers\Admin\CalculateController->confidence(Array)
#2 D:\My Project\project_ta\system\CodeIgniter.php(914): App\Controllers\Admin\CalculateController->index()
#3 D:\My Project\project_ta\system\CodeIgniter.php(400): CodeIgniter\CodeIgniter->runController(Object(App\Controllers\Admin\CalculateController))
#4 D:\My Project\project_ta\system\CodeIgniter.php(308): CodeIgniter\CodeIgniter->handleRequest(NULL, Object(Config\Cache), false)
#5 D:\My Project\project_ta\public\index.php(45): CodeIgniter\CodeIgniter->run()
#6 D:\My Project\project_ta\system\Commands\Server\rewrite.php(34): require_once('D:\\My Project\\p...')
#7 {main}
CRITICAL - 2021-01-26 01:33:54 --> Undefined offset: 6
#0 D:\My Project\project_ta\app\Controllers\Traits\AlgoritmaTrait.php(191): CodeIgniter\Debug\Exceptions->errorHandler(8, 'Undefined offse...', 'D:\\My Project\\p...', 191, Array)
#1 D:\My Project\project_ta\app\Controllers\Admin\CalculateController.php(80): App\Controllers\Admin\CalculateController->newItemSet(Array)
#2 D:\My Project\project_ta\system\CodeIgniter.php(914): App\Controllers\Admin\CalculateController->index()
#3 D:\My Project\project_ta\system\CodeIgniter.php(400): CodeIgniter\CodeIgniter->runController(Object(App\Controllers\Admin\CalculateController))
#4 D:\My Project\project_ta\system\CodeIgniter.php(308): CodeIgniter\CodeIgniter->handleRequest(NULL, Object(Config\Cache), false)
#5 D:\My Project\project_ta\public\index.php(45): CodeIgniter\CodeIgniter->run()
#6 D:\My Project\project_ta\system\Commands\Server\rewrite.php(34): require_once('D:\\My Project\\p...')
#7 {main}
CRITICAL - 2021-01-26 01:36:08 --> Invalid argument supplied for foreach()
#0 D:\My Project\project_ta\app\Controllers\Traits\AlgoritmaTrait.php(120): CodeIgniter\Debug\Exceptions->errorHandler(2, 'Invalid argumen...', 'D:\\My Project\\p...', 120, Array)
#1 D:\My Project\project_ta\app\Controllers\Admin\CalculateController.php(81): App\Controllers\Admin\CalculateController->support(6, '10')
#2 D:\My Project\project_ta\system\CodeIgniter.php(914): App\Controllers\Admin\CalculateController->index()
#3 D:\My Project\project_ta\system\CodeIgniter.php(400): CodeIgniter\CodeIgniter->runController(Object(App\Controllers\Admin\CalculateController))
#4 D:\My Project\project_ta\system\CodeIgniter.php(308): CodeIgniter\CodeIgniter->handleRequest(NULL, Object(Config\Cache), false)
#5 D:\My Project\project_ta\public\index.php(45): CodeIgniter\CodeIgniter->run()
#6 D:\My Project\project_ta\system\Commands\Server\rewrite.php(34): require_once('D:\\My Project\\p...')
#7 {main}
CRITICAL - 2021-01-26 01:36:23 --> Undefined offset: 6
#0 D:\My Project\project_ta\app\Controllers\Traits\AlgoritmaTrait.php(191): CodeIgniter\Debug\Exceptions->errorHandler(8, 'Undefined offse...', 'D:\\My Project\\p...', 191, Array)
#1 D:\My Project\project_ta\app\Controllers\Admin\CalculateController.php(80): App\Controllers\Admin\CalculateController->newItemSet(Array)
#2 D:\My Project\project_ta\system\CodeIgniter.php(914): App\Controllers\Admin\CalculateController->index()
#3 D:\My Project\project_ta\system\CodeIgniter.php(400): CodeIgniter\CodeIgniter->runController(Object(App\Controllers\Admin\CalculateController))
#4 D:\My Project\project_ta\system\CodeIgniter.php(308): CodeIgniter\CodeIgniter->handleRequest(NULL, Object(Config\Cache), false)
#5 D:\My Project\project_ta\public\index.php(45): CodeIgniter\CodeIgniter->run()
#6 D:\My Project\project_ta\system\Commands\Server\rewrite.php(34): require_once('D:\\My Project\\p...')
#7 {main}
CRITICAL - 2021-01-26 01:37:31 --> Undefined offset: 6
#0 D:\My Project\project_ta\app\Controllers\Traits\AlgoritmaTrait.php(192): CodeIgniter\Debug\Exceptions->errorHandler(8, 'Undefined offse...', 'D:\\My Project\\p...', 192, Array)
#1 D:\My Project\project_ta\app\Controllers\Admin\CalculateController.php(80): App\Controllers\Admin\CalculateController->newItemSet(Array)
#2 D:\My Project\project_ta\system\CodeIgniter.php(914): App\Controllers\Admin\CalculateController->index()
#3 D:\My Project\project_ta\system\CodeIgniter.php(400): CodeIgniter\CodeIgniter->runController(Object(App\Controllers\Admin\CalculateController))
#4 D:\My Project\project_ta\system\CodeIgniter.php(308): CodeIgniter\CodeIgniter->handleRequest(NULL, Object(Config\Cache), false)
#5 D:\My Project\project_ta\public\index.php(45): CodeIgniter\CodeIgniter->run()
#6 D:\My Project\project_ta\system\Commands\Server\rewrite.php(34): require_once('D:\\My Project\\p...')
#7 {main}
CRITICAL - 2021-01-26 01:38:11 --> Undefined offset: 5
#0 D:\My Project\project_ta\app\Controllers\Traits\AlgoritmaTrait.php(192): CodeIgniter\Debug\Exceptions->errorHandler(8, 'Undefined offse...', 'D:\\My Project\\p...', 192, Array)
#1 D:\My Project\project_ta\app\Controllers\Admin\CalculateController.php(80): App\Controllers\Admin\CalculateController->newItemSet(Array)
#2 D:\My Project\project_ta\system\CodeIgniter.php(914): App\Controllers\Admin\CalculateController->index()
#3 D:\My Project\project_ta\system\CodeIgniter.php(400): CodeIgniter\CodeIgniter->runController(Object(App\Controllers\Admin\CalculateController))
#4 D:\My Project\project_ta\system\CodeIgniter.php(308): CodeIgniter\CodeIgniter->handleRequest(NULL, Object(Config\Cache), false)
#5 D:\My Project\project_ta\public\index.php(45): CodeIgniter\CodeIgniter->run()
#6 D:\My Project\project_ta\system\Commands\Server\rewrite.php(34): require_once('D:\\My Project\\p...')
#7 {main}
CRITICAL - 2021-01-26 01:44:00 --> number_format() expects parameter 1 to be float, array given
#0 [internal function]: CodeIgniter\Debug\Exceptions->errorHandler(2, 'number_format()...', 'D:\\My Project\\p...', 294, Array)
#1 D:\My Project\project_ta\app\Views\admin\konten\kalkulasi.php(294): number_format(Array, 2, ',', '.')
#2 D:\My Project\project_ta\system\View\View.php(246): include('D:\\My Project\\p...')
#3 D:\My Project\project_ta\system\Common.php(1087): CodeIgniter\View\View->render('admin/konten/ka...', Array, true)
#4 D:\My Project\project_ta\app\Controllers\Admin\CalculateController.php(90): view('admin/konten/ka...', Array)
#5 D:\My Project\project_ta\system\CodeIgniter.php(914): App\Controllers\Admin\CalculateController->index()
#6 D:\My Project\project_ta\system\CodeIgniter.php(400): CodeIgniter\CodeIgniter->runController(Object(App\Controllers\Admin\CalculateController))
#7 D:\My Project\project_ta\system\CodeIgniter.php(308): CodeIgniter\CodeIgniter->handleRequest(NULL, Object(Config\Cache), false)
#8 D:\My Project\project_ta\public\index.php(45): CodeIgniter\CodeIgniter->run()
#9 D:\My Project\project_ta\system\Commands\Server\rewrite.php(34): require_once('D:\\My Project\\p...')
#10 {main}
