CRITICAL - 2020-07-20 11:06:06 --> Call to undefined method CodeIgniter\View\View::renderSenction()
#0 D:\My Project\project-dekor\system\View\View.php(246): include()
#1 D:\My Project\project-dekor\system\View\View.php(525): CodeIgniter\View\View->render('main/main-css', NULL, true)
#2 D:\My Project\project-dekor\app\Views\main\main-template.php(11): CodeIgniter\View\View->include('main/main-css')
#3 D:\My Project\project-dekor\system\View\View.php(246): include('D:\\My Project\\p...')
#4 D:\My Project\project-dekor\system\Common.php(1087): CodeIgniter\View\View->render('main/main-templ...', Array, true)
#5 D:\My Project\project-dekor\app\Controllers\Home.php(9): view('main/main-templ...')
#6 D:\My Project\project-dekor\system\CodeIgniter.php(914): App\Controllers\Home->index()
#7 D:\My Project\project-dekor\system\CodeIgniter.php(400): CodeIgniter\CodeIgniter->runController(Object(App\Controllers\Home))
#8 D:\My Project\project-dekor\system\CodeIgniter.php(308): CodeIgniter\CodeIgniter->handleRequest(NULL, Object(Config\Cache), false)
#9 D:\My Project\project-dekor\public\index.php(45): CodeIgniter\CodeIgniter->run()
#10 D:\My Project\project-dekor\system\Commands\Server\rewrite.php(34): require_once('D:\\My Project\\p...')
#11 {main}
CRITICAL - 2020-07-20 11:16:46 --> Invalid file: {0}
#0 D:\My Project\project-dekor\system\View\View.php(228): CodeIgniter\Exceptions\FrameworkException::forInvalidFile('main-footer.php')
#1 D:\My Project\project-dekor\system\View\View.php(525): CodeIgniter\View\View->render('main-footer', NULL, true)
#2 D:\My Project\project-dekor\app\Views\main\main-template.php(39): CodeIgniter\View\View->include('main-footer')
#3 D:\My Project\project-dekor\system\View\View.php(246): include('D:\\My Project\\p...')
#4 D:\My Project\project-dekor\system\Common.php(1087): CodeIgniter\View\View->render('main/main-templ...', Array, true)
#5 D:\My Project\project-dekor\app\Controllers\Home.php(9): view('main/main-templ...')
#6 D:\My Project\project-dekor\system\CodeIgniter.php(914): App\Controllers\Home->index()
#7 D:\My Project\project-dekor\system\CodeIgniter.php(400): CodeIgniter\CodeIgniter->runController(Object(App\Controllers\Home))
#8 D:\My Project\project-dekor\system\CodeIgniter.php(308): CodeIgniter\CodeIgniter->handleRequest(NULL, Object(Config\Cache), false)
#9 D:\My Project\project-dekor\public\index.php(45): CodeIgniter\CodeIgniter->run()
#10 D:\My Project\project-dekor\system\Commands\Server\rewrite.php(34): require_once('D:\\My Project\\p...')
#11 {main}
CRITICAL - 2020-07-20 11:17:05 --> Invalid file: {0}
#0 D:\My Project\project-dekor\system\View\View.php(228): CodeIgniter\Exceptions\FrameworkException::forInvalidFile('main-footer.php')
#1 D:\My Project\project-dekor\system\View\View.php(525): CodeIgniter\View\View->render('main-footer', NULL, true)
#2 D:\My Project\project-dekor\app\Views\main\main-template.php(38): CodeIgniter\View\View->include('main-footer')
#3 D:\My Project\project-dekor\system\View\View.php(246): include('D:\\My Project\\p...')
#4 D:\My Project\project-dekor\system\Common.php(1087): CodeIgniter\View\View->render('main/main-templ...', Array, true)
#5 D:\My Project\project-dekor\app\Controllers\Home.php(9): view('main/main-templ...')
#6 D:\My Project\project-dekor\system\CodeIgniter.php(914): App\Controllers\Home->index()
#7 D:\My Project\project-dekor\system\CodeIgniter.php(400): CodeIgniter\CodeIgniter->runController(Object(App\Controllers\Home))
#8 D:\My Project\project-dekor\system\CodeIgniter.php(308): CodeIgniter\CodeIgniter->handleRequest(NULL, Object(Config\Cache), false)
#9 D:\My Project\project-dekor\public\index.php(45): CodeIgniter\CodeIgniter->run()
#10 D:\My Project\project-dekor\system\Commands\Server\rewrite.php(34): require_once('D:\\My Project\\p...')
#11 {main}
CRITICAL - 2020-07-20 11:17:18 --> Invalid file: {0}
#0 D:\My Project\project-dekor\system\View\View.php(228): CodeIgniter\Exceptions\FrameworkException::forInvalidFile('main-footer.php')
#1 D:\My Project\project-dekor\system\View\View.php(525): CodeIgniter\View\View->render('main-footer', NULL, true)
#2 D:\My Project\project-dekor\app\Views\main\main-template.php(37): CodeIgniter\View\View->include('main-footer')
#3 D:\My Project\project-dekor\system\View\View.php(246): include('D:\\My Project\\p...')
#4 D:\My Project\project-dekor\system\Common.php(1087): CodeIgniter\View\View->render('main/main-templ...', Array, true)
#5 D:\My Project\project-dekor\app\Controllers\Home.php(9): view('main/main-templ...')
#6 D:\My Project\project-dekor\system\CodeIgniter.php(914): App\Controllers\Home->index()
#7 D:\My Project\project-dekor\system\CodeIgniter.php(400): CodeIgniter\CodeIgniter->runController(Object(App\Controllers\Home))
#8 D:\My Project\project-dekor\system\CodeIgniter.php(308): CodeIgniter\CodeIgniter->handleRequest(NULL, Object(Config\Cache), false)
#9 D:\My Project\project-dekor\public\index.php(45): CodeIgniter\CodeIgniter->run()
#10 D:\My Project\project-dekor\system\Commands\Server\rewrite.php(34): require_once('D:\\My Project\\p...')
#11 {main}
CRITICAL - 2020-07-20 11:17:23 --> Invalid file: {0}
#0 D:\My Project\project-dekor\system\View\View.php(228): CodeIgniter\Exceptions\FrameworkException::forInvalidFile('main-footer.php')
#1 D:\My Project\project-dekor\system\View\View.php(525): CodeIgniter\View\View->render('main-footer', NULL, true)
#2 D:\My Project\project-dekor\app\Views\main\main-template.php(156): CodeIgniter\View\View->include('main-footer')
#3 D:\My Project\project-dekor\system\View\View.php(246): include('D:\\My Project\\p...')
#4 D:\My Project\project-dekor\system\Common.php(1087): CodeIgniter\View\View->render('main/main-templ...', Array, true)
#5 D:\My Project\project-dekor\app\Controllers\Home.php(9): view('main/main-templ...')
#6 D:\My Project\project-dekor\system\CodeIgniter.php(914): App\Controllers\Home->index()
#7 D:\My Project\project-dekor\system\CodeIgniter.php(400): CodeIgniter\CodeIgniter->runController(Object(App\Controllers\Home))
#8 D:\My Project\project-dekor\system\CodeIgniter.php(308): CodeIgniter\CodeIgniter->handleRequest(NULL, Object(Config\Cache), false)
#9 D:\My Project\project-dekor\public\index.php(45): CodeIgniter\CodeIgniter->run()
#10 D:\My Project\project-dekor\system\Commands\Server\rewrite.php(34): require_once('D:\\My Project\\p...')
#11 {main}
CRITICAL - 2020-07-20 11:18:11 --> Invalid file: {0}
#0 D:\My Project\project-dekor\system\View\View.php(228): CodeIgniter\Exceptions\FrameworkException::forInvalidFile('main-footer.php')
#1 D:\My Project\project-dekor\system\View\View.php(525): CodeIgniter\View\View->render('main-footer', NULL, true)
#2 D:\My Project\project-dekor\app\Views\main\main-template.php(155): CodeIgniter\View\View->include('main-footer')
#3 D:\My Project\project-dekor\system\View\View.php(246): include('D:\\My Project\\p...')
#4 D:\My Project\project-dekor\system\Common.php(1087): CodeIgniter\View\View->render('main/main-templ...', Array, true)
#5 D:\My Project\project-dekor\app\Controllers\Home.php(9): view('main/main-templ...')
#6 D:\My Project\project-dekor\system\CodeIgniter.php(914): App\Controllers\Home->index()
#7 D:\My Project\project-dekor\system\CodeIgniter.php(400): CodeIgniter\CodeIgniter->runController(Object(App\Controllers\Home))
#8 D:\My Project\project-dekor\system\CodeIgniter.php(308): CodeIgniter\CodeIgniter->handleRequest(NULL, Object(Config\Cache), false)
#9 D:\My Project\project-dekor\public\index.php(45): CodeIgniter\CodeIgniter->run()
#10 D:\My Project\project-dekor\system\Commands\Server\rewrite.php(34): require_once('D:\\My Project\\p...')
#11 {main}
