CRITICAL - 2021-01-22 07:27:34 --> syntax error, unexpected 'yellow' (T_STRING), expecting ')'
#0 D:\My Project\project_ta\system\Autoloader\Autoloader.php(296): CodeIgniter\Autoloader\Autoloader->requireFile('D:\\My Project\\p...')
#1 D:\My Project\project_ta\system\Autoloader\Autoloader.php(258): CodeIgniter\Autoloader\Autoloader->loadInNamespace('CodeIgniter\\CLI...')
#2 [internal function]: CodeIgniter\Autoloader\Autoloader->loadClass('CodeIgniter\\CLI...')
#3 D:\My Project\project_ta\vendor\tatter\schemas\src\Commands\Schemas.php(7): spl_autoload_call('CodeIgniter\\CLI...')
#4 D:\My Project\project_ta\system\Autoloader\Autoloader.php(365): require_once('D:\\My Project\\p...')
#5 D:\My Project\project_ta\system\Autoloader\Autoloader.php(296): CodeIgniter\Autoloader\Autoloader->requireFile('D:\\My Project\\p...')
#6 D:\My Project\project_ta\system\Autoloader\Autoloader.php(258): CodeIgniter\Autoloader\Autoloader->loadInNamespace('Tatter\\Schemas\\...')
#7 [internal function]: CodeIgniter\Autoloader\Autoloader->loadClass('Tatter\\Schemas\\...')
#8 [internal function]: spl_autoload_call('Tatter\\Schemas\\...')
#9 D:\My Project\project_ta\system\Autoloader\FileLocator.php(357): class_exists('\\Tatter\\Schemas...')
#10 D:\My Project\project_ta\system\CLI\CommandRunner.php(166): CodeIgniter\Autoloader\FileLocator->findQualifiedNameFromPath('D:\\My Project\\p...')
#11 D:\My Project\project_ta\system\CLI\CommandRunner.php(103): CodeIgniter\CLI\CommandRunner->createCommandList()
#12 D:\My Project\project_ta\system\CLI\CommandRunner.php(86): CodeIgniter\CLI\CommandRunner->index(Array)
#13 D:\My Project\project_ta\system\CodeIgniter.php(910): CodeIgniter\CLI\CommandRunner->_remap('index', 'serve')
#14 D:\My Project\project_ta\system\CodeIgniter.php(400): CodeIgniter\CodeIgniter->runController(Object(CodeIgniter\CLI\CommandRunner))
#15 D:\My Project\project_ta\system\CodeIgniter.php(308): CodeIgniter\CodeIgniter->handleRequest(NULL, Object(Config\Cache), false)
#16 D:\My Project\project_ta\system\CLI\Console.php(86): CodeIgniter\CodeIgniter->run()
#17 D:\My Project\project_ta\spark(58): CodeIgniter\CLI\Console->run()
#18 {main}
CRITICAL - 2021-01-22 07:28:07 --> syntax error, unexpected 'yellow' (T_STRING), expecting ')'
#0 D:\My Project\project_ta\system\Autoloader\Autoloader.php(296): CodeIgniter\Autoloader\Autoloader->requireFile('D:\\My Project\\p...')
#1 D:\My Project\project_ta\system\Autoloader\Autoloader.php(258): CodeIgniter\Autoloader\Autoloader->loadInNamespace('CodeIgniter\\CLI...')
#2 [internal function]: CodeIgniter\Autoloader\Autoloader->loadClass('CodeIgniter\\CLI...')
#3 D:\My Project\project_ta\vendor\tatter\schemas\src\Commands\Schemas.php(7): spl_autoload_call('CodeIgniter\\CLI...')
#4 D:\My Project\project_ta\system\Autoloader\Autoloader.php(365): require_once('D:\\My Project\\p...')
#5 D:\My Project\project_ta\system\Autoloader\Autoloader.php(296): CodeIgniter\Autoloader\Autoloader->requireFile('D:\\My Project\\p...')
#6 D:\My Project\project_ta\system\Autoloader\Autoloader.php(258): CodeIgniter\Autoloader\Autoloader->loadInNamespace('Tatter\\Schemas\\...')
#7 [internal function]: CodeIgniter\Autoloader\Autoloader->loadClass('Tatter\\Schemas\\...')
#8 [internal function]: spl_autoload_call('Tatter\\Schemas\\...')
#9 D:\My Project\project_ta\system\Autoloader\FileLocator.php(357): class_exists('\\Tatter\\Schemas...')
#10 D:\My Project\project_ta\system\CLI\CommandRunner.php(166): CodeIgniter\Autoloader\FileLocator->findQualifiedNameFromPath('D:\\My Project\\p...')
#11 D:\My Project\project_ta\system\CLI\CommandRunner.php(103): CodeIgniter\CLI\CommandRunner->createCommandList()
#12 D:\My Project\project_ta\system\CLI\CommandRunner.php(86): CodeIgniter\CLI\CommandRunner->index(Array)
#13 D:\My Project\project_ta\system\CodeIgniter.php(910): CodeIgniter\CLI\CommandRunner->_remap('index', 'serve')
#14 D:\My Project\project_ta\system\CodeIgniter.php(400): CodeIgniter\CodeIgniter->runController(Object(CodeIgniter\CLI\CommandRunner))
#15 D:\My Project\project_ta\system\CodeIgniter.php(308): CodeIgniter\CodeIgniter->handleRequest(NULL, Object(Config\Cache), false)
#16 D:\My Project\project_ta\system\CLI\Console.php(86): CodeIgniter\CodeIgniter->run()
#17 D:\My Project\project_ta\spark(58): CodeIgniter\CLI\Console->run()
#18 {main}
CRITICAL - 2021-01-22 07:28:20 --> syntax error, unexpected 'yellow' (T_STRING), expecting ')'
#0 D:\My Project\project_ta\system\Autoloader\Autoloader.php(296): CodeIgniter\Autoloader\Autoloader->requireFile('D:\\My Project\\p...')
#1 D:\My Project\project_ta\system\Autoloader\Autoloader.php(258): CodeIgniter\Autoloader\Autoloader->loadInNamespace('CodeIgniter\\CLI...')
#2 [internal function]: CodeIgniter\Autoloader\Autoloader->loadClass('CodeIgniter\\CLI...')
#3 D:\My Project\project_ta\vendor\tatter\schemas\src\Commands\Schemas.php(7): spl_autoload_call('CodeIgniter\\CLI...')
#4 D:\My Project\project_ta\system\Autoloader\Autoloader.php(365): require_once('D:\\My Project\\p...')
#5 D:\My Project\project_ta\system\Autoloader\Autoloader.php(296): CodeIgniter\Autoloader\Autoloader->requireFile('D:\\My Project\\p...')
#6 D:\My Project\project_ta\system\Autoloader\Autoloader.php(258): CodeIgniter\Autoloader\Autoloader->loadInNamespace('Tatter\\Schemas\\...')
#7 [internal function]: CodeIgniter\Autoloader\Autoloader->loadClass('Tatter\\Schemas\\...')
#8 [internal function]: spl_autoload_call('Tatter\\Schemas\\...')
#9 D:\My Project\project_ta\system\Autoloader\FileLocator.php(357): class_exists('\\Tatter\\Schemas...')
#10 D:\My Project\project_ta\system\CLI\CommandRunner.php(166): CodeIgniter\Autoloader\FileLocator->findQualifiedNameFromPath('D:\\My Project\\p...')
#11 D:\My Project\project_ta\system\CLI\CommandRunner.php(103): CodeIgniter\CLI\CommandRunner->createCommandList()
#12 D:\My Project\project_ta\system\CLI\CommandRunner.php(86): CodeIgniter\CLI\CommandRunner->index(Array)
#13 D:\My Project\project_ta\system\CodeIgniter.php(910): CodeIgniter\CLI\CommandRunner->_remap('index', 'serve')
#14 D:\My Project\project_ta\system\CodeIgniter.php(400): CodeIgniter\CodeIgniter->runController(Object(CodeIgniter\CLI\CommandRunner))
#15 D:\My Project\project_ta\system\CodeIgniter.php(308): CodeIgniter\CodeIgniter->handleRequest(NULL, Object(Config\Cache), false)
#16 D:\My Project\project_ta\system\CLI\Console.php(86): CodeIgniter\CodeIgniter->run()
#17 D:\My Project\project_ta\spark(58): CodeIgniter\CLI\Console->run()
#18 {main}
CRITICAL - 2021-01-22 07:28:29 --> syntax error, unexpected 'yellow' (T_STRING), expecting ')'
#0 D:\My Project\project_ta\system\Autoloader\Autoloader.php(296): CodeIgniter\Autoloader\Autoloader->requireFile('D:\\My Project\\p...')
#1 D:\My Project\project_ta\system\Autoloader\Autoloader.php(258): CodeIgniter\Autoloader\Autoloader->loadInNamespace('CodeIgniter\\CLI...')
#2 [internal function]: CodeIgniter\Autoloader\Autoloader->loadClass('CodeIgniter\\CLI...')
#3 D:\My Project\project_ta\vendor\tatter\schemas\src\Commands\Schemas.php(7): spl_autoload_call('CodeIgniter\\CLI...')
#4 D:\My Project\project_ta\system\Autoloader\Autoloader.php(365): require_once('D:\\My Project\\p...')
#5 D:\My Project\project_ta\system\Autoloader\Autoloader.php(296): CodeIgniter\Autoloader\Autoloader->requireFile('D:\\My Project\\p...')
#6 D:\My Project\project_ta\system\Autoloader\Autoloader.php(258): CodeIgniter\Autoloader\Autoloader->loadInNamespace('Tatter\\Schemas\\...')
#7 [internal function]: CodeIgniter\Autoloader\Autoloader->loadClass('Tatter\\Schemas\\...')
#8 [internal function]: spl_autoload_call('Tatter\\Schemas\\...')
#9 D:\My Project\project_ta\system\Autoloader\FileLocator.php(357): class_exists('\\Tatter\\Schemas...')
#10 D:\My Project\project_ta\system\CLI\CommandRunner.php(166): CodeIgniter\Autoloader\FileLocator->findQualifiedNameFromPath('D:\\My Project\\p...')
#11 D:\My Project\project_ta\system\CLI\CommandRunner.php(103): CodeIgniter\CLI\CommandRunner->createCommandList()
#12 D:\My Project\project_ta\system\CLI\CommandRunner.php(86): CodeIgniter\CLI\CommandRunner->index(Array)
#13 D:\My Project\project_ta\system\CodeIgniter.php(910): CodeIgniter\CLI\CommandRunner->_remap('index', 'serve')
#14 D:\My Project\project_ta\system\CodeIgniter.php(400): CodeIgniter\CodeIgniter->runController(Object(CodeIgniter\CLI\CommandRunner))
#15 D:\My Project\project_ta\system\CodeIgniter.php(308): CodeIgniter\CodeIgniter->handleRequest(NULL, Object(Config\Cache), false)
#16 D:\My Project\project_ta\system\CLI\Console.php(86): CodeIgniter\CodeIgniter->run()
#17 D:\My Project\project_ta\spark(58): CodeIgniter\CLI\Console->run()
#18 {main}
CRITICAL - 2021-01-22 07:29:00 --> syntax error, unexpected 'yellow' (T_STRING), expecting ')'
#0 D:\My Project\project_ta\system\Autoloader\Autoloader.php(296): CodeIgniter\Autoloader\Autoloader->requireFile('D:\\My Project\\p...')
#1 D:\My Project\project_ta\system\Autoloader\Autoloader.php(258): CodeIgniter\Autoloader\Autoloader->loadInNamespace('CodeIgniter\\CLI...')
#2 [internal function]: CodeIgniter\Autoloader\Autoloader->loadClass('CodeIgniter\\CLI...')
#3 D:\My Project\project_ta\vendor\tatter\schemas\src\Commands\Schemas.php(7): spl_autoload_call('CodeIgniter\\CLI...')
#4 D:\My Project\project_ta\system\Autoloader\Autoloader.php(365): require_once('D:\\My Project\\p...')
#5 D:\My Project\project_ta\system\Autoloader\Autoloader.php(296): CodeIgniter\Autoloader\Autoloader->requireFile('D:\\My Project\\p...')
#6 D:\My Project\project_ta\system\Autoloader\Autoloader.php(258): CodeIgniter\Autoloader\Autoloader->loadInNamespace('Tatter\\Schemas\\...')
#7 [internal function]: CodeIgniter\Autoloader\Autoloader->loadClass('Tatter\\Schemas\\...')
#8 [internal function]: spl_autoload_call('Tatter\\Schemas\\...')
#9 D:\My Project\project_ta\system\Autoloader\FileLocator.php(357): class_exists('\\Tatter\\Schemas...')
#10 D:\My Project\project_ta\system\CLI\CommandRunner.php(166): CodeIgniter\Autoloader\FileLocator->findQualifiedNameFromPath('D:\\My Project\\p...')
#11 D:\My Project\project_ta\system\CLI\CommandRunner.php(103): CodeIgniter\CLI\CommandRunner->createCommandList()
#12 D:\My Project\project_ta\system\CLI\CommandRunner.php(86): CodeIgniter\CLI\CommandRunner->index(Array)
#13 D:\My Project\project_ta\system\CodeIgniter.php(910): CodeIgniter\CLI\CommandRunner->_remap('index', 'serve')
#14 D:\My Project\project_ta\system\CodeIgniter.php(400): CodeIgniter\CodeIgniter->runController(Object(CodeIgniter\CLI\CommandRunner))
#15 D:\My Project\project_ta\system\CodeIgniter.php(308): CodeIgniter\CodeIgniter->handleRequest(NULL, Object(Config\Cache), false)
#16 D:\My Project\project_ta\system\CLI\Console.php(86): CodeIgniter\CodeIgniter->run()
#17 D:\My Project\project_ta\spark(58): CodeIgniter\CLI\Console->run()
#18 {main}
CRITICAL - 2021-01-22 08:26:00 --> Undefined variable: tahunMulai
#0 D:\My Project\project_ta\app\Views\admin\konten\penjualan.php(65): CodeIgniter\Debug\Exceptions->errorHandler(8, 'Undefined varia...', 'D:\\My Project\\p...', 65, Array)
#1 D:\My Project\project_ta\system\View\View.php(246): include('D:\\My Project\\p...')
#2 D:\My Project\project_ta\system\Common.php(1087): CodeIgniter\View\View->render('admin/konten/pe...', Array, true)
#3 D:\My Project\project_ta\app\Controllers\Admin\LahanController.php(28): view('admin/konten/pe...')
#4 D:\My Project\project_ta\system\CodeIgniter.php(914): App\Controllers\Admin\LahanController->index()
#5 D:\My Project\project_ta\system\CodeIgniter.php(400): CodeIgniter\CodeIgniter->runController(Object(App\Controllers\Admin\LahanController))
#6 D:\My Project\project_ta\system\CodeIgniter.php(308): CodeIgniter\CodeIgniter->handleRequest(NULL, Object(Config\Cache), false)
#7 D:\My Project\project_ta\public\index.php(45): CodeIgniter\CodeIgniter->run()
#8 D:\My Project\project_ta\system\Commands\Server\rewrite.php(34): require_once('D:\\My Project\\p...')
#9 {main}
CRITICAL - 2021-01-22 08:26:25 --> Undefined variable: judul
#0 D:\My Project\project_ta\app\Views\admin\admin-css.php(8): CodeIgniter\Debug\Exceptions->errorHandler(8, 'Undefined varia...', 'D:\\My Project\\p...', 8, Array)
#1 D:\My Project\project_ta\system\View\View.php(246): include('D:\\My Project\\p...')
#2 D:\My Project\project_ta\system\View\View.php(525): CodeIgniter\View\View->render('admin/admin-css', NULL, true)
#3 D:\My Project\project_ta\app\Views\admin\admin-template.php(5): CodeIgniter\View\View->include('admin/admin-css')
#4 D:\My Project\project_ta\system\View\View.php(246): include('D:\\My Project\\p...')
#5 D:\My Project\project_ta\system\View\View.php(257): CodeIgniter\View\View->render('admin/admin-tem...', Array, true)
#6 D:\My Project\project_ta\system\Common.php(1087): CodeIgniter\View\View->render('admin/konten/la...', Array, true)
#7 D:\My Project\project_ta\app\Controllers\Admin\LahanController.php(28): view('admin/konten/la...')
#8 D:\My Project\project_ta\system\CodeIgniter.php(914): App\Controllers\Admin\LahanController->index()
#9 D:\My Project\project_ta\system\CodeIgniter.php(400): CodeIgniter\CodeIgniter->runController(Object(App\Controllers\Admin\LahanController))
#10 D:\My Project\project_ta\system\CodeIgniter.php(308): CodeIgniter\CodeIgniter->handleRequest(NULL, Object(Config\Cache), false)
#11 D:\My Project\project_ta\public\index.php(45): CodeIgniter\CodeIgniter->run()
#12 D:\My Project\project_ta\system\Commands\Server\rewrite.php(34): require_once('D:\\My Project\\p...')
#13 {main}
CRITICAL - 2021-01-22 08:40:56 --> Undefined property: App\Controllers\Admin\LahanController::$kecamatan
#0 D:\My Project\project_ta\app\Controllers\Admin\LahanController.php(39): CodeIgniter\Debug\Exceptions->errorHandler(8, 'Undefined prope...', 'D:\\My Project\\p...', 39, Array)
#1 D:\My Project\project_ta\system\CodeIgniter.php(914): App\Controllers\Admin\LahanController->new()
#2 D:\My Project\project_ta\system\CodeIgniter.php(400): CodeIgniter\CodeIgniter->runController(Object(App\Controllers\Admin\LahanController))
#3 D:\My Project\project_ta\system\CodeIgniter.php(308): CodeIgniter\CodeIgniter->handleRequest(NULL, Object(Config\Cache), false)
#4 D:\My Project\project_ta\public\index.php(45): CodeIgniter\CodeIgniter->run()
#5 D:\My Project\project_ta\system\Commands\Server\rewrite.php(34): require_once('D:\\My Project\\p...')
#6 {main}
CRITICAL - 2021-01-22 08:46:59 --> Invalid file: admin/konten/addlahan.php
#0 D:\My Project\project_ta\system\View\View.php(228): CodeIgniter\Exceptions\FrameworkException::forInvalidFile('admin/konten/ad...')
#1 D:\My Project\project_ta\system\Common.php(1087): CodeIgniter\View\View->render('admin/konten/ad...', Array, true)
#2 D:\My Project\project_ta\app\Controllers\Admin\LahanController.php(43): view('admin/konten/ad...', Array)
#3 D:\My Project\project_ta\system\CodeIgniter.php(914): App\Controllers\Admin\LahanController->new()
#4 D:\My Project\project_ta\system\CodeIgniter.php(400): CodeIgniter\CodeIgniter->runController(Object(App\Controllers\Admin\LahanController))
#5 D:\My Project\project_ta\system\CodeIgniter.php(308): CodeIgniter\CodeIgniter->handleRequest(NULL, Object(Config\Cache), false)
#6 D:\My Project\project_ta\public\index.php(45): CodeIgniter\CodeIgniter->run()
#7 D:\My Project\project_ta\system\Commands\Server\rewrite.php(34): require_once('D:\\My Project\\p...')
#8 {main}
